-- Found ament_cmake: 1.3.9 (/opt/ros/humble/share/ament_cmake/cmake)
-- Found rclcpp: 16.0.9 (/opt/ros/humble/share/rclcpp/cmake)
-- Found rosidl_generator_c: 3.1.5 (/opt/ros/humble/share/rosidl_generator_c/cmake)
-- Found rosidl_adapter: 3.1.5 (/opt/ros/humble/share/rosidl_adapter/cmake)
-- Found rosidl_generator_cpp: 3.1.5 (/opt/ros/humble/share/rosidl_generator_cpp/cmake)
-- Using all available rosidl_typesupport_c: rosidl_typesupport_fastrtps_c;rosidl_typesupport_introspection_c
-- Using all available rosidl_typesupport_cpp: rosidl_typesupport_fastrtps_cpp;rosidl_typesupport_introspection_cpp
-- Found rmw_implementation_cmake: 6.1.2 (/opt/ros/humble/share/rmw_implementation_cmake/cmake)
-- Found rmw_fastrtps_cpp: 6.2.6 (/opt/ros/humble/share/rmw_fastrtps_cpp/cmake)
-- Using RMW implementation 'rmw_fastrtps_cpp' as default
-- Found cv_bridge: 3.2.1 (/opt/ros/humble/share/cv_bridge/cmake)
-- Found image_transport: 3.1.9 (/opt/ros/humble/share/image_transport/cmake)
-- Found tf2: 0.25.7 (/opt/ros/humble/share/tf2/cmake)
-- Found yolov8_msgs: 0.0.0 (/home/user/ws/urcell_ws/install/yolov8_msgs/share/yolov8_msgs/cmake)
-- Found rosidl_default_generators: 1.2.0 (/opt/ros/humble/share/rosidl_default_generators/cmake)
-- Found ament_cmake_ros: 0.10.0 (/opt/ros/humble/share/ament_cmake_ros/cmake)
-- Using all available rosidl_typesupport_c: rosidl_typesupport_fastrtps_c;rosidl_typesupport_introspection_c
-- Using all available rosidl_typesupport_cpp: rosidl_typesupport_fastrtps_cpp;rosidl_typesupport_introspection_cpp
-- Found PythonInterp: /usr/bin/python3 (found suitable version "3.10.12", minimum required is "3.6") 
-- Found python_cmake_module: 0.10.0 (/opt/ros/humble/share/python_cmake_module/cmake)
-- Found PythonLibs: /usr/lib/x86_64-linux-gnu/libpython3.10.so (found suitable version "3.10.12", minimum required is "3.5") 
-- Using PYTHON_EXECUTABLE: /usr/bin/python3
-- Using PYTHON_INCLUDE_DIRS: /usr/include/python3.10
-- Using PYTHON_LIBRARIES: /usr/lib/x86_64-linux-gnu/libpython3.10.so
-- Found PythonExtra: .so  
-- Found ament_lint_auto: 0.12.11 (/opt/ros/humble/share/ament_lint_auto/cmake)
-- Added test 'cppcheck' to perform static code analysis on C / C++ code
-- Configured cppcheck include dirs: 
-- Configured cppcheck exclude dirs and/or files: 
-- Added test 'lint_cmake' to check CMake code style
-- Added test 'uncrustify' to check C / C++ code style
-- Configured uncrustify additional arguments: 
-- Added test 'xmllint' to check XML markup files
-- Configuring done
-- Generating done
-- Build files have been written to: /home/user/ws/urcell_ws/build/opencv_services
[  3%] [34m[1mGenerating C code for ROS interfaces[0m
[  6%] [34m[1mGenerating C++ code for ROS interfaces[0m
[  6%] Built target ament_cmake_python_copy_opencv_services
running egg_info
creating opencv_services.egg-info
writing opencv_services.egg-info/PKG-INFO
writing dependency_links to opencv_services.egg-info/dependency_links.txt
writing top-level names to opencv_services.egg-info/top_level.txt
writing manifest file 'opencv_services.egg-info/SOURCES.txt'
reading manifest file 'opencv_services.egg-info/SOURCES.txt'
writing manifest file 'opencv_services.egg-info/SOURCES.txt'
[  9%] [32mBuilding C object CMakeFiles/opencv_services__rosidl_generator_c.dir/rosidl_generator_c/opencv_services/srv/detail/parts_targets_pos__functions.c.o[0m
[  9%] Built target opencv_services__cpp
[  9%] Built target ament_cmake_python_build_opencv_services_egg
[ 12%] [34m[1mGenerating C++ type support dispatch for ROS interfaces[0m
[ 16%] [34m[1mGenerating C++ introspection for ROS interfaces[0m
[ 19%] [34m[1mGenerating C++ type support for eProsima Fast-RTPS[0m
[ 22%] [32m[1mLinking C shared library libopencv_services__rosidl_generator_c.so[0m
[ 22%] Built target opencv_services__rosidl_generator_c
[ 25%] [34m[1mGenerating C introspection for ROS interfaces[0m
[ 29%] [34m[1mGenerating C type support for eProsima Fast-RTPS[0m
[ 32%] [34m[1mGenerating C type support dispatch for ROS interfaces[0m
[ 35%] [32mBuilding CXX object CMakeFiles/opencv_services__rosidl_typesupport_cpp.dir/rosidl_typesupport_cpp/opencv_services/srv/parts_targets_pos__type_support.cpp.o[0m
[ 38%] [32mBuilding CXX object CMakeFiles/opencv_services__rosidl_typesupport_introspection_cpp.dir/rosidl_typesupport_introspection_cpp/opencv_services/srv/detail/parts_targets_pos__type_support.cpp.o[0m
[ 41%] [32mBuilding CXX object CMakeFiles/opencv_services__rosidl_typesupport_fastrtps_cpp.dir/rosidl_typesupport_fastrtps_cpp/opencv_services/srv/detail/dds_fastrtps/parts_targets_pos__type_support.cpp.o[0m
[ 45%] [32mBuilding CXX object CMakeFiles/opencv_services__rosidl_typesupport_fastrtps_c.dir/rosidl_typesupport_fastrtps_c/opencv_services/srv/detail/parts_targets_pos__type_support_c.cpp.o[0m
[ 48%] [32mBuilding C object CMakeFiles/opencv_services__rosidl_typesupport_introspection_c.dir/rosidl_typesupport_introspection_c/opencv_services/srv/detail/parts_targets_pos__type_support.c.o[0m
[ 51%] [32mBuilding CXX object CMakeFiles/opencv_services__rosidl_typesupport_c.dir/rosidl_typesupport_c/opencv_services/srv/parts_targets_pos__type_support.cpp.o[0m
[ 54%] [32m[1mLinking CXX shared library libopencv_services__rosidl_typesupport_c.so[0m
[ 58%] [32m[1mLinking C shared library libopencv_services__rosidl_typesupport_introspection_c.so[0m
[ 58%] Built target opencv_services__rosidl_typesupport_introspection_c
[ 58%] Built target opencv_services__rosidl_typesupport_c
[ 61%] [32m[1mLinking CXX shared library libopencv_services__rosidl_typesupport_cpp.so[0m
[ 61%] Built target opencv_services__rosidl_typesupport_cpp
[ 64%] [32m[1mLinking CXX shared library libopencv_services__rosidl_typesupport_fastrtps_cpp.so[0m
[ 67%] [32m[1mLinking CXX shared library libopencv_services__rosidl_typesupport_introspection_cpp.so[0m
[ 70%] [32m[1mLinking CXX shared library libopencv_services__rosidl_typesupport_fastrtps_c.so[0m
[ 70%] Built target opencv_services__rosidl_typesupport_introspection_cpp
[ 70%] Built target opencv_services__rosidl_typesupport_fastrtps_cpp
[ 70%] Built target opencv_services__rosidl_typesupport_fastrtps_c
[ 70%] Built target opencv_services
[ 74%] [34m[1mGenerating Python code for ROS interfaces[0m
[ 74%] Built target opencv_services__py
[ 77%] [32mBuilding C object CMakeFiles/opencv_services__rosidl_generator_py.dir/rosidl_generator_py/opencv_services/srv/_parts_targets_pos_s.c.o[0m
[ 80%] [32m[1mLinking C shared library rosidl_generator_py/opencv_services/libopencv_services__rosidl_generator_py.so[0m
[ 80%] Built target opencv_services__rosidl_generator_py
[ 87%] [32mBuilding C object CMakeFiles/opencv_services__rosidl_typesupport_c__pyext.dir/rosidl_generator_py/opencv_services/_opencv_services_s.ep.rosidl_typesupport_c.c.o[0m
[ 87%] [32mBuilding C object CMakeFiles/opencv_services__rosidl_typesupport_fastrtps_c__pyext.dir/rosidl_generator_py/opencv_services/_opencv_services_s.ep.rosidl_typesupport_fastrtps_c.c.o[0m
[ 90%] [32mBuilding C object CMakeFiles/opencv_services__rosidl_typesupport_introspection_c__pyext.dir/rosidl_generator_py/opencv_services/_opencv_services_s.ep.rosidl_typesupport_introspection_c.c.o[0m
[ 93%] [32m[1mLinking C shared library rosidl_generator_py/opencv_services/opencv_services_s__rosidl_typesupport_fastrtps_c.cpython-310-x86_64-linux-gnu.so[0m
[ 96%] [32m[1mLinking C shared library rosidl_generator_py/opencv_services/opencv_services_s__rosidl_typesupport_c.cpython-310-x86_64-linux-gnu.so[0m
[100%] [32m[1mLinking C shared library rosidl_generator_py/opencv_services/opencv_services_s__rosidl_typesupport_introspection_c.cpython-310-x86_64-linux-gnu.so[0m
[100%] Built target opencv_services__rosidl_typesupport_fastrtps_c__pyext
[100%] Built target opencv_services__rosidl_typesupport_c__pyext
[100%] Built target opencv_services__rosidl_typesupport_introspection_c__pyext
-- Install configuration: ""
-- Installing: /home/user/ws/urcell_ws/install/opencv_services/share/ament_index/resource_index/rosidl_interfaces/opencv_services
-- Installing: /home/user/ws/urcell_ws/install/opencv_services/include/opencv_services/opencv_services
-- Installing: /home/user/ws/urcell_ws/install/opencv_services/include/opencv_services/opencv_services/msg
-- Installing: /home/user/ws/urcell_ws/install/opencv_services/include/opencv_services/opencv_services/msg/rosidl_generator_c__visibility_control.h
-- Installing: /home/user/ws/urcell_ws/install/opencv_services/include/opencv_services/opencv_services/srv
-- Installing: /home/user/ws/urcell_ws/install/opencv_services/include/opencv_services/opencv_services/srv/detail
-- Installing: /home/user/ws/urcell_ws/install/opencv_services/include/opencv_services/opencv_services/srv/detail/parts_targets_pos__type_support.h
-- Installing: /home/user/ws/urcell_ws/install/opencv_services/include/opencv_services/opencv_services/srv/detail/parts_targets_pos__functions.c
-- Installing: /home/user/ws/urcell_ws/install/opencv_services/include/opencv_services/opencv_services/srv/detail/parts_targets_pos__struct.h
-- Installing: /home/user/ws/urcell_ws/install/opencv_services/include/opencv_services/opencv_services/srv/detail/parts_targets_pos__functions.h
-- Installing: /home/user/ws/urcell_ws/install/opencv_services/include/opencv_services/opencv_services/srv/parts_targets_pos.h
-- Installing: /home/user/ws/urcell_ws/install/opencv_services/share/opencv_services/environment/library_path.sh
-- Installing: /home/user/ws/urcell_ws/install/opencv_services/share/opencv_services/environment/library_path.dsv
-- Installing: /home/user/ws/urcell_ws/install/opencv_services/lib/libopencv_services__rosidl_generator_c.so
-- Set runtime path of "/home/user/ws/urcell_ws/install/opencv_services/lib/libopencv_services__rosidl_generator_c.so" to ""
-- Up-to-date: /home/user/ws/urcell_ws/install/opencv_services/include/opencv_services/opencv_services
-- Up-to-date: /home/user/ws/urcell_ws/install/opencv_services/include/opencv_services/opencv_services/msg
-- Installing: /home/user/ws/urcell_ws/install/opencv_services/include/opencv_services/opencv_services/msg/rosidl_typesupport_fastrtps_c__visibility_control.h
-- Up-to-date: /home/user/ws/urcell_ws/install/opencv_services/include/opencv_services/opencv_services/srv
-- Up-to-date: /home/user/ws/urcell_ws/install/opencv_services/include/opencv_services/opencv_services/srv/detail
-- Installing: /home/user/ws/urcell_ws/install/opencv_services/include/opencv_services/opencv_services/srv/detail/parts_targets_pos__rosidl_typesupport_fastrtps_c.h
-- Installing: /home/user/ws/urcell_ws/install/opencv_services/lib/libopencv_services__rosidl_typesupport_fastrtps_c.so
-- Set runtime path of "/home/user/ws/urcell_ws/install/opencv_services/lib/libopencv_services__rosidl_typesupport_fastrtps_c.so" to ""
-- Up-to-date: /home/user/ws/urcell_ws/install/opencv_services/include/opencv_services/opencv_services
-- Up-to-date: /home/user/ws/urcell_ws/install/opencv_services/include/opencv_services/opencv_services/srv
-- Installing: /home/user/ws/urcell_ws/install/opencv_services/include/opencv_services/opencv_services/srv/parts_targets_pos.hpp
-- Up-to-date: /home/user/ws/urcell_ws/install/opencv_services/include/opencv_services/opencv_services/srv/detail
-- Installing: /home/user/ws/urcell_ws/install/opencv_services/include/opencv_services/opencv_services/srv/detail/parts_targets_pos__struct.hpp
-- Installing: /home/user/ws/urcell_ws/install/opencv_services/include/opencv_services/opencv_services/srv/detail/parts_targets_pos__builder.hpp
-- Installing: /home/user/ws/urcell_ws/install/opencv_services/include/opencv_services/opencv_services/srv/detail/parts_targets_pos__traits.hpp
-- Up-to-date: /home/user/ws/urcell_ws/install/opencv_services/include/opencv_services/opencv_services
-- Up-to-date: /home/user/ws/urcell_ws/install/opencv_services/include/opencv_services/opencv_services/msg
-- Installing: /home/user/ws/urcell_ws/install/opencv_services/include/opencv_services/opencv_services/msg/rosidl_typesupport_fastrtps_cpp__visibility_control.h
-- Up-to-date: /home/user/ws/urcell_ws/install/opencv_services/include/opencv_services/opencv_services/srv
-- Up-to-date: /home/user/ws/urcell_ws/install/opencv_services/include/opencv_services/opencv_services/srv/detail
-- Installing: /home/user/ws/urcell_ws/install/opencv_services/include/opencv_services/opencv_services/srv/detail/parts_targets_pos__rosidl_typesupport_fastrtps_cpp.hpp
-- Installing: /home/user/ws/urcell_ws/install/opencv_services/include/opencv_services/opencv_services/srv/detail/dds_fastrtps
-- Installing: /home/user/ws/urcell_ws/install/opencv_services/lib/libopencv_services__rosidl_typesupport_fastrtps_cpp.so
-- Set runtime path of "/home/user/ws/urcell_ws/install/opencv_services/lib/libopencv_services__rosidl_typesupport_fastrtps_cpp.so" to ""
-- Up-to-date: /home/user/ws/urcell_ws/install/opencv_services/include/opencv_services/opencv_services
-- Up-to-date: /home/user/ws/urcell_ws/install/opencv_services/include/opencv_services/opencv_services/msg
-- Installing: /home/user/ws/urcell_ws/install/opencv_services/include/opencv_services/opencv_services/msg/rosidl_typesupport_introspection_c__visibility_control.h
-- Up-to-date: /home/user/ws/urcell_ws/install/opencv_services/include/opencv_services/opencv_services/srv
-- Up-to-date: /home/user/ws/urcell_ws/install/opencv_services/include/opencv_services/opencv_services/srv/detail
-- Installing: /home/user/ws/urcell_ws/install/opencv_services/include/opencv_services/opencv_services/srv/detail/parts_targets_pos__type_support.c
-- Installing: /home/user/ws/urcell_ws/install/opencv_services/include/opencv_services/opencv_services/srv/detail/parts_targets_pos__rosidl_typesupport_introspection_c.h
-- Installing: /home/user/ws/urcell_ws/install/opencv_services/lib/libopencv_services__rosidl_typesupport_introspection_c.so
-- Set runtime path of "/home/user/ws/urcell_ws/install/opencv_services/lib/libopencv_services__rosidl_typesupport_introspection_c.so" to ""
-- Installing: /home/user/ws/urcell_ws/install/opencv_services/lib/libopencv_services__rosidl_typesupport_c.so
-- Set runtime path of "/home/user/ws/urcell_ws/install/opencv_services/lib/libopencv_services__rosidl_typesupport_c.so" to ""
-- Up-to-date: /home/user/ws/urcell_ws/install/opencv_services/include/opencv_services/opencv_services
-- Up-to-date: /home/user/ws/urcell_ws/install/opencv_services/include/opencv_services/opencv_services/srv
-- Up-to-date: /home/user/ws/urcell_ws/install/opencv_services/include/opencv_services/opencv_services/srv/detail
-- Installing: /home/user/ws/urcell_ws/install/opencv_services/include/opencv_services/opencv_services/srv/detail/parts_targets_pos__type_support.cpp
-- Installing: /home/user/ws/urcell_ws/install/opencv_services/include/opencv_services/opencv_services/srv/detail/parts_targets_pos__rosidl_typesupport_introspection_cpp.hpp
-- Installing: /home/user/ws/urcell_ws/install/opencv_services/lib/libopencv_services__rosidl_typesupport_introspection_cpp.so
-- Set runtime path of "/home/user/ws/urcell_ws/install/opencv_services/lib/libopencv_services__rosidl_typesupport_introspection_cpp.so" to ""
-- Installing: /home/user/ws/urcell_ws/install/opencv_services/lib/libopencv_services__rosidl_typesupport_cpp.so
-- Set runtime path of "/home/user/ws/urcell_ws/install/opencv_services/lib/libopencv_services__rosidl_typesupport_cpp.so" to ""
-- Installing: /home/user/ws/urcell_ws/install/opencv_services/share/opencv_services/environment/pythonpath.sh
-- Installing: /home/user/ws/urcell_ws/install/opencv_services/share/opencv_services/environment/pythonpath.dsv
-- Installing: /home/user/ws/urcell_ws/install/opencv_services/local/lib/python3.10/dist-packages/opencv_services-0.0.0-py3.10.egg-info
-- Installing: /home/user/ws/urcell_ws/install/opencv_services/local/lib/python3.10/dist-packages/opencv_services-0.0.0-py3.10.egg-info/PKG-INFO
-- Installing: /home/user/ws/urcell_ws/install/opencv_services/local/lib/python3.10/dist-packages/opencv_services-0.0.0-py3.10.egg-info/dependency_links.txt
-- Installing: /home/user/ws/urcell_ws/install/opencv_services/local/lib/python3.10/dist-packages/opencv_services-0.0.0-py3.10.egg-info/top_level.txt
-- Installing: /home/user/ws/urcell_ws/install/opencv_services/local/lib/python3.10/dist-packages/opencv_services-0.0.0-py3.10.egg-info/SOURCES.txt
-- Installing: /home/user/ws/urcell_ws/install/opencv_services/local/lib/python3.10/dist-packages/opencv_services
-- Installing: /home/user/ws/urcell_ws/install/opencv_services/local/lib/python3.10/dist-packages/opencv_services/opencv_services_s__rosidl_typesupport_introspection_c.cpython-310-x86_64-linux-gnu.so
-- Installing: /home/user/ws/urcell_ws/install/opencv_services/local/lib/python3.10/dist-packages/opencv_services/opencv_services_s__rosidl_typesupport_c.cpython-310-x86_64-linux-gnu.so
-- Installing: /home/user/ws/urcell_ws/install/opencv_services/local/lib/python3.10/dist-packages/opencv_services/opencv_services_s__rosidl_typesupport_fastrtps_c.cpython-310-x86_64-linux-gnu.so
-- Installing: /home/user/ws/urcell_ws/install/opencv_services/local/lib/python3.10/dist-packages/opencv_services/_opencv_services_s.ep.rosidl_typesupport_fastrtps_c.c
-- Installing: /home/user/ws/urcell_ws/install/opencv_services/local/lib/python3.10/dist-packages/opencv_services/_opencv_services_s.ep.rosidl_typesupport_c.c
-- Installing: /home/user/ws/urcell_ws/install/opencv_services/local/lib/python3.10/dist-packages/opencv_services/srv
-- Installing: /home/user/ws/urcell_ws/install/opencv_services/local/lib/python3.10/dist-packages/opencv_services/srv/_parts_targets_pos_s.c
-- Installing: /home/user/ws/urcell_ws/install/opencv_services/local/lib/python3.10/dist-packages/opencv_services/srv/_parts_targets_pos.py
-- Installing: /home/user/ws/urcell_ws/install/opencv_services/local/lib/python3.10/dist-packages/opencv_services/srv/__init__.py
-- Installing: /home/user/ws/urcell_ws/install/opencv_services/local/lib/python3.10/dist-packages/opencv_services/_opencv_services_s.ep.rosidl_typesupport_introspection_c.c
-- Installing: /home/user/ws/urcell_ws/install/opencv_services/local/lib/python3.10/dist-packages/opencv_services/libopencv_services__rosidl_generator_py.so
-- Installing: /home/user/ws/urcell_ws/install/opencv_services/local/lib/python3.10/dist-packages/opencv_services/__init__.py
Listing '/home/user/ws/urcell_ws/install/opencv_services/local/lib/python3.10/dist-packages/opencv_services'...
Compiling '/home/user/ws/urcell_ws/install/opencv_services/local/lib/python3.10/dist-packages/opencv_services/__init__.py'...
Listing '/home/user/ws/urcell_ws/install/opencv_services/local/lib/python3.10/dist-packages/opencv_services/srv'...
Compiling '/home/user/ws/urcell_ws/install/opencv_services/local/lib/python3.10/dist-packages/opencv_services/srv/__init__.py'...
Compiling '/home/user/ws/urcell_ws/install/opencv_services/local/lib/python3.10/dist-packages/opencv_services/srv/_parts_targets_pos.py'...
-- Installing: /home/user/ws/urcell_ws/install/opencv_services/local/lib/python3.10/dist-packages/opencv_services/opencv_services_s__rosidl_typesupport_fastrtps_c.cpython-310-x86_64-linux-gnu.so
-- Set runtime path of "/home/user/ws/urcell_ws/install/opencv_services/local/lib/python3.10/dist-packages/opencv_services/opencv_services_s__rosidl_typesupport_fastrtps_c.cpython-310-x86_64-linux-gnu.so" to ""
-- Installing: /home/user/ws/urcell_ws/install/opencv_services/local/lib/python3.10/dist-packages/opencv_services/opencv_services_s__rosidl_typesupport_introspection_c.cpython-310-x86_64-linux-gnu.so
-- Set runtime path of "/home/user/ws/urcell_ws/install/opencv_services/local/lib/python3.10/dist-packages/opencv_services/opencv_services_s__rosidl_typesupport_introspection_c.cpython-310-x86_64-linux-gnu.so" to ""
-- Installing: /home/user/ws/urcell_ws/install/opencv_services/local/lib/python3.10/dist-packages/opencv_services/opencv_services_s__rosidl_typesupport_c.cpython-310-x86_64-linux-gnu.so
-- Set runtime path of "/home/user/ws/urcell_ws/install/opencv_services/local/lib/python3.10/dist-packages/opencv_services/opencv_services_s__rosidl_typesupport_c.cpython-310-x86_64-linux-gnu.so" to ""
-- Installing: /home/user/ws/urcell_ws/install/opencv_services/lib/libopencv_services__rosidl_generator_py.so
-- Set runtime path of "/home/user/ws/urcell_ws/install/opencv_services/lib/libopencv_services__rosidl_generator_py.so" to ""
-- Installing: /home/user/ws/urcell_ws/install/opencv_services/share/opencv_services/srv/PartsTargetsPos.idl
-- Installing: /home/user/ws/urcell_ws/install/opencv_services/share/opencv_services/srv/PartsTargetsPos.srv
-- Installing: /home/user/ws/urcell_ws/install/opencv_services/share/opencv_services/srv/PartsTargetsPos_Request.msg
-- Installing: /home/user/ws/urcell_ws/install/opencv_services/share/opencv_services/srv/PartsTargetsPos_Response.msg
-- Installing: /home/user/ws/urcell_ws/install/opencv_services/share/ament_index/resource_index/package_run_dependencies/opencv_services
-- Installing: /home/user/ws/urcell_ws/install/opencv_services/share/ament_index/resource_index/parent_prefix_path/opencv_services
-- Up-to-date: /home/user/ws/urcell_ws/install/opencv_services/share/opencv_services/environment/ament_prefix_path.sh
-- Installing: /home/user/ws/urcell_ws/install/opencv_services/share/opencv_services/environment/ament_prefix_path.dsv
-- Up-to-date: /home/user/ws/urcell_ws/install/opencv_services/share/opencv_services/environment/path.sh
-- Installing: /home/user/ws/urcell_ws/install/opencv_services/share/opencv_services/environment/path.dsv
-- Up-to-date: /home/user/ws/urcell_ws/install/opencv_services/share/opencv_services/local_setup.bash
-- Installing: /home/user/ws/urcell_ws/install/opencv_services/share/opencv_services/local_setup.sh
-- Up-to-date: /home/user/ws/urcell_ws/install/opencv_services/share/opencv_services/local_setup.zsh
-- Installing: /home/user/ws/urcell_ws/install/opencv_services/share/opencv_services/local_setup.dsv
-- Installing: /home/user/ws/urcell_ws/install/opencv_services/share/opencv_services/package.dsv
-- Up-to-date: /home/user/ws/urcell_ws/install/opencv_services/share/ament_index/resource_index/packages/opencv_services
-- Installing: /home/user/ws/urcell_ws/install/opencv_services/share/opencv_services/cmake/export_opencv_services__rosidl_generator_cExport.cmake
-- Installing: /home/user/ws/urcell_ws/install/opencv_services/share/opencv_services/cmake/export_opencv_services__rosidl_generator_cExport-noconfig.cmake
-- Installing: /home/user/ws/urcell_ws/install/opencv_services/share/opencv_services/cmake/export_opencv_services__rosidl_typesupport_fastrtps_cExport.cmake
-- Installing: /home/user/ws/urcell_ws/install/opencv_services/share/opencv_services/cmake/export_opencv_services__rosidl_typesupport_fastrtps_cExport-noconfig.cmake
-- Installing: /home/user/ws/urcell_ws/install/opencv_services/share/opencv_services/cmake/export_opencv_services__rosidl_generator_cppExport.cmake
-- Installing: /home/user/ws/urcell_ws/install/opencv_services/share/opencv_services/cmake/export_opencv_services__rosidl_typesupport_fastrtps_cppExport.cmake
-- Installing: /home/user/ws/urcell_ws/install/opencv_services/share/opencv_services/cmake/export_opencv_services__rosidl_typesupport_fastrtps_cppExport-noconfig.cmake
-- Installing: /home/user/ws/urcell_ws/install/opencv_services/share/opencv_services/cmake/opencv_services__rosidl_typesupport_introspection_cExport.cmake
-- Installing: /home/user/ws/urcell_ws/install/opencv_services/share/opencv_services/cmake/opencv_services__rosidl_typesupport_introspection_cExport-noconfig.cmake
-- Installing: /home/user/ws/urcell_ws/install/opencv_services/share/opencv_services/cmake/opencv_services__rosidl_typesupport_cExport.cmake
-- Installing: /home/user/ws/urcell_ws/install/opencv_services/share/opencv_services/cmake/opencv_services__rosidl_typesupport_cExport-noconfig.cmake
-- Installing: /home/user/ws/urcell_ws/install/opencv_services/share/opencv_services/cmake/opencv_services__rosidl_typesupport_introspection_cppExport.cmake
-- Installing: /home/user/ws/urcell_ws/install/opencv_services/share/opencv_services/cmake/opencv_services__rosidl_typesupport_introspection_cppExport-noconfig.cmake
-- Installing: /home/user/ws/urcell_ws/install/opencv_services/share/opencv_services/cmake/opencv_services__rosidl_typesupport_cppExport.cmake
-- Installing: /home/user/ws/urcell_ws/install/opencv_services/share/opencv_services/cmake/opencv_services__rosidl_typesupport_cppExport-noconfig.cmake
-- Installing: /home/user/ws/urcell_ws/install/opencv_services/share/opencv_services/cmake/export_opencv_services__rosidl_generator_pyExport.cmake
-- Installing: /home/user/ws/urcell_ws/install/opencv_services/share/opencv_services/cmake/export_opencv_services__rosidl_generator_pyExport-noconfig.cmake
-- Installing: /home/user/ws/urcell_ws/install/opencv_services/share/opencv_services/cmake/rosidl_cmake-extras.cmake
-- Installing: /home/user/ws/urcell_ws/install/opencv_services/share/opencv_services/cmake/ament_cmake_export_dependencies-extras.cmake
-- Installing: /home/user/ws/urcell_ws/install/opencv_services/share/opencv_services/cmake/ament_cmake_export_include_directories-extras.cmake
-- Installing: /home/user/ws/urcell_ws/install/opencv_services/share/opencv_services/cmake/ament_cmake_export_libraries-extras.cmake
-- Installing: /home/user/ws/urcell_ws/install/opencv_services/share/opencv_services/cmake/ament_cmake_export_targets-extras.cmake
-- Installing: /home/user/ws/urcell_ws/install/opencv_services/share/opencv_services/cmake/rosidl_cmake_export_typesupport_targets-extras.cmake
-- Installing: /home/user/ws/urcell_ws/install/opencv_services/share/opencv_services/cmake/rosidl_cmake_export_typesupport_libraries-extras.cmake
-- Installing: /home/user/ws/urcell_ws/install/opencv_services/share/opencv_services/cmake/opencv_servicesConfig.cmake
-- Up-to-date: /home/user/ws/urcell_ws/install/opencv_services/share/opencv_services/cmake/opencv_servicesConfig-version.cmake
-- Installing: /home/user/ws/urcell_ws/install/opencv_services/share/opencv_services/package.xml
