[0.019s] Invoking command in '/home/user/ws/urcell_ws/build/opencv_services': CMAKE_PREFIX_PATH=/home/user/ws/urcell_ws/install/yolov8_msgs:/home/user/ws/urcell_ws/install/opencv_services:/home/user/ws/urcell_ws/install/yolobot_recognition:/home/user/ws/urcell_ws/install/urcell_sim:/home/user/ws/urcell_ws/install/urcell_moveit_sim:/home/user/ws/urcell_ws/install/urcell_moveit_config:/home/user/ws/urcell_ws/install/urcell_description:/home/user/ws/urcell_ws/install/image_saver_pkg:/opt/ros/humble /usr/bin/cmake --build /home/user/ws/urcell_ws/build/opencv_services -- -j8 -l8
[0.055s] -- Found ament_cmake: 1.3.9 (/opt/ros/humble/share/ament_cmake/cmake)
[0.214s] -- Found rclcpp: 16.0.9 (/opt/ros/humble/share/rclcpp/cmake)
[0.249s] -- Found rosidl_generator_c: 3.1.5 (/opt/ros/humble/share/rosidl_generator_c/cmake)
[0.252s] -- Found rosidl_adapter: 3.1.5 (/opt/ros/humble/share/rosidl_adapter/cmake)
[0.260s] -- Found rosidl_generator_cpp: 3.1.5 (/opt/ros/humble/share/rosidl_generator_cpp/cmake)
[0.272s] -- Using all available rosidl_typesupport_c: rosidl_typesupport_fastrtps_c;rosidl_typesupport_introspection_c
[0.293s] -- Using all available rosidl_typesupport_cpp: rosidl_typesupport_fastrtps_cpp;rosidl_typesupport_introspection_cpp
[0.370s] -- Found rmw_implementation_cmake: 6.1.2 (/opt/ros/humble/share/rmw_implementation_cmake/cmake)
[0.372s] -- Found rmw_fastrtps_cpp: 6.2.6 (/opt/ros/humble/share/rmw_fastrtps_cpp/cmake)
[0.532s] -- Using RMW implementation 'rmw_fastrtps_cpp' as default
[0.723s] -- Found cv_bridge: 3.2.1 (/opt/ros/humble/share/cv_bridge/cmake)
[0.894s] -- Found image_transport: 3.1.9 (/opt/ros/humble/share/image_transport/cmake)
[0.938s] -- Found tf2: 0.25.7 (/opt/ros/humble/share/tf2/cmake)
[0.946s] -- Found yolov8_msgs: 0.0.0 (/home/user/ws/urcell_ws/install/yolov8_msgs/share/yolov8_msgs/cmake)
[1.073s] -- Found rosidl_default_generators: 1.2.0 (/opt/ros/humble/share/rosidl_default_generators/cmake)
[1.445s] -- Found ament_cmake_ros: 0.10.0 (/opt/ros/humble/share/ament_cmake_ros/cmake)
[2.059s] -- Using all available rosidl_typesupport_c: rosidl_typesupport_fastrtps_c;rosidl_typesupport_introspection_c
[2.321s] -- Using all available rosidl_typesupport_cpp: rosidl_typesupport_fastrtps_cpp;rosidl_typesupport_introspection_cpp
[2.351s] -- Found PythonInterp: /usr/bin/python3 (found suitable version "3.10.12", minimum required is "3.6") 
[2.354s] -- Found python_cmake_module: 0.10.0 (/opt/ros/humble/share/python_cmake_module/cmake)
[2.389s] -- Found PythonLibs: /usr/lib/x86_64-linux-gnu/libpython3.10.so (found suitable version "3.10.12", minimum required is "3.5") 
[2.390s] -- Using PYTHON_EXECUTABLE: /usr/bin/python3
[2.390s] -- Using PYTHON_INCLUDE_DIRS: /usr/include/python3.10
[2.390s] -- Using PYTHON_LIBRARIES: /usr/lib/x86_64-linux-gnu/libpython3.10.so
[2.418s] -- Found PythonExtra: .so  
[2.519s] -- Found ament_lint_auto: 0.12.11 (/opt/ros/humble/share/ament_lint_auto/cmake)
[2.530s] -- Added test 'cppcheck' to perform static code analysis on C / C++ code
[2.531s] -- Configured cppcheck include dirs: 
[2.531s] -- Configured cppcheck exclude dirs and/or files: 
[2.532s] -- Added test 'lint_cmake' to check CMake code style
[2.533s] -- Added test 'uncrustify' to check C / C++ code style
[2.533s] -- Configured uncrustify additional arguments: 
[2.533s] -- Added test 'xmllint' to check XML markup files
[2.536s] -- Configuring done
[2.580s] -- Generating done
[2.584s] -- Build files have been written to: /home/user/ws/urcell_ws/build/opencv_services
[2.618s] [  3%] [34m[1mGenerating C code for ROS interfaces[0m
[2.633s] [  6%] [34m[1mGenerating C++ code for ROS interfaces[0m
[2.640s] [  6%] Built target ament_cmake_python_copy_opencv_services
[3.004s] running egg_info
[3.005s] creating opencv_services.egg-info
[3.006s] writing opencv_services.egg-info/PKG-INFO
[3.006s] writing dependency_links to opencv_services.egg-info/dependency_links.txt
[3.007s] writing top-level names to opencv_services.egg-info/top_level.txt
[3.009s] writing manifest file 'opencv_services.egg-info/SOURCES.txt'
[3.012s] reading manifest file 'opencv_services.egg-info/SOURCES.txt'
[3.013s] writing manifest file 'opencv_services.egg-info/SOURCES.txt'
[3.045s] [  9%] [32mBuilding C object CMakeFiles/opencv_services__rosidl_generator_c.dir/rosidl_generator_c/opencv_services/srv/detail/parts_targets_pos__functions.c.o[0m
[3.051s] [  9%] Built target opencv_services__cpp
[3.055s] [  9%] Built target ament_cmake_python_build_opencv_services_egg
[3.066s] [ 12%] [34m[1mGenerating C++ type support dispatch for ROS interfaces[0m
[3.067s] [ 16%] [34m[1mGenerating C++ introspection for ROS interfaces[0m
[3.067s] [ 19%] [34m[1mGenerating C++ type support for eProsima Fast-RTPS[0m
[3.134s] [ 22%] [32m[1mLinking C shared library libopencv_services__rosidl_generator_c.so[0m
[3.198s] [ 22%] Built target opencv_services__rosidl_generator_c
[3.221s] [ 25%] [34m[1mGenerating C introspection for ROS interfaces[0m
[3.225s] [ 29%] [34m[1mGenerating C type support for eProsima Fast-RTPS[0m
[3.239s] [ 32%] [34m[1mGenerating C type support dispatch for ROS interfaces[0m
[3.563s] [ 35%] [32mBuilding CXX object CMakeFiles/opencv_services__rosidl_typesupport_cpp.dir/rosidl_typesupport_cpp/opencv_services/srv/parts_targets_pos__type_support.cpp.o[0m
[3.612s] [ 38%] [32mBuilding CXX object CMakeFiles/opencv_services__rosidl_typesupport_introspection_cpp.dir/rosidl_typesupport_introspection_cpp/opencv_services/srv/detail/parts_targets_pos__type_support.cpp.o[0m
[3.655s] [ 41%] [32mBuilding CXX object CMakeFiles/opencv_services__rosidl_typesupport_fastrtps_cpp.dir/rosidl_typesupport_fastrtps_cpp/opencv_services/srv/detail/dds_fastrtps/parts_targets_pos__type_support.cpp.o[0m
[3.751s] [ 45%] [32mBuilding CXX object CMakeFiles/opencv_services__rosidl_typesupport_fastrtps_c.dir/rosidl_typesupport_fastrtps_c/opencv_services/srv/detail/parts_targets_pos__type_support_c.cpp.o[0m
[3.766s] [ 48%] [32mBuilding C object CMakeFiles/opencv_services__rosidl_typesupport_introspection_c.dir/rosidl_typesupport_introspection_c/opencv_services/srv/detail/parts_targets_pos__type_support.c.o[0m
[3.785s] [ 51%] [32mBuilding CXX object CMakeFiles/opencv_services__rosidl_typesupport_c.dir/rosidl_typesupport_c/opencv_services/srv/parts_targets_pos__type_support.cpp.o[0m
[3.851s] [ 54%] [32m[1mLinking CXX shared library libopencv_services__rosidl_typesupport_c.so[0m
[3.854s] [ 58%] [32m[1mLinking C shared library libopencv_services__rosidl_typesupport_introspection_c.so[0m
[3.926s] [ 58%] Built target opencv_services__rosidl_typesupport_introspection_c
[3.935s] [ 58%] Built target opencv_services__rosidl_typesupport_c
[4.051s] [ 61%] [32m[1mLinking CXX shared library libopencv_services__rosidl_typesupport_cpp.so[0m
[4.117s] [ 61%] Built target opencv_services__rosidl_typesupport_cpp
[4.275s] [ 64%] [32m[1mLinking CXX shared library libopencv_services__rosidl_typesupport_fastrtps_cpp.so[0m
[4.278s] [ 67%] [32m[1mLinking CXX shared library libopencv_services__rosidl_typesupport_introspection_cpp.so[0m
[4.283s] [ 70%] [32m[1mLinking CXX shared library libopencv_services__rosidl_typesupport_fastrtps_c.so[0m
[4.376s] [ 70%] Built target opencv_services__rosidl_typesupport_introspection_cpp
[4.390s] [ 70%] Built target opencv_services__rosidl_typesupport_fastrtps_cpp
[4.404s] [ 70%] Built target opencv_services__rosidl_typesupport_fastrtps_c
[4.429s] [ 70%] Built target opencv_services
[4.455s] [ 74%] [34m[1mGenerating Python code for ROS interfaces[0m
[4.913s] [ 74%] Built target opencv_services__py
[4.938s] [ 77%] [32mBuilding C object CMakeFiles/opencv_services__rosidl_generator_py.dir/rosidl_generator_py/opencv_services/srv/_parts_targets_pos_s.c.o[0m
[5.065s] [ 80%] [32m[1mLinking C shared library rosidl_generator_py/opencv_services/libopencv_services__rosidl_generator_py.so[0m
[5.117s] [ 80%] Built target opencv_services__rosidl_generator_py
[5.148s] [ 87%] [32mBuilding C object CMakeFiles/opencv_services__rosidl_typesupport_c__pyext.dir/rosidl_generator_py/opencv_services/_opencv_services_s.ep.rosidl_typesupport_c.c.o[0m
[5.149s] [ 87%] [32mBuilding C object CMakeFiles/opencv_services__rosidl_typesupport_fastrtps_c__pyext.dir/rosidl_generator_py/opencv_services/_opencv_services_s.ep.rosidl_typesupport_fastrtps_c.c.o[0m
[5.149s] [ 90%] [32mBuilding C object CMakeFiles/opencv_services__rosidl_typesupport_introspection_c__pyext.dir/rosidl_generator_py/opencv_services/_opencv_services_s.ep.rosidl_typesupport_introspection_c.c.o[0m
[5.310s] [ 93%] [32m[1mLinking C shared library rosidl_generator_py/opencv_services/opencv_services_s__rosidl_typesupport_fastrtps_c.cpython-310-x86_64-linux-gnu.so[0m
[5.313s] [ 96%] [32m[1mLinking C shared library rosidl_generator_py/opencv_services/opencv_services_s__rosidl_typesupport_c.cpython-310-x86_64-linux-gnu.so[0m
[5.324s] [100%] [32m[1mLinking C shared library rosidl_generator_py/opencv_services/opencv_services_s__rosidl_typesupport_introspection_c.cpython-310-x86_64-linux-gnu.so[0m
[5.366s] [100%] Built target opencv_services__rosidl_typesupport_fastrtps_c__pyext
[5.366s] [100%] Built target opencv_services__rosidl_typesupport_c__pyext
[5.379s] [100%] Built target opencv_services__rosidl_typesupport_introspection_c__pyext
[5.393s] Invoked command in '/home/user/ws/urcell_ws/build/opencv_services' returned '0': CMAKE_PREFIX_PATH=/home/user/ws/urcell_ws/install/yolov8_msgs:/home/user/ws/urcell_ws/install/opencv_services:/home/user/ws/urcell_ws/install/yolobot_recognition:/home/user/ws/urcell_ws/install/urcell_sim:/home/user/ws/urcell_ws/install/urcell_moveit_sim:/home/user/ws/urcell_ws/install/urcell_moveit_config:/home/user/ws/urcell_ws/install/urcell_description:/home/user/ws/urcell_ws/install/image_saver_pkg:/opt/ros/humble /usr/bin/cmake --build /home/user/ws/urcell_ws/build/opencv_services -- -j8 -l8
[5.477s] Invoking command in '/home/user/ws/urcell_ws/build/opencv_services': CMAKE_PREFIX_PATH=/home/user/ws/urcell_ws/install/yolov8_msgs:/home/user/ws/urcell_ws/install/opencv_services:/home/user/ws/urcell_ws/install/yolobot_recognition:/home/user/ws/urcell_ws/install/urcell_sim:/home/user/ws/urcell_ws/install/urcell_moveit_sim:/home/user/ws/urcell_ws/install/urcell_moveit_config:/home/user/ws/urcell_ws/install/urcell_description:/home/user/ws/urcell_ws/install/image_saver_pkg:/opt/ros/humble /usr/bin/cmake --install /home/user/ws/urcell_ws/build/opencv_services
[5.486s] -- Install configuration: ""
[5.486s] -- Installing: /home/user/ws/urcell_ws/install/opencv_services/share/ament_index/resource_index/rosidl_interfaces/opencv_services
[5.486s] -- Installing: /home/user/ws/urcell_ws/install/opencv_services/include/opencv_services/opencv_services
[5.487s] -- Installing: /home/user/ws/urcell_ws/install/opencv_services/include/opencv_services/opencv_services/msg
[5.487s] -- Installing: /home/user/ws/urcell_ws/install/opencv_services/include/opencv_services/opencv_services/msg/rosidl_generator_c__visibility_control.h
[5.487s] -- Installing: /home/user/ws/urcell_ws/install/opencv_services/include/opencv_services/opencv_services/srv
[5.487s] -- Installing: /home/user/ws/urcell_ws/install/opencv_services/include/opencv_services/opencv_services/srv/detail
[5.487s] -- Installing: /home/user/ws/urcell_ws/install/opencv_services/include/opencv_services/opencv_services/srv/detail/parts_targets_pos__type_support.h
[5.487s] -- Installing: /home/user/ws/urcell_ws/install/opencv_services/include/opencv_services/opencv_services/srv/detail/parts_targets_pos__functions.c
[5.487s] -- Installing: /home/user/ws/urcell_ws/install/opencv_services/include/opencv_services/opencv_services/srv/detail/parts_targets_pos__struct.h
[5.488s] -- Installing: /home/user/ws/urcell_ws/install/opencv_services/include/opencv_services/opencv_services/srv/detail/parts_targets_pos__functions.h
[5.488s] -- Installing: /home/user/ws/urcell_ws/install/opencv_services/include/opencv_services/opencv_services/srv/parts_targets_pos.h
[5.488s] -- Installing: /home/user/ws/urcell_ws/install/opencv_services/share/opencv_services/environment/library_path.sh
[5.488s] -- Installing: /home/user/ws/urcell_ws/install/opencv_services/share/opencv_services/environment/library_path.dsv
[5.488s] -- Installing: /home/user/ws/urcell_ws/install/opencv_services/lib/libopencv_services__rosidl_generator_c.so
[5.489s] -- Set runtime path of "/home/user/ws/urcell_ws/install/opencv_services/lib/libopencv_services__rosidl_generator_c.so" to ""
[5.489s] -- Up-to-date: /home/user/ws/urcell_ws/install/opencv_services/include/opencv_services/opencv_services
[5.489s] -- Up-to-date: /home/user/ws/urcell_ws/install/opencv_services/include/opencv_services/opencv_services/msg
[5.489s] -- Installing: /home/user/ws/urcell_ws/install/opencv_services/include/opencv_services/opencv_services/msg/rosidl_typesupport_fastrtps_c__visibility_control.h
[5.489s] -- Up-to-date: /home/user/ws/urcell_ws/install/opencv_services/include/opencv_services/opencv_services/srv
[5.489s] -- Up-to-date: /home/user/ws/urcell_ws/install/opencv_services/include/opencv_services/opencv_services/srv/detail
[5.489s] -- Installing: /home/user/ws/urcell_ws/install/opencv_services/include/opencv_services/opencv_services/srv/detail/parts_targets_pos__rosidl_typesupport_fastrtps_c.h
[5.490s] -- Installing: /home/user/ws/urcell_ws/install/opencv_services/lib/libopencv_services__rosidl_typesupport_fastrtps_c.so
[5.490s] -- Set runtime path of "/home/user/ws/urcell_ws/install/opencv_services/lib/libopencv_services__rosidl_typesupport_fastrtps_c.so" to ""
[5.490s] -- Up-to-date: /home/user/ws/urcell_ws/install/opencv_services/include/opencv_services/opencv_services
[5.490s] -- Up-to-date: /home/user/ws/urcell_ws/install/opencv_services/include/opencv_services/opencv_services/srv
[5.490s] -- Installing: /home/user/ws/urcell_ws/install/opencv_services/include/opencv_services/opencv_services/srv/parts_targets_pos.hpp
[5.490s] -- Up-to-date: /home/user/ws/urcell_ws/install/opencv_services/include/opencv_services/opencv_services/srv/detail
[5.491s] -- Installing: /home/user/ws/urcell_ws/install/opencv_services/include/opencv_services/opencv_services/srv/detail/parts_targets_pos__struct.hpp
[5.491s] -- Installing: /home/user/ws/urcell_ws/install/opencv_services/include/opencv_services/opencv_services/srv/detail/parts_targets_pos__builder.hpp
[5.491s] -- Installing: /home/user/ws/urcell_ws/install/opencv_services/include/opencv_services/opencv_services/srv/detail/parts_targets_pos__traits.hpp
[5.491s] -- Up-to-date: /home/user/ws/urcell_ws/install/opencv_services/include/opencv_services/opencv_services
[5.491s] -- Up-to-date: /home/user/ws/urcell_ws/install/opencv_services/include/opencv_services/opencv_services/msg
[5.491s] -- Installing: /home/user/ws/urcell_ws/install/opencv_services/include/opencv_services/opencv_services/msg/rosidl_typesupport_fastrtps_cpp__visibility_control.h
[5.491s] -- Up-to-date: /home/user/ws/urcell_ws/install/opencv_services/include/opencv_services/opencv_services/srv
[5.491s] -- Up-to-date: /home/user/ws/urcell_ws/install/opencv_services/include/opencv_services/opencv_services/srv/detail
[5.491s] -- Installing: /home/user/ws/urcell_ws/install/opencv_services/include/opencv_services/opencv_services/srv/detail/parts_targets_pos__rosidl_typesupport_fastrtps_cpp.hpp
[5.492s] -- Installing: /home/user/ws/urcell_ws/install/opencv_services/include/opencv_services/opencv_services/srv/detail/dds_fastrtps
[5.492s] -- Installing: /home/user/ws/urcell_ws/install/opencv_services/lib/libopencv_services__rosidl_typesupport_fastrtps_cpp.so
[5.492s] -- Set runtime path of "/home/user/ws/urcell_ws/install/opencv_services/lib/libopencv_services__rosidl_typesupport_fastrtps_cpp.so" to ""
[5.492s] -- Up-to-date: /home/user/ws/urcell_ws/install/opencv_services/include/opencv_services/opencv_services
[5.492s] -- Up-to-date: /home/user/ws/urcell_ws/install/opencv_services/include/opencv_services/opencv_services/msg
[5.492s] -- Installing: /home/user/ws/urcell_ws/install/opencv_services/include/opencv_services/opencv_services/msg/rosidl_typesupport_introspection_c__visibility_control.h
[5.492s] -- Up-to-date: /home/user/ws/urcell_ws/install/opencv_services/include/opencv_services/opencv_services/srv
[5.493s] -- Up-to-date: /home/user/ws/urcell_ws/install/opencv_services/include/opencv_services/opencv_services/srv/detail
[5.493s] -- Installing: /home/user/ws/urcell_ws/install/opencv_services/include/opencv_services/opencv_services/srv/detail/parts_targets_pos__type_support.c
[5.493s] -- Installing: /home/user/ws/urcell_ws/install/opencv_services/include/opencv_services/opencv_services/srv/detail/parts_targets_pos__rosidl_typesupport_introspection_c.h
[5.493s] -- Installing: /home/user/ws/urcell_ws/install/opencv_services/lib/libopencv_services__rosidl_typesupport_introspection_c.so
[5.493s] -- Set runtime path of "/home/user/ws/urcell_ws/install/opencv_services/lib/libopencv_services__rosidl_typesupport_introspection_c.so" to ""
[5.493s] -- Installing: /home/user/ws/urcell_ws/install/opencv_services/lib/libopencv_services__rosidl_typesupport_c.so
[5.494s] -- Set runtime path of "/home/user/ws/urcell_ws/install/opencv_services/lib/libopencv_services__rosidl_typesupport_c.so" to ""
[5.494s] -- Up-to-date: /home/user/ws/urcell_ws/install/opencv_services/include/opencv_services/opencv_services
[5.494s] -- Up-to-date: /home/user/ws/urcell_ws/install/opencv_services/include/opencv_services/opencv_services/srv
[5.494s] -- Up-to-date: /home/user/ws/urcell_ws/install/opencv_services/include/opencv_services/opencv_services/srv/detail
[5.494s] -- Installing: /home/user/ws/urcell_ws/install/opencv_services/include/opencv_services/opencv_services/srv/detail/parts_targets_pos__type_support.cpp
[5.494s] -- Installing: /home/user/ws/urcell_ws/install/opencv_services/include/opencv_services/opencv_services/srv/detail/parts_targets_pos__rosidl_typesupport_introspection_cpp.hpp
[5.494s] -- Installing: /home/user/ws/urcell_ws/install/opencv_services/lib/libopencv_services__rosidl_typesupport_introspection_cpp.so
[5.495s] -- Set runtime path of "/home/user/ws/urcell_ws/install/opencv_services/lib/libopencv_services__rosidl_typesupport_introspection_cpp.so" to ""
[5.495s] -- Installing: /home/user/ws/urcell_ws/install/opencv_services/lib/libopencv_services__rosidl_typesupport_cpp.so
[5.495s] -- Set runtime path of "/home/user/ws/urcell_ws/install/opencv_services/lib/libopencv_services__rosidl_typesupport_cpp.so" to ""
[5.495s] -- Installing: /home/user/ws/urcell_ws/install/opencv_services/share/opencv_services/environment/pythonpath.sh
[5.495s] -- Installing: /home/user/ws/urcell_ws/install/opencv_services/share/opencv_services/environment/pythonpath.dsv
[5.495s] -- Installing: /home/user/ws/urcell_ws/install/opencv_services/local/lib/python3.10/dist-packages/opencv_services-0.0.0-py3.10.egg-info
[5.496s] -- Installing: /home/user/ws/urcell_ws/install/opencv_services/local/lib/python3.10/dist-packages/opencv_services-0.0.0-py3.10.egg-info/PKG-INFO
[5.496s] -- Installing: /home/user/ws/urcell_ws/install/opencv_services/local/lib/python3.10/dist-packages/opencv_services-0.0.0-py3.10.egg-info/dependency_links.txt
[5.496s] -- Installing: /home/user/ws/urcell_ws/install/opencv_services/local/lib/python3.10/dist-packages/opencv_services-0.0.0-py3.10.egg-info/top_level.txt
[5.496s] -- Installing: /home/user/ws/urcell_ws/install/opencv_services/local/lib/python3.10/dist-packages/opencv_services-0.0.0-py3.10.egg-info/SOURCES.txt
[5.496s] -- Installing: /home/user/ws/urcell_ws/install/opencv_services/local/lib/python3.10/dist-packages/opencv_services
[5.496s] -- Installing: /home/user/ws/urcell_ws/install/opencv_services/local/lib/python3.10/dist-packages/opencv_services/opencv_services_s__rosidl_typesupport_introspection_c.cpython-310-x86_64-linux-gnu.so
[5.497s] -- Installing: /home/user/ws/urcell_ws/install/opencv_services/local/lib/python3.10/dist-packages/opencv_services/opencv_services_s__rosidl_typesupport_c.cpython-310-x86_64-linux-gnu.so
[5.497s] -- Installing: /home/user/ws/urcell_ws/install/opencv_services/local/lib/python3.10/dist-packages/opencv_services/opencv_services_s__rosidl_typesupport_fastrtps_c.cpython-310-x86_64-linux-gnu.so
[5.497s] -- Installing: /home/user/ws/urcell_ws/install/opencv_services/local/lib/python3.10/dist-packages/opencv_services/_opencv_services_s.ep.rosidl_typesupport_fastrtps_c.c
[5.497s] -- Installing: /home/user/ws/urcell_ws/install/opencv_services/local/lib/python3.10/dist-packages/opencv_services/_opencv_services_s.ep.rosidl_typesupport_c.c
[5.497s] -- Installing: /home/user/ws/urcell_ws/install/opencv_services/local/lib/python3.10/dist-packages/opencv_services/srv
[5.497s] -- Installing: /home/user/ws/urcell_ws/install/opencv_services/local/lib/python3.10/dist-packages/opencv_services/srv/_parts_targets_pos_s.c
[5.498s] -- Installing: /home/user/ws/urcell_ws/install/opencv_services/local/lib/python3.10/dist-packages/opencv_services/srv/_parts_targets_pos.py
[5.498s] -- Installing: /home/user/ws/urcell_ws/install/opencv_services/local/lib/python3.10/dist-packages/opencv_services/srv/__init__.py
[5.498s] -- Installing: /home/user/ws/urcell_ws/install/opencv_services/local/lib/python3.10/dist-packages/opencv_services/_opencv_services_s.ep.rosidl_typesupport_introspection_c.c
[5.498s] -- Installing: /home/user/ws/urcell_ws/install/opencv_services/local/lib/python3.10/dist-packages/opencv_services/libopencv_services__rosidl_generator_py.so
[5.498s] -- Installing: /home/user/ws/urcell_ws/install/opencv_services/local/lib/python3.10/dist-packages/opencv_services/__init__.py
[5.543s] Listing '/home/user/ws/urcell_ws/install/opencv_services/local/lib/python3.10/dist-packages/opencv_services'...
[5.543s] Compiling '/home/user/ws/urcell_ws/install/opencv_services/local/lib/python3.10/dist-packages/opencv_services/__init__.py'...
[5.543s] Listing '/home/user/ws/urcell_ws/install/opencv_services/local/lib/python3.10/dist-packages/opencv_services/srv'...
[5.543s] Compiling '/home/user/ws/urcell_ws/install/opencv_services/local/lib/python3.10/dist-packages/opencv_services/srv/__init__.py'...
[5.543s] Compiling '/home/user/ws/urcell_ws/install/opencv_services/local/lib/python3.10/dist-packages/opencv_services/srv/_parts_targets_pos.py'...
[5.550s] -- Installing: /home/user/ws/urcell_ws/install/opencv_services/local/lib/python3.10/dist-packages/opencv_services/opencv_services_s__rosidl_typesupport_fastrtps_c.cpython-310-x86_64-linux-gnu.so
[5.550s] -- Set runtime path of "/home/user/ws/urcell_ws/install/opencv_services/local/lib/python3.10/dist-packages/opencv_services/opencv_services_s__rosidl_typesupport_fastrtps_c.cpython-310-x86_64-linux-gnu.so" to ""
[5.550s] -- Installing: /home/user/ws/urcell_ws/install/opencv_services/local/lib/python3.10/dist-packages/opencv_services/opencv_services_s__rosidl_typesupport_introspection_c.cpython-310-x86_64-linux-gnu.so
[5.551s] -- Set runtime path of "/home/user/ws/urcell_ws/install/opencv_services/local/lib/python3.10/dist-packages/opencv_services/opencv_services_s__rosidl_typesupport_introspection_c.cpython-310-x86_64-linux-gnu.so" to ""
[5.551s] -- Installing: /home/user/ws/urcell_ws/install/opencv_services/local/lib/python3.10/dist-packages/opencv_services/opencv_services_s__rosidl_typesupport_c.cpython-310-x86_64-linux-gnu.so
[5.551s] -- Set runtime path of "/home/user/ws/urcell_ws/install/opencv_services/local/lib/python3.10/dist-packages/opencv_services/opencv_services_s__rosidl_typesupport_c.cpython-310-x86_64-linux-gnu.so" to ""
[5.551s] -- Installing: /home/user/ws/urcell_ws/install/opencv_services/lib/libopencv_services__rosidl_generator_py.so
[5.552s] -- Set runtime path of "/home/user/ws/urcell_ws/install/opencv_services/lib/libopencv_services__rosidl_generator_py.so" to ""
[5.552s] -- Installing: /home/user/ws/urcell_ws/install/opencv_services/share/opencv_services/srv/PartsTargetsPos.idl
[5.552s] -- Installing: /home/user/ws/urcell_ws/install/opencv_services/share/opencv_services/srv/PartsTargetsPos.srv
[5.552s] -- Installing: /home/user/ws/urcell_ws/install/opencv_services/share/opencv_services/srv/PartsTargetsPos_Request.msg
[5.552s] -- Installing: /home/user/ws/urcell_ws/install/opencv_services/share/opencv_services/srv/PartsTargetsPos_Response.msg
[5.552s] -- Installing: /home/user/ws/urcell_ws/install/opencv_services/share/ament_index/resource_index/package_run_dependencies/opencv_services
[5.553s] -- Installing: /home/user/ws/urcell_ws/install/opencv_services/share/ament_index/resource_index/parent_prefix_path/opencv_services
[5.553s] -- Up-to-date: /home/user/ws/urcell_ws/install/opencv_services/share/opencv_services/environment/ament_prefix_path.sh
[5.553s] -- Installing: /home/user/ws/urcell_ws/install/opencv_services/share/opencv_services/environment/ament_prefix_path.dsv
[5.553s] -- Up-to-date: /home/user/ws/urcell_ws/install/opencv_services/share/opencv_services/environment/path.sh
[5.553s] -- Installing: /home/user/ws/urcell_ws/install/opencv_services/share/opencv_services/environment/path.dsv
[5.553s] -- Up-to-date: /home/user/ws/urcell_ws/install/opencv_services/share/opencv_services/local_setup.bash
[5.553s] -- Installing: /home/user/ws/urcell_ws/install/opencv_services/share/opencv_services/local_setup.sh
[5.554s] -- Up-to-date: /home/user/ws/urcell_ws/install/opencv_services/share/opencv_services/local_setup.zsh
[5.554s] -- Installing: /home/user/ws/urcell_ws/install/opencv_services/share/opencv_services/local_setup.dsv
[5.554s] -- Installing: /home/user/ws/urcell_ws/install/opencv_services/share/opencv_services/package.dsv
[5.554s] -- Up-to-date: /home/user/ws/urcell_ws/install/opencv_services/share/ament_index/resource_index/packages/opencv_services
[5.554s] -- Installing: /home/user/ws/urcell_ws/install/opencv_services/share/opencv_services/cmake/export_opencv_services__rosidl_generator_cExport.cmake
[5.554s] -- Installing: /home/user/ws/urcell_ws/install/opencv_services/share/opencv_services/cmake/export_opencv_services__rosidl_generator_cExport-noconfig.cmake
[5.554s] -- Installing: /home/user/ws/urcell_ws/install/opencv_services/share/opencv_services/cmake/export_opencv_services__rosidl_typesupport_fastrtps_cExport.cmake
[5.554s] -- Installing: /home/user/ws/urcell_ws/install/opencv_services/share/opencv_services/cmake/export_opencv_services__rosidl_typesupport_fastrtps_cExport-noconfig.cmake
[5.555s] -- Installing: /home/user/ws/urcell_ws/install/opencv_services/share/opencv_services/cmake/export_opencv_services__rosidl_generator_cppExport.cmake
[5.555s] -- Installing: /home/user/ws/urcell_ws/install/opencv_services/share/opencv_services/cmake/export_opencv_services__rosidl_typesupport_fastrtps_cppExport.cmake
[5.555s] -- Installing: /home/user/ws/urcell_ws/install/opencv_services/share/opencv_services/cmake/export_opencv_services__rosidl_typesupport_fastrtps_cppExport-noconfig.cmake
[5.555s] -- Installing: /home/user/ws/urcell_ws/install/opencv_services/share/opencv_services/cmake/opencv_services__rosidl_typesupport_introspection_cExport.cmake
[5.555s] -- Installing: /home/user/ws/urcell_ws/install/opencv_services/share/opencv_services/cmake/opencv_services__rosidl_typesupport_introspection_cExport-noconfig.cmake
[5.555s] -- Installing: /home/user/ws/urcell_ws/install/opencv_services/share/opencv_services/cmake/opencv_services__rosidl_typesupport_cExport.cmake
[5.555s] -- Installing: /home/user/ws/urcell_ws/install/opencv_services/share/opencv_services/cmake/opencv_services__rosidl_typesupport_cExport-noconfig.cmake
[5.556s] -- Installing: /home/user/ws/urcell_ws/install/opencv_services/share/opencv_services/cmake/opencv_services__rosidl_typesupport_introspection_cppExport.cmake
[5.556s] -- Installing: /home/user/ws/urcell_ws/install/opencv_services/share/opencv_services/cmake/opencv_services__rosidl_typesupport_introspection_cppExport-noconfig.cmake
[5.556s] -- Installing: /home/user/ws/urcell_ws/install/opencv_services/share/opencv_services/cmake/opencv_services__rosidl_typesupport_cppExport.cmake
[5.556s] -- Installing: /home/user/ws/urcell_ws/install/opencv_services/share/opencv_services/cmake/opencv_services__rosidl_typesupport_cppExport-noconfig.cmake
[5.556s] -- Installing: /home/user/ws/urcell_ws/install/opencv_services/share/opencv_services/cmake/export_opencv_services__rosidl_generator_pyExport.cmake
[5.556s] -- Installing: /home/user/ws/urcell_ws/install/opencv_services/share/opencv_services/cmake/export_opencv_services__rosidl_generator_pyExport-noconfig.cmake
[5.557s] -- Installing: /home/user/ws/urcell_ws/install/opencv_services/share/opencv_services/cmake/rosidl_cmake-extras.cmake
[5.557s] -- Installing: /home/user/ws/urcell_ws/install/opencv_services/share/opencv_services/cmake/ament_cmake_export_dependencies-extras.cmake
[5.557s] -- Installing: /home/user/ws/urcell_ws/install/opencv_services/share/opencv_services/cmake/ament_cmake_export_include_directories-extras.cmake
[5.557s] -- Installing: /home/user/ws/urcell_ws/install/opencv_services/share/opencv_services/cmake/ament_cmake_export_libraries-extras.cmake
[5.557s] -- Installing: /home/user/ws/urcell_ws/install/opencv_services/share/opencv_services/cmake/ament_cmake_export_targets-extras.cmake
[5.557s] -- Installing: /home/user/ws/urcell_ws/install/opencv_services/share/opencv_services/cmake/rosidl_cmake_export_typesupport_targets-extras.cmake
[5.557s] -- Installing: /home/user/ws/urcell_ws/install/opencv_services/share/opencv_services/cmake/rosidl_cmake_export_typesupport_libraries-extras.cmake
[5.557s] -- Installing: /home/user/ws/urcell_ws/install/opencv_services/share/opencv_services/cmake/opencv_servicesConfig.cmake
[5.558s] -- Up-to-date: /home/user/ws/urcell_ws/install/opencv_services/share/opencv_services/cmake/opencv_servicesConfig-version.cmake
[5.558s] -- Installing: /home/user/ws/urcell_ws/install/opencv_services/share/opencv_services/package.xml
[5.560s] Invoked command in '/home/user/ws/urcell_ws/build/opencv_services' returned '0': CMAKE_PREFIX_PATH=/home/user/ws/urcell_ws/install/yolov8_msgs:/home/user/ws/urcell_ws/install/opencv_services:/home/user/ws/urcell_ws/install/yolobot_recognition:/home/user/ws/urcell_ws/install/urcell_sim:/home/user/ws/urcell_ws/install/urcell_moveit_sim:/home/user/ws/urcell_ws/install/urcell_moveit_config:/home/user/ws/urcell_ws/install/urcell_description:/home/user/ws/urcell_ws/install/image_saver_pkg:/opt/ros/humble /usr/bin/cmake --install /home/user/ws/urcell_ws/build/opencv_services
