-- The C compiler identification is GNU 11.4.0
-- The CXX compiler identification is GNU 11.4.0
-- Detecting C compiler ABI info
-- Detecting C compiler ABI info - done
-- Check for working C compiler: /usr/bin/cc - skipped
-- Detecting C compile features
-- Detecting C compile features - done
-- Detecting CXX compiler ABI info
-- Detecting CXX compiler ABI info - done
-- Check for working CXX compiler: /usr/bin/c++ - skipped
-- Detecting CXX compile features
-- Detecting CXX compile features - done
-- Found ament_cmake: 1.3.9 (/opt/ros/humble/share/ament_cmake/cmake)
-- Found Python3: /usr/bin/python3 (found version "3.10.12") found components: Interpreter 
-- Found std_msgs: 4.2.4 (/opt/ros/humble/share/std_msgs/cmake)
-- Found rosidl_generator_c: 3.1.5 (/opt/ros/humble/share/rosidl_generator_c/cmake)
-- Found rosidl_adapter: 3.1.5 (/opt/ros/humble/share/rosidl_adapter/cmake)
-- Found rosidl_generator_cpp: 3.1.5 (/opt/ros/humble/share/rosidl_generator_cpp/cmake)
-- Using all available rosidl_typesupport_c: rosidl_typesupport_fastrtps_c;rosidl_typesupport_introspection_c
-- Using all available rosidl_typesupport_cpp: rosidl_typesupport_fastrtps_cpp;rosidl_typesupport_introspection_cpp
-- Found rosidl_default_generators: 1.2.0 (/opt/ros/humble/share/rosidl_default_generators/cmake)
-- Found sensor_msgs: 4.2.4 (/opt/ros/humble/share/sensor_msgs/cmake)
-- Found ament_cmake_ros: 0.10.0 (/opt/ros/humble/share/ament_cmake_ros/cmake)
-- Using all available rosidl_typesupport_c: rosidl_typesupport_fastrtps_c;rosidl_typesupport_introspection_c
-- Using all available rosidl_typesupport_cpp: rosidl_typesupport_fastrtps_cpp;rosidl_typesupport_introspection_cpp
-- Found PythonInterp: /usr/bin/python3 (found suitable version "3.10.12", minimum required is "3.6") 
-- Found python_cmake_module: 0.10.0 (/opt/ros/humble/share/python_cmake_module/cmake)
-- Found PythonLibs: /usr/lib/x86_64-linux-gnu/libpython3.10.so (found suitable version "3.10.12", minimum required is "3.5") 
-- Using PYTHON_EXECUTABLE: /usr/bin/python3
-- Using PYTHON_INCLUDE_DIRS: /usr/include/python3.10
-- Using PYTHON_LIBRARIES: /usr/lib/x86_64-linux-gnu/libpython3.10.so
-- Found PythonExtra: .so  
-- Found ament_lint_auto: 0.12.11 (/opt/ros/humble/share/ament_lint_auto/cmake)
-- Added test 'copyright' to check source files copyright and LICENSE
-- Added test 'lint_cmake' to check CMake code style
-- Added test 'xmllint' to check XML markup files
-- Configuring done
-- Generating done
-- Build files have been written to: /home/user/ws/urcell_ws/build/yolov8_msgs
[35m[1mConsolidate compiler generated dependencies of target yolov8_msgs__rosidl_generator_c[0m
[  2%] Built target yolov8_msgs__cpp
[ 12%] Built target yolov8_msgs__rosidl_generator_c
[ 12%] Built target ament_cmake_python_copy_yolov8_msgs
[35m[1mConsolidate compiler generated dependencies of target yolov8_msgs__rosidl_typesupport_fastrtps_cpp[0m
[35m[1mConsolidate compiler generated dependencies of target yolov8_msgs__rosidl_typesupport_cpp[0m
[35m[1mConsolidate compiler generated dependencies of target yolov8_msgs__rosidl_typesupport_introspection_cpp[0m
[35m[1mConsolidate compiler generated dependencies of target yolov8_msgs__rosidl_typesupport_fastrtps_c[0m
[35m[1mConsolidate compiler generated dependencies of target yolov8_msgs__rosidl_typesupport_c[0m
[35m[1mConsolidate compiler generated dependencies of target yolov8_msgs__rosidl_typesupport_introspection_c[0m
[ 31%] Built target yolov8_msgs__rosidl_typesupport_cpp
[ 36%] Built target yolov8_msgs__rosidl_typesupport_c
[ 48%] Built target yolov8_msgs__rosidl_typesupport_introspection_c
[ 55%] Built target yolov8_msgs__rosidl_typesupport_fastrtps_cpp
[ 65%] Built target yolov8_msgs__rosidl_typesupport_fastrtps_c
[ 76%] Built target yolov8_msgs__rosidl_typesupport_introspection_cpp
[ 76%] Built target yolov8_msgs
[ 78%] Built target yolov8_msgs__py
[35m[1mConsolidate compiler generated dependencies of target yolov8_msgs__rosidl_generator_py[0m
[ 87%] Built target yolov8_msgs__rosidl_generator_py
[35m[1mConsolidate compiler generated dependencies of target yolov8_msgs__rosidl_typesupport_fastrtps_c__pyext[0m
[35m[1mConsolidate compiler generated dependencies of target yolov8_msgs__rosidl_typesupport_c__pyext[0m
[35m[1mConsolidate compiler generated dependencies of target yolov8_msgs__rosidl_typesupport_introspection_c__pyext[0m
[100%] Built target yolov8_msgs__rosidl_typesupport_introspection_c__pyext
[100%] Built target yolov8_msgs__rosidl_typesupport_fastrtps_c__pyext
[100%] Built target yolov8_msgs__rosidl_typesupport_c__pyext
running egg_info
writing yolov8_msgs.egg-info/PKG-INFO
writing dependency_links to yolov8_msgs.egg-info/dependency_links.txt
writing top-level names to yolov8_msgs.egg-info/top_level.txt
reading manifest file 'yolov8_msgs.egg-info/SOURCES.txt'
writing manifest file 'yolov8_msgs.egg-info/SOURCES.txt'
[100%] Built target ament_cmake_python_build_yolov8_msgs_egg
-- Install configuration: ""
-- Installing: /home/user/ws/urcell_ws/install/yolov8_msgs/share/ament_index/resource_index/rosidl_interfaces/yolov8_msgs
-- Installing: /home/user/ws/urcell_ws/install/yolov8_msgs/include/yolov8_msgs/yolov8_msgs
-- Installing: /home/user/ws/urcell_ws/install/yolov8_msgs/include/yolov8_msgs/yolov8_msgs/msg
-- Installing: /home/user/ws/urcell_ws/install/yolov8_msgs/include/yolov8_msgs/yolov8_msgs/msg/inference_result.h
-- Installing: /home/user/ws/urcell_ws/install/yolov8_msgs/include/yolov8_msgs/yolov8_msgs/msg/yolov8_inference.h
-- Installing: /home/user/ws/urcell_ws/install/yolov8_msgs/include/yolov8_msgs/yolov8_msgs/msg/detail
-- Installing: /home/user/ws/urcell_ws/install/yolov8_msgs/include/yolov8_msgs/yolov8_msgs/msg/detail/yolov8_inference__struct.h
-- Installing: /home/user/ws/urcell_ws/install/yolov8_msgs/include/yolov8_msgs/yolov8_msgs/msg/detail/yolov8_inference__type_support.h
-- Installing: /home/user/ws/urcell_ws/install/yolov8_msgs/include/yolov8_msgs/yolov8_msgs/msg/detail/inference_result__functions.h
-- Installing: /home/user/ws/urcell_ws/install/yolov8_msgs/include/yolov8_msgs/yolov8_msgs/msg/detail/yolov8_inference__functions.h
-- Installing: /home/user/ws/urcell_ws/install/yolov8_msgs/include/yolov8_msgs/yolov8_msgs/msg/detail/inference_result__type_support.h
-- Installing: /home/user/ws/urcell_ws/install/yolov8_msgs/include/yolov8_msgs/yolov8_msgs/msg/detail/yolov8_inference__functions.c
-- Installing: /home/user/ws/urcell_ws/install/yolov8_msgs/include/yolov8_msgs/yolov8_msgs/msg/detail/inference_result__functions.c
-- Installing: /home/user/ws/urcell_ws/install/yolov8_msgs/include/yolov8_msgs/yolov8_msgs/msg/detail/inference_result__struct.h
-- Installing: /home/user/ws/urcell_ws/install/yolov8_msgs/include/yolov8_msgs/yolov8_msgs/msg/rosidl_generator_c__visibility_control.h
-- Installing: /home/user/ws/urcell_ws/install/yolov8_msgs/include/yolov8_msgs/yolov8_msgs/srv
-- Installing: /home/user/ws/urcell_ws/install/yolov8_msgs/include/yolov8_msgs/yolov8_msgs/srv/detail
-- Installing: /home/user/ws/urcell_ws/install/yolov8_msgs/include/yolov8_msgs/yolov8_msgs/srv/detail/yolo_inference__struct.h
-- Installing: /home/user/ws/urcell_ws/install/yolov8_msgs/include/yolov8_msgs/yolov8_msgs/srv/detail/yolo_inference__type_support.h
-- Installing: /home/user/ws/urcell_ws/install/yolov8_msgs/include/yolov8_msgs/yolov8_msgs/srv/detail/yolo_inference__functions.c
-- Installing: /home/user/ws/urcell_ws/install/yolov8_msgs/include/yolov8_msgs/yolov8_msgs/srv/detail/yolo_inference__functions.h
-- Installing: /home/user/ws/urcell_ws/install/yolov8_msgs/include/yolov8_msgs/yolov8_msgs/srv/yolo_inference.h
-- Installing: /home/user/ws/urcell_ws/install/yolov8_msgs/share/yolov8_msgs/environment/library_path.sh
-- Installing: /home/user/ws/urcell_ws/install/yolov8_msgs/share/yolov8_msgs/environment/library_path.dsv
-- Installing: /home/user/ws/urcell_ws/install/yolov8_msgs/lib/libyolov8_msgs__rosidl_generator_c.so
-- Set runtime path of "/home/user/ws/urcell_ws/install/yolov8_msgs/lib/libyolov8_msgs__rosidl_generator_c.so" to ""
-- Up-to-date: /home/user/ws/urcell_ws/install/yolov8_msgs/include/yolov8_msgs/yolov8_msgs
-- Up-to-date: /home/user/ws/urcell_ws/install/yolov8_msgs/include/yolov8_msgs/yolov8_msgs/msg
-- Installing: /home/user/ws/urcell_ws/install/yolov8_msgs/include/yolov8_msgs/yolov8_msgs/msg/rosidl_typesupport_fastrtps_c__visibility_control.h
-- Up-to-date: /home/user/ws/urcell_ws/install/yolov8_msgs/include/yolov8_msgs/yolov8_msgs/msg/detail
-- Installing: /home/user/ws/urcell_ws/install/yolov8_msgs/include/yolov8_msgs/yolov8_msgs/msg/detail/yolov8_inference__rosidl_typesupport_fastrtps_c.h
-- Installing: /home/user/ws/urcell_ws/install/yolov8_msgs/include/yolov8_msgs/yolov8_msgs/msg/detail/inference_result__rosidl_typesupport_fastrtps_c.h
-- Up-to-date: /home/user/ws/urcell_ws/install/yolov8_msgs/include/yolov8_msgs/yolov8_msgs/srv
-- Up-to-date: /home/user/ws/urcell_ws/install/yolov8_msgs/include/yolov8_msgs/yolov8_msgs/srv/detail
-- Installing: /home/user/ws/urcell_ws/install/yolov8_msgs/include/yolov8_msgs/yolov8_msgs/srv/detail/yolo_inference__rosidl_typesupport_fastrtps_c.h
-- Installing: /home/user/ws/urcell_ws/install/yolov8_msgs/lib/libyolov8_msgs__rosidl_typesupport_fastrtps_c.so
-- Set runtime path of "/home/user/ws/urcell_ws/install/yolov8_msgs/lib/libyolov8_msgs__rosidl_typesupport_fastrtps_c.so" to ""
-- Up-to-date: /home/user/ws/urcell_ws/install/yolov8_msgs/include/yolov8_msgs/yolov8_msgs
-- Up-to-date: /home/user/ws/urcell_ws/install/yolov8_msgs/include/yolov8_msgs/yolov8_msgs/msg
-- Installing: /home/user/ws/urcell_ws/install/yolov8_msgs/include/yolov8_msgs/yolov8_msgs/msg/yolov8_inference.hpp
-- Up-to-date: /home/user/ws/urcell_ws/install/yolov8_msgs/include/yolov8_msgs/yolov8_msgs/msg/detail
-- Installing: /home/user/ws/urcell_ws/install/yolov8_msgs/include/yolov8_msgs/yolov8_msgs/msg/detail/yolov8_inference__builder.hpp
-- Installing: /home/user/ws/urcell_ws/install/yolov8_msgs/include/yolov8_msgs/yolov8_msgs/msg/detail/yolov8_inference__traits.hpp
-- Installing: /home/user/ws/urcell_ws/install/yolov8_msgs/include/yolov8_msgs/yolov8_msgs/msg/detail/yolov8_inference__struct.hpp
-- Installing: /home/user/ws/urcell_ws/install/yolov8_msgs/include/yolov8_msgs/yolov8_msgs/msg/detail/inference_result__traits.hpp
-- Installing: /home/user/ws/urcell_ws/install/yolov8_msgs/include/yolov8_msgs/yolov8_msgs/msg/detail/inference_result__builder.hpp
-- Installing: /home/user/ws/urcell_ws/install/yolov8_msgs/include/yolov8_msgs/yolov8_msgs/msg/detail/inference_result__struct.hpp
-- Installing: /home/user/ws/urcell_ws/install/yolov8_msgs/include/yolov8_msgs/yolov8_msgs/msg/inference_result.hpp
-- Up-to-date: /home/user/ws/urcell_ws/install/yolov8_msgs/include/yolov8_msgs/yolov8_msgs/srv
-- Up-to-date: /home/user/ws/urcell_ws/install/yolov8_msgs/include/yolov8_msgs/yolov8_msgs/srv/detail
-- Installing: /home/user/ws/urcell_ws/install/yolov8_msgs/include/yolov8_msgs/yolov8_msgs/srv/detail/yolo_inference__traits.hpp
-- Installing: /home/user/ws/urcell_ws/install/yolov8_msgs/include/yolov8_msgs/yolov8_msgs/srv/detail/yolo_inference__struct.hpp
-- Installing: /home/user/ws/urcell_ws/install/yolov8_msgs/include/yolov8_msgs/yolov8_msgs/srv/detail/yolo_inference__builder.hpp
-- Installing: /home/user/ws/urcell_ws/install/yolov8_msgs/include/yolov8_msgs/yolov8_msgs/srv/yolo_inference.hpp
-- Up-to-date: /home/user/ws/urcell_ws/install/yolov8_msgs/include/yolov8_msgs/yolov8_msgs
-- Up-to-date: /home/user/ws/urcell_ws/install/yolov8_msgs/include/yolov8_msgs/yolov8_msgs/msg
-- Installing: /home/user/ws/urcell_ws/install/yolov8_msgs/include/yolov8_msgs/yolov8_msgs/msg/rosidl_typesupport_fastrtps_cpp__visibility_control.h
-- Up-to-date: /home/user/ws/urcell_ws/install/yolov8_msgs/include/yolov8_msgs/yolov8_msgs/msg/detail
-- Installing: /home/user/ws/urcell_ws/install/yolov8_msgs/include/yolov8_msgs/yolov8_msgs/msg/detail/yolov8_inference__rosidl_typesupport_fastrtps_cpp.hpp
-- Installing: /home/user/ws/urcell_ws/install/yolov8_msgs/include/yolov8_msgs/yolov8_msgs/msg/detail/dds_fastrtps
-- Installing: /home/user/ws/urcell_ws/install/yolov8_msgs/include/yolov8_msgs/yolov8_msgs/msg/detail/inference_result__rosidl_typesupport_fastrtps_cpp.hpp
-- Up-to-date: /home/user/ws/urcell_ws/install/yolov8_msgs/include/yolov8_msgs/yolov8_msgs/srv
-- Up-to-date: /home/user/ws/urcell_ws/install/yolov8_msgs/include/yolov8_msgs/yolov8_msgs/srv/detail
-- Installing: /home/user/ws/urcell_ws/install/yolov8_msgs/include/yolov8_msgs/yolov8_msgs/srv/detail/yolo_inference__rosidl_typesupport_fastrtps_cpp.hpp
-- Installing: /home/user/ws/urcell_ws/install/yolov8_msgs/include/yolov8_msgs/yolov8_msgs/srv/detail/dds_fastrtps
-- Installing: /home/user/ws/urcell_ws/install/yolov8_msgs/lib/libyolov8_msgs__rosidl_typesupport_fastrtps_cpp.so
-- Set runtime path of "/home/user/ws/urcell_ws/install/yolov8_msgs/lib/libyolov8_msgs__rosidl_typesupport_fastrtps_cpp.so" to ""
-- Up-to-date: /home/user/ws/urcell_ws/install/yolov8_msgs/include/yolov8_msgs/yolov8_msgs
-- Up-to-date: /home/user/ws/urcell_ws/install/yolov8_msgs/include/yolov8_msgs/yolov8_msgs/msg
-- Up-to-date: /home/user/ws/urcell_ws/install/yolov8_msgs/include/yolov8_msgs/yolov8_msgs/msg/detail
-- Installing: /home/user/ws/urcell_ws/install/yolov8_msgs/include/yolov8_msgs/yolov8_msgs/msg/detail/yolov8_inference__rosidl_typesupport_introspection_c.h
-- Installing: /home/user/ws/urcell_ws/install/yolov8_msgs/include/yolov8_msgs/yolov8_msgs/msg/detail/inference_result__rosidl_typesupport_introspection_c.h
-- Installing: /home/user/ws/urcell_ws/install/yolov8_msgs/include/yolov8_msgs/yolov8_msgs/msg/detail/yolov8_inference__type_support.c
-- Installing: /home/user/ws/urcell_ws/install/yolov8_msgs/include/yolov8_msgs/yolov8_msgs/msg/detail/inference_result__type_support.c
-- Installing: /home/user/ws/urcell_ws/install/yolov8_msgs/include/yolov8_msgs/yolov8_msgs/msg/rosidl_typesupport_introspection_c__visibility_control.h
-- Up-to-date: /home/user/ws/urcell_ws/install/yolov8_msgs/include/yolov8_msgs/yolov8_msgs/srv
-- Up-to-date: /home/user/ws/urcell_ws/install/yolov8_msgs/include/yolov8_msgs/yolov8_msgs/srv/detail
-- Installing: /home/user/ws/urcell_ws/install/yolov8_msgs/include/yolov8_msgs/yolov8_msgs/srv/detail/yolo_inference__type_support.c
-- Installing: /home/user/ws/urcell_ws/install/yolov8_msgs/include/yolov8_msgs/yolov8_msgs/srv/detail/yolo_inference__rosidl_typesupport_introspection_c.h
-- Installing: /home/user/ws/urcell_ws/install/yolov8_msgs/lib/libyolov8_msgs__rosidl_typesupport_introspection_c.so
-- Set runtime path of "/home/user/ws/urcell_ws/install/yolov8_msgs/lib/libyolov8_msgs__rosidl_typesupport_introspection_c.so" to ""
-- Installing: /home/user/ws/urcell_ws/install/yolov8_msgs/lib/libyolov8_msgs__rosidl_typesupport_c.so
-- Set runtime path of "/home/user/ws/urcell_ws/install/yolov8_msgs/lib/libyolov8_msgs__rosidl_typesupport_c.so" to ""
-- Up-to-date: /home/user/ws/urcell_ws/install/yolov8_msgs/include/yolov8_msgs/yolov8_msgs
-- Up-to-date: /home/user/ws/urcell_ws/install/yolov8_msgs/include/yolov8_msgs/yolov8_msgs/msg
-- Up-to-date: /home/user/ws/urcell_ws/install/yolov8_msgs/include/yolov8_msgs/yolov8_msgs/msg/detail
-- Installing: /home/user/ws/urcell_ws/install/yolov8_msgs/include/yolov8_msgs/yolov8_msgs/msg/detail/yolov8_inference__type_support.cpp
-- Installing: /home/user/ws/urcell_ws/install/yolov8_msgs/include/yolov8_msgs/yolov8_msgs/msg/detail/inference_result__type_support.cpp
-- Installing: /home/user/ws/urcell_ws/install/yolov8_msgs/include/yolov8_msgs/yolov8_msgs/msg/detail/yolov8_inference__rosidl_typesupport_introspection_cpp.hpp
-- Installing: /home/user/ws/urcell_ws/install/yolov8_msgs/include/yolov8_msgs/yolov8_msgs/msg/detail/inference_result__rosidl_typesupport_introspection_cpp.hpp
-- Up-to-date: /home/user/ws/urcell_ws/install/yolov8_msgs/include/yolov8_msgs/yolov8_msgs/srv
-- Up-to-date: /home/user/ws/urcell_ws/install/yolov8_msgs/include/yolov8_msgs/yolov8_msgs/srv/detail
-- Installing: /home/user/ws/urcell_ws/install/yolov8_msgs/include/yolov8_msgs/yolov8_msgs/srv/detail/yolo_inference__type_support.cpp
-- Installing: /home/user/ws/urcell_ws/install/yolov8_msgs/include/yolov8_msgs/yolov8_msgs/srv/detail/yolo_inference__rosidl_typesupport_introspection_cpp.hpp
-- Installing: /home/user/ws/urcell_ws/install/yolov8_msgs/lib/libyolov8_msgs__rosidl_typesupport_introspection_cpp.so
-- Set runtime path of "/home/user/ws/urcell_ws/install/yolov8_msgs/lib/libyolov8_msgs__rosidl_typesupport_introspection_cpp.so" to ""
-- Installing: /home/user/ws/urcell_ws/install/yolov8_msgs/lib/libyolov8_msgs__rosidl_typesupport_cpp.so
-- Set runtime path of "/home/user/ws/urcell_ws/install/yolov8_msgs/lib/libyolov8_msgs__rosidl_typesupport_cpp.so" to ""
-- Installing: /home/user/ws/urcell_ws/install/yolov8_msgs/share/yolov8_msgs/environment/pythonpath.sh
-- Installing: /home/user/ws/urcell_ws/install/yolov8_msgs/share/yolov8_msgs/environment/pythonpath.dsv
-- Installing: /home/user/ws/urcell_ws/install/yolov8_msgs/local/lib/python3.10/dist-packages/yolov8_msgs-0.0.0-py3.10.egg-info
-- Installing: /home/user/ws/urcell_ws/install/yolov8_msgs/local/lib/python3.10/dist-packages/yolov8_msgs-0.0.0-py3.10.egg-info/PKG-INFO
-- Installing: /home/user/ws/urcell_ws/install/yolov8_msgs/local/lib/python3.10/dist-packages/yolov8_msgs-0.0.0-py3.10.egg-info/dependency_links.txt
-- Installing: /home/user/ws/urcell_ws/install/yolov8_msgs/local/lib/python3.10/dist-packages/yolov8_msgs-0.0.0-py3.10.egg-info/top_level.txt
-- Installing: /home/user/ws/urcell_ws/install/yolov8_msgs/local/lib/python3.10/dist-packages/yolov8_msgs-0.0.0-py3.10.egg-info/SOURCES.txt
-- Installing: /home/user/ws/urcell_ws/install/yolov8_msgs/local/lib/python3.10/dist-packages/yolov8_msgs
-- Installing: /home/user/ws/urcell_ws/install/yolov8_msgs/local/lib/python3.10/dist-packages/yolov8_msgs/_yolov8_msgs_s.ep.rosidl_typesupport_fastrtps_c.c
-- Installing: /home/user/ws/urcell_ws/install/yolov8_msgs/local/lib/python3.10/dist-packages/yolov8_msgs/msg
-- Installing: /home/user/ws/urcell_ws/install/yolov8_msgs/local/lib/python3.10/dist-packages/yolov8_msgs/msg/_yolov8_inference_s.c
-- Installing: /home/user/ws/urcell_ws/install/yolov8_msgs/local/lib/python3.10/dist-packages/yolov8_msgs/msg/_yolov8_inference.py
-- Installing: /home/user/ws/urcell_ws/install/yolov8_msgs/local/lib/python3.10/dist-packages/yolov8_msgs/msg/_inference_result.py
-- Installing: /home/user/ws/urcell_ws/install/yolov8_msgs/local/lib/python3.10/dist-packages/yolov8_msgs/msg/_inference_result_s.c
-- Installing: /home/user/ws/urcell_ws/install/yolov8_msgs/local/lib/python3.10/dist-packages/yolov8_msgs/msg/__init__.py
-- Installing: /home/user/ws/urcell_ws/install/yolov8_msgs/local/lib/python3.10/dist-packages/yolov8_msgs/yolov8_msgs_s__rosidl_typesupport_fastrtps_c.cpython-310-x86_64-linux-gnu.so
-- Installing: /home/user/ws/urcell_ws/install/yolov8_msgs/local/lib/python3.10/dist-packages/yolov8_msgs/_yolov8_msgs_s.ep.rosidl_typesupport_introspection_c.c
-- Installing: /home/user/ws/urcell_ws/install/yolov8_msgs/local/lib/python3.10/dist-packages/yolov8_msgs/libyolov8_msgs__rosidl_generator_py.so
-- Installing: /home/user/ws/urcell_ws/install/yolov8_msgs/local/lib/python3.10/dist-packages/yolov8_msgs/srv
-- Installing: /home/user/ws/urcell_ws/install/yolov8_msgs/local/lib/python3.10/dist-packages/yolov8_msgs/srv/_yolo_inference.py
-- Installing: /home/user/ws/urcell_ws/install/yolov8_msgs/local/lib/python3.10/dist-packages/yolov8_msgs/srv/_yolo_inference_s.c
-- Installing: /home/user/ws/urcell_ws/install/yolov8_msgs/local/lib/python3.10/dist-packages/yolov8_msgs/srv/__init__.py
-- Installing: /home/user/ws/urcell_ws/install/yolov8_msgs/local/lib/python3.10/dist-packages/yolov8_msgs/yolov8_msgs_s__rosidl_typesupport_c.cpython-310-x86_64-linux-gnu.so
-- Installing: /home/user/ws/urcell_ws/install/yolov8_msgs/local/lib/python3.10/dist-packages/yolov8_msgs/_yolov8_msgs_s.ep.rosidl_typesupport_c.c
-- Installing: /home/user/ws/urcell_ws/install/yolov8_msgs/local/lib/python3.10/dist-packages/yolov8_msgs/yolov8_msgs_s__rosidl_typesupport_introspection_c.cpython-310-x86_64-linux-gnu.so
-- Installing: /home/user/ws/urcell_ws/install/yolov8_msgs/local/lib/python3.10/dist-packages/yolov8_msgs/__init__.py
Listing '/home/user/ws/urcell_ws/install/yolov8_msgs/local/lib/python3.10/dist-packages/yolov8_msgs'...
Compiling '/home/user/ws/urcell_ws/install/yolov8_msgs/local/lib/python3.10/dist-packages/yolov8_msgs/__init__.py'...
Listing '/home/user/ws/urcell_ws/install/yolov8_msgs/local/lib/python3.10/dist-packages/yolov8_msgs/msg'...
Compiling '/home/user/ws/urcell_ws/install/yolov8_msgs/local/lib/python3.10/dist-packages/yolov8_msgs/msg/__init__.py'...
Compiling '/home/user/ws/urcell_ws/install/yolov8_msgs/local/lib/python3.10/dist-packages/yolov8_msgs/msg/_inference_result.py'...
Compiling '/home/user/ws/urcell_ws/install/yolov8_msgs/local/lib/python3.10/dist-packages/yolov8_msgs/msg/_yolov8_inference.py'...
Listing '/home/user/ws/urcell_ws/install/yolov8_msgs/local/lib/python3.10/dist-packages/yolov8_msgs/srv'...
Compiling '/home/user/ws/urcell_ws/install/yolov8_msgs/local/lib/python3.10/dist-packages/yolov8_msgs/srv/__init__.py'...
Compiling '/home/user/ws/urcell_ws/install/yolov8_msgs/local/lib/python3.10/dist-packages/yolov8_msgs/srv/_yolo_inference.py'...
-- Installing: /home/user/ws/urcell_ws/install/yolov8_msgs/local/lib/python3.10/dist-packages/yolov8_msgs/yolov8_msgs_s__rosidl_typesupport_fastrtps_c.cpython-310-x86_64-linux-gnu.so
-- Set runtime path of "/home/user/ws/urcell_ws/install/yolov8_msgs/local/lib/python3.10/dist-packages/yolov8_msgs/yolov8_msgs_s__rosidl_typesupport_fastrtps_c.cpython-310-x86_64-linux-gnu.so" to ""
-- Installing: /home/user/ws/urcell_ws/install/yolov8_msgs/local/lib/python3.10/dist-packages/yolov8_msgs/yolov8_msgs_s__rosidl_typesupport_introspection_c.cpython-310-x86_64-linux-gnu.so
-- Set runtime path of "/home/user/ws/urcell_ws/install/yolov8_msgs/local/lib/python3.10/dist-packages/yolov8_msgs/yolov8_msgs_s__rosidl_typesupport_introspection_c.cpython-310-x86_64-linux-gnu.so" to ""
-- Installing: /home/user/ws/urcell_ws/install/yolov8_msgs/local/lib/python3.10/dist-packages/yolov8_msgs/yolov8_msgs_s__rosidl_typesupport_c.cpython-310-x86_64-linux-gnu.so
-- Set runtime path of "/home/user/ws/urcell_ws/install/yolov8_msgs/local/lib/python3.10/dist-packages/yolov8_msgs/yolov8_msgs_s__rosidl_typesupport_c.cpython-310-x86_64-linux-gnu.so" to ""
-- Installing: /home/user/ws/urcell_ws/install/yolov8_msgs/lib/libyolov8_msgs__rosidl_generator_py.so
-- Set runtime path of "/home/user/ws/urcell_ws/install/yolov8_msgs/lib/libyolov8_msgs__rosidl_generator_py.so" to ""
-- Installing: /home/user/ws/urcell_ws/install/yolov8_msgs/share/yolov8_msgs/msg/InferenceResult.idl
-- Installing: /home/user/ws/urcell_ws/install/yolov8_msgs/share/yolov8_msgs/msg/Yolov8Inference.idl
-- Installing: /home/user/ws/urcell_ws/install/yolov8_msgs/share/yolov8_msgs/srv/YoloInference.idl
-- Installing: /home/user/ws/urcell_ws/install/yolov8_msgs/share/yolov8_msgs/msg/InferenceResult.msg
-- Installing: /home/user/ws/urcell_ws/install/yolov8_msgs/share/yolov8_msgs/msg/Yolov8Inference.msg
-- Installing: /home/user/ws/urcell_ws/install/yolov8_msgs/share/yolov8_msgs/srv/YoloInference.srv
-- Installing: /home/user/ws/urcell_ws/install/yolov8_msgs/share/yolov8_msgs/srv/YoloInference_Request.msg
-- Installing: /home/user/ws/urcell_ws/install/yolov8_msgs/share/yolov8_msgs/srv/YoloInference_Response.msg
-- Installing: /home/user/ws/urcell_ws/install/yolov8_msgs/share/ament_index/resource_index/package_run_dependencies/yolov8_msgs
-- Installing: /home/user/ws/urcell_ws/install/yolov8_msgs/share/ament_index/resource_index/parent_prefix_path/yolov8_msgs
-- Installing: /home/user/ws/urcell_ws/install/yolov8_msgs/share/yolov8_msgs/environment/ament_prefix_path.sh
-- Installing: /home/user/ws/urcell_ws/install/yolov8_msgs/share/yolov8_msgs/environment/ament_prefix_path.dsv
-- Installing: /home/user/ws/urcell_ws/install/yolov8_msgs/share/yolov8_msgs/environment/path.sh
-- Installing: /home/user/ws/urcell_ws/install/yolov8_msgs/share/yolov8_msgs/environment/path.dsv
-- Installing: /home/user/ws/urcell_ws/install/yolov8_msgs/share/yolov8_msgs/local_setup.bash
-- Installing: /home/user/ws/urcell_ws/install/yolov8_msgs/share/yolov8_msgs/local_setup.sh
-- Installing: /home/user/ws/urcell_ws/install/yolov8_msgs/share/yolov8_msgs/local_setup.zsh
-- Installing: /home/user/ws/urcell_ws/install/yolov8_msgs/share/yolov8_msgs/local_setup.dsv
-- Installing: /home/user/ws/urcell_ws/install/yolov8_msgs/share/yolov8_msgs/package.dsv
-- Installing: /home/user/ws/urcell_ws/install/yolov8_msgs/share/ament_index/resource_index/packages/yolov8_msgs
-- Installing: /home/user/ws/urcell_ws/install/yolov8_msgs/share/yolov8_msgs/cmake/export_yolov8_msgs__rosidl_generator_cExport.cmake
-- Installing: /home/user/ws/urcell_ws/install/yolov8_msgs/share/yolov8_msgs/cmake/export_yolov8_msgs__rosidl_generator_cExport-noconfig.cmake
-- Installing: /home/user/ws/urcell_ws/install/yolov8_msgs/share/yolov8_msgs/cmake/export_yolov8_msgs__rosidl_typesupport_fastrtps_cExport.cmake
-- Installing: /home/user/ws/urcell_ws/install/yolov8_msgs/share/yolov8_msgs/cmake/export_yolov8_msgs__rosidl_typesupport_fastrtps_cExport-noconfig.cmake
-- Installing: /home/user/ws/urcell_ws/install/yolov8_msgs/share/yolov8_msgs/cmake/export_yolov8_msgs__rosidl_generator_cppExport.cmake
-- Installing: /home/user/ws/urcell_ws/install/yolov8_msgs/share/yolov8_msgs/cmake/export_yolov8_msgs__rosidl_typesupport_fastrtps_cppExport.cmake
-- Installing: /home/user/ws/urcell_ws/install/yolov8_msgs/share/yolov8_msgs/cmake/export_yolov8_msgs__rosidl_typesupport_fastrtps_cppExport-noconfig.cmake
-- Installing: /home/user/ws/urcell_ws/install/yolov8_msgs/share/yolov8_msgs/cmake/yolov8_msgs__rosidl_typesupport_introspection_cExport.cmake
-- Installing: /home/user/ws/urcell_ws/install/yolov8_msgs/share/yolov8_msgs/cmake/yolov8_msgs__rosidl_typesupport_introspection_cExport-noconfig.cmake
-- Installing: /home/user/ws/urcell_ws/install/yolov8_msgs/share/yolov8_msgs/cmake/yolov8_msgs__rosidl_typesupport_cExport.cmake
-- Installing: /home/user/ws/urcell_ws/install/yolov8_msgs/share/yolov8_msgs/cmake/yolov8_msgs__rosidl_typesupport_cExport-noconfig.cmake
-- Installing: /home/user/ws/urcell_ws/install/yolov8_msgs/share/yolov8_msgs/cmake/yolov8_msgs__rosidl_typesupport_introspection_cppExport.cmake
-- Installing: /home/user/ws/urcell_ws/install/yolov8_msgs/share/yolov8_msgs/cmake/yolov8_msgs__rosidl_typesupport_introspection_cppExport-noconfig.cmake
-- Installing: /home/user/ws/urcell_ws/install/yolov8_msgs/share/yolov8_msgs/cmake/yolov8_msgs__rosidl_typesupport_cppExport.cmake
-- Installing: /home/user/ws/urcell_ws/install/yolov8_msgs/share/yolov8_msgs/cmake/yolov8_msgs__rosidl_typesupport_cppExport-noconfig.cmake
-- Installing: /home/user/ws/urcell_ws/install/yolov8_msgs/share/yolov8_msgs/cmake/export_yolov8_msgs__rosidl_generator_pyExport.cmake
-- Installing: /home/user/ws/urcell_ws/install/yolov8_msgs/share/yolov8_msgs/cmake/export_yolov8_msgs__rosidl_generator_pyExport-noconfig.cmake
-- Installing: /home/user/ws/urcell_ws/install/yolov8_msgs/share/yolov8_msgs/cmake/rosidl_cmake-extras.cmake
-- Installing: /home/user/ws/urcell_ws/install/yolov8_msgs/share/yolov8_msgs/cmake/ament_cmake_export_dependencies-extras.cmake
-- Installing: /home/user/ws/urcell_ws/install/yolov8_msgs/share/yolov8_msgs/cmake/ament_cmake_export_include_directories-extras.cmake
-- Installing: /home/user/ws/urcell_ws/install/yolov8_msgs/share/yolov8_msgs/cmake/ament_cmake_export_libraries-extras.cmake
-- Installing: /home/user/ws/urcell_ws/install/yolov8_msgs/share/yolov8_msgs/cmake/ament_cmake_export_targets-extras.cmake
-- Installing: /home/user/ws/urcell_ws/install/yolov8_msgs/share/yolov8_msgs/cmake/rosidl_cmake_export_typesupport_targets-extras.cmake
-- Installing: /home/user/ws/urcell_ws/install/yolov8_msgs/share/yolov8_msgs/cmake/rosidl_cmake_export_typesupport_libraries-extras.cmake
-- Installing: /home/user/ws/urcell_ws/install/yolov8_msgs/share/yolov8_msgs/cmake/yolov8_msgsConfig.cmake
-- Installing: /home/user/ws/urcell_ws/install/yolov8_msgs/share/yolov8_msgs/cmake/yolov8_msgsConfig-version.cmake
-- Installing: /home/user/ws/urcell_ws/install/yolov8_msgs/share/yolov8_msgs/package.xml
