[0.006s] Invoking command in '/home/user/ws/urcell_ws/build/yolov8_msgs': CMAKE_PREFIX_PATH=${CMAKE_PREFIX_PATH}:/home/user/ws/urcell_ws/install/image_saver_pkg:/opt/ros/humble /usr/bin/cmake /home/user/ws/urcell_ws/src/yolov8_msgs -DCMAKE_INSTALL_PREFIX=/home/user/ws/urcell_ws/install/yolov8_msgs
[0.042s] -- The C compiler identification is GNU 11.4.0
[0.083s] -- The CXX compiler identification is GNU 11.4.0
[0.088s] -- Detecting C compiler ABI info
[0.135s] -- Detecting C compiler ABI info - done
[0.140s] -- Check for working C compiler: /usr/bin/cc - skipped
[0.140s] -- Detecting C compile features
[0.140s] -- Detecting C compile features - done
[0.143s] -- Detecting CXX compiler ABI info
[0.198s] -- Detecting CXX compiler ABI info - done
[0.202s] -- Check for working CXX compiler: /usr/bin/c++ - skipped
[0.202s] -- Detecting CXX compile features
[0.203s] -- Detecting CXX compile features - done
[0.204s] -- Found ament_cmake: 1.3.9 (/opt/ros/humble/share/ament_cmake/cmake)
[0.301s] -- Found Python3: /usr/bin/python3 (found version "3.10.12") found components: Interpreter 
[0.357s] -- Found std_msgs: 4.2.4 (/opt/ros/humble/share/std_msgs/cmake)
[0.380s] -- Found rosidl_generator_c: 3.1.5 (/opt/ros/humble/share/rosidl_generator_c/cmake)
[0.383s] -- Found rosidl_adapter: 3.1.5 (/opt/ros/humble/share/rosidl_adapter/cmake)
[0.388s] -- Found rosidl_generator_cpp: 3.1.5 (/opt/ros/humble/share/rosidl_generator_cpp/cmake)
[0.397s] -- Using all available rosidl_typesupport_c: rosidl_typesupport_fastrtps_c;rosidl_typesupport_introspection_c
[0.409s] -- Using all available rosidl_typesupport_cpp: rosidl_typesupport_fastrtps_cpp;rosidl_typesupport_introspection_cpp
[0.445s] -- Found rosidl_default_generators: 1.2.0 (/opt/ros/humble/share/rosidl_default_generators/cmake)
[0.451s] -- Found sensor_msgs: 4.2.4 (/opt/ros/humble/share/sensor_msgs/cmake)
[0.717s] -- Found ament_cmake_ros: 0.10.0 (/opt/ros/humble/share/ament_cmake_ros/cmake)
[1.004s] -- Using all available rosidl_typesupport_c: rosidl_typesupport_fastrtps_c;rosidl_typesupport_introspection_c
[1.120s] -- Using all available rosidl_typesupport_cpp: rosidl_typesupport_fastrtps_cpp;rosidl_typesupport_introspection_cpp
[1.135s] -- Found PythonInterp: /usr/bin/python3 (found suitable version "3.10.12", minimum required is "3.6") 
[1.137s] -- Found python_cmake_module: 0.10.0 (/opt/ros/humble/share/python_cmake_module/cmake)
[1.154s] -- Found PythonLibs: /usr/lib/x86_64-linux-gnu/libpython3.10.so (found suitable version "3.10.12", minimum required is "3.5") 
[1.154s] -- Using PYTHON_EXECUTABLE: /usr/bin/python3
[1.154s] -- Using PYTHON_INCLUDE_DIRS: /usr/include/python3.10
[1.154s] -- Using PYTHON_LIBRARIES: /usr/lib/x86_64-linux-gnu/libpython3.10.so
[1.170s] -- Found PythonExtra: .so  
[1.216s] -- Found ament_lint_auto: 0.12.11 (/opt/ros/humble/share/ament_lint_auto/cmake)
[1.229s] -- Added test 'copyright' to check source files copyright and LICENSE
[1.230s] -- Added test 'lint_cmake' to check CMake code style
[1.230s] -- Added test 'xmllint' to check XML markup files
[1.231s] -- Configuring done
[1.253s] -- Generating done
[1.255s] -- Build files have been written to: /home/user/ws/urcell_ws/build/yolov8_msgs
[1.262s] Invoked command in '/home/user/ws/urcell_ws/build/yolov8_msgs' returned '0': CMAKE_PREFIX_PATH=${CMAKE_PREFIX_PATH}:/home/user/ws/urcell_ws/install/image_saver_pkg:/opt/ros/humble /usr/bin/cmake /home/user/ws/urcell_ws/src/yolov8_msgs -DCMAKE_INSTALL_PREFIX=/home/user/ws/urcell_ws/install/yolov8_msgs
[1.263s] Invoking command in '/home/user/ws/urcell_ws/build/yolov8_msgs': CMAKE_PREFIX_PATH=${CMAKE_PREFIX_PATH}:/home/user/ws/urcell_ws/install/image_saver_pkg:/opt/ros/humble /usr/bin/cmake --build /home/user/ws/urcell_ws/build/yolov8_msgs -- -j8 -l8
[1.288s] [35m[1mConsolidate compiler generated dependencies of target yolov8_msgs__rosidl_generator_c[0m
[1.295s] [  2%] Built target yolov8_msgs__cpp
[1.296s] [ 12%] Built target yolov8_msgs__rosidl_generator_c
[1.302s] [ 12%] Built target ament_cmake_python_copy_yolov8_msgs
[1.303s] [35m[1mConsolidate compiler generated dependencies of target yolov8_msgs__rosidl_typesupport_fastrtps_cpp[0m
[1.304s] [35m[1mConsolidate compiler generated dependencies of target yolov8_msgs__rosidl_typesupport_cpp[0m
[1.304s] [35m[1mConsolidate compiler generated dependencies of target yolov8_msgs__rosidl_typesupport_introspection_cpp[0m
[1.305s] [35m[1mConsolidate compiler generated dependencies of target yolov8_msgs__rosidl_typesupport_fastrtps_c[0m
[1.305s] [35m[1mConsolidate compiler generated dependencies of target yolov8_msgs__rosidl_typesupport_c[0m
[1.305s] [35m[1mConsolidate compiler generated dependencies of target yolov8_msgs__rosidl_typesupport_introspection_c[0m
[1.315s] [ 31%] Built target yolov8_msgs__rosidl_typesupport_cpp
[1.316s] [ 36%] Built target yolov8_msgs__rosidl_typesupport_c
[1.316s] [ 48%] Built target yolov8_msgs__rosidl_typesupport_introspection_c
[1.316s] [ 55%] Built target yolov8_msgs__rosidl_typesupport_fastrtps_cpp
[1.317s] [ 65%] Built target yolov8_msgs__rosidl_typesupport_fastrtps_c
[1.317s] [ 76%] Built target yolov8_msgs__rosidl_typesupport_introspection_cpp
[1.331s] [ 76%] Built target yolov8_msgs
[1.345s] [ 78%] Built target yolov8_msgs__py
[1.352s] [35m[1mConsolidate compiler generated dependencies of target yolov8_msgs__rosidl_generator_py[0m
[1.362s] [ 87%] Built target yolov8_msgs__rosidl_generator_py
[1.369s] [35m[1mConsolidate compiler generated dependencies of target yolov8_msgs__rosidl_typesupport_fastrtps_c__pyext[0m
[1.369s] [35m[1mConsolidate compiler generated dependencies of target yolov8_msgs__rosidl_typesupport_c__pyext[0m
[1.370s] [35m[1mConsolidate compiler generated dependencies of target yolov8_msgs__rosidl_typesupport_introspection_c__pyext[0m
[1.378s] [100%] Built target yolov8_msgs__rosidl_typesupport_introspection_c__pyext
[1.378s] [100%] Built target yolov8_msgs__rosidl_typesupport_fastrtps_c__pyext
[1.378s] [100%] Built target yolov8_msgs__rosidl_typesupport_c__pyext
[1.466s] running egg_info
[1.466s] writing yolov8_msgs.egg-info/PKG-INFO
[1.466s] writing dependency_links to yolov8_msgs.egg-info/dependency_links.txt
[1.467s] writing top-level names to yolov8_msgs.egg-info/top_level.txt
[1.468s] reading manifest file 'yolov8_msgs.egg-info/SOURCES.txt'
[1.469s] writing manifest file 'yolov8_msgs.egg-info/SOURCES.txt'
[1.485s] [100%] Built target ament_cmake_python_build_yolov8_msgs_egg
[1.492s] Invoked command in '/home/user/ws/urcell_ws/build/yolov8_msgs' returned '0': CMAKE_PREFIX_PATH=${CMAKE_PREFIX_PATH}:/home/user/ws/urcell_ws/install/image_saver_pkg:/opt/ros/humble /usr/bin/cmake --build /home/user/ws/urcell_ws/build/yolov8_msgs -- -j8 -l8
[1.562s] Invoking command in '/home/user/ws/urcell_ws/build/yolov8_msgs': CMAKE_PREFIX_PATH=${CMAKE_PREFIX_PATH}:/home/user/ws/urcell_ws/install/image_saver_pkg:/opt/ros/humble /usr/bin/cmake --install /home/user/ws/urcell_ws/build/yolov8_msgs
[1.568s] -- Install configuration: ""
[1.568s] -- Installing: /home/user/ws/urcell_ws/install/yolov8_msgs/share/ament_index/resource_index/rosidl_interfaces/yolov8_msgs
[1.568s] -- Installing: /home/user/ws/urcell_ws/install/yolov8_msgs/include/yolov8_msgs/yolov8_msgs
[1.568s] -- Installing: /home/user/ws/urcell_ws/install/yolov8_msgs/include/yolov8_msgs/yolov8_msgs/msg
[1.568s] -- Installing: /home/user/ws/urcell_ws/install/yolov8_msgs/include/yolov8_msgs/yolov8_msgs/msg/inference_result.h
[1.568s] -- Installing: /home/user/ws/urcell_ws/install/yolov8_msgs/include/yolov8_msgs/yolov8_msgs/msg/yolov8_inference.h
[1.568s] -- Installing: /home/user/ws/urcell_ws/install/yolov8_msgs/include/yolov8_msgs/yolov8_msgs/msg/detail
[1.568s] -- Installing: /home/user/ws/urcell_ws/install/yolov8_msgs/include/yolov8_msgs/yolov8_msgs/msg/detail/yolov8_inference__struct.h
[1.568s] -- Installing: /home/user/ws/urcell_ws/install/yolov8_msgs/include/yolov8_msgs/yolov8_msgs/msg/detail/yolov8_inference__type_support.h
[1.568s] -- Installing: /home/user/ws/urcell_ws/install/yolov8_msgs/include/yolov8_msgs/yolov8_msgs/msg/detail/inference_result__functions.h
[1.568s] -- Installing: /home/user/ws/urcell_ws/install/yolov8_msgs/include/yolov8_msgs/yolov8_msgs/msg/detail/yolov8_inference__functions.h
[1.568s] -- Installing: /home/user/ws/urcell_ws/install/yolov8_msgs/include/yolov8_msgs/yolov8_msgs/msg/detail/inference_result__type_support.h
[1.568s] -- Installing: /home/user/ws/urcell_ws/install/yolov8_msgs/include/yolov8_msgs/yolov8_msgs/msg/detail/yolov8_inference__functions.c
[1.568s] -- Installing: /home/user/ws/urcell_ws/install/yolov8_msgs/include/yolov8_msgs/yolov8_msgs/msg/detail/inference_result__functions.c
[1.568s] -- Installing: /home/user/ws/urcell_ws/install/yolov8_msgs/include/yolov8_msgs/yolov8_msgs/msg/detail/inference_result__struct.h
[1.569s] -- Installing: /home/user/ws/urcell_ws/install/yolov8_msgs/include/yolov8_msgs/yolov8_msgs/msg/rosidl_generator_c__visibility_control.h
[1.569s] -- Installing: /home/user/ws/urcell_ws/install/yolov8_msgs/include/yolov8_msgs/yolov8_msgs/srv
[1.569s] -- Installing: /home/user/ws/urcell_ws/install/yolov8_msgs/include/yolov8_msgs/yolov8_msgs/srv/detail
[1.569s] -- Installing: /home/user/ws/urcell_ws/install/yolov8_msgs/include/yolov8_msgs/yolov8_msgs/srv/detail/yolo_inference__struct.h
[1.569s] -- Installing: /home/user/ws/urcell_ws/install/yolov8_msgs/include/yolov8_msgs/yolov8_msgs/srv/detail/yolo_inference__type_support.h
[1.569s] -- Installing: /home/user/ws/urcell_ws/install/yolov8_msgs/include/yolov8_msgs/yolov8_msgs/srv/detail/yolo_inference__functions.c
[1.569s] -- Installing: /home/user/ws/urcell_ws/install/yolov8_msgs/include/yolov8_msgs/yolov8_msgs/srv/detail/yolo_inference__functions.h
[1.569s] -- Installing: /home/user/ws/urcell_ws/install/yolov8_msgs/include/yolov8_msgs/yolov8_msgs/srv/yolo_inference.h
[1.569s] -- Installing: /home/user/ws/urcell_ws/install/yolov8_msgs/share/yolov8_msgs/environment/library_path.sh
[1.569s] -- Installing: /home/user/ws/urcell_ws/install/yolov8_msgs/share/yolov8_msgs/environment/library_path.dsv
[1.569s] -- Installing: /home/user/ws/urcell_ws/install/yolov8_msgs/lib/libyolov8_msgs__rosidl_generator_c.so
[1.569s] -- Set runtime path of "/home/user/ws/urcell_ws/install/yolov8_msgs/lib/libyolov8_msgs__rosidl_generator_c.so" to ""
[1.569s] -- Up-to-date: /home/user/ws/urcell_ws/install/yolov8_msgs/include/yolov8_msgs/yolov8_msgs
[1.569s] -- Up-to-date: /home/user/ws/urcell_ws/install/yolov8_msgs/include/yolov8_msgs/yolov8_msgs/msg
[1.569s] -- Installing: /home/user/ws/urcell_ws/install/yolov8_msgs/include/yolov8_msgs/yolov8_msgs/msg/rosidl_typesupport_fastrtps_c__visibility_control.h
[1.569s] -- Up-to-date: /home/user/ws/urcell_ws/install/yolov8_msgs/include/yolov8_msgs/yolov8_msgs/msg/detail
[1.570s] -- Installing: /home/user/ws/urcell_ws/install/yolov8_msgs/include/yolov8_msgs/yolov8_msgs/msg/detail/yolov8_inference__rosidl_typesupport_fastrtps_c.h
[1.570s] -- Installing: /home/user/ws/urcell_ws/install/yolov8_msgs/include/yolov8_msgs/yolov8_msgs/msg/detail/inference_result__rosidl_typesupport_fastrtps_c.h
[1.570s] -- Up-to-date: /home/user/ws/urcell_ws/install/yolov8_msgs/include/yolov8_msgs/yolov8_msgs/srv
[1.570s] -- Up-to-date: /home/user/ws/urcell_ws/install/yolov8_msgs/include/yolov8_msgs/yolov8_msgs/srv/detail
[1.570s] -- Installing: /home/user/ws/urcell_ws/install/yolov8_msgs/include/yolov8_msgs/yolov8_msgs/srv/detail/yolo_inference__rosidl_typesupport_fastrtps_c.h
[1.570s] -- Installing: /home/user/ws/urcell_ws/install/yolov8_msgs/lib/libyolov8_msgs__rosidl_typesupport_fastrtps_c.so
[1.570s] -- Set runtime path of "/home/user/ws/urcell_ws/install/yolov8_msgs/lib/libyolov8_msgs__rosidl_typesupport_fastrtps_c.so" to ""
[1.570s] -- Up-to-date: /home/user/ws/urcell_ws/install/yolov8_msgs/include/yolov8_msgs/yolov8_msgs
[1.570s] -- Up-to-date: /home/user/ws/urcell_ws/install/yolov8_msgs/include/yolov8_msgs/yolov8_msgs/msg
[1.570s] -- Installing: /home/user/ws/urcell_ws/install/yolov8_msgs/include/yolov8_msgs/yolov8_msgs/msg/yolov8_inference.hpp
[1.570s] -- Up-to-date: /home/user/ws/urcell_ws/install/yolov8_msgs/include/yolov8_msgs/yolov8_msgs/msg/detail
[1.570s] -- Installing: /home/user/ws/urcell_ws/install/yolov8_msgs/include/yolov8_msgs/yolov8_msgs/msg/detail/yolov8_inference__builder.hpp
[1.570s] -- Installing: /home/user/ws/urcell_ws/install/yolov8_msgs/include/yolov8_msgs/yolov8_msgs/msg/detail/yolov8_inference__traits.hpp
[1.570s] -- Installing: /home/user/ws/urcell_ws/install/yolov8_msgs/include/yolov8_msgs/yolov8_msgs/msg/detail/yolov8_inference__struct.hpp
[1.570s] -- Installing: /home/user/ws/urcell_ws/install/yolov8_msgs/include/yolov8_msgs/yolov8_msgs/msg/detail/inference_result__traits.hpp
[1.570s] -- Installing: /home/user/ws/urcell_ws/install/yolov8_msgs/include/yolov8_msgs/yolov8_msgs/msg/detail/inference_result__builder.hpp
[1.570s] -- Installing: /home/user/ws/urcell_ws/install/yolov8_msgs/include/yolov8_msgs/yolov8_msgs/msg/detail/inference_result__struct.hpp
[1.570s] -- Installing: /home/user/ws/urcell_ws/install/yolov8_msgs/include/yolov8_msgs/yolov8_msgs/msg/inference_result.hpp
[1.571s] -- Up-to-date: /home/user/ws/urcell_ws/install/yolov8_msgs/include/yolov8_msgs/yolov8_msgs/srv
[1.571s] -- Up-to-date: /home/user/ws/urcell_ws/install/yolov8_msgs/include/yolov8_msgs/yolov8_msgs/srv/detail
[1.571s] -- Installing: /home/user/ws/urcell_ws/install/yolov8_msgs/include/yolov8_msgs/yolov8_msgs/srv/detail/yolo_inference__traits.hpp
[1.571s] -- Installing: /home/user/ws/urcell_ws/install/yolov8_msgs/include/yolov8_msgs/yolov8_msgs/srv/detail/yolo_inference__struct.hpp
[1.571s] -- Installing: /home/user/ws/urcell_ws/install/yolov8_msgs/include/yolov8_msgs/yolov8_msgs/srv/detail/yolo_inference__builder.hpp
[1.571s] -- Installing: /home/user/ws/urcell_ws/install/yolov8_msgs/include/yolov8_msgs/yolov8_msgs/srv/yolo_inference.hpp
[1.571s] -- Up-to-date: /home/user/ws/urcell_ws/install/yolov8_msgs/include/yolov8_msgs/yolov8_msgs
[1.571s] -- Up-to-date: /home/user/ws/urcell_ws/install/yolov8_msgs/include/yolov8_msgs/yolov8_msgs/msg
[1.571s] -- Installing: /home/user/ws/urcell_ws/install/yolov8_msgs/include/yolov8_msgs/yolov8_msgs/msg/rosidl_typesupport_fastrtps_cpp__visibility_control.h
[1.571s] -- Up-to-date: /home/user/ws/urcell_ws/install/yolov8_msgs/include/yolov8_msgs/yolov8_msgs/msg/detail
[1.571s] -- Installing: /home/user/ws/urcell_ws/install/yolov8_msgs/include/yolov8_msgs/yolov8_msgs/msg/detail/yolov8_inference__rosidl_typesupport_fastrtps_cpp.hpp
[1.571s] -- Installing: /home/user/ws/urcell_ws/install/yolov8_msgs/include/yolov8_msgs/yolov8_msgs/msg/detail/dds_fastrtps
[1.571s] -- Installing: /home/user/ws/urcell_ws/install/yolov8_msgs/include/yolov8_msgs/yolov8_msgs/msg/detail/inference_result__rosidl_typesupport_fastrtps_cpp.hpp
[1.571s] -- Up-to-date: /home/user/ws/urcell_ws/install/yolov8_msgs/include/yolov8_msgs/yolov8_msgs/srv
[1.571s] -- Up-to-date: /home/user/ws/urcell_ws/install/yolov8_msgs/include/yolov8_msgs/yolov8_msgs/srv/detail
[1.571s] -- Installing: /home/user/ws/urcell_ws/install/yolov8_msgs/include/yolov8_msgs/yolov8_msgs/srv/detail/yolo_inference__rosidl_typesupport_fastrtps_cpp.hpp
[1.571s] -- Installing: /home/user/ws/urcell_ws/install/yolov8_msgs/include/yolov8_msgs/yolov8_msgs/srv/detail/dds_fastrtps
[1.571s] -- Installing: /home/user/ws/urcell_ws/install/yolov8_msgs/lib/libyolov8_msgs__rosidl_typesupport_fastrtps_cpp.so
[1.571s] -- Set runtime path of "/home/user/ws/urcell_ws/install/yolov8_msgs/lib/libyolov8_msgs__rosidl_typesupport_fastrtps_cpp.so" to ""
[1.571s] -- Up-to-date: /home/user/ws/urcell_ws/install/yolov8_msgs/include/yolov8_msgs/yolov8_msgs
[1.571s] -- Up-to-date: /home/user/ws/urcell_ws/install/yolov8_msgs/include/yolov8_msgs/yolov8_msgs/msg
[1.571s] -- Up-to-date: /home/user/ws/urcell_ws/install/yolov8_msgs/include/yolov8_msgs/yolov8_msgs/msg/detail
[1.572s] -- Installing: /home/user/ws/urcell_ws/install/yolov8_msgs/include/yolov8_msgs/yolov8_msgs/msg/detail/yolov8_inference__rosidl_typesupport_introspection_c.h
[1.572s] -- Installing: /home/user/ws/urcell_ws/install/yolov8_msgs/include/yolov8_msgs/yolov8_msgs/msg/detail/inference_result__rosidl_typesupport_introspection_c.h
[1.572s] -- Installing: /home/user/ws/urcell_ws/install/yolov8_msgs/include/yolov8_msgs/yolov8_msgs/msg/detail/yolov8_inference__type_support.c
[1.572s] -- Installing: /home/user/ws/urcell_ws/install/yolov8_msgs/include/yolov8_msgs/yolov8_msgs/msg/detail/inference_result__type_support.c
[1.572s] -- Installing: /home/user/ws/urcell_ws/install/yolov8_msgs/include/yolov8_msgs/yolov8_msgs/msg/rosidl_typesupport_introspection_c__visibility_control.h
[1.572s] -- Up-to-date: /home/user/ws/urcell_ws/install/yolov8_msgs/include/yolov8_msgs/yolov8_msgs/srv
[1.572s] -- Up-to-date: /home/user/ws/urcell_ws/install/yolov8_msgs/include/yolov8_msgs/yolov8_msgs/srv/detail
[1.572s] -- Installing: /home/user/ws/urcell_ws/install/yolov8_msgs/include/yolov8_msgs/yolov8_msgs/srv/detail/yolo_inference__type_support.c
[1.572s] -- Installing: /home/user/ws/urcell_ws/install/yolov8_msgs/include/yolov8_msgs/yolov8_msgs/srv/detail/yolo_inference__rosidl_typesupport_introspection_c.h
[1.572s] -- Installing: /home/user/ws/urcell_ws/install/yolov8_msgs/lib/libyolov8_msgs__rosidl_typesupport_introspection_c.so
[1.572s] -- Set runtime path of "/home/user/ws/urcell_ws/install/yolov8_msgs/lib/libyolov8_msgs__rosidl_typesupport_introspection_c.so" to ""
[1.572s] -- Installing: /home/user/ws/urcell_ws/install/yolov8_msgs/lib/libyolov8_msgs__rosidl_typesupport_c.so
[1.572s] -- Set runtime path of "/home/user/ws/urcell_ws/install/yolov8_msgs/lib/libyolov8_msgs__rosidl_typesupport_c.so" to ""
[1.572s] -- Up-to-date: /home/user/ws/urcell_ws/install/yolov8_msgs/include/yolov8_msgs/yolov8_msgs
[1.572s] -- Up-to-date: /home/user/ws/urcell_ws/install/yolov8_msgs/include/yolov8_msgs/yolov8_msgs/msg
[1.572s] -- Up-to-date: /home/user/ws/urcell_ws/install/yolov8_msgs/include/yolov8_msgs/yolov8_msgs/msg/detail
[1.572s] -- Installing: /home/user/ws/urcell_ws/install/yolov8_msgs/include/yolov8_msgs/yolov8_msgs/msg/detail/yolov8_inference__type_support.cpp
[1.572s] -- Installing: /home/user/ws/urcell_ws/install/yolov8_msgs/include/yolov8_msgs/yolov8_msgs/msg/detail/inference_result__type_support.cpp
[1.572s] -- Installing: /home/user/ws/urcell_ws/install/yolov8_msgs/include/yolov8_msgs/yolov8_msgs/msg/detail/yolov8_inference__rosidl_typesupport_introspection_cpp.hpp
[1.572s] -- Installing: /home/user/ws/urcell_ws/install/yolov8_msgs/include/yolov8_msgs/yolov8_msgs/msg/detail/inference_result__rosidl_typesupport_introspection_cpp.hpp
[1.572s] -- Up-to-date: /home/user/ws/urcell_ws/install/yolov8_msgs/include/yolov8_msgs/yolov8_msgs/srv
[1.572s] -- Up-to-date: /home/user/ws/urcell_ws/install/yolov8_msgs/include/yolov8_msgs/yolov8_msgs/srv/detail
[1.573s] -- Installing: /home/user/ws/urcell_ws/install/yolov8_msgs/include/yolov8_msgs/yolov8_msgs/srv/detail/yolo_inference__type_support.cpp
[1.573s] -- Installing: /home/user/ws/urcell_ws/install/yolov8_msgs/include/yolov8_msgs/yolov8_msgs/srv/detail/yolo_inference__rosidl_typesupport_introspection_cpp.hpp
[1.573s] -- Installing: /home/user/ws/urcell_ws/install/yolov8_msgs/lib/libyolov8_msgs__rosidl_typesupport_introspection_cpp.so
[1.573s] -- Set runtime path of "/home/user/ws/urcell_ws/install/yolov8_msgs/lib/libyolov8_msgs__rosidl_typesupport_introspection_cpp.so" to ""
[1.573s] -- Installing: /home/user/ws/urcell_ws/install/yolov8_msgs/lib/libyolov8_msgs__rosidl_typesupport_cpp.so
[1.573s] -- Set runtime path of "/home/user/ws/urcell_ws/install/yolov8_msgs/lib/libyolov8_msgs__rosidl_typesupport_cpp.so" to ""
[1.573s] -- Installing: /home/user/ws/urcell_ws/install/yolov8_msgs/share/yolov8_msgs/environment/pythonpath.sh
[1.573s] -- Installing: /home/user/ws/urcell_ws/install/yolov8_msgs/share/yolov8_msgs/environment/pythonpath.dsv
[1.573s] -- Installing: /home/user/ws/urcell_ws/install/yolov8_msgs/local/lib/python3.10/dist-packages/yolov8_msgs-0.0.0-py3.10.egg-info
[1.573s] -- Installing: /home/user/ws/urcell_ws/install/yolov8_msgs/local/lib/python3.10/dist-packages/yolov8_msgs-0.0.0-py3.10.egg-info/PKG-INFO
[1.573s] -- Installing: /home/user/ws/urcell_ws/install/yolov8_msgs/local/lib/python3.10/dist-packages/yolov8_msgs-0.0.0-py3.10.egg-info/dependency_links.txt
[1.573s] -- Installing: /home/user/ws/urcell_ws/install/yolov8_msgs/local/lib/python3.10/dist-packages/yolov8_msgs-0.0.0-py3.10.egg-info/top_level.txt
[1.573s] -- Installing: /home/user/ws/urcell_ws/install/yolov8_msgs/local/lib/python3.10/dist-packages/yolov8_msgs-0.0.0-py3.10.egg-info/SOURCES.txt
[1.573s] -- Installing: /home/user/ws/urcell_ws/install/yolov8_msgs/local/lib/python3.10/dist-packages/yolov8_msgs
[1.573s] -- Installing: /home/user/ws/urcell_ws/install/yolov8_msgs/local/lib/python3.10/dist-packages/yolov8_msgs/_yolov8_msgs_s.ep.rosidl_typesupport_fastrtps_c.c
[1.573s] -- Installing: /home/user/ws/urcell_ws/install/yolov8_msgs/local/lib/python3.10/dist-packages/yolov8_msgs/msg
[1.573s] -- Installing: /home/user/ws/urcell_ws/install/yolov8_msgs/local/lib/python3.10/dist-packages/yolov8_msgs/msg/_yolov8_inference_s.c
[1.573s] -- Installing: /home/user/ws/urcell_ws/install/yolov8_msgs/local/lib/python3.10/dist-packages/yolov8_msgs/msg/_yolov8_inference.py
[1.574s] -- Installing: /home/user/ws/urcell_ws/install/yolov8_msgs/local/lib/python3.10/dist-packages/yolov8_msgs/msg/_inference_result.py
[1.574s] -- Installing: /home/user/ws/urcell_ws/install/yolov8_msgs/local/lib/python3.10/dist-packages/yolov8_msgs/msg/_inference_result_s.c
[1.574s] -- Installing: /home/user/ws/urcell_ws/install/yolov8_msgs/local/lib/python3.10/dist-packages/yolov8_msgs/msg/__init__.py
[1.574s] -- Installing: /home/user/ws/urcell_ws/install/yolov8_msgs/local/lib/python3.10/dist-packages/yolov8_msgs/yolov8_msgs_s__rosidl_typesupport_fastrtps_c.cpython-310-x86_64-linux-gnu.so
[1.574s] -- Installing: /home/user/ws/urcell_ws/install/yolov8_msgs/local/lib/python3.10/dist-packages/yolov8_msgs/_yolov8_msgs_s.ep.rosidl_typesupport_introspection_c.c
[1.574s] -- Installing: /home/user/ws/urcell_ws/install/yolov8_msgs/local/lib/python3.10/dist-packages/yolov8_msgs/libyolov8_msgs__rosidl_generator_py.so
[1.574s] -- Installing: /home/user/ws/urcell_ws/install/yolov8_msgs/local/lib/python3.10/dist-packages/yolov8_msgs/srv
[1.574s] -- Installing: /home/user/ws/urcell_ws/install/yolov8_msgs/local/lib/python3.10/dist-packages/yolov8_msgs/srv/_yolo_inference.py
[1.574s] -- Installing: /home/user/ws/urcell_ws/install/yolov8_msgs/local/lib/python3.10/dist-packages/yolov8_msgs/srv/_yolo_inference_s.c
[1.574s] -- Installing: /home/user/ws/urcell_ws/install/yolov8_msgs/local/lib/python3.10/dist-packages/yolov8_msgs/srv/__init__.py
[1.574s] -- Installing: /home/user/ws/urcell_ws/install/yolov8_msgs/local/lib/python3.10/dist-packages/yolov8_msgs/yolov8_msgs_s__rosidl_typesupport_c.cpython-310-x86_64-linux-gnu.so
[1.574s] -- Installing: /home/user/ws/urcell_ws/install/yolov8_msgs/local/lib/python3.10/dist-packages/yolov8_msgs/_yolov8_msgs_s.ep.rosidl_typesupport_c.c
[1.574s] -- Installing: /home/user/ws/urcell_ws/install/yolov8_msgs/local/lib/python3.10/dist-packages/yolov8_msgs/yolov8_msgs_s__rosidl_typesupport_introspection_c.cpython-310-x86_64-linux-gnu.so
[1.574s] -- Installing: /home/user/ws/urcell_ws/install/yolov8_msgs/local/lib/python3.10/dist-packages/yolov8_msgs/__init__.py
[1.598s] Listing '/home/user/ws/urcell_ws/install/yolov8_msgs/local/lib/python3.10/dist-packages/yolov8_msgs'...
[1.598s] Compiling '/home/user/ws/urcell_ws/install/yolov8_msgs/local/lib/python3.10/dist-packages/yolov8_msgs/__init__.py'...
[1.598s] Listing '/home/user/ws/urcell_ws/install/yolov8_msgs/local/lib/python3.10/dist-packages/yolov8_msgs/msg'...
[1.598s] Compiling '/home/user/ws/urcell_ws/install/yolov8_msgs/local/lib/python3.10/dist-packages/yolov8_msgs/msg/__init__.py'...
[1.598s] Compiling '/home/user/ws/urcell_ws/install/yolov8_msgs/local/lib/python3.10/dist-packages/yolov8_msgs/msg/_inference_result.py'...
[1.598s] Compiling '/home/user/ws/urcell_ws/install/yolov8_msgs/local/lib/python3.10/dist-packages/yolov8_msgs/msg/_yolov8_inference.py'...
[1.598s] Listing '/home/user/ws/urcell_ws/install/yolov8_msgs/local/lib/python3.10/dist-packages/yolov8_msgs/srv'...
[1.598s] Compiling '/home/user/ws/urcell_ws/install/yolov8_msgs/local/lib/python3.10/dist-packages/yolov8_msgs/srv/__init__.py'...
[1.598s] Compiling '/home/user/ws/urcell_ws/install/yolov8_msgs/local/lib/python3.10/dist-packages/yolov8_msgs/srv/_yolo_inference.py'...
[1.601s] -- Installing: /home/user/ws/urcell_ws/install/yolov8_msgs/local/lib/python3.10/dist-packages/yolov8_msgs/yolov8_msgs_s__rosidl_typesupport_fastrtps_c.cpython-310-x86_64-linux-gnu.so
[1.601s] -- Set runtime path of "/home/user/ws/urcell_ws/install/yolov8_msgs/local/lib/python3.10/dist-packages/yolov8_msgs/yolov8_msgs_s__rosidl_typesupport_fastrtps_c.cpython-310-x86_64-linux-gnu.so" to ""
[1.601s] -- Installing: /home/user/ws/urcell_ws/install/yolov8_msgs/local/lib/python3.10/dist-packages/yolov8_msgs/yolov8_msgs_s__rosidl_typesupport_introspection_c.cpython-310-x86_64-linux-gnu.so
[1.601s] -- Set runtime path of "/home/user/ws/urcell_ws/install/yolov8_msgs/local/lib/python3.10/dist-packages/yolov8_msgs/yolov8_msgs_s__rosidl_typesupport_introspection_c.cpython-310-x86_64-linux-gnu.so" to ""
[1.601s] -- Installing: /home/user/ws/urcell_ws/install/yolov8_msgs/local/lib/python3.10/dist-packages/yolov8_msgs/yolov8_msgs_s__rosidl_typesupport_c.cpython-310-x86_64-linux-gnu.so
[1.601s] -- Set runtime path of "/home/user/ws/urcell_ws/install/yolov8_msgs/local/lib/python3.10/dist-packages/yolov8_msgs/yolov8_msgs_s__rosidl_typesupport_c.cpython-310-x86_64-linux-gnu.so" to ""
[1.601s] -- Installing: /home/user/ws/urcell_ws/install/yolov8_msgs/lib/libyolov8_msgs__rosidl_generator_py.so
[1.601s] -- Set runtime path of "/home/user/ws/urcell_ws/install/yolov8_msgs/lib/libyolov8_msgs__rosidl_generator_py.so" to ""
[1.601s] -- Installing: /home/user/ws/urcell_ws/install/yolov8_msgs/share/yolov8_msgs/msg/InferenceResult.idl
[1.601s] -- Installing: /home/user/ws/urcell_ws/install/yolov8_msgs/share/yolov8_msgs/msg/Yolov8Inference.idl
[1.601s] -- Installing: /home/user/ws/urcell_ws/install/yolov8_msgs/share/yolov8_msgs/srv/YoloInference.idl
[1.601s] -- Installing: /home/user/ws/urcell_ws/install/yolov8_msgs/share/yolov8_msgs/msg/InferenceResult.msg
[1.602s] -- Installing: /home/user/ws/urcell_ws/install/yolov8_msgs/share/yolov8_msgs/msg/Yolov8Inference.msg
[1.602s] -- Installing: /home/user/ws/urcell_ws/install/yolov8_msgs/share/yolov8_msgs/srv/YoloInference.srv
[1.602s] -- Installing: /home/user/ws/urcell_ws/install/yolov8_msgs/share/yolov8_msgs/srv/YoloInference_Request.msg
[1.602s] -- Installing: /home/user/ws/urcell_ws/install/yolov8_msgs/share/yolov8_msgs/srv/YoloInference_Response.msg
[1.602s] -- Installing: /home/user/ws/urcell_ws/install/yolov8_msgs/share/ament_index/resource_index/package_run_dependencies/yolov8_msgs
[1.602s] -- Installing: /home/user/ws/urcell_ws/install/yolov8_msgs/share/ament_index/resource_index/parent_prefix_path/yolov8_msgs
[1.602s] -- Installing: /home/user/ws/urcell_ws/install/yolov8_msgs/share/yolov8_msgs/environment/ament_prefix_path.sh
[1.602s] -- Installing: /home/user/ws/urcell_ws/install/yolov8_msgs/share/yolov8_msgs/environment/ament_prefix_path.dsv
[1.602s] -- Installing: /home/user/ws/urcell_ws/install/yolov8_msgs/share/yolov8_msgs/environment/path.sh
[1.602s] -- Installing: /home/user/ws/urcell_ws/install/yolov8_msgs/share/yolov8_msgs/environment/path.dsv
[1.602s] -- Installing: /home/user/ws/urcell_ws/install/yolov8_msgs/share/yolov8_msgs/local_setup.bash
[1.602s] -- Installing: /home/user/ws/urcell_ws/install/yolov8_msgs/share/yolov8_msgs/local_setup.sh
[1.602s] -- Installing: /home/user/ws/urcell_ws/install/yolov8_msgs/share/yolov8_msgs/local_setup.zsh
[1.602s] -- Installing: /home/user/ws/urcell_ws/install/yolov8_msgs/share/yolov8_msgs/local_setup.dsv
[1.602s] -- Installing: /home/user/ws/urcell_ws/install/yolov8_msgs/share/yolov8_msgs/package.dsv
[1.603s] -- Installing: /home/user/ws/urcell_ws/install/yolov8_msgs/share/ament_index/resource_index/packages/yolov8_msgs
[1.603s] -- Installing: /home/user/ws/urcell_ws/install/yolov8_msgs/share/yolov8_msgs/cmake/export_yolov8_msgs__rosidl_generator_cExport.cmake
[1.603s] -- Installing: /home/user/ws/urcell_ws/install/yolov8_msgs/share/yolov8_msgs/cmake/export_yolov8_msgs__rosidl_generator_cExport-noconfig.cmake
[1.603s] -- Installing: /home/user/ws/urcell_ws/install/yolov8_msgs/share/yolov8_msgs/cmake/export_yolov8_msgs__rosidl_typesupport_fastrtps_cExport.cmake
[1.603s] -- Installing: /home/user/ws/urcell_ws/install/yolov8_msgs/share/yolov8_msgs/cmake/export_yolov8_msgs__rosidl_typesupport_fastrtps_cExport-noconfig.cmake
[1.603s] -- Installing: /home/user/ws/urcell_ws/install/yolov8_msgs/share/yolov8_msgs/cmake/export_yolov8_msgs__rosidl_generator_cppExport.cmake
[1.603s] -- Installing: /home/user/ws/urcell_ws/install/yolov8_msgs/share/yolov8_msgs/cmake/export_yolov8_msgs__rosidl_typesupport_fastrtps_cppExport.cmake
[1.603s] -- Installing: /home/user/ws/urcell_ws/install/yolov8_msgs/share/yolov8_msgs/cmake/export_yolov8_msgs__rosidl_typesupport_fastrtps_cppExport-noconfig.cmake
[1.603s] -- Installing: /home/user/ws/urcell_ws/install/yolov8_msgs/share/yolov8_msgs/cmake/yolov8_msgs__rosidl_typesupport_introspection_cExport.cmake
[1.603s] -- Installing: /home/user/ws/urcell_ws/install/yolov8_msgs/share/yolov8_msgs/cmake/yolov8_msgs__rosidl_typesupport_introspection_cExport-noconfig.cmake
[1.603s] -- Installing: /home/user/ws/urcell_ws/install/yolov8_msgs/share/yolov8_msgs/cmake/yolov8_msgs__rosidl_typesupport_cExport.cmake
[1.603s] -- Installing: /home/user/ws/urcell_ws/install/yolov8_msgs/share/yolov8_msgs/cmake/yolov8_msgs__rosidl_typesupport_cExport-noconfig.cmake
[1.603s] -- Installing: /home/user/ws/urcell_ws/install/yolov8_msgs/share/yolov8_msgs/cmake/yolov8_msgs__rosidl_typesupport_introspection_cppExport.cmake
[1.603s] -- Installing: /home/user/ws/urcell_ws/install/yolov8_msgs/share/yolov8_msgs/cmake/yolov8_msgs__rosidl_typesupport_introspection_cppExport-noconfig.cmake
[1.603s] -- Installing: /home/user/ws/urcell_ws/install/yolov8_msgs/share/yolov8_msgs/cmake/yolov8_msgs__rosidl_typesupport_cppExport.cmake
[1.604s] -- Installing: /home/user/ws/urcell_ws/install/yolov8_msgs/share/yolov8_msgs/cmake/yolov8_msgs__rosidl_typesupport_cppExport-noconfig.cmake
[1.604s] -- Installing: /home/user/ws/urcell_ws/install/yolov8_msgs/share/yolov8_msgs/cmake/export_yolov8_msgs__rosidl_generator_pyExport.cmake
[1.604s] -- Installing: /home/user/ws/urcell_ws/install/yolov8_msgs/share/yolov8_msgs/cmake/export_yolov8_msgs__rosidl_generator_pyExport-noconfig.cmake
[1.604s] -- Installing: /home/user/ws/urcell_ws/install/yolov8_msgs/share/yolov8_msgs/cmake/rosidl_cmake-extras.cmake
[1.604s] -- Installing: /home/user/ws/urcell_ws/install/yolov8_msgs/share/yolov8_msgs/cmake/ament_cmake_export_dependencies-extras.cmake
[1.604s] -- Installing: /home/user/ws/urcell_ws/install/yolov8_msgs/share/yolov8_msgs/cmake/ament_cmake_export_include_directories-extras.cmake
[1.604s] -- Installing: /home/user/ws/urcell_ws/install/yolov8_msgs/share/yolov8_msgs/cmake/ament_cmake_export_libraries-extras.cmake
[1.604s] -- Installing: /home/user/ws/urcell_ws/install/yolov8_msgs/share/yolov8_msgs/cmake/ament_cmake_export_targets-extras.cmake
[1.604s] -- Installing: /home/user/ws/urcell_ws/install/yolov8_msgs/share/yolov8_msgs/cmake/rosidl_cmake_export_typesupport_targets-extras.cmake
[1.604s] -- Installing: /home/user/ws/urcell_ws/install/yolov8_msgs/share/yolov8_msgs/cmake/rosidl_cmake_export_typesupport_libraries-extras.cmake
[1.604s] -- Installing: /home/user/ws/urcell_ws/install/yolov8_msgs/share/yolov8_msgs/cmake/yolov8_msgsConfig.cmake
[1.604s] -- Installing: /home/user/ws/urcell_ws/install/yolov8_msgs/share/yolov8_msgs/cmake/yolov8_msgsConfig-version.cmake
[1.604s] -- Installing: /home/user/ws/urcell_ws/install/yolov8_msgs/share/yolov8_msgs/package.xml
[1.606s] Invoked command in '/home/user/ws/urcell_ws/build/yolov8_msgs' returned '0': CMAKE_PREFIX_PATH=${CMAKE_PREFIX_PATH}:/home/user/ws/urcell_ws/install/image_saver_pkg:/opt/ros/humble /usr/bin/cmake --install /home/user/ws/urcell_ws/build/yolov8_msgs
