[0.185s] Invoking command in '/home/user/ws/urcell_ws/build/yolobot_recognition': CMAKE_PREFIX_PATH=${CMAKE_PREFIX_PATH}:/home/user/ws/urcell_ws/install/image_saver_pkg:/opt/ros/humble /usr/bin/cmake /home/user/ws/urcell_ws/src/yolobot_recognition -DCMAKE_INSTALL_PREFIX=/home/user/ws/urcell_ws/install/yolobot_recognition
[0.230s] -- The C compiler identification is GNU 11.4.0
[0.283s] -- The CXX compiler identification is GNU 11.4.0
[0.290s] -- Detecting C compiler ABI info
[0.347s] -- Detecting C compiler ABI info - done
[0.353s] -- Check for working C compiler: /usr/bin/cc - skipped
[0.353s] -- Detecting C compile features
[0.354s] -- Detecting C compile features - done
[0.356s] -- Detecting CXX compiler ABI info
[0.425s] -- Detecting CXX compiler ABI info - done
[0.434s] -- Check for working CXX compiler: /usr/bin/c++ - skipped
[0.434s] -- Detecting CXX compile features
[0.435s] -- Detecting CXX compile features - done
[0.437s] -- Found ament_cmake: 1.3.9 (/opt/ros/humble/share/ament_cmake/cmake)
[0.591s] -- Found Python3: /usr/bin/python3 (found version "3.10.12") found components: Interpreter 
[0.688s] [31mCMake Error at CMakeLists.txt:20 (find_package):
[0.688s]   By not providing "Findyolov8_msgs.cmake" in CMAKE_MODULE_PATH this project
[0.688s]   has asked CMake to find a package configuration file provided by
[0.688s]   "yolov8_msgs", but CMake did not find one.
[0.688s] 
[0.688s]   Could not find a package configuration file provided by "yolov8_msgs" with
[0.689s]   any of the following names:
[0.689s] 
[0.689s]     yolov8_msgsConfig.cmake
[0.689s]     yolov8_msgs-config.cmake
[0.689s] 
[0.689s]   Add the installation prefix of "yolov8_msgs" to CMAKE_PREFIX_PATH or set
[0.689s]   "yolov8_msgs_DIR" to a directory containing one of the above files.  If
[0.689s]   "yolov8_msgs" provides a separate development package or SDK, be sure it
[0.689s]   has been installed.
[0.689s] 
[0.689s] [0m
[0.689s] -- Configuring incomplete, errors occurred!
[0.689s] See also "/home/user/ws/urcell_ws/build/yolobot_recognition/CMakeFiles/CMakeOutput.log".
[0.692s] Invoked command in '/home/user/ws/urcell_ws/build/yolobot_recognition' returned '1': CMAKE_PREFIX_PATH=${CMAKE_PREFIX_PATH}:/home/user/ws/urcell_ws/install/image_saver_pkg:/opt/ros/humble /usr/bin/cmake /home/user/ws/urcell_ws/src/yolobot_recognition -DCMAKE_INSTALL_PREFIX=/home/user/ws/urcell_ws/install/yolobot_recognition
