-- Install configuration: ""
-- Up-to-date: /home/user/ws/urcell_ws/install/urcell_sim/share/urcell_sim/worlds
-- Up-to-date: /home/user/ws/urcell_ws/install/urcell_sim/share/urcell_sim/worlds/e_box2.dae
-- Up-to-date: /home/user/ws/urcell_ws/install/urcell_sim/share/urcell_sim/worlds/e_box2.stl
-- Up-to-date: /home/user/ws/urcell_ws/install/urcell_sim/share/urcell_sim/worlds/cokeworld.sdf
-- Up-to-date: /home/user/ws/urcell_ws/install/urcell_sim/share/urcell_sim/launch
-- Up-to-date: /home/user/ws/urcell_ws/install/urcell_sim/share/urcell_sim/launch/simular.launch.py
-- Up-to-date: /home/user/ws/urcell_ws/install/urcell_sim/share/ament_index/resource_index/package_run_dependencies/urcell_sim
-- Up-to-date: /home/user/ws/urcell_ws/install/urcell_sim/share/ament_index/resource_index/parent_prefix_path/urcell_sim
-- Up-to-date: /home/user/ws/urcell_ws/install/urcell_sim/share/urcell_sim/environment/ament_prefix_path.sh
-- Up-to-date: /home/user/ws/urcell_ws/install/urcell_sim/share/urcell_sim/environment/ament_prefix_path.dsv
-- Up-to-date: /home/user/ws/urcell_ws/install/urcell_sim/share/urcell_sim/environment/path.sh
-- Up-to-date: /home/user/ws/urcell_ws/install/urcell_sim/share/urcell_sim/environment/path.dsv
-- Up-to-date: /home/user/ws/urcell_ws/install/urcell_sim/share/urcell_sim/local_setup.bash
-- Up-to-date: /home/user/ws/urcell_ws/install/urcell_sim/share/urcell_sim/local_setup.sh
-- Up-to-date: /home/user/ws/urcell_ws/install/urcell_sim/share/urcell_sim/local_setup.zsh
-- Up-to-date: /home/user/ws/urcell_ws/install/urcell_sim/share/urcell_sim/local_setup.dsv
-- Installing: /home/user/ws/urcell_ws/install/urcell_sim/share/urcell_sim/package.dsv
-- Up-to-date: /home/user/ws/urcell_ws/install/urcell_sim/share/ament_index/resource_index/packages/urcell_sim
-- Up-to-date: /home/user/ws/urcell_ws/install/urcell_sim/share/urcell_sim/cmake/urcell_simConfig.cmake
-- Up-to-date: /home/user/ws/urcell_ws/install/urcell_sim/share/urcell_sim/cmake/urcell_simConfig-version.cmake
-- Up-to-date: /home/user/ws/urcell_ws/install/urcell_sim/share/urcell_sim/package.xml
