[0.187s] Invoking command in '/home/user/ws/urcell_ws/build/urcell_sim': CMAKE_PREFIX_PATH=${CMAKE_PREFIX_PATH}:/home/user/ws/urcell_ws/install/image_saver_pkg:/opt/ros/humble /usr/bin/cmake --build /home/user/ws/urcell_ws/build/urcell_sim -- -j8 -l8
[0.224s] Invoked command in '/home/user/ws/urcell_ws/build/urcell_sim' returned '0': CMAKE_PREFIX_PATH=${CMAKE_PREFIX_PATH}:/home/user/ws/urcell_ws/install/image_saver_pkg:/opt/ros/humble /usr/bin/cmake --build /home/user/ws/urcell_ws/build/urcell_sim -- -j8 -l8
[0.254s] Invoking command in '/home/user/ws/urcell_ws/build/urcell_sim': CMAKE_PREFIX_PATH=${CMAKE_PREFIX_PATH}:/home/user/ws/urcell_ws/install/image_saver_pkg:/opt/ros/humble /usr/bin/cmake --install /home/user/ws/urcell_ws/build/urcell_sim
[0.262s] -- Install configuration: ""
[0.262s] -- Up-to-date: /home/user/ws/urcell_ws/install/urcell_sim/share/urcell_sim/worlds
[0.262s] -- Up-to-date: /home/user/ws/urcell_ws/install/urcell_sim/share/urcell_sim/worlds/e_box2.dae
[0.263s] -- Up-to-date: /home/user/ws/urcell_ws/install/urcell_sim/share/urcell_sim/worlds/e_box2.stl
[0.263s] -- Up-to-date: /home/user/ws/urcell_ws/install/urcell_sim/share/urcell_sim/worlds/cokeworld.sdf
[0.263s] -- Up-to-date: /home/user/ws/urcell_ws/install/urcell_sim/share/urcell_sim/launch
[0.263s] -- Up-to-date: /home/user/ws/urcell_ws/install/urcell_sim/share/urcell_sim/launch/simular.launch.py
[0.263s] -- Up-to-date: /home/user/ws/urcell_ws/install/urcell_sim/share/ament_index/resource_index/package_run_dependencies/urcell_sim
[0.263s] -- Up-to-date: /home/user/ws/urcell_ws/install/urcell_sim/share/ament_index/resource_index/parent_prefix_path/urcell_sim
[0.263s] -- Up-to-date: /home/user/ws/urcell_ws/install/urcell_sim/share/urcell_sim/environment/ament_prefix_path.sh
[0.263s] -- Up-to-date: /home/user/ws/urcell_ws/install/urcell_sim/share/urcell_sim/environment/ament_prefix_path.dsv
[0.263s] -- Up-to-date: /home/user/ws/urcell_ws/install/urcell_sim/share/urcell_sim/environment/path.sh
[0.263s] -- Up-to-date: /home/user/ws/urcell_ws/install/urcell_sim/share/urcell_sim/environment/path.dsv
[0.263s] -- Up-to-date: /home/user/ws/urcell_ws/install/urcell_sim/share/urcell_sim/local_setup.bash
[0.263s] -- Up-to-date: /home/user/ws/urcell_ws/install/urcell_sim/share/urcell_sim/local_setup.sh
[0.263s] -- Up-to-date: /home/user/ws/urcell_ws/install/urcell_sim/share/urcell_sim/local_setup.zsh
[0.263s] -- Up-to-date: /home/user/ws/urcell_ws/install/urcell_sim/share/urcell_sim/local_setup.dsv
[0.263s] -- Installing: /home/user/ws/urcell_ws/install/urcell_sim/share/urcell_sim/package.dsv
[0.263s] -- Up-to-date: /home/user/ws/urcell_ws/install/urcell_sim/share/ament_index/resource_index/packages/urcell_sim
[0.263s] -- Up-to-date: /home/user/ws/urcell_ws/install/urcell_sim/share/urcell_sim/cmake/urcell_simConfig.cmake
[0.264s] -- Up-to-date: /home/user/ws/urcell_ws/install/urcell_sim/share/urcell_sim/cmake/urcell_simConfig-version.cmake
[0.264s] -- Up-to-date: /home/user/ws/urcell_ws/install/urcell_sim/share/urcell_sim/package.xml
[0.287s] Invoked command in '/home/user/ws/urcell_ws/build/urcell_sim' returned '0': CMAKE_PREFIX_PATH=${CMAKE_PREFIX_PATH}:/home/user/ws/urcell_ws/install/image_saver_pkg:/opt/ros/humble /usr/bin/cmake --install /home/user/ws/urcell_ws/build/urcell_sim
