[0.179s] Invoking command in '/home/user/ws/urcell_ws/build/yolobot_recognition': CMAKE_PREFIX_PATH=${CMAKE_PREFIX_PATH}:/home/user/ws/urcell_ws/install/image_saver_pkg:/opt/ros/humble /usr/bin/cmake /home/user/ws/urcell_ws/src/yolobot_recognition -DCMAKE_INSTALL_PREFIX=/home/user/ws/urcell_ws/install/yolobot_recognition
[0.188s] -- Found ament_cmake: 1.3.9 (/opt/ros/humble/share/ament_cmake/cmake)
[0.342s] [31mCMake Error at CMakeLists.txt:20 (find_package):
[0.342s]   By not providing "Findyolov8_msgs.cmake" in CMAKE_MODULE_PATH this project
[0.343s]   has asked CMake to find a package configuration file provided by
[0.343s]   "yolov8_msgs", but CMake did not find one.
[0.343s] 
[0.343s]   Could not find a package configuration file provided by "yolov8_msgs" with
[0.343s]   any of the following names:
[0.343s] 
[0.343s]     yolov8_msgsConfig.cmake
[0.343s]     yolov8_msgs-config.cmake
[0.343s] 
[0.343s]   Add the installation prefix of "yolov8_msgs" to CMAKE_PREFIX_PATH or set
[0.343s]   "yolov8_msgs_DIR" to a directory containing one of the above files.  If
[0.343s]   "yolov8_msgs" provides a separate development package or SDK, be sure it
[0.343s]   has been installed.
[0.343s] 
[0.343s] [0m
[0.343s] -- Configuring incomplete, errors occurred!
[0.344s] See also "/home/user/ws/urcell_ws/build/yolobot_recognition/CMakeFiles/CMakeOutput.log".
[0.346s] Invoked command in '/home/user/ws/urcell_ws/build/yolobot_recognition' returned '1': CMAKE_PREFIX_PATH=${CMAKE_PREFIX_PATH}:/home/user/ws/urcell_ws/install/image_saver_pkg:/opt/ros/humble /usr/bin/cmake /home/user/ws/urcell_ws/src/yolobot_recognition -DCMAKE_INSTALL_PREFIX=/home/user/ws/urcell_ws/install/yolobot_recognition
