-- Install configuration: ""
-- Installing: /home/user/ws/urcell_ws/install/urcell_description/share/urcell_description/urdf
-- Installing: /home/user/ws/urcell_ws/install/urcell_description/share/urcell_description/urdf/model.urdf.xacro
-- Installing: /home/user/ws/urcell_ws/install/urcell_description/share/urcell_description/urdf/parts
-- Installing: /home/user/ws/urcell_ws/install/urcell_description/share/urcell_description/urdf/parts/fixedparts
-- Installing: /home/user/ws/urcell_ws/install/urcell_description/share/urcell_description/urdf/parts/fixedparts/fixedobjects.urdf.xacro
-- Installing: /home/user/ws/urcell_ws/install/urcell_description/share/urcell_description/urdf/parts/customGripper
-- Installing: /home/user/ws/urcell_ws/install/urcell_description/share/urcell_description/urdf/parts/customGripper/customGripper.urdf.xacro
-- Installing: /home/user/ws/urcell_ws/install/urcell_description/share/urcell_description/gazebo
-- Installing: /home/user/ws/urcell_ws/install/urcell_description/share/urcell_description/gazebo/urcell.gazebo.xacro
-- Installing: /home/user/ws/urcell_ws/install/urcell_description/share/urcell_description/ros2_control
-- Installing: /home/user/ws/urcell_ws/install/urcell_description/share/urcell_description/ros2_control/urcell.ros2_control.xacro
-- Installing: /home/user/ws/urcell_ws/install/urcell_description/share/urcell_description/config
-- Installing: /home/user/ws/urcell_ws/install/urcell_description/share/urcell_description/config/ros2_controllers.yaml
-- Installing: /home/user/ws/urcell_ws/install/urcell_description/share/urcell_description/config/urcell_config.rviz
-- Installing: /home/user/ws/urcell_ws/install/urcell_description/share/urcell_description/meshes
-- Installing: /home/user/ws/urcell_ws/install/urcell_description/share/urcell_description/meshes/gripper2_gripper_base.dae
-- Installing: /home/user/ws/urcell_ws/install/urcell_description/share/urcell_description/meshes/gripper2_finger.dae
-- Installing: /home/user/ws/urcell_ws/install/urcell_description/share/urcell_description/launch
-- Installing: /home/user/ws/urcell_ws/install/urcell_description/share/urcell_description/launch/display.launch.py
-- Installing: /home/user/ws/urcell_ws/install/urcell_description/share/ament_index/resource_index/package_run_dependencies/urcell_description
-- Installing: /home/user/ws/urcell_ws/install/urcell_description/share/ament_index/resource_index/parent_prefix_path/urcell_description
-- Installing: /home/user/ws/urcell_ws/install/urcell_description/share/urcell_description/environment/ament_prefix_path.sh
-- Installing: /home/user/ws/urcell_ws/install/urcell_description/share/urcell_description/environment/ament_prefix_path.dsv
-- Installing: /home/user/ws/urcell_ws/install/urcell_description/share/urcell_description/environment/path.sh
-- Installing: /home/user/ws/urcell_ws/install/urcell_description/share/urcell_description/environment/path.dsv
-- Installing: /home/user/ws/urcell_ws/install/urcell_description/share/urcell_description/local_setup.bash
-- Installing: /home/user/ws/urcell_ws/install/urcell_description/share/urcell_description/local_setup.sh
-- Installing: /home/user/ws/urcell_ws/install/urcell_description/share/urcell_description/local_setup.zsh
-- Installing: /home/user/ws/urcell_ws/install/urcell_description/share/urcell_description/local_setup.dsv
-- Installing: /home/user/ws/urcell_ws/install/urcell_description/share/urcell_description/package.dsv
-- Installing: /home/user/ws/urcell_ws/install/urcell_description/share/ament_index/resource_index/packages/urcell_description
-- Installing: /home/user/ws/urcell_ws/install/urcell_description/share/urcell_description/cmake/urcell_descriptionConfig.cmake
-- Installing: /home/user/ws/urcell_ws/install/urcell_description/share/urcell_description/cmake/urcell_descriptionConfig-version.cmake
-- Installing: /home/user/ws/urcell_ws/install/urcell_description/share/urcell_description/package.xml
