[35m[1mConsolidate compiler generated dependencies of target moveit_robot_control[0m
[100%] Built target moveit_robot_control
-- Install configuration: ""
-- Installing: /home/user/ws/urcell_ws/install/urcell_moveit_sim/lib/urcell_moveit_sim/moveit_robot_control
-- Set runtime path of "/home/user/ws/urcell_ws/install/urcell_moveit_sim/lib/urcell_moveit_sim/moveit_robot_control" to ""
-- Installing: /home/user/ws/urcell_ws/install/urcell_moveit_sim/share/urcell_moveit_sim/launch
-- Installing: /home/user/ws/urcell_ws/install/urcell_moveit_sim/share/urcell_moveit_sim/launch/mover.launch.py
-- Installing: /home/user/ws/urcell_ws/install/urcell_moveit_sim/share/ament_index/resource_index/package_run_dependencies/urcell_moveit_sim
-- Installing: /home/user/ws/urcell_ws/install/urcell_moveit_sim/share/ament_index/resource_index/parent_prefix_path/urcell_moveit_sim
-- Installing: /home/user/ws/urcell_ws/install/urcell_moveit_sim/share/urcell_moveit_sim/environment/ament_prefix_path.sh
-- Installing: /home/user/ws/urcell_ws/install/urcell_moveit_sim/share/urcell_moveit_sim/environment/ament_prefix_path.dsv
-- Installing: /home/user/ws/urcell_ws/install/urcell_moveit_sim/share/urcell_moveit_sim/environment/path.sh
-- Installing: /home/user/ws/urcell_ws/install/urcell_moveit_sim/share/urcell_moveit_sim/environment/path.dsv
-- Installing: /home/user/ws/urcell_ws/install/urcell_moveit_sim/share/urcell_moveit_sim/local_setup.bash
-- Installing: /home/user/ws/urcell_ws/install/urcell_moveit_sim/share/urcell_moveit_sim/local_setup.sh
-- Installing: /home/user/ws/urcell_ws/install/urcell_moveit_sim/share/urcell_moveit_sim/local_setup.zsh
-- Installing: /home/user/ws/urcell_ws/install/urcell_moveit_sim/share/urcell_moveit_sim/local_setup.dsv
-- Installing: /home/user/ws/urcell_ws/install/urcell_moveit_sim/share/urcell_moveit_sim/package.dsv
-- Installing: /home/user/ws/urcell_ws/install/urcell_moveit_sim/share/ament_index/resource_index/packages/urcell_moveit_sim
-- Installing: /home/user/ws/urcell_ws/install/urcell_moveit_sim/share/urcell_moveit_sim/cmake/urcell_moveit_simConfig.cmake
-- Installing: /home/user/ws/urcell_ws/install/urcell_moveit_sim/share/urcell_moveit_sim/cmake/urcell_moveit_simConfig-version.cmake
-- Installing: /home/user/ws/urcell_ws/install/urcell_moveit_sim/share/urcell_moveit_sim/package.xml
