running egg_info
creating ../../build/image_saver_pkg/image_saver_pkg.egg-info
writing ../../build/image_saver_pkg/image_saver_pkg.egg-info/PKG-INFO
writing dependency_links to ../../build/image_saver_pkg/image_saver_pkg.egg-info/dependency_links.txt
writing entry points to ../../build/image_saver_pkg/image_saver_pkg.egg-info/entry_points.txt
writing requirements to ../../build/image_saver_pkg/image_saver_pkg.egg-info/requires.txt
writing top-level names to ../../build/image_saver_pkg/image_saver_pkg.egg-info/top_level.txt
writing manifest file '../../build/image_saver_pkg/image_saver_pkg.egg-info/SOURCES.txt'
reading manifest file '../../build/image_saver_pkg/image_saver_pkg.egg-info/SOURCES.txt'
writing manifest file '../../build/image_saver_pkg/image_saver_pkg.egg-info/SOURCES.txt'
running build
running build_py
creating /home/user/ws/urcell_ws/build/image_saver_pkg/build
creating /home/user/ws/urcell_ws/build/image_saver_pkg/build/lib
creating /home/user/ws/urcell_ws/build/image_saver_pkg/build/lib/image_saver_pkg
copying image_saver_pkg/one_shot_image_saver.py -> /home/user/ws/urcell_ws/build/image_saver_pkg/build/lib/image_saver_pkg
copying image_saver_pkg/__init__.py -> /home/user/ws/urcell_ws/build/image_saver_pkg/build/lib/image_saver_pkg
running install
running install_lib
creating /home/user/ws/urcell_ws/install/image_saver_pkg/lib/python3.10/site-packages/image_saver_pkg
copying /home/user/ws/urcell_ws/build/image_saver_pkg/build/lib/image_saver_pkg/one_shot_image_saver.py -> /home/user/ws/urcell_ws/install/image_saver_pkg/lib/python3.10/site-packages/image_saver_pkg
copying /home/user/ws/urcell_ws/build/image_saver_pkg/build/lib/image_saver_pkg/__init__.py -> /home/user/ws/urcell_ws/install/image_saver_pkg/lib/python3.10/site-packages/image_saver_pkg
byte-compiling /home/user/ws/urcell_ws/install/image_saver_pkg/lib/python3.10/site-packages/image_saver_pkg/one_shot_image_saver.py to one_shot_image_saver.cpython-310.pyc
byte-compiling /home/user/ws/urcell_ws/install/image_saver_pkg/lib/python3.10/site-packages/image_saver_pkg/__init__.py to __init__.cpython-310.pyc
running install_data
creating /home/user/ws/urcell_ws/install/image_saver_pkg/share/ament_index
creating /home/user/ws/urcell_ws/install/image_saver_pkg/share/ament_index/resource_index
creating /home/user/ws/urcell_ws/install/image_saver_pkg/share/ament_index/resource_index/packages
copying resource/image_saver_pkg -> /home/user/ws/urcell_ws/install/image_saver_pkg/share/ament_index/resource_index/packages
copying package.xml -> /home/user/ws/urcell_ws/install/image_saver_pkg/share/image_saver_pkg
running install_egg_info
Copying ../../build/image_saver_pkg/image_saver_pkg.egg-info to /home/user/ws/urcell_ws/install/image_saver_pkg/lib/python3.10/site-packages/image_saver_pkg-0.0.0-py3.10.egg-info
running install_scripts
Installing one_shot_image_saver script to /home/user/ws/urcell_ws/install/image_saver_pkg/lib/image_saver_pkg
writing list of installed files to '/home/user/ws/urcell_ws/build/image_saver_pkg/install.log'
