[0.515s] Invoking command in '/home/user/ws/urcell_ws/src/image_saver_pkg': PYTHONPATH=/home/user/ws/urcell_ws/build/image_saver_pkg/prefix_override:/usr/lib/python3/dist-packages/colcon_core/task/python/colcon_distutils_commands:/home/user/ws/urcell_ws/install/image_saver_pkg/lib/python3.10/site-packages:${PYTHONPATH} /usr/bin/python3 -W ignore:setup.py install is deprecated setup.py egg_info --egg-base ../../build/image_saver_pkg build --build-base /home/user/ws/urcell_ws/build/image_saver_pkg/build install --record /home/user/ws/urcell_ws/build/image_saver_pkg/install.log --single-version-externally-managed install_data
[0.717s] running egg_info
[0.718s] creating ../../build/image_saver_pkg/image_saver_pkg.egg-info
[0.718s] writing ../../build/image_saver_pkg/image_saver_pkg.egg-info/PKG-INFO
[0.719s] writing dependency_links to ../../build/image_saver_pkg/image_saver_pkg.egg-info/dependency_links.txt
[0.719s] writing entry points to ../../build/image_saver_pkg/image_saver_pkg.egg-info/entry_points.txt
[0.719s] writing requirements to ../../build/image_saver_pkg/image_saver_pkg.egg-info/requires.txt
[0.719s] writing top-level names to ../../build/image_saver_pkg/image_saver_pkg.egg-info/top_level.txt
[0.720s] writing manifest file '../../build/image_saver_pkg/image_saver_pkg.egg-info/SOURCES.txt'
[0.722s] reading manifest file '../../build/image_saver_pkg/image_saver_pkg.egg-info/SOURCES.txt'
[0.723s] writing manifest file '../../build/image_saver_pkg/image_saver_pkg.egg-info/SOURCES.txt'
[0.723s] running build
[0.723s] running build_py
[0.723s] creating /home/user/ws/urcell_ws/build/image_saver_pkg/build
[0.723s] creating /home/user/ws/urcell_ws/build/image_saver_pkg/build/lib
[0.723s] creating /home/user/ws/urcell_ws/build/image_saver_pkg/build/lib/image_saver_pkg
[0.723s] copying image_saver_pkg/one_shot_image_saver.py -> /home/user/ws/urcell_ws/build/image_saver_pkg/build/lib/image_saver_pkg
[0.723s] copying image_saver_pkg/__init__.py -> /home/user/ws/urcell_ws/build/image_saver_pkg/build/lib/image_saver_pkg
[0.723s] running install
[0.724s] running install_lib
[0.724s] creating /home/user/ws/urcell_ws/install/image_saver_pkg/lib/python3.10/site-packages/image_saver_pkg
[0.724s] copying /home/user/ws/urcell_ws/build/image_saver_pkg/build/lib/image_saver_pkg/one_shot_image_saver.py -> /home/user/ws/urcell_ws/install/image_saver_pkg/lib/python3.10/site-packages/image_saver_pkg
[0.725s] copying /home/user/ws/urcell_ws/build/image_saver_pkg/build/lib/image_saver_pkg/__init__.py -> /home/user/ws/urcell_ws/install/image_saver_pkg/lib/python3.10/site-packages/image_saver_pkg
[0.725s] byte-compiling /home/user/ws/urcell_ws/install/image_saver_pkg/lib/python3.10/site-packages/image_saver_pkg/one_shot_image_saver.py to one_shot_image_saver.cpython-310.pyc
[0.726s] byte-compiling /home/user/ws/urcell_ws/install/image_saver_pkg/lib/python3.10/site-packages/image_saver_pkg/__init__.py to __init__.cpython-310.pyc
[0.726s] running install_data
[0.726s] creating /home/user/ws/urcell_ws/install/image_saver_pkg/share/ament_index
[0.726s] creating /home/user/ws/urcell_ws/install/image_saver_pkg/share/ament_index/resource_index
[0.726s] creating /home/user/ws/urcell_ws/install/image_saver_pkg/share/ament_index/resource_index/packages
[0.726s] copying resource/image_saver_pkg -> /home/user/ws/urcell_ws/install/image_saver_pkg/share/ament_index/resource_index/packages
[0.726s] copying package.xml -> /home/user/ws/urcell_ws/install/image_saver_pkg/share/image_saver_pkg
[0.726s] running install_egg_info
[0.728s] Copying ../../build/image_saver_pkg/image_saver_pkg.egg-info to /home/user/ws/urcell_ws/install/image_saver_pkg/lib/python3.10/site-packages/image_saver_pkg-0.0.0-py3.10.egg-info
[0.729s] running install_scripts
[0.750s] Installing one_shot_image_saver script to /home/user/ws/urcell_ws/install/image_saver_pkg/lib/image_saver_pkg
[0.751s] writing list of installed files to '/home/user/ws/urcell_ws/build/image_saver_pkg/install.log'
