[0.409s] Invoking command in '/home/user/ws/urcell_ws/build/urcell_moveit_sim': CMAKE_PREFIX_PATH=/opt/ros/humble /usr/bin/cmake --build /home/user/ws/urcell_ws/build/urcell_moveit_sim -- -j8 -l8
[0.528s] [100%] Built target moveit_robot_control
[0.568s] Invoked command in '/home/user/ws/urcell_ws/build/urcell_moveit_sim' returned '0': CMAKE_PREFIX_PATH=/opt/ros/humble /usr/bin/cmake --build /home/user/ws/urcell_ws/build/urcell_moveit_sim -- -j8 -l8
[0.715s] Invoking command in '/home/user/ws/urcell_ws/build/urcell_moveit_sim': CMAKE_PREFIX_PATH=/opt/ros/humble /usr/bin/cmake --install /home/user/ws/urcell_ws/build/urcell_moveit_sim
[0.725s] -- Install configuration: ""
[0.726s] -- Up-to-date: /home/user/ws/urcell_ws/install/urcell_moveit_sim/lib/urcell_moveit_sim/moveit_robot_control
[0.727s] -- Up-to-date: /home/user/ws/urcell_ws/install/urcell_moveit_sim/share/urcell_moveit_sim/launch
[0.727s] -- Up-to-date: /home/user/ws/urcell_ws/install/urcell_moveit_sim/share/urcell_moveit_sim/launch/mover.launch.py
[0.727s] -- Up-to-date: /home/user/ws/urcell_ws/install/urcell_moveit_sim/share/ament_index/resource_index/package_run_dependencies/urcell_moveit_sim
[0.727s] -- Up-to-date: /home/user/ws/urcell_ws/install/urcell_moveit_sim/share/ament_index/resource_index/parent_prefix_path/urcell_moveit_sim
[0.727s] -- Up-to-date: /home/user/ws/urcell_ws/install/urcell_moveit_sim/share/urcell_moveit_sim/environment/ament_prefix_path.sh
[0.727s] -- Up-to-date: /home/user/ws/urcell_ws/install/urcell_moveit_sim/share/urcell_moveit_sim/environment/ament_prefix_path.dsv
[0.727s] -- Up-to-date: /home/user/ws/urcell_ws/install/urcell_moveit_sim/share/urcell_moveit_sim/environment/path.sh
[0.728s] -- Up-to-date: /home/user/ws/urcell_ws/install/urcell_moveit_sim/share/urcell_moveit_sim/environment/path.dsv
[0.728s] -- Up-to-date: /home/user/ws/urcell_ws/install/urcell_moveit_sim/share/urcell_moveit_sim/local_setup.bash
[0.728s] -- Up-to-date: /home/user/ws/urcell_ws/install/urcell_moveit_sim/share/urcell_moveit_sim/local_setup.sh
[0.729s] -- Up-to-date: /home/user/ws/urcell_ws/install/urcell_moveit_sim/share/urcell_moveit_sim/local_setup.zsh
[0.729s] -- Up-to-date: /home/user/ws/urcell_ws/install/urcell_moveit_sim/share/urcell_moveit_sim/local_setup.dsv
[0.729s] -- Installing: /home/user/ws/urcell_ws/install/urcell_moveit_sim/share/urcell_moveit_sim/package.dsv
[0.729s] -- Up-to-date: /home/user/ws/urcell_ws/install/urcell_moveit_sim/share/ament_index/resource_index/packages/urcell_moveit_sim
[0.729s] -- Up-to-date: /home/user/ws/urcell_ws/install/urcell_moveit_sim/share/urcell_moveit_sim/cmake/urcell_moveit_simConfig.cmake
[0.729s] -- Up-to-date: /home/user/ws/urcell_ws/install/urcell_moveit_sim/share/urcell_moveit_sim/cmake/urcell_moveit_simConfig-version.cmake
[0.729s] -- Up-to-date: /home/user/ws/urcell_ws/install/urcell_moveit_sim/share/urcell_moveit_sim/package.xml
[0.736s] Invoked command in '/home/user/ws/urcell_ws/build/urcell_moveit_sim' returned '0': CMAKE_PREFIX_PATH=/opt/ros/humble /usr/bin/cmake --install /home/user/ws/urcell_ws/build/urcell_moveit_sim
