[0.009s] Invoking command in '/home/user/ws/urcell_ws/build/opencv_services': CMAKE_PREFIX_PATH=${CMAKE_PREFIX_PATH}:/home/user/ws/urcell_ws/install/image_saver_pkg:/opt/ros/humble /usr/bin/cmake --build /home/user/ws/urcell_ws/build/opencv_services -- -j8 -l8
[0.051s] [  3%] Built target opencv_services__cpp
[0.051s] [ 12%] Built target opencv_services__rosidl_generator_c
[0.059s] [ 12%] Built target ament_cmake_python_copy_opencv_services
[0.069s] [ 22%] Built target opencv_services__rosidl_typesupport_fastrtps_cpp
[0.069s] [ 32%] Built target opencv_services__rosidl_typesupport_introspection_cpp
[0.070s] [ 41%] Built target opencv_services__rosidl_typesupport_introspection_c
[0.070s] [ 51%] Built target opencv_services__rosidl_typesupport_c
[0.076s] [ 61%] Built target opencv_services__rosidl_typesupport_cpp
[0.077s] [ 70%] Built target opencv_services__rosidl_typesupport_fastrtps_c
[0.091s] [ 70%] Built target opencv_services
[0.105s] [ 74%] Built target opencv_services__py
[0.120s] [ 80%] Built target opencv_services__rosidl_generator_py
[0.137s] [ 93%] Built target opencv_services__rosidl_typesupport_fastrtps_c__pyext
[0.137s] [100%] Built target opencv_services__rosidl_typesupport_introspection_c__pyext
[0.137s] [100%] Built target opencv_services__rosidl_typesupport_c__pyext
[0.233s] running egg_info
[0.234s] writing opencv_services.egg-info/PKG-INFO
[0.234s] writing dependency_links to opencv_services.egg-info/dependency_links.txt
[0.234s] writing top-level names to opencv_services.egg-info/top_level.txt
[0.236s] reading manifest file 'opencv_services.egg-info/SOURCES.txt'
[0.237s] writing manifest file 'opencv_services.egg-info/SOURCES.txt'
[0.255s] [100%] Built target ament_cmake_python_build_opencv_services_egg
[0.263s] Invoked command in '/home/user/ws/urcell_ws/build/opencv_services' returned '0': CMAKE_PREFIX_PATH=${CMAKE_PREFIX_PATH}:/home/user/ws/urcell_ws/install/image_saver_pkg:/opt/ros/humble /usr/bin/cmake --build /home/user/ws/urcell_ws/build/opencv_services -- -j8 -l8
[0.301s] Invoking command in '/home/user/ws/urcell_ws/build/opencv_services': CMAKE_PREFIX_PATH=${CMAKE_PREFIX_PATH}:/home/user/ws/urcell_ws/install/image_saver_pkg:/opt/ros/humble /usr/bin/cmake --install /home/user/ws/urcell_ws/build/opencv_services
[0.306s] -- Install configuration: ""
[0.306s] -- Up-to-date: /home/user/ws/urcell_ws/install/opencv_services/share/ament_index/resource_index/rosidl_interfaces/opencv_services
[0.306s] -- Up-to-date: /home/user/ws/urcell_ws/install/opencv_services/include/opencv_services/opencv_services
[0.306s] -- Up-to-date: /home/user/ws/urcell_ws/install/opencv_services/include/opencv_services/opencv_services/msg
[0.306s] -- Up-to-date: /home/user/ws/urcell_ws/install/opencv_services/include/opencv_services/opencv_services/msg/rosidl_generator_c__visibility_control.h
[0.306s] -- Up-to-date: /home/user/ws/urcell_ws/install/opencv_services/include/opencv_services/opencv_services/srv
[0.306s] -- Up-to-date: /home/user/ws/urcell_ws/install/opencv_services/include/opencv_services/opencv_services/srv/detail
[0.306s] -- Up-to-date: /home/user/ws/urcell_ws/install/opencv_services/include/opencv_services/opencv_services/srv/detail/parts_targets_pos__type_support.h
[0.307s] -- Up-to-date: /home/user/ws/urcell_ws/install/opencv_services/include/opencv_services/opencv_services/srv/detail/parts_targets_pos__functions.c
[0.307s] -- Up-to-date: /home/user/ws/urcell_ws/install/opencv_services/include/opencv_services/opencv_services/srv/detail/parts_targets_pos__struct.h
[0.307s] -- Up-to-date: /home/user/ws/urcell_ws/install/opencv_services/include/opencv_services/opencv_services/srv/detail/parts_targets_pos__functions.h
[0.307s] -- Up-to-date: /home/user/ws/urcell_ws/install/opencv_services/include/opencv_services/opencv_services/srv/parts_targets_pos.h
[0.307s] -- Up-to-date: /home/user/ws/urcell_ws/install/opencv_services/share/opencv_services/environment/library_path.sh
[0.307s] -- Up-to-date: /home/user/ws/urcell_ws/install/opencv_services/share/opencv_services/environment/library_path.dsv
[0.307s] -- Up-to-date: /home/user/ws/urcell_ws/install/opencv_services/lib/libopencv_services__rosidl_generator_c.so
[0.307s] -- Up-to-date: /home/user/ws/urcell_ws/install/opencv_services/include/opencv_services/opencv_services
[0.307s] -- Up-to-date: /home/user/ws/urcell_ws/install/opencv_services/include/opencv_services/opencv_services/msg
[0.307s] -- Up-to-date: /home/user/ws/urcell_ws/install/opencv_services/include/opencv_services/opencv_services/msg/rosidl_typesupport_fastrtps_c__visibility_control.h
[0.307s] -- Up-to-date: /home/user/ws/urcell_ws/install/opencv_services/include/opencv_services/opencv_services/srv
[0.307s] -- Up-to-date: /home/user/ws/urcell_ws/install/opencv_services/include/opencv_services/opencv_services/srv/detail
[0.307s] -- Up-to-date: /home/user/ws/urcell_ws/install/opencv_services/include/opencv_services/opencv_services/srv/detail/parts_targets_pos__rosidl_typesupport_fastrtps_c.h
[0.307s] -- Up-to-date: /home/user/ws/urcell_ws/install/opencv_services/lib/libopencv_services__rosidl_typesupport_fastrtps_c.so
[0.307s] -- Up-to-date: /home/user/ws/urcell_ws/install/opencv_services/include/opencv_services/opencv_services
[0.307s] -- Up-to-date: /home/user/ws/urcell_ws/install/opencv_services/include/opencv_services/opencv_services/srv
[0.307s] -- Up-to-date: /home/user/ws/urcell_ws/install/opencv_services/include/opencv_services/opencv_services/srv/parts_targets_pos.hpp
[0.307s] -- Up-to-date: /home/user/ws/urcell_ws/install/opencv_services/include/opencv_services/opencv_services/srv/detail
[0.308s] -- Up-to-date: /home/user/ws/urcell_ws/install/opencv_services/include/opencv_services/opencv_services/srv/detail/parts_targets_pos__struct.hpp
[0.308s] -- Up-to-date: /home/user/ws/urcell_ws/install/opencv_services/include/opencv_services/opencv_services/srv/detail/parts_targets_pos__builder.hpp
[0.308s] -- Up-to-date: /home/user/ws/urcell_ws/install/opencv_services/include/opencv_services/opencv_services/srv/detail/parts_targets_pos__traits.hpp
[0.308s] -- Up-to-date: /home/user/ws/urcell_ws/install/opencv_services/include/opencv_services/opencv_services
[0.308s] -- Up-to-date: /home/user/ws/urcell_ws/install/opencv_services/include/opencv_services/opencv_services/msg
[0.308s] -- Up-to-date: /home/user/ws/urcell_ws/install/opencv_services/include/opencv_services/opencv_services/msg/rosidl_typesupport_fastrtps_cpp__visibility_control.h
[0.308s] -- Up-to-date: /home/user/ws/urcell_ws/install/opencv_services/include/opencv_services/opencv_services/srv
[0.308s] -- Up-to-date: /home/user/ws/urcell_ws/install/opencv_services/include/opencv_services/opencv_services/srv/detail
[0.308s] -- Up-to-date: /home/user/ws/urcell_ws/install/opencv_services/include/opencv_services/opencv_services/srv/detail/parts_targets_pos__rosidl_typesupport_fastrtps_cpp.hpp
[0.308s] -- Up-to-date: /home/user/ws/urcell_ws/install/opencv_services/include/opencv_services/opencv_services/srv/detail/dds_fastrtps
[0.308s] -- Up-to-date: /home/user/ws/urcell_ws/install/opencv_services/lib/libopencv_services__rosidl_typesupport_fastrtps_cpp.so
[0.308s] -- Up-to-date: /home/user/ws/urcell_ws/install/opencv_services/include/opencv_services/opencv_services
[0.308s] -- Up-to-date: /home/user/ws/urcell_ws/install/opencv_services/include/opencv_services/opencv_services/msg
[0.309s] -- Up-to-date: /home/user/ws/urcell_ws/install/opencv_services/include/opencv_services/opencv_services/msg/rosidl_typesupport_introspection_c__visibility_control.h
[0.309s] -- Up-to-date: /home/user/ws/urcell_ws/install/opencv_services/include/opencv_services/opencv_services/srv
[0.309s] -- Up-to-date: /home/user/ws/urcell_ws/install/opencv_services/include/opencv_services/opencv_services/srv/detail
[0.309s] -- Up-to-date: /home/user/ws/urcell_ws/install/opencv_services/include/opencv_services/opencv_services/srv/detail/parts_targets_pos__type_support.c
[0.309s] -- Up-to-date: /home/user/ws/urcell_ws/install/opencv_services/include/opencv_services/opencv_services/srv/detail/parts_targets_pos__rosidl_typesupport_introspection_c.h
[0.309s] -- Up-to-date: /home/user/ws/urcell_ws/install/opencv_services/lib/libopencv_services__rosidl_typesupport_introspection_c.so
[0.309s] -- Up-to-date: /home/user/ws/urcell_ws/install/opencv_services/lib/libopencv_services__rosidl_typesupport_c.so
[0.309s] -- Up-to-date: /home/user/ws/urcell_ws/install/opencv_services/include/opencv_services/opencv_services
[0.309s] -- Up-to-date: /home/user/ws/urcell_ws/install/opencv_services/include/opencv_services/opencv_services/srv
[0.309s] -- Up-to-date: /home/user/ws/urcell_ws/install/opencv_services/include/opencv_services/opencv_services/srv/detail
[0.309s] -- Up-to-date: /home/user/ws/urcell_ws/install/opencv_services/include/opencv_services/opencv_services/srv/detail/parts_targets_pos__type_support.cpp
[0.309s] -- Up-to-date: /home/user/ws/urcell_ws/install/opencv_services/include/opencv_services/opencv_services/srv/detail/parts_targets_pos__rosidl_typesupport_introspection_cpp.hpp
[0.309s] -- Up-to-date: /home/user/ws/urcell_ws/install/opencv_services/lib/libopencv_services__rosidl_typesupport_introspection_cpp.so
[0.309s] -- Up-to-date: /home/user/ws/urcell_ws/install/opencv_services/lib/libopencv_services__rosidl_typesupport_cpp.so
[0.309s] -- Up-to-date: /home/user/ws/urcell_ws/install/opencv_services/share/opencv_services/environment/pythonpath.sh
[0.309s] -- Up-to-date: /home/user/ws/urcell_ws/install/opencv_services/share/opencv_services/environment/pythonpath.dsv
[0.309s] -- Up-to-date: /home/user/ws/urcell_ws/install/opencv_services/local/lib/python3.10/dist-packages/opencv_services-0.0.0-py3.10.egg-info
[0.309s] -- Installing: /home/user/ws/urcell_ws/install/opencv_services/local/lib/python3.10/dist-packages/opencv_services-0.0.0-py3.10.egg-info/PKG-INFO
[0.309s] -- Installing: /home/user/ws/urcell_ws/install/opencv_services/local/lib/python3.10/dist-packages/opencv_services-0.0.0-py3.10.egg-info/dependency_links.txt
[0.309s] -- Installing: /home/user/ws/urcell_ws/install/opencv_services/local/lib/python3.10/dist-packages/opencv_services-0.0.0-py3.10.egg-info/top_level.txt
[0.309s] -- Installing: /home/user/ws/urcell_ws/install/opencv_services/local/lib/python3.10/dist-packages/opencv_services-0.0.0-py3.10.egg-info/SOURCES.txt
[0.309s] -- Up-to-date: /home/user/ws/urcell_ws/install/opencv_services/local/lib/python3.10/dist-packages/opencv_services
[0.309s] -- Up-to-date: /home/user/ws/urcell_ws/install/opencv_services/local/lib/python3.10/dist-packages/opencv_services/opencv_services_s__rosidl_typesupport_introspection_c.cpython-310-x86_64-linux-gnu.so
[0.309s] -- Up-to-date: /home/user/ws/urcell_ws/install/opencv_services/local/lib/python3.10/dist-packages/opencv_services/opencv_services_s__rosidl_typesupport_c.cpython-310-x86_64-linux-gnu.so
[0.309s] -- Up-to-date: /home/user/ws/urcell_ws/install/opencv_services/local/lib/python3.10/dist-packages/opencv_services/opencv_services_s__rosidl_typesupport_fastrtps_c.cpython-310-x86_64-linux-gnu.so
[0.309s] -- Up-to-date: /home/user/ws/urcell_ws/install/opencv_services/local/lib/python3.10/dist-packages/opencv_services/_opencv_services_s.ep.rosidl_typesupport_fastrtps_c.c
[0.309s] -- Up-to-date: /home/user/ws/urcell_ws/install/opencv_services/local/lib/python3.10/dist-packages/opencv_services/_opencv_services_s.ep.rosidl_typesupport_c.c
[0.309s] -- Up-to-date: /home/user/ws/urcell_ws/install/opencv_services/local/lib/python3.10/dist-packages/opencv_services/srv
[0.310s] -- Up-to-date: /home/user/ws/urcell_ws/install/opencv_services/local/lib/python3.10/dist-packages/opencv_services/srv/_parts_targets_pos_s.c
[0.310s] -- Up-to-date: /home/user/ws/urcell_ws/install/opencv_services/local/lib/python3.10/dist-packages/opencv_services/srv/_parts_targets_pos.py
[0.310s] -- Up-to-date: /home/user/ws/urcell_ws/install/opencv_services/local/lib/python3.10/dist-packages/opencv_services/srv/__init__.py
[0.310s] -- Up-to-date: /home/user/ws/urcell_ws/install/opencv_services/local/lib/python3.10/dist-packages/opencv_services/_opencv_services_s.ep.rosidl_typesupport_introspection_c.c
[0.310s] -- Up-to-date: /home/user/ws/urcell_ws/install/opencv_services/local/lib/python3.10/dist-packages/opencv_services/libopencv_services__rosidl_generator_py.so
[0.310s] -- Up-to-date: /home/user/ws/urcell_ws/install/opencv_services/local/lib/python3.10/dist-packages/opencv_services/__init__.py
[0.328s] Listing '/home/user/ws/urcell_ws/install/opencv_services/local/lib/python3.10/dist-packages/opencv_services'...
[0.328s] Listing '/home/user/ws/urcell_ws/install/opencv_services/local/lib/python3.10/dist-packages/opencv_services/srv'...
[0.331s] -- Up-to-date: /home/user/ws/urcell_ws/install/opencv_services/local/lib/python3.10/dist-packages/opencv_services/opencv_services_s__rosidl_typesupport_fastrtps_c.cpython-310-x86_64-linux-gnu.so
[0.331s] -- Up-to-date: /home/user/ws/urcell_ws/install/opencv_services/local/lib/python3.10/dist-packages/opencv_services/opencv_services_s__rosidl_typesupport_introspection_c.cpython-310-x86_64-linux-gnu.so
[0.331s] -- Up-to-date: /home/user/ws/urcell_ws/install/opencv_services/local/lib/python3.10/dist-packages/opencv_services/opencv_services_s__rosidl_typesupport_c.cpython-310-x86_64-linux-gnu.so
[0.331s] -- Up-to-date: /home/user/ws/urcell_ws/install/opencv_services/lib/libopencv_services__rosidl_generator_py.so
[0.331s] -- Up-to-date: /home/user/ws/urcell_ws/install/opencv_services/share/opencv_services/srv/PartsTargetsPos.idl
[0.331s] -- Up-to-date: /home/user/ws/urcell_ws/install/opencv_services/share/opencv_services/srv/PartsTargetsPos.srv
[0.331s] -- Up-to-date: /home/user/ws/urcell_ws/install/opencv_services/share/opencv_services/srv/PartsTargetsPos_Request.msg
[0.331s] -- Up-to-date: /home/user/ws/urcell_ws/install/opencv_services/share/opencv_services/srv/PartsTargetsPos_Response.msg
[0.331s] -- Up-to-date: /home/user/ws/urcell_ws/install/opencv_services/share/ament_index/resource_index/package_run_dependencies/opencv_services
[0.332s] -- Up-to-date: /home/user/ws/urcell_ws/install/opencv_services/share/ament_index/resource_index/parent_prefix_path/opencv_services
[0.332s] -- Up-to-date: /home/user/ws/urcell_ws/install/opencv_services/share/opencv_services/environment/ament_prefix_path.sh
[0.332s] -- Up-to-date: /home/user/ws/urcell_ws/install/opencv_services/share/opencv_services/environment/ament_prefix_path.dsv
[0.332s] -- Up-to-date: /home/user/ws/urcell_ws/install/opencv_services/share/opencv_services/environment/path.sh
[0.332s] -- Up-to-date: /home/user/ws/urcell_ws/install/opencv_services/share/opencv_services/environment/path.dsv
[0.332s] -- Up-to-date: /home/user/ws/urcell_ws/install/opencv_services/share/opencv_services/local_setup.bash
[0.332s] -- Up-to-date: /home/user/ws/urcell_ws/install/opencv_services/share/opencv_services/local_setup.sh
[0.332s] -- Up-to-date: /home/user/ws/urcell_ws/install/opencv_services/share/opencv_services/local_setup.zsh
[0.332s] -- Up-to-date: /home/user/ws/urcell_ws/install/opencv_services/share/opencv_services/local_setup.dsv
[0.332s] -- Installing: /home/user/ws/urcell_ws/install/opencv_services/share/opencv_services/package.dsv
[0.332s] -- Up-to-date: /home/user/ws/urcell_ws/install/opencv_services/share/ament_index/resource_index/packages/opencv_services
[0.332s] -- Up-to-date: /home/user/ws/urcell_ws/install/opencv_services/share/opencv_services/cmake/export_opencv_services__rosidl_generator_cExport.cmake
[0.332s] -- Up-to-date: /home/user/ws/urcell_ws/install/opencv_services/share/opencv_services/cmake/export_opencv_services__rosidl_generator_cExport-noconfig.cmake
[0.332s] -- Up-to-date: /home/user/ws/urcell_ws/install/opencv_services/share/opencv_services/cmake/export_opencv_services__rosidl_typesupport_fastrtps_cExport.cmake
[0.332s] -- Up-to-date: /home/user/ws/urcell_ws/install/opencv_services/share/opencv_services/cmake/export_opencv_services__rosidl_typesupport_fastrtps_cExport-noconfig.cmake
[0.332s] -- Up-to-date: /home/user/ws/urcell_ws/install/opencv_services/share/opencv_services/cmake/export_opencv_services__rosidl_generator_cppExport.cmake
[0.332s] -- Up-to-date: /home/user/ws/urcell_ws/install/opencv_services/share/opencv_services/cmake/export_opencv_services__rosidl_typesupport_fastrtps_cppExport.cmake
[0.332s] -- Up-to-date: /home/user/ws/urcell_ws/install/opencv_services/share/opencv_services/cmake/export_opencv_services__rosidl_typesupport_fastrtps_cppExport-noconfig.cmake
[0.332s] -- Up-to-date: /home/user/ws/urcell_ws/install/opencv_services/share/opencv_services/cmake/opencv_services__rosidl_typesupport_introspection_cExport.cmake
[0.332s] -- Up-to-date: /home/user/ws/urcell_ws/install/opencv_services/share/opencv_services/cmake/opencv_services__rosidl_typesupport_introspection_cExport-noconfig.cmake
[0.333s] -- Up-to-date: /home/user/ws/urcell_ws/install/opencv_services/share/opencv_services/cmake/opencv_services__rosidl_typesupport_cExport.cmake
[0.333s] -- Up-to-date: /home/user/ws/urcell_ws/install/opencv_services/share/opencv_services/cmake/opencv_services__rosidl_typesupport_cExport-noconfig.cmake
[0.333s] -- Up-to-date: /home/user/ws/urcell_ws/install/opencv_services/share/opencv_services/cmake/opencv_services__rosidl_typesupport_introspection_cppExport.cmake
[0.333s] -- Up-to-date: /home/user/ws/urcell_ws/install/opencv_services/share/opencv_services/cmake/opencv_services__rosidl_typesupport_introspection_cppExport-noconfig.cmake
[0.333s] -- Up-to-date: /home/user/ws/urcell_ws/install/opencv_services/share/opencv_services/cmake/opencv_services__rosidl_typesupport_cppExport.cmake
[0.333s] -- Up-to-date: /home/user/ws/urcell_ws/install/opencv_services/share/opencv_services/cmake/opencv_services__rosidl_typesupport_cppExport-noconfig.cmake
[0.333s] -- Up-to-date: /home/user/ws/urcell_ws/install/opencv_services/share/opencv_services/cmake/export_opencv_services__rosidl_generator_pyExport.cmake
[0.333s] -- Up-to-date: /home/user/ws/urcell_ws/install/opencv_services/share/opencv_services/cmake/export_opencv_services__rosidl_generator_pyExport-noconfig.cmake
[0.333s] -- Up-to-date: /home/user/ws/urcell_ws/install/opencv_services/share/opencv_services/cmake/rosidl_cmake-extras.cmake
[0.333s] -- Up-to-date: /home/user/ws/urcell_ws/install/opencv_services/share/opencv_services/cmake/ament_cmake_export_dependencies-extras.cmake
[0.333s] -- Up-to-date: /home/user/ws/urcell_ws/install/opencv_services/share/opencv_services/cmake/ament_cmake_export_include_directories-extras.cmake
[0.333s] -- Up-to-date: /home/user/ws/urcell_ws/install/opencv_services/share/opencv_services/cmake/ament_cmake_export_libraries-extras.cmake
[0.333s] -- Up-to-date: /home/user/ws/urcell_ws/install/opencv_services/share/opencv_services/cmake/ament_cmake_export_targets-extras.cmake
[0.333s] -- Up-to-date: /home/user/ws/urcell_ws/install/opencv_services/share/opencv_services/cmake/rosidl_cmake_export_typesupport_targets-extras.cmake
[0.333s] -- Up-to-date: /home/user/ws/urcell_ws/install/opencv_services/share/opencv_services/cmake/rosidl_cmake_export_typesupport_libraries-extras.cmake
[0.333s] -- Up-to-date: /home/user/ws/urcell_ws/install/opencv_services/share/opencv_services/cmake/opencv_servicesConfig.cmake
[0.333s] -- Up-to-date: /home/user/ws/urcell_ws/install/opencv_services/share/opencv_services/cmake/opencv_servicesConfig-version.cmake
[0.333s] -- Up-to-date: /home/user/ws/urcell_ws/install/opencv_services/share/opencv_services/package.xml
[0.334s] Invoked command in '/home/user/ws/urcell_ws/build/opencv_services' returned '0': CMAKE_PREFIX_PATH=${CMAKE_PREFIX_PATH}:/home/user/ws/urcell_ws/install/image_saver_pkg:/opt/ros/humble /usr/bin/cmake --install /home/user/ws/urcell_ws/build/opencv_services
