-- Install configuration: ""
-- Installing: /home/user/ws/urcell_ws/install/urcell_moveit_config/share/ament_index/resource_index/package_run_dependencies/urcell_moveit_config
-- Installing: /home/user/ws/urcell_ws/install/urcell_moveit_config/share/ament_index/resource_index/parent_prefix_path/urcell_moveit_config
-- Installing: /home/user/ws/urcell_ws/install/urcell_moveit_config/share/urcell_moveit_config/environment/ament_prefix_path.sh
-- Installing: /home/user/ws/urcell_ws/install/urcell_moveit_config/share/urcell_moveit_config/environment/ament_prefix_path.dsv
-- Installing: /home/user/ws/urcell_ws/install/urcell_moveit_config/share/urcell_moveit_config/environment/path.sh
-- Installing: /home/user/ws/urcell_ws/install/urcell_moveit_config/share/urcell_moveit_config/environment/path.dsv
-- Installing: /home/user/ws/urcell_ws/install/urcell_moveit_config/share/urcell_moveit_config/local_setup.bash
-- Installing: /home/user/ws/urcell_ws/install/urcell_moveit_config/share/urcell_moveit_config/local_setup.sh
-- Installing: /home/user/ws/urcell_ws/install/urcell_moveit_config/share/urcell_moveit_config/local_setup.zsh
-- Installing: /home/user/ws/urcell_ws/install/urcell_moveit_config/share/urcell_moveit_config/local_setup.dsv
-- Installing: /home/user/ws/urcell_ws/install/urcell_moveit_config/share/urcell_moveit_config/package.dsv
-- Installing: /home/user/ws/urcell_ws/install/urcell_moveit_config/share/ament_index/resource_index/packages/urcell_moveit_config
-- Installing: /home/user/ws/urcell_ws/install/urcell_moveit_config/share/urcell_moveit_config/cmake/urcell_moveit_configConfig.cmake
-- Installing: /home/user/ws/urcell_ws/install/urcell_moveit_config/share/urcell_moveit_config/cmake/urcell_moveit_configConfig-version.cmake
-- Installing: /home/user/ws/urcell_ws/install/urcell_moveit_config/share/urcell_moveit_config/package.xml
-- Installing: /home/user/ws/urcell_ws/install/urcell_moveit_config/share/urcell_moveit_config/launch
-- Installing: /home/user/ws/urcell_ws/install/urcell_moveit_config/share/urcell_moveit_config/launch/warehouse_db.launch.py
-- Installing: /home/user/ws/urcell_ws/install/urcell_moveit_config/share/urcell_moveit_config/launch/moveit_rviz.launch.py
-- Installing: /home/user/ws/urcell_ws/install/urcell_moveit_config/share/urcell_moveit_config/launch/move_group.launch.py
-- Installing: /home/user/ws/urcell_ws/install/urcell_moveit_config/share/urcell_moveit_config/launch/setup_assistant.launch.py
-- Installing: /home/user/ws/urcell_ws/install/urcell_moveit_config/share/urcell_moveit_config/launch/rsp.launch.py
-- Installing: /home/user/ws/urcell_ws/install/urcell_moveit_config/share/urcell_moveit_config/launch/static_virtual_joint_tfs.launch.py
-- Installing: /home/user/ws/urcell_ws/install/urcell_moveit_config/share/urcell_moveit_config/launch/spawn_controllers.launch.py
-- Installing: /home/user/ws/urcell_ws/install/urcell_moveit_config/share/urcell_moveit_config/launch/demo.launch.py
-- Installing: /home/user/ws/urcell_ws/install/urcell_moveit_config/share/urcell_moveit_config/config
-- Installing: /home/user/ws/urcell_ws/install/urcell_moveit_config/share/urcell_moveit_config/config/initial_positions.yaml
-- Installing: /home/user/ws/urcell_ws/install/urcell_moveit_config/share/urcell_moveit_config/config/ros2_controllers.yaml
-- Installing: /home/user/ws/urcell_ws/install/urcell_moveit_config/share/urcell_moveit_config/config/kinematics.yaml
-- Installing: /home/user/ws/urcell_ws/install/urcell_moveit_config/share/urcell_moveit_config/config/joint_limits.yaml
-- Installing: /home/user/ws/urcell_ws/install/urcell_moveit_config/share/urcell_moveit_config/config/model.urdf.xacro
-- Installing: /home/user/ws/urcell_ws/install/urcell_moveit_config/share/urcell_moveit_config/config/sensors_3d.yaml
-- Installing: /home/user/ws/urcell_ws/install/urcell_moveit_config/share/urcell_moveit_config/config/moveit_controllers.yaml
-- Installing: /home/user/ws/urcell_ws/install/urcell_moveit_config/share/urcell_moveit_config/config/pilz_cartesian_limits.yaml
-- Installing: /home/user/ws/urcell_ws/install/urcell_moveit_config/share/urcell_moveit_config/config/model.ros2_control.xacro
-- Installing: /home/user/ws/urcell_ws/install/urcell_moveit_config/share/urcell_moveit_config/config/moveit.rviz
-- Installing: /home/user/ws/urcell_ws/install/urcell_moveit_config/share/urcell_moveit_config/config/model.srdf
-- Installing: /home/user/ws/urcell_ws/install/urcell_moveit_config/share/urcell_moveit_config/.setup_assistant
