[35m[1mConsolidate compiler generated dependencies of target opencv_extract_object_positions[0m
[  9%] Built target opencv_services__rosidl_generator_c
[ 12%] Built target opencv_services__cpp
[ 15%] [32mBuilding CXX object CMakeFiles/opencv_extract_object_positions.dir/src/opencv_extract_object_positions.cpp.o[0m
[ 15%] Built target ament_cmake_python_copy_opencv_services
[ 33%] Built target opencv_services__rosidl_typesupport_introspection_cpp
[ 33%] Built target opencv_services__rosidl_typesupport_introspection_c
[ 42%] Built target opencv_services__rosidl_typesupport_c
[ 51%] Built target opencv_services__rosidl_typesupport_fastrtps_c
[ 60%] Built target opencv_services__rosidl_typesupport_cpp
[ 69%] Built target opencv_services__rosidl_typesupport_fastrtps_cpp
[ 69%] Built target opencv_services
[ 72%] Built target opencv_services__py
[ 78%] Built target opencv_services__rosidl_generator_py
[ 84%] Built target opencv_services__rosidl_typesupport_fastrtps_c__pyext
[ 90%] Built target opencv_services__rosidl_typesupport_introspection_c__pyext
[ 96%] Built target opencv_services__rosidl_typesupport_c__pyext
running egg_info
writing opencv_services.egg-info/PKG-INFO
writing dependency_links to opencv_services.egg-info/dependency_links.txt
writing top-level names to opencv_services.egg-info/top_level.txt
reading manifest file 'opencv_services.egg-info/SOURCES.txt'
writing manifest file 'opencv_services.egg-info/SOURCES.txt'
[ 96%] Built target ament_cmake_python_build_opencv_services_egg
[01m[K/home/user/ws/urcell_ws/src/opencv_services/src/opencv_extract_object_positions.cpp:[m[K In member function ‘[01m[Kvoid YoloInferenceForwarder::yoloInferenceCallback(std::shared_ptr<yolov8_msgs::srv::YoloInference_Request_<std::allocator<void> > >, std::shared_ptr<yolov8_msgs::srv::YoloInference_Response_<std::allocator<void> > >)[m[K’:
[01m[K/home/user/ws/urcell_ws/src/opencv_services/src/opencv_extract_object_positions.cpp:15:34:[m[K [01;31m[Kerror: [m[K‘[01m[Kusing element_type = struct yolov8_msgs::srv::YoloInference_Request_<std::allocator<void> >[m[K’ {aka ‘[01m[Kstruct yolov8_msgs::srv::YoloInference_Request_<std::allocator<void> >[m[K’} has no member named ‘[01m[Kroi[m[K’
   15 |         response->roi = request->[01;31m[Kroi[m[K;
      |                                  [01;31m[K^~~[m[K
gmake[2]: *** [CMakeFiles/opencv_extract_object_positions.dir/build.make:76: CMakeFiles/opencv_extract_object_positions.dir/src/opencv_extract_object_positions.cpp.o] Error 1
gmake[1]: *** [CMakeFiles/Makefile2:182: CMakeFiles/opencv_extract_object_positions.dir/all] Error 2
gmake: *** [Makefile:146: all] Error 2
