[0.010s] Invoking command in '/home/user/ws/urcell_ws/build/opencv_services': CMAKE_PREFIX_PATH=/home/user/ws/urcell_ws/install/yolov8_msgs:/home/user/ws/urcell_ws/install/opencv_services:/home/user/ws/urcell_ws/install/yolobot_recognition:/home/user/ws/urcell_ws/install/urcell_sim:/home/user/ws/urcell_ws/install/urcell_moveit_sim:/home/user/ws/urcell_ws/install/urcell_moveit_config:/home/user/ws/urcell_ws/install/urcell_description:/home/user/ws/urcell_ws/install/image_saver_pkg:/opt/ros/humble LD_LIBRARY_PATH=/home/user/ws/urcell_ws/install/yolov8_msgs/lib:/home/user/ws/urcell_ws/install/opencv_services/lib:/usr/lib/x86_64-linux-gnu/gazebo-11/plugins:/opt/ros/humble/opt/rviz_ogre_vendor/lib:/opt/ros/humble/lib/x86_64-linux-gnu:/opt/ros/humble/lib /usr/bin/cmake --build /home/user/ws/urcell_ws/build/opencv_services -- -j8 -l8
[0.042s] [35m[1mConsolidate compiler generated dependencies of target opencv_extract_object_positions[0m
[0.052s] [  9%] Built target opencv_services__rosidl_generator_c
[0.053s] [ 12%] Built target opencv_services__cpp
[0.056s] [ 15%] [32mBuilding CXX object CMakeFiles/opencv_extract_object_positions.dir/src/opencv_extract_object_positions.cpp.o[0m
[0.062s] [ 15%] Built target ament_cmake_python_copy_opencv_services
[0.075s] [ 33%] Built target opencv_services__rosidl_typesupport_introspection_cpp
[0.075s] [ 33%] Built target opencv_services__rosidl_typesupport_introspection_c
[0.080s] [ 42%] Built target opencv_services__rosidl_typesupport_c
[0.082s] [ 51%] Built target opencv_services__rosidl_typesupport_fastrtps_c
[0.087s] [ 60%] Built target opencv_services__rosidl_typesupport_cpp
[0.087s] [ 69%] Built target opencv_services__rosidl_typesupport_fastrtps_cpp
[0.103s] [ 69%] Built target opencv_services
[0.119s] [ 72%] Built target opencv_services__py
[0.136s] [ 78%] Built target opencv_services__rosidl_generator_py
[0.157s] [ 84%] Built target opencv_services__rosidl_typesupport_fastrtps_c__pyext
[0.159s] [ 90%] Built target opencv_services__rosidl_typesupport_introspection_c__pyext
[0.161s] [ 96%] Built target opencv_services__rosidl_typesupport_c__pyext
[0.261s] running egg_info
[0.262s] writing opencv_services.egg-info/PKG-INFO
[0.262s] writing dependency_links to opencv_services.egg-info/dependency_links.txt
[0.262s] writing top-level names to opencv_services.egg-info/top_level.txt
[0.264s] reading manifest file 'opencv_services.egg-info/SOURCES.txt'
[0.265s] writing manifest file 'opencv_services.egg-info/SOURCES.txt'
[0.287s] [ 96%] Built target ament_cmake_python_build_opencv_services_egg
[1.617s] [01m[K/home/user/ws/urcell_ws/src/opencv_services/src/opencv_extract_object_positions.cpp:[m[K In member function ‘[01m[Kvoid YoloInferenceForwarder::yoloInferenceCallback(std::shared_ptr<yolov8_msgs::srv::YoloInference_Request_<std::allocator<void> > >, std::shared_ptr<yolov8_msgs::srv::YoloInference_Response_<std::allocator<void> > >)[m[K’:
[1.618s] [01m[K/home/user/ws/urcell_ws/src/opencv_services/src/opencv_extract_object_positions.cpp:15:34:[m[K [01;31m[Kerror: [m[K‘[01m[Kusing element_type = struct yolov8_msgs::srv::YoloInference_Request_<std::allocator<void> >[m[K’ {aka ‘[01m[Kstruct yolov8_msgs::srv::YoloInference_Request_<std::allocator<void> >[m[K’} has no member named ‘[01m[Kroi[m[K’
[1.618s]    15 |         response->roi = request->[01;31m[Kroi[m[K;
[1.618s]       |                                  [01;31m[K^~~[m[K
[2.024s] gmake[2]: *** [CMakeFiles/opencv_extract_object_positions.dir/build.make:76: CMakeFiles/opencv_extract_object_positions.dir/src/opencv_extract_object_positions.cpp.o] Error 1
[2.024s] gmake[1]: *** [CMakeFiles/Makefile2:182: CMakeFiles/opencv_extract_object_positions.dir/all] Error 2
[2.024s] gmake: *** [Makefile:146: all] Error 2
[2.026s] Invoked command in '/home/user/ws/urcell_ws/build/opencv_services' returned '2': CMAKE_PREFIX_PATH=/home/user/ws/urcell_ws/install/yolov8_msgs:/home/user/ws/urcell_ws/install/opencv_services:/home/user/ws/urcell_ws/install/yolobot_recognition:/home/user/ws/urcell_ws/install/urcell_sim:/home/user/ws/urcell_ws/install/urcell_moveit_sim:/home/user/ws/urcell_ws/install/urcell_moveit_config:/home/user/ws/urcell_ws/install/urcell_description:/home/user/ws/urcell_ws/install/image_saver_pkg:/opt/ros/humble LD_LIBRARY_PATH=/home/user/ws/urcell_ws/install/yolov8_msgs/lib:/home/user/ws/urcell_ws/install/opencv_services/lib:/usr/lib/x86_64-linux-gnu/gazebo-11/plugins:/opt/ros/humble/opt/rviz_ogre_vendor/lib:/opt/ros/humble/lib/x86_64-linux-gnu:/opt/ros/humble/lib /usr/bin/cmake --build /home/user/ws/urcell_ws/build/opencv_services -- -j8 -l8
