[0.163s] DEBUG:colcon:Command line arguments: ['/usr/bin/colcon', 'build', '--packages-select', 'opencv_services']
[0.163s] DEBUG:colcon:Parsed command line arguments: Namespace(log_base=None, log_level=None, verb_name='build', build_base='build', install_base='install', merge_install=False, symlink_install=False, test_result_base=None, continue_on_error=False, executor='parallel', parallel_workers=8, event_handlers=None, ignore_user_meta=False, metas=['./colcon.meta'], base_paths=['.'], packages_ignore=None, packages_ignore_regex=None, paths=None, packages_up_to=None, packages_up_to_regex=None, packages_above=None, packages_above_and_dependencies=None, packages_above_depth=None, packages_select_by_dep=None, packages_skip_by_dep=None, packages_skip_up_to=None, packages_select_build_failed=False, packages_skip_build_finished=False, packages_select_test_failures=False, packages_skip_test_passed=False, packages_select=['opencv_services'], packages_skip=None, packages_select_regex=None, packages_skip_regex=None, packages_start=None, packages_end=None, allow_overriding=[], cmake_args=None, cmake_target=None, cmake_target_skip_unavailable=False, cmake_clean_cache=False, cmake_clean_first=False, cmake_force_configure=False, ament_cmake_args=None, catkin_cmake_args=None, catkin_skip_building_tests=False, mixin_files=None, mixin=None, verb_parser=<colcon_mixin.mixin.mixin_argument.MixinArgumentDecorator object at 0x7164b253b520>, verb_extension=<colcon_core.verb.build.BuildVerb object at 0x7164b253af50>, main=<bound method BuildVerb.main of <colcon_core.verb.build.BuildVerb object at 0x7164b253af50>>, mixin_verb=('build',))
[0.391s] Level 1:colcon.colcon_core.package_discovery:discover_packages(colcon_meta) check parameters
[0.391s] Level 1:colcon.colcon_core.package_discovery:discover_packages(recursive) check parameters
[0.391s] Level 1:colcon.colcon_core.package_discovery:discover_packages(ignore) check parameters
[0.391s] Level 1:colcon.colcon_core.package_discovery:discover_packages(path) check parameters
[0.391s] Level 1:colcon.colcon_core.package_discovery:discover_packages(colcon_meta) discover
[0.391s] Level 1:colcon.colcon_core.package_discovery:discover_packages(recursive) discover
[0.391s] INFO:colcon.colcon_core.package_discovery:Crawling recursively for packages in '/home/user/ws/urcell_ws'
[0.391s] Level 1:colcon.colcon_core.package_identification:_identify(.) by extensions ['ignore', 'ignore_ament_install']
[0.392s] Level 1:colcon.colcon_core.package_identification:_identify(.) by extension 'ignore'
[0.392s] Level 1:colcon.colcon_core.package_identification:_identify(.) by extension 'ignore_ament_install'
[0.392s] Level 1:colcon.colcon_core.package_identification:_identify(.) by extensions ['colcon_pkg']
[0.392s] Level 1:colcon.colcon_core.package_identification:_identify(.) by extension 'colcon_pkg'
[0.392s] Level 1:colcon.colcon_core.package_identification:_identify(.) by extensions ['colcon_meta']
[0.392s] Level 1:colcon.colcon_core.package_identification:_identify(.) by extension 'colcon_meta'
[0.392s] Level 1:colcon.colcon_core.package_identification:_identify(.) by extensions ['ros']
[0.392s] Level 1:colcon.colcon_core.package_identification:_identify(.) by extension 'ros'
[0.404s] Level 1:colcon.colcon_core.package_identification:_identify(.) by extensions ['cmake', 'python']
[0.404s] Level 1:colcon.colcon_core.package_identification:_identify(.) by extension 'cmake'
[0.404s] Level 1:colcon.colcon_core.package_identification:_identify(.) by extension 'python'
[0.404s] Level 1:colcon.colcon_core.package_identification:_identify(.) by extensions ['python_setup_py']
[0.404s] Level 1:colcon.colcon_core.package_identification:_identify(.) by extension 'python_setup_py'
[0.404s] Level 1:colcon.colcon_core.package_identification:_identify(build) by extensions ['ignore', 'ignore_ament_install']
[0.405s] Level 1:colcon.colcon_core.package_identification:_identify(build) by extension 'ignore'
[0.405s] Level 1:colcon.colcon_core.package_identification:_identify(build) ignored
[0.405s] Level 1:colcon.colcon_core.package_identification:_identify(install) by extensions ['ignore', 'ignore_ament_install']
[0.405s] Level 1:colcon.colcon_core.package_identification:_identify(install) by extension 'ignore'
[0.405s] Level 1:colcon.colcon_core.package_identification:_identify(install) ignored
[0.405s] Level 1:colcon.colcon_core.package_identification:_identify(log) by extensions ['ignore', 'ignore_ament_install']
[0.405s] Level 1:colcon.colcon_core.package_identification:_identify(log) by extension 'ignore'
[0.405s] Level 1:colcon.colcon_core.package_identification:_identify(log) ignored
[0.405s] Level 1:colcon.colcon_core.package_identification:_identify(src) by extensions ['ignore', 'ignore_ament_install']
[0.405s] Level 1:colcon.colcon_core.package_identification:_identify(src) by extension 'ignore'
[0.405s] Level 1:colcon.colcon_core.package_identification:_identify(src) by extension 'ignore_ament_install'
[0.406s] Level 1:colcon.colcon_core.package_identification:_identify(src) by extensions ['colcon_pkg']
[0.406s] Level 1:colcon.colcon_core.package_identification:_identify(src) by extension 'colcon_pkg'
[0.406s] Level 1:colcon.colcon_core.package_identification:_identify(src) by extensions ['colcon_meta']
[0.406s] Level 1:colcon.colcon_core.package_identification:_identify(src) by extension 'colcon_meta'
[0.406s] Level 1:colcon.colcon_core.package_identification:_identify(src) by extensions ['ros']
[0.406s] Level 1:colcon.colcon_core.package_identification:_identify(src) by extension 'ros'
[0.406s] Level 1:colcon.colcon_core.package_identification:_identify(src) by extensions ['cmake', 'python']
[0.406s] Level 1:colcon.colcon_core.package_identification:_identify(src) by extension 'cmake'
[0.406s] Level 1:colcon.colcon_core.package_identification:_identify(src) by extension 'python'
[0.406s] Level 1:colcon.colcon_core.package_identification:_identify(src) by extensions ['python_setup_py']
[0.406s] Level 1:colcon.colcon_core.package_identification:_identify(src) by extension 'python_setup_py'
[0.406s] Level 1:colcon.colcon_core.package_identification:_identify(src/image_saver_pkg) by extensions ['ignore', 'ignore_ament_install']
[0.406s] Level 1:colcon.colcon_core.package_identification:_identify(src/image_saver_pkg) by extension 'ignore'
[0.406s] Level 1:colcon.colcon_core.package_identification:_identify(src/image_saver_pkg) by extension 'ignore_ament_install'
[0.406s] Level 1:colcon.colcon_core.package_identification:_identify(src/image_saver_pkg) by extensions ['colcon_pkg']
[0.406s] Level 1:colcon.colcon_core.package_identification:_identify(src/image_saver_pkg) by extension 'colcon_pkg'
[0.406s] Level 1:colcon.colcon_core.package_identification:_identify(src/image_saver_pkg) by extensions ['colcon_meta']
[0.406s] Level 1:colcon.colcon_core.package_identification:_identify(src/image_saver_pkg) by extension 'colcon_meta'
[0.407s] Level 1:colcon.colcon_core.package_identification:_identify(src/image_saver_pkg) by extensions ['ros']
[0.407s] Level 1:colcon.colcon_core.package_identification:_identify(src/image_saver_pkg) by extension 'ros'
[0.410s] DEBUG:colcon.colcon_core.package_identification:Package 'src/image_saver_pkg' with type 'ros.ament_python' and name 'image_saver_pkg'
[0.410s] Level 1:colcon.colcon_core.package_identification:_identify(src/opencv_services) by extensions ['ignore', 'ignore_ament_install']
[0.410s] Level 1:colcon.colcon_core.package_identification:_identify(src/opencv_services) by extension 'ignore'
[0.410s] Level 1:colcon.colcon_core.package_identification:_identify(src/opencv_services) by extension 'ignore_ament_install'
[0.410s] Level 1:colcon.colcon_core.package_identification:_identify(src/opencv_services) by extensions ['colcon_pkg']
[0.410s] Level 1:colcon.colcon_core.package_identification:_identify(src/opencv_services) by extension 'colcon_pkg'
[0.410s] Level 1:colcon.colcon_core.package_identification:_identify(src/opencv_services) by extensions ['colcon_meta']
[0.410s] Level 1:colcon.colcon_core.package_identification:_identify(src/opencv_services) by extension 'colcon_meta'
[0.410s] Level 1:colcon.colcon_core.package_identification:_identify(src/opencv_services) by extensions ['ros']
[0.410s] Level 1:colcon.colcon_core.package_identification:_identify(src/opencv_services) by extension 'ros'
[0.412s] DEBUG:colcon.colcon_core.package_identification:Package 'src/opencv_services' with type 'ros.ament_cmake' and name 'opencv_services'
[0.412s] Level 1:colcon.colcon_core.package_identification:_identify(src/urcell_description) by extensions ['ignore', 'ignore_ament_install']
[0.412s] Level 1:colcon.colcon_core.package_identification:_identify(src/urcell_description) by extension 'ignore'
[0.412s] Level 1:colcon.colcon_core.package_identification:_identify(src/urcell_description) by extension 'ignore_ament_install'
[0.412s] Level 1:colcon.colcon_core.package_identification:_identify(src/urcell_description) by extensions ['colcon_pkg']
[0.412s] Level 1:colcon.colcon_core.package_identification:_identify(src/urcell_description) by extension 'colcon_pkg'
[0.412s] Level 1:colcon.colcon_core.package_identification:_identify(src/urcell_description) by extensions ['colcon_meta']
[0.412s] Level 1:colcon.colcon_core.package_identification:_identify(src/urcell_description) by extension 'colcon_meta'
[0.412s] Level 1:colcon.colcon_core.package_identification:_identify(src/urcell_description) by extensions ['ros']
[0.412s] Level 1:colcon.colcon_core.package_identification:_identify(src/urcell_description) by extension 'ros'
[0.413s] DEBUG:colcon.colcon_core.package_identification:Package 'src/urcell_description' with type 'ros.ament_cmake' and name 'urcell_description'
[0.413s] Level 1:colcon.colcon_core.package_identification:_identify(src/urcell_moveit_config) by extensions ['ignore', 'ignore_ament_install']
[0.413s] Level 1:colcon.colcon_core.package_identification:_identify(src/urcell_moveit_config) by extension 'ignore'
[0.413s] Level 1:colcon.colcon_core.package_identification:_identify(src/urcell_moveit_config) by extension 'ignore_ament_install'
[0.413s] Level 1:colcon.colcon_core.package_identification:_identify(src/urcell_moveit_config) by extensions ['colcon_pkg']
[0.413s] Level 1:colcon.colcon_core.package_identification:_identify(src/urcell_moveit_config) by extension 'colcon_pkg'
[0.413s] Level 1:colcon.colcon_core.package_identification:_identify(src/urcell_moveit_config) by extensions ['colcon_meta']
[0.413s] Level 1:colcon.colcon_core.package_identification:_identify(src/urcell_moveit_config) by extension 'colcon_meta'
[0.413s] Level 1:colcon.colcon_core.package_identification:_identify(src/urcell_moveit_config) by extensions ['ros']
[0.413s] Level 1:colcon.colcon_core.package_identification:_identify(src/urcell_moveit_config) by extension 'ros'
[0.414s] DEBUG:colcon.colcon_core.package_identification:Package 'src/urcell_moveit_config' with type 'ros.ament_cmake' and name 'urcell_moveit_config'
[0.415s] Level 1:colcon.colcon_core.package_identification:_identify(src/urcell_moveit_sim) by extensions ['ignore', 'ignore_ament_install']
[0.415s] Level 1:colcon.colcon_core.package_identification:_identify(src/urcell_moveit_sim) by extension 'ignore'
[0.415s] Level 1:colcon.colcon_core.package_identification:_identify(src/urcell_moveit_sim) by extension 'ignore_ament_install'
[0.415s] Level 1:colcon.colcon_core.package_identification:_identify(src/urcell_moveit_sim) by extensions ['colcon_pkg']
[0.415s] Level 1:colcon.colcon_core.package_identification:_identify(src/urcell_moveit_sim) by extension 'colcon_pkg'
[0.415s] Level 1:colcon.colcon_core.package_identification:_identify(src/urcell_moveit_sim) by extensions ['colcon_meta']
[0.415s] Level 1:colcon.colcon_core.package_identification:_identify(src/urcell_moveit_sim) by extension 'colcon_meta'
[0.415s] Level 1:colcon.colcon_core.package_identification:_identify(src/urcell_moveit_sim) by extensions ['ros']
[0.415s] Level 1:colcon.colcon_core.package_identification:_identify(src/urcell_moveit_sim) by extension 'ros'
[0.416s] DEBUG:colcon.colcon_core.package_identification:Package 'src/urcell_moveit_sim' with type 'ros.ament_cmake' and name 'urcell_moveit_sim'
[0.416s] Level 1:colcon.colcon_core.package_identification:_identify(src/urcell_sim) by extensions ['ignore', 'ignore_ament_install']
[0.416s] Level 1:colcon.colcon_core.package_identification:_identify(src/urcell_sim) by extension 'ignore'
[0.416s] Level 1:colcon.colcon_core.package_identification:_identify(src/urcell_sim) by extension 'ignore_ament_install'
[0.416s] Level 1:colcon.colcon_core.package_identification:_identify(src/urcell_sim) by extensions ['colcon_pkg']
[0.416s] Level 1:colcon.colcon_core.package_identification:_identify(src/urcell_sim) by extension 'colcon_pkg'
[0.416s] Level 1:colcon.colcon_core.package_identification:_identify(src/urcell_sim) by extensions ['colcon_meta']
[0.416s] Level 1:colcon.colcon_core.package_identification:_identify(src/urcell_sim) by extension 'colcon_meta'
[0.416s] Level 1:colcon.colcon_core.package_identification:_identify(src/urcell_sim) by extensions ['ros']
[0.416s] Level 1:colcon.colcon_core.package_identification:_identify(src/urcell_sim) by extension 'ros'
[0.417s] DEBUG:colcon.colcon_core.package_identification:Package 'src/urcell_sim' with type 'ros.ament_cmake' and name 'urcell_sim'
[0.417s] Level 1:colcon.colcon_core.package_identification:_identify(src/yolobot_recognition) by extensions ['ignore', 'ignore_ament_install']
[0.417s] Level 1:colcon.colcon_core.package_identification:_identify(src/yolobot_recognition) by extension 'ignore'
[0.417s] Level 1:colcon.colcon_core.package_identification:_identify(src/yolobot_recognition) by extension 'ignore_ament_install'
[0.417s] Level 1:colcon.colcon_core.package_identification:_identify(src/yolobot_recognition) by extensions ['colcon_pkg']
[0.417s] Level 1:colcon.colcon_core.package_identification:_identify(src/yolobot_recognition) by extension 'colcon_pkg'
[0.417s] Level 1:colcon.colcon_core.package_identification:_identify(src/yolobot_recognition) by extensions ['colcon_meta']
[0.418s] Level 1:colcon.colcon_core.package_identification:_identify(src/yolobot_recognition) by extension 'colcon_meta'
[0.418s] Level 1:colcon.colcon_core.package_identification:_identify(src/yolobot_recognition) by extensions ['ros']
[0.418s] Level 1:colcon.colcon_core.package_identification:_identify(src/yolobot_recognition) by extension 'ros'
[0.418s] DEBUG:colcon.colcon_core.package_identification:Package 'src/yolobot_recognition' with type 'ros.ament_cmake' and name 'yolobot_recognition'
[0.418s] Level 1:colcon.colcon_core.package_identification:_identify(src/yolov8_msgs) by extensions ['ignore', 'ignore_ament_install']
[0.418s] Level 1:colcon.colcon_core.package_identification:_identify(src/yolov8_msgs) by extension 'ignore'
[0.418s] Level 1:colcon.colcon_core.package_identification:_identify(src/yolov8_msgs) by extension 'ignore_ament_install'
[0.418s] Level 1:colcon.colcon_core.package_identification:_identify(src/yolov8_msgs) by extensions ['colcon_pkg']
[0.418s] Level 1:colcon.colcon_core.package_identification:_identify(src/yolov8_msgs) by extension 'colcon_pkg'
[0.418s] Level 1:colcon.colcon_core.package_identification:_identify(src/yolov8_msgs) by extensions ['colcon_meta']
[0.419s] Level 1:colcon.colcon_core.package_identification:_identify(src/yolov8_msgs) by extension 'colcon_meta'
[0.419s] Level 1:colcon.colcon_core.package_identification:_identify(src/yolov8_msgs) by extensions ['ros']
[0.419s] Level 1:colcon.colcon_core.package_identification:_identify(src/yolov8_msgs) by extension 'ros'
[0.419s] DEBUG:colcon.colcon_core.package_identification:Package 'src/yolov8_msgs' with type 'ros.ament_cmake' and name 'yolov8_msgs'
[0.419s] Level 1:colcon.colcon_core.package_identification:_identify(~ws) by extensions ['ignore', 'ignore_ament_install']
[0.419s] Level 1:colcon.colcon_core.package_identification:_identify(~ws) by extension 'ignore'
[0.420s] Level 1:colcon.colcon_core.package_identification:_identify(~ws) by extension 'ignore_ament_install'
[0.420s] Level 1:colcon.colcon_core.package_identification:_identify(~ws) by extensions ['colcon_pkg']
[0.420s] Level 1:colcon.colcon_core.package_identification:_identify(~ws) by extension 'colcon_pkg'
[0.420s] Level 1:colcon.colcon_core.package_identification:_identify(~ws) by extensions ['colcon_meta']
[0.420s] Level 1:colcon.colcon_core.package_identification:_identify(~ws) by extension 'colcon_meta'
[0.420s] Level 1:colcon.colcon_core.package_identification:_identify(~ws) by extensions ['ros']
[0.420s] Level 1:colcon.colcon_core.package_identification:_identify(~ws) by extension 'ros'
[0.420s] Level 1:colcon.colcon_core.package_identification:_identify(~ws) by extensions ['cmake', 'python']
[0.420s] Level 1:colcon.colcon_core.package_identification:_identify(~ws) by extension 'cmake'
[0.420s] Level 1:colcon.colcon_core.package_identification:_identify(~ws) by extension 'python'
[0.420s] Level 1:colcon.colcon_core.package_identification:_identify(~ws) by extensions ['python_setup_py']
[0.420s] Level 1:colcon.colcon_core.package_identification:_identify(~ws) by extension 'python_setup_py'
[0.420s] Level 1:colcon.colcon_core.package_identification:_identify(~ws/urcell_ws) by extensions ['ignore', 'ignore_ament_install']
[0.420s] Level 1:colcon.colcon_core.package_identification:_identify(~ws/urcell_ws) by extension 'ignore'
[0.420s] Level 1:colcon.colcon_core.package_identification:_identify(~ws/urcell_ws) by extension 'ignore_ament_install'
[0.420s] Level 1:colcon.colcon_core.package_identification:_identify(~ws/urcell_ws) by extensions ['colcon_pkg']
[0.420s] Level 1:colcon.colcon_core.package_identification:_identify(~ws/urcell_ws) by extension 'colcon_pkg'
[0.420s] Level 1:colcon.colcon_core.package_identification:_identify(~ws/urcell_ws) by extensions ['colcon_meta']
[0.420s] Level 1:colcon.colcon_core.package_identification:_identify(~ws/urcell_ws) by extension 'colcon_meta'
[0.420s] Level 1:colcon.colcon_core.package_identification:_identify(~ws/urcell_ws) by extensions ['ros']
[0.421s] Level 1:colcon.colcon_core.package_identification:_identify(~ws/urcell_ws) by extension 'ros'
[0.421s] Level 1:colcon.colcon_core.package_identification:_identify(~ws/urcell_ws) by extensions ['cmake', 'python']
[0.421s] Level 1:colcon.colcon_core.package_identification:_identify(~ws/urcell_ws) by extension 'cmake'
[0.421s] Level 1:colcon.colcon_core.package_identification:_identify(~ws/urcell_ws) by extension 'python'
[0.421s] Level 1:colcon.colcon_core.package_identification:_identify(~ws/urcell_ws) by extensions ['python_setup_py']
[0.421s] Level 1:colcon.colcon_core.package_identification:_identify(~ws/urcell_ws) by extension 'python_setup_py'
[0.421s] Level 1:colcon.colcon_core.package_identification:_identify(~ws/urcell_ws/src) by extensions ['ignore', 'ignore_ament_install']
[0.421s] Level 1:colcon.colcon_core.package_identification:_identify(~ws/urcell_ws/src) by extension 'ignore'
[0.421s] Level 1:colcon.colcon_core.package_identification:_identify(~ws/urcell_ws/src) by extension 'ignore_ament_install'
[0.421s] Level 1:colcon.colcon_core.package_identification:_identify(~ws/urcell_ws/src) by extensions ['colcon_pkg']
[0.421s] Level 1:colcon.colcon_core.package_identification:_identify(~ws/urcell_ws/src) by extension 'colcon_pkg'
[0.421s] Level 1:colcon.colcon_core.package_identification:_identify(~ws/urcell_ws/src) by extensions ['colcon_meta']
[0.421s] Level 1:colcon.colcon_core.package_identification:_identify(~ws/urcell_ws/src) by extension 'colcon_meta'
[0.421s] Level 1:colcon.colcon_core.package_identification:_identify(~ws/urcell_ws/src) by extensions ['ros']
[0.421s] Level 1:colcon.colcon_core.package_identification:_identify(~ws/urcell_ws/src) by extension 'ros'
[0.421s] Level 1:colcon.colcon_core.package_identification:_identify(~ws/urcell_ws/src) by extensions ['cmake', 'python']
[0.421s] Level 1:colcon.colcon_core.package_identification:_identify(~ws/urcell_ws/src) by extension 'cmake'
[0.421s] Level 1:colcon.colcon_core.package_identification:_identify(~ws/urcell_ws/src) by extension 'python'
[0.421s] Level 1:colcon.colcon_core.package_identification:_identify(~ws/urcell_ws/src) by extensions ['python_setup_py']
[0.421s] Level 1:colcon.colcon_core.package_identification:_identify(~ws/urcell_ws/src) by extension 'python_setup_py'
[0.422s] Level 1:colcon.colcon_core.package_identification:_identify(~ws/urcell_ws/src/yolobot_recognition) by extensions ['ignore', 'ignore_ament_install']
[0.422s] Level 1:colcon.colcon_core.package_identification:_identify(~ws/urcell_ws/src/yolobot_recognition) by extension 'ignore'
[0.422s] Level 1:colcon.colcon_core.package_identification:_identify(~ws/urcell_ws/src/yolobot_recognition) by extension 'ignore_ament_install'
[0.422s] Level 1:colcon.colcon_core.package_identification:_identify(~ws/urcell_ws/src/yolobot_recognition) by extensions ['colcon_pkg']
[0.422s] Level 1:colcon.colcon_core.package_identification:_identify(~ws/urcell_ws/src/yolobot_recognition) by extension 'colcon_pkg'
[0.422s] Level 1:colcon.colcon_core.package_identification:_identify(~ws/urcell_ws/src/yolobot_recognition) by extensions ['colcon_meta']
[0.422s] Level 1:colcon.colcon_core.package_identification:_identify(~ws/urcell_ws/src/yolobot_recognition) by extension 'colcon_meta'
[0.422s] Level 1:colcon.colcon_core.package_identification:_identify(~ws/urcell_ws/src/yolobot_recognition) by extensions ['ros']
[0.422s] Level 1:colcon.colcon_core.package_identification:_identify(~ws/urcell_ws/src/yolobot_recognition) by extension 'ros'
[0.422s] Level 1:colcon.colcon_core.package_identification:_identify(~ws/urcell_ws/src/yolobot_recognition) by extensions ['cmake', 'python']
[0.422s] Level 1:colcon.colcon_core.package_identification:_identify(~ws/urcell_ws/src/yolobot_recognition) by extension 'cmake'
[0.422s] Level 1:colcon.colcon_core.package_identification:_identify(~ws/urcell_ws/src/yolobot_recognition) by extension 'python'
[0.422s] Level 1:colcon.colcon_core.package_identification:_identify(~ws/urcell_ws/src/yolobot_recognition) by extensions ['python_setup_py']
[0.422s] Level 1:colcon.colcon_core.package_identification:_identify(~ws/urcell_ws/src/yolobot_recognition) by extension 'python_setup_py'
[0.422s] Level 1:colcon.colcon_core.package_identification:_identify(~ws/urcell_ws/src/yolobot_recognition/scripts) by extensions ['ignore', 'ignore_ament_install']
[0.422s] Level 1:colcon.colcon_core.package_identification:_identify(~ws/urcell_ws/src/yolobot_recognition/scripts) by extension 'ignore'
[0.422s] Level 1:colcon.colcon_core.package_identification:_identify(~ws/urcell_ws/src/yolobot_recognition/scripts) by extension 'ignore_ament_install'
[0.422s] Level 1:colcon.colcon_core.package_identification:_identify(~ws/urcell_ws/src/yolobot_recognition/scripts) by extensions ['colcon_pkg']
[0.422s] Level 1:colcon.colcon_core.package_identification:_identify(~ws/urcell_ws/src/yolobot_recognition/scripts) by extension 'colcon_pkg'
[0.422s] Level 1:colcon.colcon_core.package_identification:_identify(~ws/urcell_ws/src/yolobot_recognition/scripts) by extensions ['colcon_meta']
[0.422s] Level 1:colcon.colcon_core.package_identification:_identify(~ws/urcell_ws/src/yolobot_recognition/scripts) by extension 'colcon_meta'
[0.423s] Level 1:colcon.colcon_core.package_identification:_identify(~ws/urcell_ws/src/yolobot_recognition/scripts) by extensions ['ros']
[0.423s] Level 1:colcon.colcon_core.package_identification:_identify(~ws/urcell_ws/src/yolobot_recognition/scripts) by extension 'ros'
[0.423s] Level 1:colcon.colcon_core.package_identification:_identify(~ws/urcell_ws/src/yolobot_recognition/scripts) by extensions ['cmake', 'python']
[0.423s] Level 1:colcon.colcon_core.package_identification:_identify(~ws/urcell_ws/src/yolobot_recognition/scripts) by extension 'cmake'
[0.423s] Level 1:colcon.colcon_core.package_identification:_identify(~ws/urcell_ws/src/yolobot_recognition/scripts) by extension 'python'
[0.423s] Level 1:colcon.colcon_core.package_identification:_identify(~ws/urcell_ws/src/yolobot_recognition/scripts) by extensions ['python_setup_py']
[0.423s] Level 1:colcon.colcon_core.package_identification:_identify(~ws/urcell_ws/src/yolobot_recognition/scripts) by extension 'python_setup_py'
[0.423s] Level 1:colcon.colcon_core.package_discovery:discover_packages(recursive) using defaults
[0.423s] Level 1:colcon.colcon_core.package_discovery:discover_packages(ignore) discover
[0.423s] Level 1:colcon.colcon_core.package_discovery:discover_packages(ignore) using defaults
[0.423s] Level 1:colcon.colcon_core.package_discovery:discover_packages(path) discover
[0.423s] Level 1:colcon.colcon_core.package_discovery:discover_packages(path) using defaults
[0.461s] INFO:colcon.colcon_core.package_selection:Skipping not selected package 'image_saver_pkg' in 'src/image_saver_pkg'
[0.461s] INFO:colcon.colcon_core.package_selection:Skipping not selected package 'urcell_description' in 'src/urcell_description'
[0.461s] INFO:colcon.colcon_core.package_selection:Skipping not selected package 'urcell_moveit_sim' in 'src/urcell_moveit_sim'
[0.461s] INFO:colcon.colcon_core.package_selection:Skipping not selected package 'urcell_sim' in 'src/urcell_sim'
[0.461s] INFO:colcon.colcon_core.package_selection:Skipping not selected package 'yolobot_recognition' in 'src/yolobot_recognition'
[0.462s] INFO:colcon.colcon_core.package_selection:Skipping not selected package 'yolov8_msgs' in 'src/yolov8_msgs'
[0.462s] INFO:colcon.colcon_core.package_selection:Skipping not selected package 'urcell_moveit_config' in 'src/urcell_moveit_config'
[0.462s] Level 1:colcon.colcon_core.package_discovery:discover_packages(prefix_path) check parameters
[0.462s] Level 1:colcon.colcon_core.package_discovery:discover_packages(prefix_path) discover
[0.466s] DEBUG:colcon.colcon_installed_package_information.package_discovery:Found 388 installed packages in /opt/ros/humble
[0.469s] Level 1:colcon.colcon_core.package_discovery:discover_packages(prefix_path) using defaults
[0.526s] Level 5:colcon.colcon_core.verb:set package 'opencv_services' build argument 'cmake_args' from command line to 'None'
[0.526s] Level 5:colcon.colcon_core.verb:set package 'opencv_services' build argument 'cmake_target' from command line to 'None'
[0.526s] Level 5:colcon.colcon_core.verb:set package 'opencv_services' build argument 'cmake_target_skip_unavailable' from command line to 'False'
[0.526s] Level 5:colcon.colcon_core.verb:set package 'opencv_services' build argument 'cmake_clean_cache' from command line to 'False'
[0.526s] Level 5:colcon.colcon_core.verb:set package 'opencv_services' build argument 'cmake_clean_first' from command line to 'False'
[0.526s] Level 5:colcon.colcon_core.verb:set package 'opencv_services' build argument 'cmake_force_configure' from command line to 'False'
[0.526s] Level 5:colcon.colcon_core.verb:set package 'opencv_services' build argument 'ament_cmake_args' from command line to 'None'
[0.526s] Level 5:colcon.colcon_core.verb:set package 'opencv_services' build argument 'catkin_cmake_args' from command line to 'None'
[0.526s] Level 5:colcon.colcon_core.verb:set package 'opencv_services' build argument 'catkin_skip_building_tests' from command line to 'False'
[0.526s] DEBUG:colcon.colcon_core.verb:Building package 'opencv_services' with the following arguments: {'ament_cmake_args': None, 'build_base': '/home/user/ws/urcell_ws/build/opencv_services', 'catkin_cmake_args': None, 'catkin_skip_building_tests': False, 'cmake_args': None, 'cmake_clean_cache': False, 'cmake_clean_first': False, 'cmake_force_configure': False, 'cmake_target': None, 'cmake_target_skip_unavailable': False, 'install_base': '/home/user/ws/urcell_ws/install/opencv_services', 'merge_install': False, 'path': '/home/user/ws/urcell_ws/src/opencv_services', 'symlink_install': False, 'test_result_base': None}
[0.526s] INFO:colcon.colcon_core.executor:Executing jobs using 'parallel' executor
[0.527s] DEBUG:colcon.colcon_parallel_executor.executor.parallel:run_until_complete
[0.527s] INFO:colcon.colcon_ros.task.ament_cmake.build:Building ROS package in '/home/user/ws/urcell_ws/src/opencv_services' with build type 'ament_cmake'
[0.527s] INFO:colcon.colcon_cmake.task.cmake.build:Building CMake package in '/home/user/ws/urcell_ws/src/opencv_services'
[0.530s] INFO:colcon.colcon_core.plugin_system:Skipping extension 'colcon_core.shell.bat': Not used on non-Windows systems
[0.530s] INFO:colcon.colcon_core.shell:Skip shell extension 'powershell' for command environment: Not usable outside of PowerShell
[0.530s] DEBUG:colcon.colcon_core.shell:Skip shell extension 'dsv' for command environment
[0.545s] DEBUG:colcon.colcon_core.event_handler.log_command:Invoking command in '/home/user/ws/urcell_ws/build/opencv_services': AMENT_PREFIX_PATH=/home/user/ws/urcell_ws/install/yolov8_msgs:${AMENT_PREFIX_PATH} CMAKE_PREFIX_PATH=/home/user/ws/urcell_ws/install/yolov8_msgs:/opt/ros/humble LD_LIBRARY_PATH=/home/user/ws/urcell_ws/install/yolov8_msgs/lib:${LD_LIBRARY_PATH} PYTHONPATH=/home/user/ws/urcell_ws/install/yolov8_msgs/local/lib/python3.10/dist-packages:${PYTHONPATH} /usr/bin/cmake /home/user/ws/urcell_ws/src/opencv_services -DCMAKE_INSTALL_PREFIX=/home/user/ws/urcell_ws/install/opencv_services
[2.594s] DEBUG:colcon.colcon_core.event_handler.log_command:Invoked command in '/home/user/ws/urcell_ws/build/opencv_services' returned '0': AMENT_PREFIX_PATH=/home/user/ws/urcell_ws/install/yolov8_msgs:${AMENT_PREFIX_PATH} CMAKE_PREFIX_PATH=/home/user/ws/urcell_ws/install/yolov8_msgs:/opt/ros/humble LD_LIBRARY_PATH=/home/user/ws/urcell_ws/install/yolov8_msgs/lib:${LD_LIBRARY_PATH} PYTHONPATH=/home/user/ws/urcell_ws/install/yolov8_msgs/local/lib/python3.10/dist-packages:${PYTHONPATH} /usr/bin/cmake /home/user/ws/urcell_ws/src/opencv_services -DCMAKE_INSTALL_PREFIX=/home/user/ws/urcell_ws/install/opencv_services
[2.596s] DEBUG:colcon.colcon_core.event_handler.log_command:Invoking command in '/home/user/ws/urcell_ws/build/opencv_services': AMENT_PREFIX_PATH=/home/user/ws/urcell_ws/install/yolov8_msgs:${AMENT_PREFIX_PATH} CMAKE_PREFIX_PATH=/home/user/ws/urcell_ws/install/yolov8_msgs:/opt/ros/humble LD_LIBRARY_PATH=/home/user/ws/urcell_ws/install/yolov8_msgs/lib:${LD_LIBRARY_PATH} PYTHONPATH=/home/user/ws/urcell_ws/install/yolov8_msgs/local/lib/python3.10/dist-packages:${PYTHONPATH} /usr/bin/cmake --build /home/user/ws/urcell_ws/build/opencv_services -- -j8 -l8
[2.655s] DEBUG:colcon.colcon_core.event_handler.log_command:Invoked command in '/home/user/ws/urcell_ws/build/opencv_services' returned '0': AMENT_PREFIX_PATH=/home/user/ws/urcell_ws/install/yolov8_msgs:${AMENT_PREFIX_PATH} CMAKE_PREFIX_PATH=/home/user/ws/urcell_ws/install/yolov8_msgs:/opt/ros/humble LD_LIBRARY_PATH=/home/user/ws/urcell_ws/install/yolov8_msgs/lib:${LD_LIBRARY_PATH} PYTHONPATH=/home/user/ws/urcell_ws/install/yolov8_msgs/local/lib/python3.10/dist-packages:${PYTHONPATH} /usr/bin/cmake --build /home/user/ws/urcell_ws/build/opencv_services -- -j8 -l8
[2.697s] DEBUG:colcon.colcon_core.event_handler.log_command:Invoking command in '/home/user/ws/urcell_ws/build/opencv_services': AMENT_PREFIX_PATH=/home/user/ws/urcell_ws/install/yolov8_msgs:${AMENT_PREFIX_PATH} CMAKE_PREFIX_PATH=/home/user/ws/urcell_ws/install/yolov8_msgs:/opt/ros/humble LD_LIBRARY_PATH=/home/user/ws/urcell_ws/install/yolov8_msgs/lib:${LD_LIBRARY_PATH} PYTHONPATH=/home/user/ws/urcell_ws/install/yolov8_msgs/local/lib/python3.10/dist-packages:${PYTHONPATH} /usr/bin/cmake --install /home/user/ws/urcell_ws/build/opencv_services
[2.709s] Level 1:colcon.colcon_core.environment:create_environment_scripts_only(opencv_services)
[2.710s] DEBUG:colcon.colcon_core.event_handler.log_command:Invoked command in '/home/user/ws/urcell_ws/build/opencv_services' returned '0': AMENT_PREFIX_PATH=/home/user/ws/urcell_ws/install/yolov8_msgs:${AMENT_PREFIX_PATH} CMAKE_PREFIX_PATH=/home/user/ws/urcell_ws/install/yolov8_msgs:/opt/ros/humble LD_LIBRARY_PATH=/home/user/ws/urcell_ws/install/yolov8_msgs/lib:${LD_LIBRARY_PATH} PYTHONPATH=/home/user/ws/urcell_ws/install/yolov8_msgs/local/lib/python3.10/dist-packages:${PYTHONPATH} /usr/bin/cmake --install /home/user/ws/urcell_ws/build/opencv_services
[2.712s] Level 1:colcon.colcon_core.environment:checking '/home/user/ws/urcell_ws/install/opencv_services' for CMake module files
[2.713s] Level 1:colcon.colcon_core.environment:checking '/home/user/ws/urcell_ws/install/opencv_services' for CMake config files
[2.713s] Level 1:colcon.colcon_core.shell:create_environment_hook('opencv_services', 'cmake_prefix_path')
[2.713s] INFO:colcon.colcon_core.shell:Creating environment hook '/home/user/ws/urcell_ws/install/opencv_services/share/opencv_services/hook/cmake_prefix_path.ps1'
[2.714s] INFO:colcon.colcon_core.shell:Creating environment descriptor '/home/user/ws/urcell_ws/install/opencv_services/share/opencv_services/hook/cmake_prefix_path.dsv'
[2.714s] INFO:colcon.colcon_core.shell:Creating environment hook '/home/user/ws/urcell_ws/install/opencv_services/share/opencv_services/hook/cmake_prefix_path.sh'
[2.715s] Level 1:colcon.colcon_core.environment:checking '/home/user/ws/urcell_ws/install/opencv_services/bin'
[2.716s] Level 1:colcon.colcon_core.environment:checking '/home/user/ws/urcell_ws/install/opencv_services/lib/pkgconfig/opencv_services.pc'
[2.716s] Level 1:colcon.colcon_core.environment:checking '/home/user/ws/urcell_ws/install/opencv_services/lib/python3.10/site-packages'
[2.716s] Level 1:colcon.colcon_core.environment:checking '/home/user/ws/urcell_ws/install/opencv_services/bin'
[2.716s] INFO:colcon.colcon_core.shell:Creating package script '/home/user/ws/urcell_ws/install/opencv_services/share/opencv_services/package.ps1'
[2.717s] INFO:colcon.colcon_core.shell:Creating package descriptor '/home/user/ws/urcell_ws/install/opencv_services/share/opencv_services/package.dsv'
[2.717s] INFO:colcon.colcon_core.shell:Creating package script '/home/user/ws/urcell_ws/install/opencv_services/share/opencv_services/package.sh'
[2.718s] INFO:colcon.colcon_core.shell:Creating package script '/home/user/ws/urcell_ws/install/opencv_services/share/opencv_services/package.bash'
[2.719s] INFO:colcon.colcon_core.shell:Creating package script '/home/user/ws/urcell_ws/install/opencv_services/share/opencv_services/package.zsh'
[2.720s] Level 1:colcon.colcon_core.environment:create_file_with_runtime_dependencies(/home/user/ws/urcell_ws/install/opencv_services/share/colcon-core/packages/opencv_services)
[2.747s] Level 1:colcon.colcon_core.environment:create_environment_scripts_only(opencv_services)
[2.747s] Level 1:colcon.colcon_core.environment:checking '/home/user/ws/urcell_ws/install/opencv_services' for CMake module files
[2.748s] Level 1:colcon.colcon_core.environment:checking '/home/user/ws/urcell_ws/install/opencv_services' for CMake config files
[2.748s] Level 1:colcon.colcon_core.shell:create_environment_hook('opencv_services', 'cmake_prefix_path')
[2.748s] INFO:colcon.colcon_core.shell:Creating environment hook '/home/user/ws/urcell_ws/install/opencv_services/share/opencv_services/hook/cmake_prefix_path.ps1'
[2.749s] INFO:colcon.colcon_core.shell:Creating environment descriptor '/home/user/ws/urcell_ws/install/opencv_services/share/opencv_services/hook/cmake_prefix_path.dsv'
[2.749s] INFO:colcon.colcon_core.shell:Creating environment hook '/home/user/ws/urcell_ws/install/opencv_services/share/opencv_services/hook/cmake_prefix_path.sh'
[2.750s] Level 1:colcon.colcon_core.environment:checking '/home/user/ws/urcell_ws/install/opencv_services/bin'
[2.750s] Level 1:colcon.colcon_core.environment:checking '/home/user/ws/urcell_ws/install/opencv_services/lib/pkgconfig/opencv_services.pc'
[2.750s] Level 1:colcon.colcon_core.environment:checking '/home/user/ws/urcell_ws/install/opencv_services/lib/python3.10/site-packages'
[2.750s] Level 1:colcon.colcon_core.environment:checking '/home/user/ws/urcell_ws/install/opencv_services/bin'
[2.751s] INFO:colcon.colcon_core.shell:Creating package script '/home/user/ws/urcell_ws/install/opencv_services/share/opencv_services/package.ps1'
[2.751s] INFO:colcon.colcon_core.shell:Creating package descriptor '/home/user/ws/urcell_ws/install/opencv_services/share/opencv_services/package.dsv'
[2.752s] INFO:colcon.colcon_core.shell:Creating package script '/home/user/ws/urcell_ws/install/opencv_services/share/opencv_services/package.sh'
[2.752s] INFO:colcon.colcon_core.shell:Creating package script '/home/user/ws/urcell_ws/install/opencv_services/share/opencv_services/package.bash'
[2.752s] INFO:colcon.colcon_core.shell:Creating package script '/home/user/ws/urcell_ws/install/opencv_services/share/opencv_services/package.zsh'
[2.753s] Level 1:colcon.colcon_core.environment:create_file_with_runtime_dependencies(/home/user/ws/urcell_ws/install/opencv_services/share/colcon-core/packages/opencv_services)
[2.753s] DEBUG:colcon.colcon_parallel_executor.executor.parallel:closing loop
[2.753s] DEBUG:colcon.colcon_parallel_executor.executor.parallel:loop closed
[2.754s] DEBUG:colcon.colcon_parallel_executor.executor.parallel:run_until_complete finished with '0'
[2.754s] DEBUG:colcon.colcon_core.event_reactor:joining thread
[2.762s] INFO:colcon.colcon_core.plugin_system:Skipping extension 'colcon_notification.desktop_notification.terminal_notifier': Not used on non-Darwin systems
[2.762s] INFO:colcon.colcon_core.plugin_system:Skipping extension 'colcon_notification.desktop_notification.win32': Not used on non-Windows systems
[2.762s] INFO:colcon.colcon_notification.desktop_notification:Sending desktop notification using 'notify2'
[2.778s] DEBUG:colcon.colcon_core.event_reactor:joined thread
[2.778s] INFO:colcon.colcon_core.shell:Creating prefix script '/home/user/ws/urcell_ws/install/local_setup.ps1'
[2.780s] INFO:colcon.colcon_core.shell:Creating prefix util module '/home/user/ws/urcell_ws/install/_local_setup_util_ps1.py'
[2.782s] INFO:colcon.colcon_core.shell:Creating prefix chain script '/home/user/ws/urcell_ws/install/setup.ps1'
[2.784s] INFO:colcon.colcon_core.shell:Creating prefix script '/home/user/ws/urcell_ws/install/local_setup.sh'
[2.785s] INFO:colcon.colcon_core.shell:Creating prefix util module '/home/user/ws/urcell_ws/install/_local_setup_util_sh.py'
[2.785s] INFO:colcon.colcon_core.shell:Creating prefix chain script '/home/user/ws/urcell_ws/install/setup.sh'
[2.787s] INFO:colcon.colcon_core.shell:Creating prefix script '/home/user/ws/urcell_ws/install/local_setup.bash'
[2.787s] INFO:colcon.colcon_core.shell:Creating prefix chain script '/home/user/ws/urcell_ws/install/setup.bash'
[2.789s] INFO:colcon.colcon_core.shell:Creating prefix script '/home/user/ws/urcell_ws/install/local_setup.zsh'
[2.789s] INFO:colcon.colcon_core.shell:Creating prefix chain script '/home/user/ws/urcell_ws/install/setup.zsh'
