[0.178s] Invoking command in '/home/user/ws/urcell_ws/build/yolobot_recognition': CMAKE_PREFIX_PATH=${CMAKE_PREFIX_PATH}:/home/user/ws/urcell_ws/install/image_saver_pkg:/opt/ros/humble /usr/bin/cmake /home/user/ws/urcell_ws/src/yolobot_recognition -DCMAKE_INSTALL_PREFIX=/home/user/ws/urcell_ws/install/yolobot_recognition
[0.186s] -- Found ament_cmake: 1.3.9 (/opt/ros/humble/share/ament_cmake/cmake)
[0.323s] -- Found yolov8_msgs: 0.0.0 (/home/user/ws/urcell_ws/install/yolov8_msgs/share/yolov8_msgs/cmake)
[0.364s] -- Found rosidl_generator_c: 3.1.5 (/opt/ros/humble/share/rosidl_generator_c/cmake)
[0.371s] -- Found rosidl_adapter: 3.1.5 (/opt/ros/humble/share/rosidl_adapter/cmake)
[0.381s] -- Found rosidl_generator_cpp: 3.1.5 (/opt/ros/humble/share/rosidl_generator_cpp/cmake)
[0.399s] -- Using all available rosidl_typesupport_c: rosidl_typesupport_fastrtps_c;rosidl_typesupport_introspection_c
[0.416s] -- Using all available rosidl_typesupport_cpp: rosidl_typesupport_fastrtps_cpp;rosidl_typesupport_introspection_cpp
[0.622s] -- Found ament_lint_auto: 0.12.11 (/opt/ros/humble/share/ament_lint_auto/cmake)
[0.681s] -- Added test 'copyright' to check source files copyright and LICENSE
[0.682s] -- Added test 'flake8' to check Python code syntax and style conventions
[0.682s] -- Added test 'lint_cmake' to check CMake code style
[0.682s] -- Added test 'pep257' to check Python code against some of the docstring style conventions in PEP 257
[0.683s] -- Added test 'xmllint' to check XML markup files
[0.684s] -- Configuring done
[0.686s] -- Generating done
[0.686s] -- Build files have been written to: /home/user/ws/urcell_ws/build/yolobot_recognition
[0.690s] Invoked command in '/home/user/ws/urcell_ws/build/yolobot_recognition' returned '0': CMAKE_PREFIX_PATH=${CMAKE_PREFIX_PATH}:/home/user/ws/urcell_ws/install/image_saver_pkg:/opt/ros/humble /usr/bin/cmake /home/user/ws/urcell_ws/src/yolobot_recognition -DCMAKE_INSTALL_PREFIX=/home/user/ws/urcell_ws/install/yolobot_recognition
[0.691s] Invoking command in '/home/user/ws/urcell_ws/build/yolobot_recognition': CMAKE_PREFIX_PATH=${CMAKE_PREFIX_PATH}:/home/user/ws/urcell_ws/install/image_saver_pkg:/opt/ros/humble /usr/bin/cmake --build /home/user/ws/urcell_ws/build/yolobot_recognition -- -j8 -l8
[0.719s] Invoked command in '/home/user/ws/urcell_ws/build/yolobot_recognition' returned '0': CMAKE_PREFIX_PATH=${CMAKE_PREFIX_PATH}:/home/user/ws/urcell_ws/install/image_saver_pkg:/opt/ros/humble /usr/bin/cmake --build /home/user/ws/urcell_ws/build/yolobot_recognition -- -j8 -l8
[0.735s] Invoking command in '/home/user/ws/urcell_ws/build/yolobot_recognition': CMAKE_PREFIX_PATH=${CMAKE_PREFIX_PATH}:/home/user/ws/urcell_ws/install/image_saver_pkg:/opt/ros/humble /usr/bin/cmake --install /home/user/ws/urcell_ws/build/yolobot_recognition
[0.740s] -- Install configuration: ""
[0.740s] -- Installing: /home/user/ws/urcell_ws/install/yolobot_recognition/share/yolobot_recognition//scripts
[0.740s] -- Installing: /home/user/ws/urcell_ws/install/yolobot_recognition/share/yolobot_recognition//scripts/best.pt
[0.781s] -- Installing: /home/user/ws/urcell_ws/install/yolobot_recognition/share/yolobot_recognition//scripts/.dockerignore
[0.782s] -- Installing: /home/user/ws/urcell_ws/install/yolobot_recognition/share/yolobot_recognition//scripts/yolov8_ros2_pt.py
[0.782s] -- Installing: /home/user/ws/urcell_ws/install/yolobot_recognition/share/yolobot_recognition//scripts/.gitattributes
[0.782s] -- Installing: /home/user/ws/urcell_ws/install/yolobot_recognition/share/yolobot_recognition//scripts/.gitignore
[0.782s] -- Installing: /home/user/ws/urcell_ws/install/yolobot_recognition/share/yolobot_recognition//scripts/yolov8_ros2_subscriber.py
[0.782s] -- Installing: /home/user/ws/urcell_ws/install/yolobot_recognition/share/yolobot_recognition//launch
[0.782s] -- Installing: /home/user/ws/urcell_ws/install/yolobot_recognition/share/yolobot_recognition//launch/launch_yolov8.launch.py
[0.782s] -- Installing: /home/user/ws/urcell_ws/install/yolobot_recognition/lib/yolobot_recognition/yolov8_ros2_pt.py
[0.782s] -- Installing: /home/user/ws/urcell_ws/install/yolobot_recognition/lib/yolobot_recognition/yolov8_ros2_subscriber.py
[0.782s] -- Installing: /home/user/ws/urcell_ws/install/yolobot_recognition/lib/yolobot_recognition/launch_yolov8.launch.py
[0.782s] -- Installing: /home/user/ws/urcell_ws/install/yolobot_recognition/share/ament_index/resource_index/package_run_dependencies/yolobot_recognition
[0.782s] -- Installing: /home/user/ws/urcell_ws/install/yolobot_recognition/share/ament_index/resource_index/parent_prefix_path/yolobot_recognition
[0.782s] -- Installing: /home/user/ws/urcell_ws/install/yolobot_recognition/share/yolobot_recognition/environment/ament_prefix_path.sh
[0.782s] -- Installing: /home/user/ws/urcell_ws/install/yolobot_recognition/share/yolobot_recognition/environment/ament_prefix_path.dsv
[0.782s] -- Installing: /home/user/ws/urcell_ws/install/yolobot_recognition/share/yolobot_recognition/environment/path.sh
[0.782s] -- Installing: /home/user/ws/urcell_ws/install/yolobot_recognition/share/yolobot_recognition/environment/path.dsv
[0.782s] -- Installing: /home/user/ws/urcell_ws/install/yolobot_recognition/share/yolobot_recognition/local_setup.bash
[0.782s] -- Installing: /home/user/ws/urcell_ws/install/yolobot_recognition/share/yolobot_recognition/local_setup.sh
[0.782s] -- Installing: /home/user/ws/urcell_ws/install/yolobot_recognition/share/yolobot_recognition/local_setup.zsh
[0.782s] -- Installing: /home/user/ws/urcell_ws/install/yolobot_recognition/share/yolobot_recognition/local_setup.dsv
[0.782s] -- Installing: /home/user/ws/urcell_ws/install/yolobot_recognition/share/yolobot_recognition/package.dsv
[0.783s] -- Installing: /home/user/ws/urcell_ws/install/yolobot_recognition/share/ament_index/resource_index/packages/yolobot_recognition
[0.783s] -- Installing: /home/user/ws/urcell_ws/install/yolobot_recognition/share/yolobot_recognition/cmake/yolobot_recognitionConfig.cmake
[0.783s] -- Installing: /home/user/ws/urcell_ws/install/yolobot_recognition/share/yolobot_recognition/cmake/yolobot_recognitionConfig-version.cmake
[0.783s] -- Installing: /home/user/ws/urcell_ws/install/yolobot_recognition/share/yolobot_recognition/package.xml
[0.784s] Invoked command in '/home/user/ws/urcell_ws/build/yolobot_recognition' returned '0': CMAKE_PREFIX_PATH=${CMAKE_PREFIX_PATH}:/home/user/ws/urcell_ws/install/image_saver_pkg:/opt/ros/humble /usr/bin/cmake --install /home/user/ws/urcell_ws/build/yolobot_recognition
