[0.414s] Invoking command in '/home/user/ws/urcell_ws/build/yolobot_recognition': CMAKE_PREFIX_PATH=/opt/ros/humble /usr/bin/cmake --build /home/user/ws/urcell_ws/build/yolobot_recognition -- -j8 -l8
[0.516s] Invoked command in '/home/user/ws/urcell_ws/build/yolobot_recognition' returned '0': CMAKE_PREFIX_PATH=/opt/ros/humble /usr/bin/cmake --build /home/user/ws/urcell_ws/build/yolobot_recognition -- -j8 -l8
[0.564s] Invoking command in '/home/user/ws/urcell_ws/build/yolobot_recognition': CMAKE_PREFIX_PATH=/opt/ros/humble /usr/bin/cmake --install /home/user/ws/urcell_ws/build/yolobot_recognition
[0.577s] -- Install configuration: ""
[0.577s] -- Up-to-date: /home/user/ws/urcell_ws/install/yolobot_recognition/share/yolobot_recognition//scripts
[0.577s] -- Up-to-date: /home/user/ws/urcell_ws/install/yolobot_recognition/share/yolobot_recognition//scripts/best.pt
[0.577s] -- Installing: /home/user/ws/urcell_ws/install/yolobot_recognition/share/yolobot_recognition//scripts/yolov8_ros2_pt.py
[0.577s] -- Up-to-date: /home/user/ws/urcell_ws/install/yolobot_recognition/share/yolobot_recognition//scripts/yolov8_ros2_subscriber.py
[0.577s] -- Up-to-date: /home/user/ws/urcell_ws/install/yolobot_recognition/share/yolobot_recognition//launch
[0.578s] -- Up-to-date: /home/user/ws/urcell_ws/install/yolobot_recognition/share/yolobot_recognition//launch/launch_yolov8.launch.py
[0.578s] -- Installing: /home/user/ws/urcell_ws/install/yolobot_recognition/lib/yolobot_recognition/yolov8_ros2_pt.py
[0.578s] -- Up-to-date: /home/user/ws/urcell_ws/install/yolobot_recognition/lib/yolobot_recognition/yolov8_ros2_subscriber.py
[0.578s] -- Up-to-date: /home/user/ws/urcell_ws/install/yolobot_recognition/lib/yolobot_recognition/launch_yolov8.launch.py
[0.578s] -- Up-to-date: /home/user/ws/urcell_ws/install/yolobot_recognition/share/ament_index/resource_index/package_run_dependencies/yolobot_recognition
[0.578s] -- Up-to-date: /home/user/ws/urcell_ws/install/yolobot_recognition/share/ament_index/resource_index/parent_prefix_path/yolobot_recognition
[0.614s] -- Up-to-date: /home/user/ws/urcell_ws/install/yolobot_recognition/share/yolobot_recognition/environment/ament_prefix_path.sh
[0.614s] -- Up-to-date: /home/user/ws/urcell_ws/install/yolobot_recognition/share/yolobot_recognition/environment/ament_prefix_path.dsv
[0.614s] -- Up-to-date: /home/user/ws/urcell_ws/install/yolobot_recognition/share/yolobot_recognition/environment/path.sh
[0.614s] -- Up-to-date: /home/user/ws/urcell_ws/install/yolobot_recognition/share/yolobot_recognition/environment/path.dsv
[0.614s] -- Up-to-date: /home/user/ws/urcell_ws/install/yolobot_recognition/share/yolobot_recognition/local_setup.bash
[0.614s] -- Up-to-date: /home/user/ws/urcell_ws/install/yolobot_recognition/share/yolobot_recognition/local_setup.sh
[0.615s] -- Up-to-date: /home/user/ws/urcell_ws/install/yolobot_recognition/share/yolobot_recognition/local_setup.zsh
[0.615s] -- Up-to-date: /home/user/ws/urcell_ws/install/yolobot_recognition/share/yolobot_recognition/local_setup.dsv
[0.615s] -- Installing: /home/user/ws/urcell_ws/install/yolobot_recognition/share/yolobot_recognition/package.dsv
[0.616s] -- Up-to-date: /home/user/ws/urcell_ws/install/yolobot_recognition/share/ament_index/resource_index/packages/yolobot_recognition
[0.616s] -- Up-to-date: /home/user/ws/urcell_ws/install/yolobot_recognition/share/yolobot_recognition/cmake/yolobot_recognitionConfig.cmake
[0.616s] -- Up-to-date: /home/user/ws/urcell_ws/install/yolobot_recognition/share/yolobot_recognition/cmake/yolobot_recognitionConfig-version.cmake
[0.617s] -- Up-to-date: /home/user/ws/urcell_ws/install/yolobot_recognition/share/yolobot_recognition/package.xml
[0.627s] Invoked command in '/home/user/ws/urcell_ws/build/yolobot_recognition' returned '0': CMAKE_PREFIX_PATH=/opt/ros/humble /usr/bin/cmake --install /home/user/ws/urcell_ws/build/yolobot_recognition
