[0.453s] Invoking command in '/home/user/ws/urcell_ws/build/yolobot_recognition': CMAKE_PREFIX_PATH=${CMAKE_PREFIX_PATH}:/home/user/ws/urcell_ws/install/image_saver_pkg:/opt/ros/humble /usr/bin/cmake --build /home/user/ws/urcell_ws/build/yolobot_recognition -- -j8 -l8
[0.539s] Invoked command in '/home/user/ws/urcell_ws/build/yolobot_recognition' returned '0': CMAKE_PREFIX_PATH=${CMAKE_PREFIX_PATH}:/home/user/ws/urcell_ws/install/image_saver_pkg:/opt/ros/humble /usr/bin/cmake --build /home/user/ws/urcell_ws/build/yolobot_recognition -- -j8 -l8
[0.593s] Invoking command in '/home/user/ws/urcell_ws/build/yolobot_recognition': CMAKE_PREFIX_PATH=${CMAKE_PREFIX_PATH}:/home/user/ws/urcell_ws/install/image_saver_pkg:/opt/ros/humble /usr/bin/cmake --install /home/user/ws/urcell_ws/build/yolobot_recognition
[0.606s] -- Install configuration: ""
[0.606s] -- Up-to-date: /home/user/ws/urcell_ws/install/yolobot_recognition/share/yolobot_recognition//scripts
[0.606s] -- Up-to-date: /home/user/ws/urcell_ws/install/yolobot_recognition/share/yolobot_recognition//scripts/best.pt
[0.607s] -- Up-to-date: /home/user/ws/urcell_ws/install/yolobot_recognition/share/yolobot_recognition//scripts/yolov8_ros2_pt.py
[0.608s] -- Up-to-date: /home/user/ws/urcell_ws/install/yolobot_recognition/share/yolobot_recognition//scripts/yolov8_ros2_subscriber.py
[0.608s] -- Up-to-date: /home/user/ws/urcell_ws/install/yolobot_recognition/share/yolobot_recognition//launch
[0.608s] -- Up-to-date: /home/user/ws/urcell_ws/install/yolobot_recognition/share/yolobot_recognition//launch/launch_yolov8.launch.py
[0.608s] -- Up-to-date: /home/user/ws/urcell_ws/install/yolobot_recognition/lib/yolobot_recognition/yolov8_ros2_pt.py
[0.608s] -- Up-to-date: /home/user/ws/urcell_ws/install/yolobot_recognition/lib/yolobot_recognition/yolov8_ros2_subscriber.py
[0.608s] -- Up-to-date: /home/user/ws/urcell_ws/install/yolobot_recognition/lib/yolobot_recognition/launch_yolov8.launch.py
[0.608s] -- Up-to-date: /home/user/ws/urcell_ws/install/yolobot_recognition/share/ament_index/resource_index/package_run_dependencies/yolobot_recognition
[0.608s] -- Up-to-date: /home/user/ws/urcell_ws/install/yolobot_recognition/share/ament_index/resource_index/parent_prefix_path/yolobot_recognition
[0.608s] -- Up-to-date: /home/user/ws/urcell_ws/install/yolobot_recognition/share/yolobot_recognition/environment/ament_prefix_path.sh
[0.609s] -- Up-to-date: /home/user/ws/urcell_ws/install/yolobot_recognition/share/yolobot_recognition/environment/ament_prefix_path.dsv
[0.609s] -- Up-to-date: /home/user/ws/urcell_ws/install/yolobot_recognition/share/yolobot_recognition/environment/path.sh
[0.609s] -- Up-to-date: /home/user/ws/urcell_ws/install/yolobot_recognition/share/yolobot_recognition/environment/path.dsv
[0.609s] -- Up-to-date: /home/user/ws/urcell_ws/install/yolobot_recognition/share/yolobot_recognition/local_setup.bash
[0.609s] -- Up-to-date: /home/user/ws/urcell_ws/install/yolobot_recognition/share/yolobot_recognition/local_setup.sh
[0.609s] -- Up-to-date: /home/user/ws/urcell_ws/install/yolobot_recognition/share/yolobot_recognition/local_setup.zsh
[0.609s] -- Up-to-date: /home/user/ws/urcell_ws/install/yolobot_recognition/share/yolobot_recognition/local_setup.dsv
[0.609s] -- Installing: /home/user/ws/urcell_ws/install/yolobot_recognition/share/yolobot_recognition/package.dsv
[0.609s] -- Up-to-date: /home/user/ws/urcell_ws/install/yolobot_recognition/share/ament_index/resource_index/packages/yolobot_recognition
[0.609s] -- Up-to-date: /home/user/ws/urcell_ws/install/yolobot_recognition/share/yolobot_recognition/cmake/yolobot_recognitionConfig.cmake
[0.609s] -- Up-to-date: /home/user/ws/urcell_ws/install/yolobot_recognition/share/yolobot_recognition/cmake/yolobot_recognitionConfig-version.cmake
[0.610s] -- Up-to-date: /home/user/ws/urcell_ws/install/yolobot_recognition/share/yolobot_recognition/package.xml
[0.625s] Invoked command in '/home/user/ws/urcell_ws/build/yolobot_recognition' returned '0': CMAKE_PREFIX_PATH=${CMAKE_PREFIX_PATH}:/home/user/ws/urcell_ws/install/image_saver_pkg:/opt/ros/humble /usr/bin/cmake --install /home/user/ws/urcell_ws/build/yolobot_recognition
