[0.046s] Invoking command in '/home/user/ws/urcell_ws/build/yolov8_msgs': CMAKE_PREFIX_PATH=/opt/ros/humble /usr/bin/cmake --build /home/user/ws/urcell_ws/build/yolov8_msgs -- -j8 -l8
[0.427s] -- Found ament_cmake: 1.3.9 (/opt/ros/humble/share/ament_cmake/cmake)
[0.427s] -- Found std_msgs: 4.2.4 (/opt/ros/humble/share/std_msgs/cmake)
[0.428s] -- Found rosidl_generator_c: 3.1.5 (/opt/ros/humble/share/rosidl_generator_c/cmake)
[0.428s] -- Found rosidl_adapter: 3.1.5 (/opt/ros/humble/share/rosidl_adapter/cmake)
[0.428s] -- Found rosidl_generator_cpp: 3.1.5 (/opt/ros/humble/share/rosidl_generator_cpp/cmake)
[0.428s] -- Using all available rosidl_typesupport_c: rosidl_typesupport_fastrtps_c;rosidl_typesupport_introspection_c
[0.428s] -- Using all available rosidl_typesupport_cpp: rosidl_typesupport_fastrtps_cpp;rosidl_typesupport_introspection_cpp
[0.428s] -- Found rosidl_default_generators: 1.2.0 (/opt/ros/humble/share/rosidl_default_generators/cmake)
[0.428s] -- Found sensor_msgs: 4.2.4 (/opt/ros/humble/share/sensor_msgs/cmake)
[1.174s] -- Found ament_cmake_ros: 0.10.0 (/opt/ros/humble/share/ament_cmake_ros/cmake)
[1.788s] -- Using all available rosidl_typesupport_c: rosidl_typesupport_fastrtps_c;rosidl_typesupport_introspection_c
[2.022s] -- Using all available rosidl_typesupport_cpp: rosidl_typesupport_fastrtps_cpp;rosidl_typesupport_introspection_cpp
[2.052s] -- Found python_cmake_module: 0.10.0 (/opt/ros/humble/share/python_cmake_module/cmake)
[2.078s] -- Using PYTHON_EXECUTABLE: /usr/bin/python3
[2.078s] -- Using PYTHON_INCLUDE_DIRS: /usr/include/python3.10
[2.078s] -- Using PYTHON_LIBRARIES: /usr/lib/x86_64-linux-gnu/libpython3.10.so
[2.139s] -- Found ament_lint_auto: 0.12.11 (/opt/ros/humble/share/ament_lint_auto/cmake)
[2.150s] -- Added test 'copyright' to check source files copyright and LICENSE
[2.152s] -- Added test 'lint_cmake' to check CMake code style
[2.153s] -- Added test 'xmllint' to check XML markup files
[2.155s] -- Configuring done
[2.202s] -- Generating done
[2.205s] -- Build files have been written to: /home/user/ws/urcell_ws/build/yolov8_msgs
[2.241s] [35m[1mConsolidate compiler generated dependencies of target yolov8_msgs__rosidl_generator_c[0m
[2.255s] [  2%] Built target yolov8_msgs__cpp
[2.257s] [ 12%] Built target yolov8_msgs__rosidl_generator_c
[2.267s] [ 12%] Built target ament_cmake_python_copy_yolov8_msgs
[2.271s] [35m[1mConsolidate compiler generated dependencies of target yolov8_msgs__rosidl_typesupport_introspection_cpp[0m
[2.274s] [35m[1mConsolidate compiler generated dependencies of target yolov8_msgs__rosidl_typesupport_introspection_c[0m
[2.274s] [35m[1mConsolidate compiler generated dependencies of target yolov8_msgs__rosidl_typesupport_c[0m
[2.274s] [35m[1mConsolidate compiler generated dependencies of target yolov8_msgs__rosidl_typesupport_fastrtps_cpp[0m
[2.277s] [35m[1mConsolidate compiler generated dependencies of target yolov8_msgs__rosidl_typesupport_fastrtps_c[0m
[2.279s] [35m[1mConsolidate compiler generated dependencies of target yolov8_msgs__rosidl_typesupport_cpp[0m
[2.293s] [ 23%] Built target yolov8_msgs__rosidl_typesupport_c
[2.294s] [ 44%] Built target yolov8_msgs__rosidl_typesupport_introspection_cpp
[2.294s] [ 44%] Built target yolov8_msgs__rosidl_typesupport_introspection_c
[2.300s] [ 55%] Built target yolov8_msgs__rosidl_typesupport_fastrtps_cpp
[2.302s] [ 65%] Built target yolov8_msgs__rosidl_typesupport_fastrtps_c
[2.307s] [ 76%] Built target yolov8_msgs__rosidl_typesupport_cpp
[2.335s] [ 76%] Built target yolov8_msgs
[2.360s] [ 78%] Built target yolov8_msgs__py
[2.375s] [35m[1mConsolidate compiler generated dependencies of target yolov8_msgs__rosidl_generator_py[0m
[2.390s] [ 87%] Built target yolov8_msgs__rosidl_generator_py
[2.406s] [35m[1mConsolidate compiler generated dependencies of target yolov8_msgs__rosidl_typesupport_introspection_c__pyext[0m
[2.410s] [35m[1mConsolidate compiler generated dependencies of target yolov8_msgs__rosidl_typesupport_c__pyext[0m
[2.411s] [35m[1mConsolidate compiler generated dependencies of target yolov8_msgs__rosidl_typesupport_fastrtps_c__pyext[0m
[2.430s] [ 91%] Built target yolov8_msgs__rosidl_typesupport_introspection_c__pyext
[2.430s] [ 95%] Built target yolov8_msgs__rosidl_typesupport_fastrtps_c__pyext
[2.435s] [100%] Built target yolov8_msgs__rosidl_typesupport_c__pyext
[2.624s] running egg_info
[2.625s] writing yolov8_msgs.egg-info/PKG-INFO
[2.625s] writing dependency_links to yolov8_msgs.egg-info/dependency_links.txt
[2.625s] writing top-level names to yolov8_msgs.egg-info/top_level.txt
[2.631s] reading manifest file 'yolov8_msgs.egg-info/SOURCES.txt'
[2.632s] writing manifest file 'yolov8_msgs.egg-info/SOURCES.txt'
[2.664s] [100%] Built target ament_cmake_python_build_yolov8_msgs_egg
[2.680s] Invoked command in '/home/user/ws/urcell_ws/build/yolov8_msgs' returned '0': CMAKE_PREFIX_PATH=/opt/ros/humble /usr/bin/cmake --build /home/user/ws/urcell_ws/build/yolov8_msgs -- -j8 -l8
[2.807s] Invoking command in '/home/user/ws/urcell_ws/build/yolov8_msgs': CMAKE_PREFIX_PATH=/opt/ros/humble /usr/bin/cmake --install /home/user/ws/urcell_ws/build/yolov8_msgs
[2.817s] -- Install configuration: ""
[2.818s] -- Up-to-date: /home/user/ws/urcell_ws/install/yolov8_msgs/share/ament_index/resource_index/rosidl_interfaces/yolov8_msgs
[2.818s] -- Up-to-date: /home/user/ws/urcell_ws/install/yolov8_msgs/include/yolov8_msgs/yolov8_msgs
[2.818s] -- Up-to-date: /home/user/ws/urcell_ws/install/yolov8_msgs/include/yolov8_msgs/yolov8_msgs/msg
[2.818s] -- Up-to-date: /home/user/ws/urcell_ws/install/yolov8_msgs/include/yolov8_msgs/yolov8_msgs/msg/inference_result.h
[2.818s] -- Up-to-date: /home/user/ws/urcell_ws/install/yolov8_msgs/include/yolov8_msgs/yolov8_msgs/msg/yolov8_inference.h
[2.818s] -- Up-to-date: /home/user/ws/urcell_ws/install/yolov8_msgs/include/yolov8_msgs/yolov8_msgs/msg/detail
[2.818s] -- Up-to-date: /home/user/ws/urcell_ws/install/yolov8_msgs/include/yolov8_msgs/yolov8_msgs/msg/detail/yolov8_inference__struct.h
[2.818s] -- Up-to-date: /home/user/ws/urcell_ws/install/yolov8_msgs/include/yolov8_msgs/yolov8_msgs/msg/detail/yolov8_inference__type_support.h
[2.819s] -- Up-to-date: /home/user/ws/urcell_ws/install/yolov8_msgs/include/yolov8_msgs/yolov8_msgs/msg/detail/inference_result__functions.h
[2.819s] -- Up-to-date: /home/user/ws/urcell_ws/install/yolov8_msgs/include/yolov8_msgs/yolov8_msgs/msg/detail/yolov8_inference__functions.h
[2.819s] -- Up-to-date: /home/user/ws/urcell_ws/install/yolov8_msgs/include/yolov8_msgs/yolov8_msgs/msg/detail/inference_result__type_support.h
[2.819s] -- Up-to-date: /home/user/ws/urcell_ws/install/yolov8_msgs/include/yolov8_msgs/yolov8_msgs/msg/detail/yolov8_inference__functions.c
[2.819s] -- Up-to-date: /home/user/ws/urcell_ws/install/yolov8_msgs/include/yolov8_msgs/yolov8_msgs/msg/detail/inference_result__functions.c
[2.819s] -- Up-to-date: /home/user/ws/urcell_ws/install/yolov8_msgs/include/yolov8_msgs/yolov8_msgs/msg/detail/inference_result__struct.h
[2.819s] -- Up-to-date: /home/user/ws/urcell_ws/install/yolov8_msgs/include/yolov8_msgs/yolov8_msgs/msg/rosidl_generator_c__visibility_control.h
[2.819s] -- Up-to-date: /home/user/ws/urcell_ws/install/yolov8_msgs/include/yolov8_msgs/yolov8_msgs/srv
[2.820s] -- Up-to-date: /home/user/ws/urcell_ws/install/yolov8_msgs/include/yolov8_msgs/yolov8_msgs/srv/detail
[2.820s] -- Up-to-date: /home/user/ws/urcell_ws/install/yolov8_msgs/include/yolov8_msgs/yolov8_msgs/srv/detail/yolo_inference__struct.h
[2.820s] -- Up-to-date: /home/user/ws/urcell_ws/install/yolov8_msgs/include/yolov8_msgs/yolov8_msgs/srv/detail/yolo_inference__type_support.h
[2.820s] -- Up-to-date: /home/user/ws/urcell_ws/install/yolov8_msgs/include/yolov8_msgs/yolov8_msgs/srv/detail/yolo_inference__functions.c
[2.820s] -- Up-to-date: /home/user/ws/urcell_ws/install/yolov8_msgs/include/yolov8_msgs/yolov8_msgs/srv/detail/yolo_inference__functions.h
[2.820s] -- Up-to-date: /home/user/ws/urcell_ws/install/yolov8_msgs/include/yolov8_msgs/yolov8_msgs/srv/yolo_inference.h
[2.820s] -- Up-to-date: /home/user/ws/urcell_ws/install/yolov8_msgs/share/yolov8_msgs/environment/library_path.sh
[2.820s] -- Installing: /home/user/ws/urcell_ws/install/yolov8_msgs/share/yolov8_msgs/environment/library_path.dsv
[2.820s] -- Up-to-date: /home/user/ws/urcell_ws/install/yolov8_msgs/lib/libyolov8_msgs__rosidl_generator_c.so
[2.821s] -- Up-to-date: /home/user/ws/urcell_ws/install/yolov8_msgs/include/yolov8_msgs/yolov8_msgs
[2.821s] -- Up-to-date: /home/user/ws/urcell_ws/install/yolov8_msgs/include/yolov8_msgs/yolov8_msgs/msg
[2.821s] -- Up-to-date: /home/user/ws/urcell_ws/install/yolov8_msgs/include/yolov8_msgs/yolov8_msgs/msg/rosidl_typesupport_fastrtps_c__visibility_control.h
[2.821s] -- Up-to-date: /home/user/ws/urcell_ws/install/yolov8_msgs/include/yolov8_msgs/yolov8_msgs/msg/detail
[2.821s] -- Up-to-date: /home/user/ws/urcell_ws/install/yolov8_msgs/include/yolov8_msgs/yolov8_msgs/msg/detail/yolov8_inference__rosidl_typesupport_fastrtps_c.h
[2.821s] -- Up-to-date: /home/user/ws/urcell_ws/install/yolov8_msgs/include/yolov8_msgs/yolov8_msgs/msg/detail/inference_result__rosidl_typesupport_fastrtps_c.h
[2.821s] -- Up-to-date: /home/user/ws/urcell_ws/install/yolov8_msgs/include/yolov8_msgs/yolov8_msgs/srv
[2.821s] -- Up-to-date: /home/user/ws/urcell_ws/install/yolov8_msgs/include/yolov8_msgs/yolov8_msgs/srv/detail
[2.821s] -- Up-to-date: /home/user/ws/urcell_ws/install/yolov8_msgs/include/yolov8_msgs/yolov8_msgs/srv/detail/yolo_inference__rosidl_typesupport_fastrtps_c.h
[2.821s] -- Up-to-date: /home/user/ws/urcell_ws/install/yolov8_msgs/lib/libyolov8_msgs__rosidl_typesupport_fastrtps_c.so
[2.821s] -- Up-to-date: /home/user/ws/urcell_ws/install/yolov8_msgs/include/yolov8_msgs/yolov8_msgs
[2.822s] -- Up-to-date: /home/user/ws/urcell_ws/install/yolov8_msgs/include/yolov8_msgs/yolov8_msgs/msg
[2.822s] -- Up-to-date: /home/user/ws/urcell_ws/install/yolov8_msgs/include/yolov8_msgs/yolov8_msgs/msg/yolov8_inference.hpp
[2.822s] -- Up-to-date: /home/user/ws/urcell_ws/install/yolov8_msgs/include/yolov8_msgs/yolov8_msgs/msg/detail
[2.822s] -- Up-to-date: /home/user/ws/urcell_ws/install/yolov8_msgs/include/yolov8_msgs/yolov8_msgs/msg/detail/yolov8_inference__builder.hpp
[2.822s] -- Up-to-date: /home/user/ws/urcell_ws/install/yolov8_msgs/include/yolov8_msgs/yolov8_msgs/msg/detail/yolov8_inference__traits.hpp
[2.822s] -- Up-to-date: /home/user/ws/urcell_ws/install/yolov8_msgs/include/yolov8_msgs/yolov8_msgs/msg/detail/yolov8_inference__struct.hpp
[2.822s] -- Up-to-date: /home/user/ws/urcell_ws/install/yolov8_msgs/include/yolov8_msgs/yolov8_msgs/msg/detail/inference_result__traits.hpp
[2.822s] -- Up-to-date: /home/user/ws/urcell_ws/install/yolov8_msgs/include/yolov8_msgs/yolov8_msgs/msg/detail/inference_result__builder.hpp
[2.822s] -- Up-to-date: /home/user/ws/urcell_ws/install/yolov8_msgs/include/yolov8_msgs/yolov8_msgs/msg/detail/inference_result__struct.hpp
[2.822s] -- Up-to-date: /home/user/ws/urcell_ws/install/yolov8_msgs/include/yolov8_msgs/yolov8_msgs/msg/inference_result.hpp
[2.823s] -- Up-to-date: /home/user/ws/urcell_ws/install/yolov8_msgs/include/yolov8_msgs/yolov8_msgs/srv
[2.823s] -- Up-to-date: /home/user/ws/urcell_ws/install/yolov8_msgs/include/yolov8_msgs/yolov8_msgs/srv/detail
[2.823s] -- Up-to-date: /home/user/ws/urcell_ws/install/yolov8_msgs/include/yolov8_msgs/yolov8_msgs/srv/detail/yolo_inference__traits.hpp
[2.823s] -- Up-to-date: /home/user/ws/urcell_ws/install/yolov8_msgs/include/yolov8_msgs/yolov8_msgs/srv/detail/yolo_inference__struct.hpp
[2.823s] -- Up-to-date: /home/user/ws/urcell_ws/install/yolov8_msgs/include/yolov8_msgs/yolov8_msgs/srv/detail/yolo_inference__builder.hpp
[2.823s] -- Up-to-date: /home/user/ws/urcell_ws/install/yolov8_msgs/include/yolov8_msgs/yolov8_msgs/srv/yolo_inference.hpp
[2.823s] -- Up-to-date: /home/user/ws/urcell_ws/install/yolov8_msgs/include/yolov8_msgs/yolov8_msgs
[2.824s] -- Up-to-date: /home/user/ws/urcell_ws/install/yolov8_msgs/include/yolov8_msgs/yolov8_msgs/msg
[2.824s] -- Up-to-date: /home/user/ws/urcell_ws/install/yolov8_msgs/include/yolov8_msgs/yolov8_msgs/msg/rosidl_typesupport_fastrtps_cpp__visibility_control.h
[2.824s] -- Up-to-date: /home/user/ws/urcell_ws/install/yolov8_msgs/include/yolov8_msgs/yolov8_msgs/msg/detail
[2.824s] -- Up-to-date: /home/user/ws/urcell_ws/install/yolov8_msgs/include/yolov8_msgs/yolov8_msgs/msg/detail/yolov8_inference__rosidl_typesupport_fastrtps_cpp.hpp
[2.824s] -- Up-to-date: /home/user/ws/urcell_ws/install/yolov8_msgs/include/yolov8_msgs/yolov8_msgs/msg/detail/dds_fastrtps
[2.824s] -- Up-to-date: /home/user/ws/urcell_ws/install/yolov8_msgs/include/yolov8_msgs/yolov8_msgs/msg/detail/inference_result__rosidl_typesupport_fastrtps_cpp.hpp
[2.824s] -- Up-to-date: /home/user/ws/urcell_ws/install/yolov8_msgs/include/yolov8_msgs/yolov8_msgs/srv
[2.824s] -- Up-to-date: /home/user/ws/urcell_ws/install/yolov8_msgs/include/yolov8_msgs/yolov8_msgs/srv/detail
[2.825s] -- Up-to-date: /home/user/ws/urcell_ws/install/yolov8_msgs/include/yolov8_msgs/yolov8_msgs/srv/detail/yolo_inference__rosidl_typesupport_fastrtps_cpp.hpp
[2.825s] -- Up-to-date: /home/user/ws/urcell_ws/install/yolov8_msgs/include/yolov8_msgs/yolov8_msgs/srv/detail/dds_fastrtps
[2.825s] -- Up-to-date: /home/user/ws/urcell_ws/install/yolov8_msgs/lib/libyolov8_msgs__rosidl_typesupport_fastrtps_cpp.so
[2.825s] -- Up-to-date: /home/user/ws/urcell_ws/install/yolov8_msgs/include/yolov8_msgs/yolov8_msgs
[2.825s] -- Up-to-date: /home/user/ws/urcell_ws/install/yolov8_msgs/include/yolov8_msgs/yolov8_msgs/msg
[2.825s] -- Up-to-date: /home/user/ws/urcell_ws/install/yolov8_msgs/include/yolov8_msgs/yolov8_msgs/msg/detail
[2.825s] -- Up-to-date: /home/user/ws/urcell_ws/install/yolov8_msgs/include/yolov8_msgs/yolov8_msgs/msg/detail/yolov8_inference__rosidl_typesupport_introspection_c.h
[2.826s] -- Up-to-date: /home/user/ws/urcell_ws/install/yolov8_msgs/include/yolov8_msgs/yolov8_msgs/msg/detail/inference_result__rosidl_typesupport_introspection_c.h
[2.826s] -- Up-to-date: /home/user/ws/urcell_ws/install/yolov8_msgs/include/yolov8_msgs/yolov8_msgs/msg/detail/yolov8_inference__type_support.c
[2.826s] -- Up-to-date: /home/user/ws/urcell_ws/install/yolov8_msgs/include/yolov8_msgs/yolov8_msgs/msg/detail/inference_result__type_support.c
[2.826s] -- Up-to-date: /home/user/ws/urcell_ws/install/yolov8_msgs/include/yolov8_msgs/yolov8_msgs/msg/rosidl_typesupport_introspection_c__visibility_control.h
[2.826s] -- Up-to-date: /home/user/ws/urcell_ws/install/yolov8_msgs/include/yolov8_msgs/yolov8_msgs/srv
[2.826s] -- Up-to-date: /home/user/ws/urcell_ws/install/yolov8_msgs/include/yolov8_msgs/yolov8_msgs/srv/detail
[2.826s] -- Up-to-date: /home/user/ws/urcell_ws/install/yolov8_msgs/include/yolov8_msgs/yolov8_msgs/srv/detail/yolo_inference__type_support.c
[2.826s] -- Up-to-date: /home/user/ws/urcell_ws/install/yolov8_msgs/include/yolov8_msgs/yolov8_msgs/srv/detail/yolo_inference__rosidl_typesupport_introspection_c.h
[2.826s] -- Up-to-date: /home/user/ws/urcell_ws/install/yolov8_msgs/lib/libyolov8_msgs__rosidl_typesupport_introspection_c.so
[2.826s] -- Up-to-date: /home/user/ws/urcell_ws/install/yolov8_msgs/lib/libyolov8_msgs__rosidl_typesupport_c.so
[2.827s] -- Up-to-date: /home/user/ws/urcell_ws/install/yolov8_msgs/include/yolov8_msgs/yolov8_msgs
[2.827s] -- Up-to-date: /home/user/ws/urcell_ws/install/yolov8_msgs/include/yolov8_msgs/yolov8_msgs/msg
[2.827s] -- Up-to-date: /home/user/ws/urcell_ws/install/yolov8_msgs/include/yolov8_msgs/yolov8_msgs/msg/detail
[2.827s] -- Up-to-date: /home/user/ws/urcell_ws/install/yolov8_msgs/include/yolov8_msgs/yolov8_msgs/msg/detail/yolov8_inference__type_support.cpp
[2.827s] -- Up-to-date: /home/user/ws/urcell_ws/install/yolov8_msgs/include/yolov8_msgs/yolov8_msgs/msg/detail/inference_result__type_support.cpp
[2.827s] -- Up-to-date: /home/user/ws/urcell_ws/install/yolov8_msgs/include/yolov8_msgs/yolov8_msgs/msg/detail/yolov8_inference__rosidl_typesupport_introspection_cpp.hpp
[2.827s] -- Up-to-date: /home/user/ws/urcell_ws/install/yolov8_msgs/include/yolov8_msgs/yolov8_msgs/msg/detail/inference_result__rosidl_typesupport_introspection_cpp.hpp
[2.827s] -- Up-to-date: /home/user/ws/urcell_ws/install/yolov8_msgs/include/yolov8_msgs/yolov8_msgs/srv
[2.827s] -- Up-to-date: /home/user/ws/urcell_ws/install/yolov8_msgs/include/yolov8_msgs/yolov8_msgs/srv/detail
[2.827s] -- Up-to-date: /home/user/ws/urcell_ws/install/yolov8_msgs/include/yolov8_msgs/yolov8_msgs/srv/detail/yolo_inference__type_support.cpp
[2.827s] -- Up-to-date: /home/user/ws/urcell_ws/install/yolov8_msgs/include/yolov8_msgs/yolov8_msgs/srv/detail/yolo_inference__rosidl_typesupport_introspection_cpp.hpp
[2.827s] -- Up-to-date: /home/user/ws/urcell_ws/install/yolov8_msgs/lib/libyolov8_msgs__rosidl_typesupport_introspection_cpp.so
[2.828s] -- Up-to-date: /home/user/ws/urcell_ws/install/yolov8_msgs/lib/libyolov8_msgs__rosidl_typesupport_cpp.so
[2.828s] -- Up-to-date: /home/user/ws/urcell_ws/install/yolov8_msgs/share/yolov8_msgs/environment/pythonpath.sh
[2.828s] -- Installing: /home/user/ws/urcell_ws/install/yolov8_msgs/share/yolov8_msgs/environment/pythonpath.dsv
[2.828s] -- Up-to-date: /home/user/ws/urcell_ws/install/yolov8_msgs/local/lib/python3.10/dist-packages/yolov8_msgs-0.0.0-py3.10.egg-info
[2.828s] -- Installing: /home/user/ws/urcell_ws/install/yolov8_msgs/local/lib/python3.10/dist-packages/yolov8_msgs-0.0.0-py3.10.egg-info/PKG-INFO
[2.828s] -- Installing: /home/user/ws/urcell_ws/install/yolov8_msgs/local/lib/python3.10/dist-packages/yolov8_msgs-0.0.0-py3.10.egg-info/dependency_links.txt
[2.828s] -- Installing: /home/user/ws/urcell_ws/install/yolov8_msgs/local/lib/python3.10/dist-packages/yolov8_msgs-0.0.0-py3.10.egg-info/top_level.txt
[2.828s] -- Installing: /home/user/ws/urcell_ws/install/yolov8_msgs/local/lib/python3.10/dist-packages/yolov8_msgs-0.0.0-py3.10.egg-info/SOURCES.txt
[2.828s] -- Up-to-date: /home/user/ws/urcell_ws/install/yolov8_msgs/local/lib/python3.10/dist-packages/yolov8_msgs
[2.829s] -- Up-to-date: /home/user/ws/urcell_ws/install/yolov8_msgs/local/lib/python3.10/dist-packages/yolov8_msgs/_yolov8_msgs_s.ep.rosidl_typesupport_fastrtps_c.c
[2.829s] -- Up-to-date: /home/user/ws/urcell_ws/install/yolov8_msgs/local/lib/python3.10/dist-packages/yolov8_msgs/msg
[2.829s] -- Up-to-date: /home/user/ws/urcell_ws/install/yolov8_msgs/local/lib/python3.10/dist-packages/yolov8_msgs/msg/_yolov8_inference_s.c
[2.829s] -- Up-to-date: /home/user/ws/urcell_ws/install/yolov8_msgs/local/lib/python3.10/dist-packages/yolov8_msgs/msg/_yolov8_inference.py
[2.829s] -- Up-to-date: /home/user/ws/urcell_ws/install/yolov8_msgs/local/lib/python3.10/dist-packages/yolov8_msgs/msg/_inference_result.py
[2.829s] -- Up-to-date: /home/user/ws/urcell_ws/install/yolov8_msgs/local/lib/python3.10/dist-packages/yolov8_msgs/msg/_inference_result_s.c
[2.829s] -- Up-to-date: /home/user/ws/urcell_ws/install/yolov8_msgs/local/lib/python3.10/dist-packages/yolov8_msgs/msg/__init__.py
[2.829s] -- Up-to-date: /home/user/ws/urcell_ws/install/yolov8_msgs/local/lib/python3.10/dist-packages/yolov8_msgs/yolov8_msgs_s__rosidl_typesupport_fastrtps_c.cpython-310-x86_64-linux-gnu.so
[2.829s] -- Up-to-date: /home/user/ws/urcell_ws/install/yolov8_msgs/local/lib/python3.10/dist-packages/yolov8_msgs/_yolov8_msgs_s.ep.rosidl_typesupport_introspection_c.c
[2.829s] -- Up-to-date: /home/user/ws/urcell_ws/install/yolov8_msgs/local/lib/python3.10/dist-packages/yolov8_msgs/libyolov8_msgs__rosidl_generator_py.so
[2.829s] -- Up-to-date: /home/user/ws/urcell_ws/install/yolov8_msgs/local/lib/python3.10/dist-packages/yolov8_msgs/srv
[2.830s] -- Up-to-date: /home/user/ws/urcell_ws/install/yolov8_msgs/local/lib/python3.10/dist-packages/yolov8_msgs/srv/_yolo_inference.py
[2.830s] -- Up-to-date: /home/user/ws/urcell_ws/install/yolov8_msgs/local/lib/python3.10/dist-packages/yolov8_msgs/srv/_yolo_inference_s.c
[2.830s] -- Up-to-date: /home/user/ws/urcell_ws/install/yolov8_msgs/local/lib/python3.10/dist-packages/yolov8_msgs/srv/__init__.py
[2.830s] -- Up-to-date: /home/user/ws/urcell_ws/install/yolov8_msgs/local/lib/python3.10/dist-packages/yolov8_msgs/yolov8_msgs_s__rosidl_typesupport_c.cpython-310-x86_64-linux-gnu.so
[2.830s] -- Up-to-date: /home/user/ws/urcell_ws/install/yolov8_msgs/local/lib/python3.10/dist-packages/yolov8_msgs/_yolov8_msgs_s.ep.rosidl_typesupport_c.c
[2.830s] -- Up-to-date: /home/user/ws/urcell_ws/install/yolov8_msgs/local/lib/python3.10/dist-packages/yolov8_msgs/yolov8_msgs_s__rosidl_typesupport_introspection_c.cpython-310-x86_64-linux-gnu.so
[2.830s] -- Installing: /home/user/ws/urcell_ws/install/yolov8_msgs/local/lib/python3.10/dist-packages/yolov8_msgs/__init__.py
[2.866s] Listing '/home/user/ws/urcell_ws/install/yolov8_msgs/local/lib/python3.10/dist-packages/yolov8_msgs'...
[2.867s] Compiling '/home/user/ws/urcell_ws/install/yolov8_msgs/local/lib/python3.10/dist-packages/yolov8_msgs/__init__.py'...
[2.867s] Listing '/home/user/ws/urcell_ws/install/yolov8_msgs/local/lib/python3.10/dist-packages/yolov8_msgs/msg'...
[2.867s] Listing '/home/user/ws/urcell_ws/install/yolov8_msgs/local/lib/python3.10/dist-packages/yolov8_msgs/srv'...
[2.873s] -- Up-to-date: /home/user/ws/urcell_ws/install/yolov8_msgs/local/lib/python3.10/dist-packages/yolov8_msgs/yolov8_msgs_s__rosidl_typesupport_fastrtps_c.cpython-310-x86_64-linux-gnu.so
[2.873s] -- Up-to-date: /home/user/ws/urcell_ws/install/yolov8_msgs/local/lib/python3.10/dist-packages/yolov8_msgs/yolov8_msgs_s__rosidl_typesupport_introspection_c.cpython-310-x86_64-linux-gnu.so
[2.873s] -- Up-to-date: /home/user/ws/urcell_ws/install/yolov8_msgs/local/lib/python3.10/dist-packages/yolov8_msgs/yolov8_msgs_s__rosidl_typesupport_c.cpython-310-x86_64-linux-gnu.so
[2.873s] -- Up-to-date: /home/user/ws/urcell_ws/install/yolov8_msgs/lib/libyolov8_msgs__rosidl_generator_py.so
[2.873s] -- Up-to-date: /home/user/ws/urcell_ws/install/yolov8_msgs/share/yolov8_msgs/msg/InferenceResult.idl
[2.874s] -- Up-to-date: /home/user/ws/urcell_ws/install/yolov8_msgs/share/yolov8_msgs/msg/Yolov8Inference.idl
[2.874s] -- Up-to-date: /home/user/ws/urcell_ws/install/yolov8_msgs/share/yolov8_msgs/srv/YoloInference.idl
[2.874s] -- Installing: /home/user/ws/urcell_ws/install/yolov8_msgs/share/yolov8_msgs/msg/InferenceResult.msg
[2.874s] -- Up-to-date: /home/user/ws/urcell_ws/install/yolov8_msgs/share/yolov8_msgs/msg/Yolov8Inference.msg
[2.874s] -- Up-to-date: /home/user/ws/urcell_ws/install/yolov8_msgs/share/yolov8_msgs/srv/YoloInference.srv
[2.875s] -- Up-to-date: /home/user/ws/urcell_ws/install/yolov8_msgs/share/yolov8_msgs/srv/YoloInference_Request.msg
[2.875s] -- Up-to-date: /home/user/ws/urcell_ws/install/yolov8_msgs/share/yolov8_msgs/srv/YoloInference_Response.msg
[2.875s] -- Up-to-date: /home/user/ws/urcell_ws/install/yolov8_msgs/share/ament_index/resource_index/package_run_dependencies/yolov8_msgs
[2.875s] -- Installing: /home/user/ws/urcell_ws/install/yolov8_msgs/share/ament_index/resource_index/parent_prefix_path/yolov8_msgs
[2.875s] -- Up-to-date: /home/user/ws/urcell_ws/install/yolov8_msgs/share/yolov8_msgs/environment/ament_prefix_path.sh
[2.875s] -- Installing: /home/user/ws/urcell_ws/install/yolov8_msgs/share/yolov8_msgs/environment/ament_prefix_path.dsv
[2.875s] -- Up-to-date: /home/user/ws/urcell_ws/install/yolov8_msgs/share/yolov8_msgs/environment/path.sh
[2.875s] -- Installing: /home/user/ws/urcell_ws/install/yolov8_msgs/share/yolov8_msgs/environment/path.dsv
[2.876s] -- Up-to-date: /home/user/ws/urcell_ws/install/yolov8_msgs/share/yolov8_msgs/local_setup.bash
[2.876s] -- Up-to-date: /home/user/ws/urcell_ws/install/yolov8_msgs/share/yolov8_msgs/local_setup.sh
[2.876s] -- Up-to-date: /home/user/ws/urcell_ws/install/yolov8_msgs/share/yolov8_msgs/local_setup.zsh
[2.876s] -- Installing: /home/user/ws/urcell_ws/install/yolov8_msgs/share/yolov8_msgs/local_setup.dsv
[2.876s] -- Installing: /home/user/ws/urcell_ws/install/yolov8_msgs/share/yolov8_msgs/package.dsv
[2.876s] -- Up-to-date: /home/user/ws/urcell_ws/install/yolov8_msgs/share/ament_index/resource_index/packages/yolov8_msgs
[2.877s] -- Up-to-date: /home/user/ws/urcell_ws/install/yolov8_msgs/share/yolov8_msgs/cmake/export_yolov8_msgs__rosidl_generator_cExport.cmake
[2.877s] -- Up-to-date: /home/user/ws/urcell_ws/install/yolov8_msgs/share/yolov8_msgs/cmake/export_yolov8_msgs__rosidl_generator_cExport-noconfig.cmake
[2.877s] -- Up-to-date: /home/user/ws/urcell_ws/install/yolov8_msgs/share/yolov8_msgs/cmake/export_yolov8_msgs__rosidl_typesupport_fastrtps_cExport.cmake
[2.877s] -- Up-to-date: /home/user/ws/urcell_ws/install/yolov8_msgs/share/yolov8_msgs/cmake/export_yolov8_msgs__rosidl_typesupport_fastrtps_cExport-noconfig.cmake
[2.877s] -- Up-to-date: /home/user/ws/urcell_ws/install/yolov8_msgs/share/yolov8_msgs/cmake/export_yolov8_msgs__rosidl_generator_cppExport.cmake
[2.877s] -- Up-to-date: /home/user/ws/urcell_ws/install/yolov8_msgs/share/yolov8_msgs/cmake/export_yolov8_msgs__rosidl_typesupport_fastrtps_cppExport.cmake
[2.877s] -- Up-to-date: /home/user/ws/urcell_ws/install/yolov8_msgs/share/yolov8_msgs/cmake/export_yolov8_msgs__rosidl_typesupport_fastrtps_cppExport-noconfig.cmake
[2.877s] -- Up-to-date: /home/user/ws/urcell_ws/install/yolov8_msgs/share/yolov8_msgs/cmake/yolov8_msgs__rosidl_typesupport_introspection_cExport.cmake
[2.878s] -- Up-to-date: /home/user/ws/urcell_ws/install/yolov8_msgs/share/yolov8_msgs/cmake/yolov8_msgs__rosidl_typesupport_introspection_cExport-noconfig.cmake
[2.878s] -- Up-to-date: /home/user/ws/urcell_ws/install/yolov8_msgs/share/yolov8_msgs/cmake/yolov8_msgs__rosidl_typesupport_cExport.cmake
[2.878s] -- Up-to-date: /home/user/ws/urcell_ws/install/yolov8_msgs/share/yolov8_msgs/cmake/yolov8_msgs__rosidl_typesupport_cExport-noconfig.cmake
[2.878s] -- Up-to-date: /home/user/ws/urcell_ws/install/yolov8_msgs/share/yolov8_msgs/cmake/yolov8_msgs__rosidl_typesupport_introspection_cppExport.cmake
[2.878s] -- Up-to-date: /home/user/ws/urcell_ws/install/yolov8_msgs/share/yolov8_msgs/cmake/yolov8_msgs__rosidl_typesupport_introspection_cppExport-noconfig.cmake
[2.878s] -- Up-to-date: /home/user/ws/urcell_ws/install/yolov8_msgs/share/yolov8_msgs/cmake/yolov8_msgs__rosidl_typesupport_cppExport.cmake
[2.878s] -- Up-to-date: /home/user/ws/urcell_ws/install/yolov8_msgs/share/yolov8_msgs/cmake/yolov8_msgs__rosidl_typesupport_cppExport-noconfig.cmake
[2.878s] -- Up-to-date: /home/user/ws/urcell_ws/install/yolov8_msgs/share/yolov8_msgs/cmake/export_yolov8_msgs__rosidl_generator_pyExport.cmake
[2.878s] -- Up-to-date: /home/user/ws/urcell_ws/install/yolov8_msgs/share/yolov8_msgs/cmake/export_yolov8_msgs__rosidl_generator_pyExport-noconfig.cmake
[2.878s] -- Up-to-date: /home/user/ws/urcell_ws/install/yolov8_msgs/share/yolov8_msgs/cmake/rosidl_cmake-extras.cmake
[2.878s] -- Up-to-date: /home/user/ws/urcell_ws/install/yolov8_msgs/share/yolov8_msgs/cmake/ament_cmake_export_dependencies-extras.cmake
[2.878s] -- Up-to-date: /home/user/ws/urcell_ws/install/yolov8_msgs/share/yolov8_msgs/cmake/ament_cmake_export_include_directories-extras.cmake
[2.879s] -- Up-to-date: /home/user/ws/urcell_ws/install/yolov8_msgs/share/yolov8_msgs/cmake/ament_cmake_export_libraries-extras.cmake
[2.879s] -- Up-to-date: /home/user/ws/urcell_ws/install/yolov8_msgs/share/yolov8_msgs/cmake/ament_cmake_export_targets-extras.cmake
[2.879s] -- Up-to-date: /home/user/ws/urcell_ws/install/yolov8_msgs/share/yolov8_msgs/cmake/rosidl_cmake_export_typesupport_targets-extras.cmake
[2.879s] -- Up-to-date: /home/user/ws/urcell_ws/install/yolov8_msgs/share/yolov8_msgs/cmake/rosidl_cmake_export_typesupport_libraries-extras.cmake
[2.879s] -- Up-to-date: /home/user/ws/urcell_ws/install/yolov8_msgs/share/yolov8_msgs/cmake/yolov8_msgsConfig.cmake
[2.879s] -- Up-to-date: /home/user/ws/urcell_ws/install/yolov8_msgs/share/yolov8_msgs/cmake/yolov8_msgsConfig-version.cmake
[2.879s] -- Up-to-date: /home/user/ws/urcell_ws/install/yolov8_msgs/share/yolov8_msgs/package.xml
[2.881s] Invoked command in '/home/user/ws/urcell_ws/build/yolov8_msgs' returned '0': CMAKE_PREFIX_PATH=/opt/ros/humble /usr/bin/cmake --install /home/user/ws/urcell_ws/build/yolov8_msgs
