[0.076s] DEBUG:colcon:Command line arguments: ['/usr/bin/colcon', 'build']
[0.076s] DEBUG:colcon:Parsed command line arguments: Namespace(log_base=None, log_level=None, verb_name='build', build_base='build', install_base='install', merge_install=False, symlink_install=False, test_result_base=None, continue_on_error=False, executor='parallel', parallel_workers=8, event_handlers=None, ignore_user_meta=False, metas=['./colcon.meta'], base_paths=['.'], packages_ignore=None, packages_ignore_regex=None, paths=None, packages_up_to=None, packages_up_to_regex=None, packages_above=None, packages_above_and_dependencies=None, packages_above_depth=None, packages_select_by_dep=None, packages_skip_by_dep=None, packages_skip_up_to=None, packages_select_build_failed=False, packages_skip_build_finished=False, packages_select_test_failures=False, packages_skip_test_passed=False, packages_select=None, packages_skip=None, packages_select_regex=None, packages_skip_regex=None, packages_start=None, packages_end=None, allow_overriding=[], cmake_args=None, cmake_target=None, cmake_target_skip_unavailable=False, cmake_clean_cache=False, cmake_clean_first=False, cmake_force_configure=False, ament_cmake_args=None, catkin_cmake_args=None, catkin_skip_building_tests=False, mixin_files=None, mixin=None, verb_parser=<colcon_mixin.mixin.mixin_argument.MixinArgumentDecorator object at 0x73c840d3b220>, verb_extension=<colcon_core.verb.build.BuildVerb object at 0x73c840d3ac50>, main=<bound method BuildVerb.main of <colcon_core.verb.build.BuildVerb object at 0x73c840d3ac50>>, mixin_verb=('build',))
[0.191s] Level 1:colcon.colcon_core.package_discovery:discover_packages(colcon_meta) check parameters
[0.191s] Level 1:colcon.colcon_core.package_discovery:discover_packages(recursive) check parameters
[0.191s] Level 1:colcon.colcon_core.package_discovery:discover_packages(ignore) check parameters
[0.191s] Level 1:colcon.colcon_core.package_discovery:discover_packages(path) check parameters
[0.191s] Level 1:colcon.colcon_core.package_discovery:discover_packages(colcon_meta) discover
[0.191s] Level 1:colcon.colcon_core.package_discovery:discover_packages(recursive) discover
[0.191s] INFO:colcon.colcon_core.package_discovery:Crawling recursively for packages in '/home/user/ws/urcell_ws'
[0.191s] Level 1:colcon.colcon_core.package_identification:_identify(.) by extensions ['ignore', 'ignore_ament_install']
[0.191s] Level 1:colcon.colcon_core.package_identification:_identify(.) by extension 'ignore'
[0.191s] Level 1:colcon.colcon_core.package_identification:_identify(.) by extension 'ignore_ament_install'
[0.191s] Level 1:colcon.colcon_core.package_identification:_identify(.) by extensions ['colcon_pkg']
[0.191s] Level 1:colcon.colcon_core.package_identification:_identify(.) by extension 'colcon_pkg'
[0.191s] Level 1:colcon.colcon_core.package_identification:_identify(.) by extensions ['colcon_meta']
[0.191s] Level 1:colcon.colcon_core.package_identification:_identify(.) by extension 'colcon_meta'
[0.191s] Level 1:colcon.colcon_core.package_identification:_identify(.) by extensions ['ros']
[0.191s] Level 1:colcon.colcon_core.package_identification:_identify(.) by extension 'ros'
[0.199s] Level 1:colcon.colcon_core.package_identification:_identify(.) by extensions ['cmake', 'python']
[0.199s] Level 1:colcon.colcon_core.package_identification:_identify(.) by extension 'cmake'
[0.199s] Level 1:colcon.colcon_core.package_identification:_identify(.) by extension 'python'
[0.199s] Level 1:colcon.colcon_core.package_identification:_identify(.) by extensions ['python_setup_py']
[0.199s] Level 1:colcon.colcon_core.package_identification:_identify(.) by extension 'python_setup_py'
[0.199s] Level 1:colcon.colcon_core.package_identification:_identify(build) by extensions ['ignore', 'ignore_ament_install']
[0.199s] Level 1:colcon.colcon_core.package_identification:_identify(build) by extension 'ignore'
[0.199s] Level 1:colcon.colcon_core.package_identification:_identify(build) ignored
[0.199s] Level 1:colcon.colcon_core.package_identification:_identify(install) by extensions ['ignore', 'ignore_ament_install']
[0.200s] Level 1:colcon.colcon_core.package_identification:_identify(install) by extension 'ignore'
[0.200s] Level 1:colcon.colcon_core.package_identification:_identify(install) ignored
[0.200s] Level 1:colcon.colcon_core.package_identification:_identify(log) by extensions ['ignore', 'ignore_ament_install']
[0.200s] Level 1:colcon.colcon_core.package_identification:_identify(log) by extension 'ignore'
[0.200s] Level 1:colcon.colcon_core.package_identification:_identify(log) ignored
[0.200s] Level 1:colcon.colcon_core.package_identification:_identify(src) by extensions ['ignore', 'ignore_ament_install']
[0.200s] Level 1:colcon.colcon_core.package_identification:_identify(src) by extension 'ignore'
[0.200s] Level 1:colcon.colcon_core.package_identification:_identify(src) by extension 'ignore_ament_install'
[0.200s] Level 1:colcon.colcon_core.package_identification:_identify(src) by extensions ['colcon_pkg']
[0.200s] Level 1:colcon.colcon_core.package_identification:_identify(src) by extension 'colcon_pkg'
[0.200s] Level 1:colcon.colcon_core.package_identification:_identify(src) by extensions ['colcon_meta']
[0.200s] Level 1:colcon.colcon_core.package_identification:_identify(src) by extension 'colcon_meta'
[0.200s] Level 1:colcon.colcon_core.package_identification:_identify(src) by extensions ['ros']
[0.200s] Level 1:colcon.colcon_core.package_identification:_identify(src) by extension 'ros'
[0.200s] Level 1:colcon.colcon_core.package_identification:_identify(src) by extensions ['cmake', 'python']
[0.200s] Level 1:colcon.colcon_core.package_identification:_identify(src) by extension 'cmake'
[0.200s] Level 1:colcon.colcon_core.package_identification:_identify(src) by extension 'python'
[0.200s] Level 1:colcon.colcon_core.package_identification:_identify(src) by extensions ['python_setup_py']
[0.200s] Level 1:colcon.colcon_core.package_identification:_identify(src) by extension 'python_setup_py'
[0.200s] Level 1:colcon.colcon_core.package_identification:_identify(src/image_saver_pkg) by extensions ['ignore', 'ignore_ament_install']
[0.200s] Level 1:colcon.colcon_core.package_identification:_identify(src/image_saver_pkg) by extension 'ignore'
[0.200s] Level 1:colcon.colcon_core.package_identification:_identify(src/image_saver_pkg) by extension 'ignore_ament_install'
[0.200s] Level 1:colcon.colcon_core.package_identification:_identify(src/image_saver_pkg) by extensions ['colcon_pkg']
[0.200s] Level 1:colcon.colcon_core.package_identification:_identify(src/image_saver_pkg) by extension 'colcon_pkg'
[0.200s] Level 1:colcon.colcon_core.package_identification:_identify(src/image_saver_pkg) by extensions ['colcon_meta']
[0.200s] Level 1:colcon.colcon_core.package_identification:_identify(src/image_saver_pkg) by extension 'colcon_meta'
[0.200s] Level 1:colcon.colcon_core.package_identification:_identify(src/image_saver_pkg) by extensions ['ros']
[0.200s] Level 1:colcon.colcon_core.package_identification:_identify(src/image_saver_pkg) by extension 'ros'
[0.202s] DEBUG:colcon.colcon_core.package_identification:Package 'src/image_saver_pkg' with type 'ros.ament_python' and name 'image_saver_pkg'
[0.202s] Level 1:colcon.colcon_core.package_identification:_identify(src/opencv_services) by extensions ['ignore', 'ignore_ament_install']
[0.202s] Level 1:colcon.colcon_core.package_identification:_identify(src/opencv_services) by extension 'ignore'
[0.202s] Level 1:colcon.colcon_core.package_identification:_identify(src/opencv_services) by extension 'ignore_ament_install'
[0.202s] Level 1:colcon.colcon_core.package_identification:_identify(src/opencv_services) by extensions ['colcon_pkg']
[0.202s] Level 1:colcon.colcon_core.package_identification:_identify(src/opencv_services) by extension 'colcon_pkg'
[0.202s] Level 1:colcon.colcon_core.package_identification:_identify(src/opencv_services) by extensions ['colcon_meta']
[0.202s] Level 1:colcon.colcon_core.package_identification:_identify(src/opencv_services) by extension 'colcon_meta'
[0.202s] Level 1:colcon.colcon_core.package_identification:_identify(src/opencv_services) by extensions ['ros']
[0.202s] Level 1:colcon.colcon_core.package_identification:_identify(src/opencv_services) by extension 'ros'
[0.203s] DEBUG:colcon.colcon_core.package_identification:Package 'src/opencv_services' with type 'ros.ament_cmake' and name 'opencv_services'
[0.203s] Level 1:colcon.colcon_core.package_identification:_identify(src/urcell_description) by extensions ['ignore', 'ignore_ament_install']
[0.203s] Level 1:colcon.colcon_core.package_identification:_identify(src/urcell_description) by extension 'ignore'
[0.203s] Level 1:colcon.colcon_core.package_identification:_identify(src/urcell_description) by extension 'ignore_ament_install'
[0.203s] Level 1:colcon.colcon_core.package_identification:_identify(src/urcell_description) by extensions ['colcon_pkg']
[0.203s] Level 1:colcon.colcon_core.package_identification:_identify(src/urcell_description) by extension 'colcon_pkg'
[0.203s] Level 1:colcon.colcon_core.package_identification:_identify(src/urcell_description) by extensions ['colcon_meta']
[0.203s] Level 1:colcon.colcon_core.package_identification:_identify(src/urcell_description) by extension 'colcon_meta'
[0.203s] Level 1:colcon.colcon_core.package_identification:_identify(src/urcell_description) by extensions ['ros']
[0.203s] Level 1:colcon.colcon_core.package_identification:_identify(src/urcell_description) by extension 'ros'
[0.204s] DEBUG:colcon.colcon_core.package_identification:Package 'src/urcell_description' with type 'ros.ament_cmake' and name 'urcell_description'
[0.204s] Level 1:colcon.colcon_core.package_identification:_identify(src/urcell_moveit_config) by extensions ['ignore', 'ignore_ament_install']
[0.204s] Level 1:colcon.colcon_core.package_identification:_identify(src/urcell_moveit_config) by extension 'ignore'
[0.204s] Level 1:colcon.colcon_core.package_identification:_identify(src/urcell_moveit_config) by extension 'ignore_ament_install'
[0.204s] Level 1:colcon.colcon_core.package_identification:_identify(src/urcell_moveit_config) by extensions ['colcon_pkg']
[0.204s] Level 1:colcon.colcon_core.package_identification:_identify(src/urcell_moveit_config) by extension 'colcon_pkg'
[0.204s] Level 1:colcon.colcon_core.package_identification:_identify(src/urcell_moveit_config) by extensions ['colcon_meta']
[0.204s] Level 1:colcon.colcon_core.package_identification:_identify(src/urcell_moveit_config) by extension 'colcon_meta'
[0.204s] Level 1:colcon.colcon_core.package_identification:_identify(src/urcell_moveit_config) by extensions ['ros']
[0.204s] Level 1:colcon.colcon_core.package_identification:_identify(src/urcell_moveit_config) by extension 'ros'
[0.205s] DEBUG:colcon.colcon_core.package_identification:Package 'src/urcell_moveit_config' with type 'ros.ament_cmake' and name 'urcell_moveit_config'
[0.205s] Level 1:colcon.colcon_core.package_identification:_identify(src/urcell_moveit_sim) by extensions ['ignore', 'ignore_ament_install']
[0.205s] Level 1:colcon.colcon_core.package_identification:_identify(src/urcell_moveit_sim) by extension 'ignore'
[0.205s] Level 1:colcon.colcon_core.package_identification:_identify(src/urcell_moveit_sim) by extension 'ignore_ament_install'
[0.205s] Level 1:colcon.colcon_core.package_identification:_identify(src/urcell_moveit_sim) by extensions ['colcon_pkg']
[0.205s] Level 1:colcon.colcon_core.package_identification:_identify(src/urcell_moveit_sim) by extension 'colcon_pkg'
[0.205s] Level 1:colcon.colcon_core.package_identification:_identify(src/urcell_moveit_sim) by extensions ['colcon_meta']
[0.205s] Level 1:colcon.colcon_core.package_identification:_identify(src/urcell_moveit_sim) by extension 'colcon_meta'
[0.205s] Level 1:colcon.colcon_core.package_identification:_identify(src/urcell_moveit_sim) by extensions ['ros']
[0.205s] Level 1:colcon.colcon_core.package_identification:_identify(src/urcell_moveit_sim) by extension 'ros'
[0.205s] DEBUG:colcon.colcon_core.package_identification:Package 'src/urcell_moveit_sim' with type 'ros.ament_cmake' and name 'urcell_moveit_sim'
[0.205s] Level 1:colcon.colcon_core.package_identification:_identify(src/urcell_sim) by extensions ['ignore', 'ignore_ament_install']
[0.205s] Level 1:colcon.colcon_core.package_identification:_identify(src/urcell_sim) by extension 'ignore'
[0.205s] Level 1:colcon.colcon_core.package_identification:_identify(src/urcell_sim) by extension 'ignore_ament_install'
[0.205s] Level 1:colcon.colcon_core.package_identification:_identify(src/urcell_sim) by extensions ['colcon_pkg']
[0.205s] Level 1:colcon.colcon_core.package_identification:_identify(src/urcell_sim) by extension 'colcon_pkg'
[0.205s] Level 1:colcon.colcon_core.package_identification:_identify(src/urcell_sim) by extensions ['colcon_meta']
[0.205s] Level 1:colcon.colcon_core.package_identification:_identify(src/urcell_sim) by extension 'colcon_meta'
[0.206s] Level 1:colcon.colcon_core.package_identification:_identify(src/urcell_sim) by extensions ['ros']
[0.206s] Level 1:colcon.colcon_core.package_identification:_identify(src/urcell_sim) by extension 'ros'
[0.206s] DEBUG:colcon.colcon_core.package_identification:Package 'src/urcell_sim' with type 'ros.ament_cmake' and name 'urcell_sim'
[0.206s] Level 1:colcon.colcon_core.package_identification:_identify(src/yolobot_recognition) by extensions ['ignore', 'ignore_ament_install']
[0.206s] Level 1:colcon.colcon_core.package_identification:_identify(src/yolobot_recognition) by extension 'ignore'
[0.206s] Level 1:colcon.colcon_core.package_identification:_identify(src/yolobot_recognition) by extension 'ignore_ament_install'
[0.206s] Level 1:colcon.colcon_core.package_identification:_identify(src/yolobot_recognition) by extensions ['colcon_pkg']
[0.206s] Level 1:colcon.colcon_core.package_identification:_identify(src/yolobot_recognition) by extension 'colcon_pkg'
[0.206s] Level 1:colcon.colcon_core.package_identification:_identify(src/yolobot_recognition) by extensions ['colcon_meta']
[0.206s] Level 1:colcon.colcon_core.package_identification:_identify(src/yolobot_recognition) by extension 'colcon_meta'
[0.206s] Level 1:colcon.colcon_core.package_identification:_identify(src/yolobot_recognition) by extensions ['ros']
[0.206s] Level 1:colcon.colcon_core.package_identification:_identify(src/yolobot_recognition) by extension 'ros'
[0.207s] DEBUG:colcon.colcon_core.package_identification:Package 'src/yolobot_recognition' with type 'ros.ament_cmake' and name 'yolobot_recognition'
[0.207s] Level 1:colcon.colcon_core.package_identification:_identify(src/yolov8_msgs) by extensions ['ignore', 'ignore_ament_install']
[0.207s] Level 1:colcon.colcon_core.package_identification:_identify(src/yolov8_msgs) by extension 'ignore'
[0.207s] Level 1:colcon.colcon_core.package_identification:_identify(src/yolov8_msgs) by extension 'ignore_ament_install'
[0.207s] Level 1:colcon.colcon_core.package_identification:_identify(src/yolov8_msgs) by extensions ['colcon_pkg']
[0.207s] Level 1:colcon.colcon_core.package_identification:_identify(src/yolov8_msgs) by extension 'colcon_pkg'
[0.207s] Level 1:colcon.colcon_core.package_identification:_identify(src/yolov8_msgs) by extensions ['colcon_meta']
[0.207s] Level 1:colcon.colcon_core.package_identification:_identify(src/yolov8_msgs) by extension 'colcon_meta'
[0.207s] Level 1:colcon.colcon_core.package_identification:_identify(src/yolov8_msgs) by extensions ['ros']
[0.207s] Level 1:colcon.colcon_core.package_identification:_identify(src/yolov8_msgs) by extension 'ros'
[0.207s] DEBUG:colcon.colcon_core.package_identification:Package 'src/yolov8_msgs' with type 'ros.ament_cmake' and name 'yolov8_msgs'
[0.207s] Level 1:colcon.colcon_core.package_identification:_identify(~ws) by extensions ['ignore', 'ignore_ament_install']
[0.207s] Level 1:colcon.colcon_core.package_identification:_identify(~ws) by extension 'ignore'
[0.207s] Level 1:colcon.colcon_core.package_identification:_identify(~ws) by extension 'ignore_ament_install'
[0.207s] Level 1:colcon.colcon_core.package_identification:_identify(~ws) by extensions ['colcon_pkg']
[0.207s] Level 1:colcon.colcon_core.package_identification:_identify(~ws) by extension 'colcon_pkg'
[0.207s] Level 1:colcon.colcon_core.package_identification:_identify(~ws) by extensions ['colcon_meta']
[0.207s] Level 1:colcon.colcon_core.package_identification:_identify(~ws) by extension 'colcon_meta'
[0.207s] Level 1:colcon.colcon_core.package_identification:_identify(~ws) by extensions ['ros']
[0.207s] Level 1:colcon.colcon_core.package_identification:_identify(~ws) by extension 'ros'
[0.208s] Level 1:colcon.colcon_core.package_identification:_identify(~ws) by extensions ['cmake', 'python']
[0.208s] Level 1:colcon.colcon_core.package_identification:_identify(~ws) by extension 'cmake'
[0.208s] Level 1:colcon.colcon_core.package_identification:_identify(~ws) by extension 'python'
[0.208s] Level 1:colcon.colcon_core.package_identification:_identify(~ws) by extensions ['python_setup_py']
[0.208s] Level 1:colcon.colcon_core.package_identification:_identify(~ws) by extension 'python_setup_py'
[0.208s] Level 1:colcon.colcon_core.package_identification:_identify(~ws/urcell_ws) by extensions ['ignore', 'ignore_ament_install']
[0.208s] Level 1:colcon.colcon_core.package_identification:_identify(~ws/urcell_ws) by extension 'ignore'
[0.208s] Level 1:colcon.colcon_core.package_identification:_identify(~ws/urcell_ws) by extension 'ignore_ament_install'
[0.208s] Level 1:colcon.colcon_core.package_identification:_identify(~ws/urcell_ws) by extensions ['colcon_pkg']
[0.208s] Level 1:colcon.colcon_core.package_identification:_identify(~ws/urcell_ws) by extension 'colcon_pkg'
[0.208s] Level 1:colcon.colcon_core.package_identification:_identify(~ws/urcell_ws) by extensions ['colcon_meta']
[0.208s] Level 1:colcon.colcon_core.package_identification:_identify(~ws/urcell_ws) by extension 'colcon_meta'
[0.208s] Level 1:colcon.colcon_core.package_identification:_identify(~ws/urcell_ws) by extensions ['ros']
[0.208s] Level 1:colcon.colcon_core.package_identification:_identify(~ws/urcell_ws) by extension 'ros'
[0.208s] Level 1:colcon.colcon_core.package_identification:_identify(~ws/urcell_ws) by extensions ['cmake', 'python']
[0.208s] Level 1:colcon.colcon_core.package_identification:_identify(~ws/urcell_ws) by extension 'cmake'
[0.208s] Level 1:colcon.colcon_core.package_identification:_identify(~ws/urcell_ws) by extension 'python'
[0.208s] Level 1:colcon.colcon_core.package_identification:_identify(~ws/urcell_ws) by extensions ['python_setup_py']
[0.208s] Level 1:colcon.colcon_core.package_identification:_identify(~ws/urcell_ws) by extension 'python_setup_py'
[0.208s] Level 1:colcon.colcon_core.package_identification:_identify(~ws/urcell_ws/src) by extensions ['ignore', 'ignore_ament_install']
[0.208s] Level 1:colcon.colcon_core.package_identification:_identify(~ws/urcell_ws/src) by extension 'ignore'
[0.208s] Level 1:colcon.colcon_core.package_identification:_identify(~ws/urcell_ws/src) by extension 'ignore_ament_install'
[0.208s] Level 1:colcon.colcon_core.package_identification:_identify(~ws/urcell_ws/src) by extensions ['colcon_pkg']
[0.208s] Level 1:colcon.colcon_core.package_identification:_identify(~ws/urcell_ws/src) by extension 'colcon_pkg'
[0.208s] Level 1:colcon.colcon_core.package_identification:_identify(~ws/urcell_ws/src) by extensions ['colcon_meta']
[0.208s] Level 1:colcon.colcon_core.package_identification:_identify(~ws/urcell_ws/src) by extension 'colcon_meta'
[0.208s] Level 1:colcon.colcon_core.package_identification:_identify(~ws/urcell_ws/src) by extensions ['ros']
[0.208s] Level 1:colcon.colcon_core.package_identification:_identify(~ws/urcell_ws/src) by extension 'ros'
[0.208s] Level 1:colcon.colcon_core.package_identification:_identify(~ws/urcell_ws/src) by extensions ['cmake', 'python']
[0.208s] Level 1:colcon.colcon_core.package_identification:_identify(~ws/urcell_ws/src) by extension 'cmake'
[0.208s] Level 1:colcon.colcon_core.package_identification:_identify(~ws/urcell_ws/src) by extension 'python'
[0.208s] Level 1:colcon.colcon_core.package_identification:_identify(~ws/urcell_ws/src) by extensions ['python_setup_py']
[0.208s] Level 1:colcon.colcon_core.package_identification:_identify(~ws/urcell_ws/src) by extension 'python_setup_py'
[0.208s] Level 1:colcon.colcon_core.package_identification:_identify(~ws/urcell_ws/src/yolobot_recognition) by extensions ['ignore', 'ignore_ament_install']
[0.209s] Level 1:colcon.colcon_core.package_identification:_identify(~ws/urcell_ws/src/yolobot_recognition) by extension 'ignore'
[0.209s] Level 1:colcon.colcon_core.package_identification:_identify(~ws/urcell_ws/src/yolobot_recognition) by extension 'ignore_ament_install'
[0.209s] Level 1:colcon.colcon_core.package_identification:_identify(~ws/urcell_ws/src/yolobot_recognition) by extensions ['colcon_pkg']
[0.209s] Level 1:colcon.colcon_core.package_identification:_identify(~ws/urcell_ws/src/yolobot_recognition) by extension 'colcon_pkg'
[0.209s] Level 1:colcon.colcon_core.package_identification:_identify(~ws/urcell_ws/src/yolobot_recognition) by extensions ['colcon_meta']
[0.209s] Level 1:colcon.colcon_core.package_identification:_identify(~ws/urcell_ws/src/yolobot_recognition) by extension 'colcon_meta'
[0.209s] Level 1:colcon.colcon_core.package_identification:_identify(~ws/urcell_ws/src/yolobot_recognition) by extensions ['ros']
[0.209s] Level 1:colcon.colcon_core.package_identification:_identify(~ws/urcell_ws/src/yolobot_recognition) by extension 'ros'
[0.209s] Level 1:colcon.colcon_core.package_identification:_identify(~ws/urcell_ws/src/yolobot_recognition) by extensions ['cmake', 'python']
[0.209s] Level 1:colcon.colcon_core.package_identification:_identify(~ws/urcell_ws/src/yolobot_recognition) by extension 'cmake'
[0.209s] Level 1:colcon.colcon_core.package_identification:_identify(~ws/urcell_ws/src/yolobot_recognition) by extension 'python'
[0.209s] Level 1:colcon.colcon_core.package_identification:_identify(~ws/urcell_ws/src/yolobot_recognition) by extensions ['python_setup_py']
[0.209s] Level 1:colcon.colcon_core.package_identification:_identify(~ws/urcell_ws/src/yolobot_recognition) by extension 'python_setup_py'
[0.209s] Level 1:colcon.colcon_core.package_identification:_identify(~ws/urcell_ws/src/yolobot_recognition/scripts) by extensions ['ignore', 'ignore_ament_install']
[0.209s] Level 1:colcon.colcon_core.package_identification:_identify(~ws/urcell_ws/src/yolobot_recognition/scripts) by extension 'ignore'
[0.209s] Level 1:colcon.colcon_core.package_identification:_identify(~ws/urcell_ws/src/yolobot_recognition/scripts) by extension 'ignore_ament_install'
[0.209s] Level 1:colcon.colcon_core.package_identification:_identify(~ws/urcell_ws/src/yolobot_recognition/scripts) by extensions ['colcon_pkg']
[0.209s] Level 1:colcon.colcon_core.package_identification:_identify(~ws/urcell_ws/src/yolobot_recognition/scripts) by extension 'colcon_pkg'
[0.209s] Level 1:colcon.colcon_core.package_identification:_identify(~ws/urcell_ws/src/yolobot_recognition/scripts) by extensions ['colcon_meta']
[0.209s] Level 1:colcon.colcon_core.package_identification:_identify(~ws/urcell_ws/src/yolobot_recognition/scripts) by extension 'colcon_meta'
[0.209s] Level 1:colcon.colcon_core.package_identification:_identify(~ws/urcell_ws/src/yolobot_recognition/scripts) by extensions ['ros']
[0.209s] Level 1:colcon.colcon_core.package_identification:_identify(~ws/urcell_ws/src/yolobot_recognition/scripts) by extension 'ros'
[0.209s] Level 1:colcon.colcon_core.package_identification:_identify(~ws/urcell_ws/src/yolobot_recognition/scripts) by extensions ['cmake', 'python']
[0.209s] Level 1:colcon.colcon_core.package_identification:_identify(~ws/urcell_ws/src/yolobot_recognition/scripts) by extension 'cmake'
[0.209s] Level 1:colcon.colcon_core.package_identification:_identify(~ws/urcell_ws/src/yolobot_recognition/scripts) by extension 'python'
[0.209s] Level 1:colcon.colcon_core.package_identification:_identify(~ws/urcell_ws/src/yolobot_recognition/scripts) by extensions ['python_setup_py']
[0.209s] Level 1:colcon.colcon_core.package_identification:_identify(~ws/urcell_ws/src/yolobot_recognition/scripts) by extension 'python_setup_py'
[0.209s] Level 1:colcon.colcon_core.package_discovery:discover_packages(recursive) using defaults
[0.209s] Level 1:colcon.colcon_core.package_discovery:discover_packages(ignore) discover
[0.209s] Level 1:colcon.colcon_core.package_discovery:discover_packages(ignore) using defaults
[0.209s] Level 1:colcon.colcon_core.package_discovery:discover_packages(path) discover
[0.209s] Level 1:colcon.colcon_core.package_discovery:discover_packages(path) using defaults
[0.231s] Level 1:colcon.colcon_core.package_discovery:discover_packages(prefix_path) check parameters
[0.231s] Level 1:colcon.colcon_core.package_discovery:discover_packages(prefix_path) discover
[0.233s] DEBUG:colcon.colcon_installed_package_information.package_discovery:Found 8 installed packages in /home/user/ws/urcell_ws/install
[0.234s] DEBUG:colcon.colcon_installed_package_information.package_discovery:Found 388 installed packages in /opt/ros/humble
[0.235s] Level 1:colcon.colcon_core.package_discovery:discover_packages(prefix_path) using defaults
[0.265s] Level 5:colcon.colcon_core.verb:set package 'image_saver_pkg' build argument 'cmake_args' from command line to 'None'
[0.265s] Level 5:colcon.colcon_core.verb:set package 'image_saver_pkg' build argument 'cmake_target' from command line to 'None'
[0.265s] Level 5:colcon.colcon_core.verb:set package 'image_saver_pkg' build argument 'cmake_target_skip_unavailable' from command line to 'False'
[0.265s] Level 5:colcon.colcon_core.verb:set package 'image_saver_pkg' build argument 'cmake_clean_cache' from command line to 'False'
[0.265s] Level 5:colcon.colcon_core.verb:set package 'image_saver_pkg' build argument 'cmake_clean_first' from command line to 'False'
[0.265s] Level 5:colcon.colcon_core.verb:set package 'image_saver_pkg' build argument 'cmake_force_configure' from command line to 'False'
[0.265s] Level 5:colcon.colcon_core.verb:set package 'image_saver_pkg' build argument 'ament_cmake_args' from command line to 'None'
[0.265s] Level 5:colcon.colcon_core.verb:set package 'image_saver_pkg' build argument 'catkin_cmake_args' from command line to 'None'
[0.266s] Level 5:colcon.colcon_core.verb:set package 'image_saver_pkg' build argument 'catkin_skip_building_tests' from command line to 'False'
[0.266s] DEBUG:colcon.colcon_core.verb:Building package 'image_saver_pkg' with the following arguments: {'ament_cmake_args': None, 'build_base': '/home/user/ws/urcell_ws/build/image_saver_pkg', 'catkin_cmake_args': None, 'catkin_skip_building_tests': False, 'cmake_args': None, 'cmake_clean_cache': False, 'cmake_clean_first': False, 'cmake_force_configure': False, 'cmake_target': None, 'cmake_target_skip_unavailable': False, 'install_base': '/home/user/ws/urcell_ws/install/image_saver_pkg', 'merge_install': False, 'path': '/home/user/ws/urcell_ws/src/image_saver_pkg', 'symlink_install': False, 'test_result_base': None}
[0.266s] Level 5:colcon.colcon_core.verb:set package 'urcell_description' build argument 'cmake_args' from command line to 'None'
[0.266s] Level 5:colcon.colcon_core.verb:set package 'urcell_description' build argument 'cmake_target' from command line to 'None'
[0.266s] Level 5:colcon.colcon_core.verb:set package 'urcell_description' build argument 'cmake_target_skip_unavailable' from command line to 'False'
[0.266s] Level 5:colcon.colcon_core.verb:set package 'urcell_description' build argument 'cmake_clean_cache' from command line to 'False'
[0.266s] Level 5:colcon.colcon_core.verb:set package 'urcell_description' build argument 'cmake_clean_first' from command line to 'False'
[0.266s] Level 5:colcon.colcon_core.verb:set package 'urcell_description' build argument 'cmake_force_configure' from command line to 'False'
[0.266s] Level 5:colcon.colcon_core.verb:set package 'urcell_description' build argument 'ament_cmake_args' from command line to 'None'
[0.266s] Level 5:colcon.colcon_core.verb:set package 'urcell_description' build argument 'catkin_cmake_args' from command line to 'None'
[0.266s] Level 5:colcon.colcon_core.verb:set package 'urcell_description' build argument 'catkin_skip_building_tests' from command line to 'False'
[0.266s] DEBUG:colcon.colcon_core.verb:Building package 'urcell_description' with the following arguments: {'ament_cmake_args': None, 'build_base': '/home/user/ws/urcell_ws/build/urcell_description', 'catkin_cmake_args': None, 'catkin_skip_building_tests': False, 'cmake_args': None, 'cmake_clean_cache': False, 'cmake_clean_first': False, 'cmake_force_configure': False, 'cmake_target': None, 'cmake_target_skip_unavailable': False, 'install_base': '/home/user/ws/urcell_ws/install/urcell_description', 'merge_install': False, 'path': '/home/user/ws/urcell_ws/src/urcell_description', 'symlink_install': False, 'test_result_base': None}
[0.266s] Level 5:colcon.colcon_core.verb:set package 'urcell_moveit_sim' build argument 'cmake_args' from command line to 'None'
[0.266s] Level 5:colcon.colcon_core.verb:set package 'urcell_moveit_sim' build argument 'cmake_target' from command line to 'None'
[0.266s] Level 5:colcon.colcon_core.verb:set package 'urcell_moveit_sim' build argument 'cmake_target_skip_unavailable' from command line to 'False'
[0.266s] Level 5:colcon.colcon_core.verb:set package 'urcell_moveit_sim' build argument 'cmake_clean_cache' from command line to 'False'
[0.266s] Level 5:colcon.colcon_core.verb:set package 'urcell_moveit_sim' build argument 'cmake_clean_first' from command line to 'False'
[0.266s] Level 5:colcon.colcon_core.verb:set package 'urcell_moveit_sim' build argument 'cmake_force_configure' from command line to 'False'
[0.266s] Level 5:colcon.colcon_core.verb:set package 'urcell_moveit_sim' build argument 'ament_cmake_args' from command line to 'None'
[0.266s] Level 5:colcon.colcon_core.verb:set package 'urcell_moveit_sim' build argument 'catkin_cmake_args' from command line to 'None'
[0.266s] Level 5:colcon.colcon_core.verb:set package 'urcell_moveit_sim' build argument 'catkin_skip_building_tests' from command line to 'False'
[0.266s] DEBUG:colcon.colcon_core.verb:Building package 'urcell_moveit_sim' with the following arguments: {'ament_cmake_args': None, 'build_base': '/home/user/ws/urcell_ws/build/urcell_moveit_sim', 'catkin_cmake_args': None, 'catkin_skip_building_tests': False, 'cmake_args': None, 'cmake_clean_cache': False, 'cmake_clean_first': False, 'cmake_force_configure': False, 'cmake_target': None, 'cmake_target_skip_unavailable': False, 'install_base': '/home/user/ws/urcell_ws/install/urcell_moveit_sim', 'merge_install': False, 'path': '/home/user/ws/urcell_ws/src/urcell_moveit_sim', 'symlink_install': False, 'test_result_base': None}
[0.266s] Level 5:colcon.colcon_core.verb:set package 'urcell_sim' build argument 'cmake_args' from command line to 'None'
[0.266s] Level 5:colcon.colcon_core.verb:set package 'urcell_sim' build argument 'cmake_target' from command line to 'None'
[0.266s] Level 5:colcon.colcon_core.verb:set package 'urcell_sim' build argument 'cmake_target_skip_unavailable' from command line to 'False'
[0.266s] Level 5:colcon.colcon_core.verb:set package 'urcell_sim' build argument 'cmake_clean_cache' from command line to 'False'
[0.266s] Level 5:colcon.colcon_core.verb:set package 'urcell_sim' build argument 'cmake_clean_first' from command line to 'False'
[0.267s] Level 5:colcon.colcon_core.verb:set package 'urcell_sim' build argument 'cmake_force_configure' from command line to 'False'
[0.267s] Level 5:colcon.colcon_core.verb:set package 'urcell_sim' build argument 'ament_cmake_args' from command line to 'None'
[0.267s] Level 5:colcon.colcon_core.verb:set package 'urcell_sim' build argument 'catkin_cmake_args' from command line to 'None'
[0.267s] Level 5:colcon.colcon_core.verb:set package 'urcell_sim' build argument 'catkin_skip_building_tests' from command line to 'False'
[0.267s] DEBUG:colcon.colcon_core.verb:Building package 'urcell_sim' with the following arguments: {'ament_cmake_args': None, 'build_base': '/home/user/ws/urcell_ws/build/urcell_sim', 'catkin_cmake_args': None, 'catkin_skip_building_tests': False, 'cmake_args': None, 'cmake_clean_cache': False, 'cmake_clean_first': False, 'cmake_force_configure': False, 'cmake_target': None, 'cmake_target_skip_unavailable': False, 'install_base': '/home/user/ws/urcell_ws/install/urcell_sim', 'merge_install': False, 'path': '/home/user/ws/urcell_ws/src/urcell_sim', 'symlink_install': False, 'test_result_base': None}
[0.267s] Level 5:colcon.colcon_core.verb:set package 'yolobot_recognition' build argument 'cmake_args' from command line to 'None'
[0.267s] Level 5:colcon.colcon_core.verb:set package 'yolobot_recognition' build argument 'cmake_target' from command line to 'None'
[0.267s] Level 5:colcon.colcon_core.verb:set package 'yolobot_recognition' build argument 'cmake_target_skip_unavailable' from command line to 'False'
[0.267s] Level 5:colcon.colcon_core.verb:set package 'yolobot_recognition' build argument 'cmake_clean_cache' from command line to 'False'
[0.267s] Level 5:colcon.colcon_core.verb:set package 'yolobot_recognition' build argument 'cmake_clean_first' from command line to 'False'
[0.267s] Level 5:colcon.colcon_core.verb:set package 'yolobot_recognition' build argument 'cmake_force_configure' from command line to 'False'
[0.267s] Level 5:colcon.colcon_core.verb:set package 'yolobot_recognition' build argument 'ament_cmake_args' from command line to 'None'
[0.267s] Level 5:colcon.colcon_core.verb:set package 'yolobot_recognition' build argument 'catkin_cmake_args' from command line to 'None'
[0.267s] Level 5:colcon.colcon_core.verb:set package 'yolobot_recognition' build argument 'catkin_skip_building_tests' from command line to 'False'
[0.267s] DEBUG:colcon.colcon_core.verb:Building package 'yolobot_recognition' with the following arguments: {'ament_cmake_args': None, 'build_base': '/home/user/ws/urcell_ws/build/yolobot_recognition', 'catkin_cmake_args': None, 'catkin_skip_building_tests': False, 'cmake_args': None, 'cmake_clean_cache': False, 'cmake_clean_first': False, 'cmake_force_configure': False, 'cmake_target': None, 'cmake_target_skip_unavailable': False, 'install_base': '/home/user/ws/urcell_ws/install/yolobot_recognition', 'merge_install': False, 'path': '/home/user/ws/urcell_ws/src/yolobot_recognition', 'symlink_install': False, 'test_result_base': None}
[0.267s] Level 5:colcon.colcon_core.verb:set package 'yolov8_msgs' build argument 'cmake_args' from command line to 'None'
[0.267s] Level 5:colcon.colcon_core.verb:set package 'yolov8_msgs' build argument 'cmake_target' from command line to 'None'
[0.267s] Level 5:colcon.colcon_core.verb:set package 'yolov8_msgs' build argument 'cmake_target_skip_unavailable' from command line to 'False'
[0.267s] Level 5:colcon.colcon_core.verb:set package 'yolov8_msgs' build argument 'cmake_clean_cache' from command line to 'False'
[0.267s] Level 5:colcon.colcon_core.verb:set package 'yolov8_msgs' build argument 'cmake_clean_first' from command line to 'False'
[0.267s] Level 5:colcon.colcon_core.verb:set package 'yolov8_msgs' build argument 'cmake_force_configure' from command line to 'False'
[0.267s] Level 5:colcon.colcon_core.verb:set package 'yolov8_msgs' build argument 'ament_cmake_args' from command line to 'None'
[0.267s] Level 5:colcon.colcon_core.verb:set package 'yolov8_msgs' build argument 'catkin_cmake_args' from command line to 'None'
[0.267s] Level 5:colcon.colcon_core.verb:set package 'yolov8_msgs' build argument 'catkin_skip_building_tests' from command line to 'False'
[0.267s] DEBUG:colcon.colcon_core.verb:Building package 'yolov8_msgs' with the following arguments: {'ament_cmake_args': None, 'build_base': '/home/user/ws/urcell_ws/build/yolov8_msgs', 'catkin_cmake_args': None, 'catkin_skip_building_tests': False, 'cmake_args': None, 'cmake_clean_cache': False, 'cmake_clean_first': False, 'cmake_force_configure': False, 'cmake_target': None, 'cmake_target_skip_unavailable': False, 'install_base': '/home/user/ws/urcell_ws/install/yolov8_msgs', 'merge_install': False, 'path': '/home/user/ws/urcell_ws/src/yolov8_msgs', 'symlink_install': False, 'test_result_base': None}
[0.267s] Level 5:colcon.colcon_core.verb:set package 'opencv_services' build argument 'cmake_args' from command line to 'None'
[0.267s] Level 5:colcon.colcon_core.verb:set package 'opencv_services' build argument 'cmake_target' from command line to 'None'
[0.267s] Level 5:colcon.colcon_core.verb:set package 'opencv_services' build argument 'cmake_target_skip_unavailable' from command line to 'False'
[0.267s] Level 5:colcon.colcon_core.verb:set package 'opencv_services' build argument 'cmake_clean_cache' from command line to 'False'
[0.267s] Level 5:colcon.colcon_core.verb:set package 'opencv_services' build argument 'cmake_clean_first' from command line to 'False'
[0.267s] Level 5:colcon.colcon_core.verb:set package 'opencv_services' build argument 'cmake_force_configure' from command line to 'False'
[0.267s] Level 5:colcon.colcon_core.verb:set package 'opencv_services' build argument 'ament_cmake_args' from command line to 'None'
[0.267s] Level 5:colcon.colcon_core.verb:set package 'opencv_services' build argument 'catkin_cmake_args' from command line to 'None'
[0.267s] Level 5:colcon.colcon_core.verb:set package 'opencv_services' build argument 'catkin_skip_building_tests' from command line to 'False'
[0.268s] DEBUG:colcon.colcon_core.verb:Building package 'opencv_services' with the following arguments: {'ament_cmake_args': None, 'build_base': '/home/user/ws/urcell_ws/build/opencv_services', 'catkin_cmake_args': None, 'catkin_skip_building_tests': False, 'cmake_args': None, 'cmake_clean_cache': False, 'cmake_clean_first': False, 'cmake_force_configure': False, 'cmake_target': None, 'cmake_target_skip_unavailable': False, 'install_base': '/home/user/ws/urcell_ws/install/opencv_services', 'merge_install': False, 'path': '/home/user/ws/urcell_ws/src/opencv_services', 'symlink_install': False, 'test_result_base': None}
[0.268s] Level 5:colcon.colcon_core.verb:set package 'urcell_moveit_config' build argument 'cmake_args' from command line to 'None'
[0.268s] Level 5:colcon.colcon_core.verb:set package 'urcell_moveit_config' build argument 'cmake_target' from command line to 'None'
[0.268s] Level 5:colcon.colcon_core.verb:set package 'urcell_moveit_config' build argument 'cmake_target_skip_unavailable' from command line to 'False'
[0.268s] Level 5:colcon.colcon_core.verb:set package 'urcell_moveit_config' build argument 'cmake_clean_cache' from command line to 'False'
[0.268s] Level 5:colcon.colcon_core.verb:set package 'urcell_moveit_config' build argument 'cmake_clean_first' from command line to 'False'
[0.268s] Level 5:colcon.colcon_core.verb:set package 'urcell_moveit_config' build argument 'cmake_force_configure' from command line to 'False'
[0.268s] Level 5:colcon.colcon_core.verb:set package 'urcell_moveit_config' build argument 'ament_cmake_args' from command line to 'None'
[0.268s] Level 5:colcon.colcon_core.verb:set package 'urcell_moveit_config' build argument 'catkin_cmake_args' from command line to 'None'
[0.268s] Level 5:colcon.colcon_core.verb:set package 'urcell_moveit_config' build argument 'catkin_skip_building_tests' from command line to 'False'
[0.268s] DEBUG:colcon.colcon_core.verb:Building package 'urcell_moveit_config' with the following arguments: {'ament_cmake_args': None, 'build_base': '/home/user/ws/urcell_ws/build/urcell_moveit_config', 'catkin_cmake_args': None, 'catkin_skip_building_tests': False, 'cmake_args': None, 'cmake_clean_cache': False, 'cmake_clean_first': False, 'cmake_force_configure': False, 'cmake_target': None, 'cmake_target_skip_unavailable': False, 'install_base': '/home/user/ws/urcell_ws/install/urcell_moveit_config', 'merge_install': False, 'path': '/home/user/ws/urcell_ws/src/urcell_moveit_config', 'symlink_install': False, 'test_result_base': None}
[0.268s] INFO:colcon.colcon_core.executor:Executing jobs using 'parallel' executor
[0.269s] DEBUG:colcon.colcon_parallel_executor.executor.parallel:run_until_complete
[0.269s] INFO:colcon.colcon_ros.task.ament_cmake.build:Building ROS package in '/home/user/ws/urcell_ws/src/urcell_description' with build type 'ament_cmake'
[0.269s] INFO:colcon.colcon_cmake.task.cmake.build:Building CMake package in '/home/user/ws/urcell_ws/src/urcell_description'
[0.271s] INFO:colcon.colcon_core.plugin_system:Skipping extension 'colcon_core.shell.bat': Not used on non-Windows systems
[0.271s] INFO:colcon.colcon_core.shell:Skip shell extension 'powershell' for command environment: Not usable outside of PowerShell
[0.271s] DEBUG:colcon.colcon_core.shell:Skip shell extension 'dsv' for command environment
[0.274s] INFO:colcon.colcon_ros.task.ament_cmake.build:Building ROS package in '/home/user/ws/urcell_ws/src/yolov8_msgs' with build type 'ament_cmake'
[0.274s] INFO:colcon.colcon_cmake.task.cmake.build:Building CMake package in '/home/user/ws/urcell_ws/src/yolov8_msgs'
[0.274s] INFO:colcon.colcon_core.shell:Skip shell extension 'powershell' for command environment: Not usable outside of PowerShell
[0.274s] DEBUG:colcon.colcon_core.shell:Skip shell extension 'dsv' for command environment
[0.277s] INFO:colcon.colcon_ros.task.ament_python.build:Building ROS package in '/home/user/ws/urcell_ws/src/image_saver_pkg' with build type 'ament_python'
[0.277s] Level 1:colcon.colcon_core.shell:create_environment_hook('image_saver_pkg', 'ament_prefix_path')
[0.277s] INFO:colcon.colcon_core.shell:Creating environment hook '/home/user/ws/urcell_ws/install/image_saver_pkg/share/image_saver_pkg/hook/ament_prefix_path.ps1'
[0.278s] INFO:colcon.colcon_core.shell:Creating environment descriptor '/home/user/ws/urcell_ws/install/image_saver_pkg/share/image_saver_pkg/hook/ament_prefix_path.dsv'
[0.278s] INFO:colcon.colcon_core.shell:Creating environment hook '/home/user/ws/urcell_ws/install/image_saver_pkg/share/image_saver_pkg/hook/ament_prefix_path.sh'
[0.278s] INFO:colcon.colcon_core.shell:Skip shell extension 'powershell' for command environment: Not usable outside of PowerShell
[0.279s] DEBUG:colcon.colcon_core.shell:Skip shell extension 'dsv' for command environment
[0.281s] INFO:colcon.colcon_ros.task.ament_cmake.build:Building ROS package in '/home/user/ws/urcell_ws/src/urcell_moveit_sim' with build type 'ament_cmake'
[0.281s] INFO:colcon.colcon_cmake.task.cmake.build:Building CMake package in '/home/user/ws/urcell_ws/src/urcell_moveit_sim'
[0.281s] INFO:colcon.colcon_core.shell:Skip shell extension 'powershell' for command environment: Not usable outside of PowerShell
[0.281s] DEBUG:colcon.colcon_core.shell:Skip shell extension 'dsv' for command environment
[0.285s] INFO:colcon.colcon_ros.task.ament_cmake.build:Building ROS package in '/home/user/ws/urcell_ws/src/urcell_sim' with build type 'ament_cmake'
[0.285s] INFO:colcon.colcon_cmake.task.cmake.build:Building CMake package in '/home/user/ws/urcell_ws/src/urcell_sim'
[0.286s] INFO:colcon.colcon_core.shell:Skip shell extension 'powershell' for command environment: Not usable outside of PowerShell
[0.286s] DEBUG:colcon.colcon_core.shell:Skip shell extension 'dsv' for command environment
[0.288s] INFO:colcon.colcon_ros.task.ament_cmake.build:Building ROS package in '/home/user/ws/urcell_ws/src/yolobot_recognition' with build type 'ament_cmake'
[0.288s] INFO:colcon.colcon_cmake.task.cmake.build:Building CMake package in '/home/user/ws/urcell_ws/src/yolobot_recognition'
[0.289s] INFO:colcon.colcon_core.shell:Skip shell extension 'powershell' for command environment: Not usable outside of PowerShell
[0.289s] DEBUG:colcon.colcon_core.shell:Skip shell extension 'dsv' for command environment
[0.297s] DEBUG:colcon.colcon_core.event_handler.log_command:Invoking command in '/home/user/ws/urcell_ws/build/urcell_description': CMAKE_PREFIX_PATH=${CMAKE_PREFIX_PATH}:/home/user/ws/urcell_ws/install/image_saver_pkg:/opt/ros/humble /usr/bin/cmake --build /home/user/ws/urcell_ws/build/urcell_description -- -j8 -l8
[0.302s] DEBUG:colcon.colcon_core.event_handler.log_command:Invoking command in '/home/user/ws/urcell_ws/build/yolov8_msgs': CMAKE_PREFIX_PATH=${CMAKE_PREFIX_PATH}:/home/user/ws/urcell_ws/install/image_saver_pkg:/opt/ros/humble /usr/bin/cmake --build /home/user/ws/urcell_ws/build/yolov8_msgs -- -j8 -l8
[0.507s] INFO:colcon.colcon_core.task.python.build:Building Python package in '/home/user/ws/urcell_ws/src/image_saver_pkg'
[0.507s] INFO:colcon.colcon_core.shell:Skip shell extension 'powershell' for command environment: Not usable outside of PowerShell
[0.507s] DEBUG:colcon.colcon_core.shell:Skip shell extension 'dsv' for command environment
[0.513s] DEBUG:colcon.colcon_core.event_handler.log_command:Invoking command in '/home/user/ws/urcell_ws/build/urcell_moveit_sim': CMAKE_PREFIX_PATH=${CMAKE_PREFIX_PATH}:/home/user/ws/urcell_ws/install/image_saver_pkg:/opt/ros/humble /usr/bin/cmake --build /home/user/ws/urcell_ws/build/urcell_moveit_sim -- -j8 -l8
[0.516s] DEBUG:colcon.colcon_core.event_handler.log_command:Invoking command in '/home/user/ws/urcell_ws/build/urcell_sim': CMAKE_PREFIX_PATH=${CMAKE_PREFIX_PATH}:/home/user/ws/urcell_ws/install/image_saver_pkg:/opt/ros/humble /usr/bin/cmake --build /home/user/ws/urcell_ws/build/urcell_sim -- -j8 -l8
[0.521s] DEBUG:colcon.colcon_core.event_handler.log_command:Invoking command in '/home/user/ws/urcell_ws/build/yolobot_recognition': CMAKE_PREFIX_PATH=${CMAKE_PREFIX_PATH}:/home/user/ws/urcell_ws/install/image_saver_pkg:/opt/ros/humble /usr/bin/cmake --build /home/user/ws/urcell_ws/build/yolobot_recognition -- -j8 -l8
[0.521s] DEBUG:colcon.colcon_core.event_handler.log_command:Invoked command in '/home/user/ws/urcell_ws/build/urcell_description' returned '0': CMAKE_PREFIX_PATH=${CMAKE_PREFIX_PATH}:/home/user/ws/urcell_ws/install/image_saver_pkg:/opt/ros/humble /usr/bin/cmake --build /home/user/ws/urcell_ws/build/urcell_description -- -j8 -l8
[0.552s] DEBUG:colcon.colcon_core.event_handler.log_command:Invoking command in '/home/user/ws/urcell_ws/build/urcell_description': CMAKE_PREFIX_PATH=${CMAKE_PREFIX_PATH}:/home/user/ws/urcell_ws/install/image_saver_pkg:/opt/ros/humble /usr/bin/cmake --install /home/user/ws/urcell_ws/build/urcell_description
[0.554s] DEBUG:colcon.colcon_core.event_handler.log_command:Invoked command in '/home/user/ws/urcell_ws/build/urcell_sim' returned '0': CMAKE_PREFIX_PATH=${CMAKE_PREFIX_PATH}:/home/user/ws/urcell_ws/install/image_saver_pkg:/opt/ros/humble /usr/bin/cmake --build /home/user/ws/urcell_ws/build/urcell_sim -- -j8 -l8
[0.561s] DEBUG:colcon.colcon_core.event_handler.log_command:Invoked command in '/home/user/ws/urcell_ws/build/yolobot_recognition' returned '0': CMAKE_PREFIX_PATH=${CMAKE_PREFIX_PATH}:/home/user/ws/urcell_ws/install/image_saver_pkg:/opt/ros/humble /usr/bin/cmake --build /home/user/ws/urcell_ws/build/yolobot_recognition -- -j8 -l8
[0.563s] Level 1:colcon.colcon_core.environment:create_environment_scripts_only(urcell_description)
[0.565s] DEBUG:colcon.colcon_core.event_handler.log_command:Invoked command in '/home/user/ws/urcell_ws/build/urcell_description' returned '0': CMAKE_PREFIX_PATH=${CMAKE_PREFIX_PATH}:/home/user/ws/urcell_ws/install/image_saver_pkg:/opt/ros/humble /usr/bin/cmake --install /home/user/ws/urcell_ws/build/urcell_description
[0.567s] Level 1:colcon.colcon_core.environment:checking '/home/user/ws/urcell_ws/install/urcell_description' for CMake module files
[0.568s] Level 1:colcon.colcon_core.environment:checking '/home/user/ws/urcell_ws/install/urcell_description' for CMake config files
[0.568s] Level 1:colcon.colcon_core.shell:create_environment_hook('urcell_description', 'cmake_prefix_path')
[0.569s] INFO:colcon.colcon_core.shell:Creating environment hook '/home/user/ws/urcell_ws/install/urcell_description/share/urcell_description/hook/cmake_prefix_path.ps1'
[0.570s] INFO:colcon.colcon_core.shell:Creating environment descriptor '/home/user/ws/urcell_ws/install/urcell_description/share/urcell_description/hook/cmake_prefix_path.dsv'
[0.570s] INFO:colcon.colcon_core.shell:Creating environment hook '/home/user/ws/urcell_ws/install/urcell_description/share/urcell_description/hook/cmake_prefix_path.sh'
[0.571s] Level 1:colcon.colcon_core.environment:checking '/home/user/ws/urcell_ws/install/urcell_description/bin'
[0.571s] Level 1:colcon.colcon_core.environment:checking '/home/user/ws/urcell_ws/install/urcell_description/lib/pkgconfig/urcell_description.pc'
[0.571s] Level 1:colcon.colcon_core.environment:checking '/home/user/ws/urcell_ws/install/urcell_description/lib/python3.10/site-packages'
[0.571s] Level 1:colcon.colcon_core.environment:checking '/home/user/ws/urcell_ws/install/urcell_description/bin'
[0.571s] INFO:colcon.colcon_core.shell:Creating package script '/home/user/ws/urcell_ws/install/urcell_description/share/urcell_description/package.ps1'
[0.573s] INFO:colcon.colcon_core.shell:Creating package descriptor '/home/user/ws/urcell_ws/install/urcell_description/share/urcell_description/package.dsv'
[0.573s] INFO:colcon.colcon_core.shell:Creating package script '/home/user/ws/urcell_ws/install/urcell_description/share/urcell_description/package.sh'
[0.574s] INFO:colcon.colcon_core.shell:Creating package script '/home/user/ws/urcell_ws/install/urcell_description/share/urcell_description/package.bash'
[0.575s] INFO:colcon.colcon_core.shell:Creating package script '/home/user/ws/urcell_ws/install/urcell_description/share/urcell_description/package.zsh'
[0.575s] Level 1:colcon.colcon_core.environment:create_file_with_runtime_dependencies(/home/user/ws/urcell_ws/install/urcell_description/share/colcon-core/packages/urcell_description)
[0.578s] DEBUG:colcon.colcon_core.event_handler.log_command:Invoking command in '/home/user/ws/urcell_ws/build/urcell_sim': CMAKE_PREFIX_PATH=${CMAKE_PREFIX_PATH}:/home/user/ws/urcell_ws/install/image_saver_pkg:/opt/ros/humble /usr/bin/cmake --install /home/user/ws/urcell_ws/build/urcell_sim
[0.579s] DEBUG:colcon.colcon_core.event_handler.log_command:Invoked command in '/home/user/ws/urcell_ws/build/urcell_moveit_sim' returned '0': CMAKE_PREFIX_PATH=${CMAKE_PREFIX_PATH}:/home/user/ws/urcell_ws/install/image_saver_pkg:/opt/ros/humble /usr/bin/cmake --build /home/user/ws/urcell_ws/build/urcell_moveit_sim -- -j8 -l8
[0.584s] DEBUG:colcon.colcon_core.event_handler.log_command:Invoking command in '/home/user/ws/urcell_ws/build/yolobot_recognition': CMAKE_PREFIX_PATH=${CMAKE_PREFIX_PATH}:/home/user/ws/urcell_ws/install/image_saver_pkg:/opt/ros/humble /usr/bin/cmake --install /home/user/ws/urcell_ws/build/yolobot_recognition
[0.587s] Level 1:colcon.colcon_core.environment:create_environment_scripts_only(urcell_sim)
[0.587s] Level 1:colcon.colcon_core.environment:checking '/home/user/ws/urcell_ws/install/urcell_sim' for CMake module files
[0.588s] DEBUG:colcon.colcon_core.event_handler.log_command:Invoked command in '/home/user/ws/urcell_ws/build/urcell_sim' returned '0': CMAKE_PREFIX_PATH=${CMAKE_PREFIX_PATH}:/home/user/ws/urcell_ws/install/image_saver_pkg:/opt/ros/humble /usr/bin/cmake --install /home/user/ws/urcell_ws/build/urcell_sim
[0.588s] Level 1:colcon.colcon_core.environment:checking '/home/user/ws/urcell_ws/install/urcell_sim' for CMake config files
[0.588s] Level 1:colcon.colcon_core.shell:create_environment_hook('urcell_sim', 'cmake_prefix_path')
[0.588s] INFO:colcon.colcon_core.shell:Creating environment hook '/home/user/ws/urcell_ws/install/urcell_sim/share/urcell_sim/hook/cmake_prefix_path.ps1'
[0.589s] INFO:colcon.colcon_core.shell:Creating environment descriptor '/home/user/ws/urcell_ws/install/urcell_sim/share/urcell_sim/hook/cmake_prefix_path.dsv'
[0.589s] INFO:colcon.colcon_core.shell:Creating environment hook '/home/user/ws/urcell_ws/install/urcell_sim/share/urcell_sim/hook/cmake_prefix_path.sh'
[0.589s] Level 1:colcon.colcon_core.environment:checking '/home/user/ws/urcell_ws/install/urcell_sim/bin'
[0.589s] Level 1:colcon.colcon_core.environment:checking '/home/user/ws/urcell_ws/install/urcell_sim/lib/pkgconfig/urcell_sim.pc'
[0.589s] Level 1:colcon.colcon_core.environment:checking '/home/user/ws/urcell_ws/install/urcell_sim/lib/python3.10/site-packages'
[0.590s] Level 1:colcon.colcon_core.environment:checking '/home/user/ws/urcell_ws/install/urcell_sim/bin'
[0.590s] INFO:colcon.colcon_core.shell:Creating package script '/home/user/ws/urcell_ws/install/urcell_sim/share/urcell_sim/package.ps1'
[0.590s] INFO:colcon.colcon_core.shell:Creating package descriptor '/home/user/ws/urcell_ws/install/urcell_sim/share/urcell_sim/package.dsv'
[0.590s] INFO:colcon.colcon_core.shell:Creating package script '/home/user/ws/urcell_ws/install/urcell_sim/share/urcell_sim/package.sh'
[0.591s] INFO:colcon.colcon_core.shell:Creating package script '/home/user/ws/urcell_ws/install/urcell_sim/share/urcell_sim/package.bash'
[0.593s] INFO:colcon.colcon_core.shell:Creating package script '/home/user/ws/urcell_ws/install/urcell_sim/share/urcell_sim/package.zsh'
[0.593s] Level 1:colcon.colcon_core.environment:create_file_with_runtime_dependencies(/home/user/ws/urcell_ws/install/urcell_sim/share/colcon-core/packages/urcell_sim)
[0.595s] DEBUG:colcon.colcon_core.event_handler.log_command:Invoked command in '/home/user/ws/urcell_ws/build/yolov8_msgs' returned '0': CMAKE_PREFIX_PATH=${CMAKE_PREFIX_PATH}:/home/user/ws/urcell_ws/install/image_saver_pkg:/opt/ros/humble /usr/bin/cmake --build /home/user/ws/urcell_ws/build/yolov8_msgs -- -j8 -l8
[0.596s] Level 1:colcon.colcon_core.environment:create_environment_scripts_only(yolobot_recognition)
[0.596s] Level 1:colcon.colcon_core.environment:checking '/home/user/ws/urcell_ws/install/yolobot_recognition' for CMake module files
[0.597s] DEBUG:colcon.colcon_core.event_handler.log_command:Invoked command in '/home/user/ws/urcell_ws/build/yolobot_recognition' returned '0': CMAKE_PREFIX_PATH=${CMAKE_PREFIX_PATH}:/home/user/ws/urcell_ws/install/image_saver_pkg:/opt/ros/humble /usr/bin/cmake --install /home/user/ws/urcell_ws/build/yolobot_recognition
[0.597s] Level 1:colcon.colcon_core.environment:checking '/home/user/ws/urcell_ws/install/yolobot_recognition' for CMake config files
[0.598s] Level 1:colcon.colcon_core.shell:create_environment_hook('yolobot_recognition', 'cmake_prefix_path')
[0.598s] INFO:colcon.colcon_core.shell:Creating environment hook '/home/user/ws/urcell_ws/install/yolobot_recognition/share/yolobot_recognition/hook/cmake_prefix_path.ps1'
[0.598s] INFO:colcon.colcon_core.shell:Creating environment descriptor '/home/user/ws/urcell_ws/install/yolobot_recognition/share/yolobot_recognition/hook/cmake_prefix_path.dsv'
[0.599s] INFO:colcon.colcon_core.shell:Creating environment hook '/home/user/ws/urcell_ws/install/yolobot_recognition/share/yolobot_recognition/hook/cmake_prefix_path.sh'
[0.599s] Level 1:colcon.colcon_core.environment:checking '/home/user/ws/urcell_ws/install/yolobot_recognition/lib'
[0.599s] Level 1:colcon.colcon_core.environment:checking '/home/user/ws/urcell_ws/install/yolobot_recognition/bin'
[0.599s] Level 1:colcon.colcon_core.environment:checking '/home/user/ws/urcell_ws/install/yolobot_recognition/lib/pkgconfig/yolobot_recognition.pc'
[0.600s] Level 1:colcon.colcon_core.environment:checking '/home/user/ws/urcell_ws/install/yolobot_recognition/lib/python3.10/site-packages'
[0.600s] Level 1:colcon.colcon_core.environment:checking '/home/user/ws/urcell_ws/install/yolobot_recognition/bin'
[0.600s] INFO:colcon.colcon_core.shell:Creating package script '/home/user/ws/urcell_ws/install/yolobot_recognition/share/yolobot_recognition/package.ps1'
[0.601s] INFO:colcon.colcon_core.shell:Creating package descriptor '/home/user/ws/urcell_ws/install/yolobot_recognition/share/yolobot_recognition/package.dsv'
[0.601s] INFO:colcon.colcon_core.shell:Creating package script '/home/user/ws/urcell_ws/install/yolobot_recognition/share/yolobot_recognition/package.sh'
[0.601s] INFO:colcon.colcon_core.shell:Creating package script '/home/user/ws/urcell_ws/install/yolobot_recognition/share/yolobot_recognition/package.bash'
[0.602s] INFO:colcon.colcon_core.shell:Creating package script '/home/user/ws/urcell_ws/install/yolobot_recognition/share/yolobot_recognition/package.zsh'
[0.602s] Level 1:colcon.colcon_core.environment:create_file_with_runtime_dependencies(/home/user/ws/urcell_ws/install/yolobot_recognition/share/colcon-core/packages/yolobot_recognition)
[0.604s] Level 1:colcon.colcon_core.environment:create_environment_scripts_only(urcell_description)
[0.604s] Level 1:colcon.colcon_core.environment:checking '/home/user/ws/urcell_ws/install/urcell_description' for CMake module files
[0.604s] Level 1:colcon.colcon_core.environment:checking '/home/user/ws/urcell_ws/install/urcell_description' for CMake config files
[0.605s] Level 1:colcon.colcon_core.shell:create_environment_hook('urcell_description', 'cmake_prefix_path')
[0.605s] INFO:colcon.colcon_core.shell:Creating environment hook '/home/user/ws/urcell_ws/install/urcell_description/share/urcell_description/hook/cmake_prefix_path.ps1'
[0.606s] INFO:colcon.colcon_core.shell:Creating environment descriptor '/home/user/ws/urcell_ws/install/urcell_description/share/urcell_description/hook/cmake_prefix_path.dsv'
[0.606s] INFO:colcon.colcon_core.shell:Creating environment hook '/home/user/ws/urcell_ws/install/urcell_description/share/urcell_description/hook/cmake_prefix_path.sh'
[0.606s] Level 1:colcon.colcon_core.environment:checking '/home/user/ws/urcell_ws/install/urcell_description/bin'
[0.606s] Level 1:colcon.colcon_core.environment:checking '/home/user/ws/urcell_ws/install/urcell_description/lib/pkgconfig/urcell_description.pc'
[0.607s] Level 1:colcon.colcon_core.environment:checking '/home/user/ws/urcell_ws/install/urcell_description/lib/python3.10/site-packages'
[0.607s] Level 1:colcon.colcon_core.environment:checking '/home/user/ws/urcell_ws/install/urcell_description/bin'
[0.607s] INFO:colcon.colcon_core.shell:Creating package script '/home/user/ws/urcell_ws/install/urcell_description/share/urcell_description/package.ps1'
[0.608s] INFO:colcon.colcon_core.shell:Creating package descriptor '/home/user/ws/urcell_ws/install/urcell_description/share/urcell_description/package.dsv'
[0.608s] INFO:colcon.colcon_core.shell:Creating package script '/home/user/ws/urcell_ws/install/urcell_description/share/urcell_description/package.sh'
[0.608s] INFO:colcon.colcon_core.shell:Creating package script '/home/user/ws/urcell_ws/install/urcell_description/share/urcell_description/package.bash'
[0.609s] INFO:colcon.colcon_core.shell:Creating package script '/home/user/ws/urcell_ws/install/urcell_description/share/urcell_description/package.zsh'
[0.609s] Level 1:colcon.colcon_core.environment:create_file_with_runtime_dependencies(/home/user/ws/urcell_ws/install/urcell_description/share/colcon-core/packages/urcell_description)
[0.611s] DEBUG:colcon.colcon_core.event_handler.log_command:Invoking command in '/home/user/ws/urcell_ws/build/urcell_moveit_sim': CMAKE_PREFIX_PATH=${CMAKE_PREFIX_PATH}:/home/user/ws/urcell_ws/install/image_saver_pkg:/opt/ros/humble /usr/bin/cmake --install /home/user/ws/urcell_ws/build/urcell_moveit_sim
[0.612s] INFO:colcon.colcon_ros.task.ament_cmake.build:Building ROS package in '/home/user/ws/urcell_ws/src/urcell_moveit_config' with build type 'ament_cmake'
[0.612s] INFO:colcon.colcon_cmake.task.cmake.build:Building CMake package in '/home/user/ws/urcell_ws/src/urcell_moveit_config'
[0.612s] INFO:colcon.colcon_core.shell:Skip shell extension 'powershell' for command environment: Not usable outside of PowerShell
[0.612s] DEBUG:colcon.colcon_core.shell:Skip shell extension 'dsv' for command environment
[0.616s] Level 1:colcon.colcon_core.environment:create_environment_scripts_only(urcell_sim)
[0.617s] Level 1:colcon.colcon_core.environment:checking '/home/user/ws/urcell_ws/install/urcell_sim' for CMake module files
[0.617s] Level 1:colcon.colcon_core.environment:checking '/home/user/ws/urcell_ws/install/urcell_sim' for CMake config files
[0.617s] Level 1:colcon.colcon_core.shell:create_environment_hook('urcell_sim', 'cmake_prefix_path')
[0.617s] INFO:colcon.colcon_core.shell:Creating environment hook '/home/user/ws/urcell_ws/install/urcell_sim/share/urcell_sim/hook/cmake_prefix_path.ps1'
[0.618s] INFO:colcon.colcon_core.shell:Creating environment descriptor '/home/user/ws/urcell_ws/install/urcell_sim/share/urcell_sim/hook/cmake_prefix_path.dsv'
[0.618s] INFO:colcon.colcon_core.shell:Creating environment hook '/home/user/ws/urcell_ws/install/urcell_sim/share/urcell_sim/hook/cmake_prefix_path.sh'
[0.618s] Level 1:colcon.colcon_core.environment:checking '/home/user/ws/urcell_ws/install/urcell_sim/bin'
[0.618s] Level 1:colcon.colcon_core.environment:checking '/home/user/ws/urcell_ws/install/urcell_sim/lib/pkgconfig/urcell_sim.pc'
[0.618s] Level 1:colcon.colcon_core.environment:checking '/home/user/ws/urcell_ws/install/urcell_sim/lib/python3.10/site-packages'
[0.619s] Level 1:colcon.colcon_core.environment:checking '/home/user/ws/urcell_ws/install/urcell_sim/bin'
[0.619s] INFO:colcon.colcon_core.shell:Creating package script '/home/user/ws/urcell_ws/install/urcell_sim/share/urcell_sim/package.ps1'
[0.620s] INFO:colcon.colcon_core.shell:Creating package descriptor '/home/user/ws/urcell_ws/install/urcell_sim/share/urcell_sim/package.dsv'
[0.621s] INFO:colcon.colcon_core.shell:Creating package script '/home/user/ws/urcell_ws/install/urcell_sim/share/urcell_sim/package.sh'
[0.621s] INFO:colcon.colcon_core.shell:Creating package script '/home/user/ws/urcell_ws/install/urcell_sim/share/urcell_sim/package.bash'
[0.621s] INFO:colcon.colcon_core.shell:Creating package script '/home/user/ws/urcell_ws/install/urcell_sim/share/urcell_sim/package.zsh'
[0.621s] Level 1:colcon.colcon_core.environment:create_file_with_runtime_dependencies(/home/user/ws/urcell_ws/install/urcell_sim/share/colcon-core/packages/urcell_sim)
[0.623s] Level 1:colcon.colcon_core.environment:create_environment_scripts_only(yolobot_recognition)
[0.623s] Level 1:colcon.colcon_core.environment:checking '/home/user/ws/urcell_ws/install/yolobot_recognition' for CMake module files
[0.623s] Level 1:colcon.colcon_core.environment:checking '/home/user/ws/urcell_ws/install/yolobot_recognition' for CMake config files
[0.623s] Level 1:colcon.colcon_core.shell:create_environment_hook('yolobot_recognition', 'cmake_prefix_path')
[0.624s] INFO:colcon.colcon_core.shell:Creating environment hook '/home/user/ws/urcell_ws/install/yolobot_recognition/share/yolobot_recognition/hook/cmake_prefix_path.ps1'
[0.624s] INFO:colcon.colcon_core.shell:Creating environment descriptor '/home/user/ws/urcell_ws/install/yolobot_recognition/share/yolobot_recognition/hook/cmake_prefix_path.dsv'
[0.624s] INFO:colcon.colcon_core.shell:Creating environment hook '/home/user/ws/urcell_ws/install/yolobot_recognition/share/yolobot_recognition/hook/cmake_prefix_path.sh'
[0.624s] Level 1:colcon.colcon_core.environment:checking '/home/user/ws/urcell_ws/install/yolobot_recognition/lib'
[0.624s] Level 1:colcon.colcon_core.environment:checking '/home/user/ws/urcell_ws/install/yolobot_recognition/bin'
[0.624s] Level 1:colcon.colcon_core.environment:checking '/home/user/ws/urcell_ws/install/yolobot_recognition/lib/pkgconfig/yolobot_recognition.pc'
[0.625s] Level 1:colcon.colcon_core.environment:checking '/home/user/ws/urcell_ws/install/yolobot_recognition/lib/python3.10/site-packages'
[0.625s] Level 1:colcon.colcon_core.environment:checking '/home/user/ws/urcell_ws/install/yolobot_recognition/bin'
[0.625s] INFO:colcon.colcon_core.shell:Creating package script '/home/user/ws/urcell_ws/install/yolobot_recognition/share/yolobot_recognition/package.ps1'
[0.625s] INFO:colcon.colcon_core.shell:Creating package descriptor '/home/user/ws/urcell_ws/install/yolobot_recognition/share/yolobot_recognition/package.dsv'
[0.625s] INFO:colcon.colcon_core.shell:Creating package script '/home/user/ws/urcell_ws/install/yolobot_recognition/share/yolobot_recognition/package.sh'
[0.626s] INFO:colcon.colcon_core.shell:Creating package script '/home/user/ws/urcell_ws/install/yolobot_recognition/share/yolobot_recognition/package.bash'
[0.626s] INFO:colcon.colcon_core.shell:Creating package script '/home/user/ws/urcell_ws/install/yolobot_recognition/share/yolobot_recognition/package.zsh'
[0.626s] Level 1:colcon.colcon_core.environment:create_file_with_runtime_dependencies(/home/user/ws/urcell_ws/install/yolobot_recognition/share/colcon-core/packages/yolobot_recognition)
[0.629s] Level 1:colcon.colcon_core.environment:create_environment_scripts_only(urcell_moveit_sim)
[0.630s] Level 1:colcon.colcon_core.environment:checking '/home/user/ws/urcell_ws/install/urcell_moveit_sim' for CMake module files
[0.630s] DEBUG:colcon.colcon_core.event_handler.log_command:Invoking command in '/home/user/ws/urcell_ws/build/urcell_moveit_config': CMAKE_PREFIX_PATH=/home/user/ws/urcell_ws/install/urcell_description:/home/user/ws/urcell_ws/install/opencv_services:/home/user/ws/urcell_ws/install/yolov8_msgs:/home/user/ws/urcell_ws/install/yolobot_recognition:/home/user/ws/urcell_ws/install/urcell_sim:/home/user/ws/urcell_ws/install/urcell_moveit_sim:/home/user/ws/urcell_ws/install/urcell_moveit_config:/home/user/ws/urcell_ws/install/image_saver_pkg:/opt/ros/humble /usr/bin/cmake --build /home/user/ws/urcell_ws/build/urcell_moveit_config -- -j8 -l8
[0.631s] DEBUG:colcon.colcon_core.event_handler.log_command:Invoked command in '/home/user/ws/urcell_ws/build/urcell_moveit_sim' returned '0': CMAKE_PREFIX_PATH=${CMAKE_PREFIX_PATH}:/home/user/ws/urcell_ws/install/image_saver_pkg:/opt/ros/humble /usr/bin/cmake --install /home/user/ws/urcell_ws/build/urcell_moveit_sim
[0.631s] Level 1:colcon.colcon_core.environment:checking '/home/user/ws/urcell_ws/install/urcell_moveit_sim' for CMake config files
[0.631s] Level 1:colcon.colcon_core.shell:create_environment_hook('urcell_moveit_sim', 'cmake_prefix_path')
[0.631s] INFO:colcon.colcon_core.shell:Creating environment hook '/home/user/ws/urcell_ws/install/urcell_moveit_sim/share/urcell_moveit_sim/hook/cmake_prefix_path.ps1'
[0.632s] INFO:colcon.colcon_core.shell:Creating environment descriptor '/home/user/ws/urcell_ws/install/urcell_moveit_sim/share/urcell_moveit_sim/hook/cmake_prefix_path.dsv'
[0.632s] INFO:colcon.colcon_core.shell:Creating environment hook '/home/user/ws/urcell_ws/install/urcell_moveit_sim/share/urcell_moveit_sim/hook/cmake_prefix_path.sh'
[0.633s] Level 1:colcon.colcon_core.environment:checking '/home/user/ws/urcell_ws/install/urcell_moveit_sim/lib'
[0.633s] Level 1:colcon.colcon_core.environment:checking '/home/user/ws/urcell_ws/install/urcell_moveit_sim/bin'
[0.633s] Level 1:colcon.colcon_core.environment:checking '/home/user/ws/urcell_ws/install/urcell_moveit_sim/lib/pkgconfig/urcell_moveit_sim.pc'
[0.633s] Level 1:colcon.colcon_core.environment:checking '/home/user/ws/urcell_ws/install/urcell_moveit_sim/lib/python3.10/site-packages'
[0.633s] Level 1:colcon.colcon_core.environment:checking '/home/user/ws/urcell_ws/install/urcell_moveit_sim/bin'
[0.633s] INFO:colcon.colcon_core.shell:Creating package script '/home/user/ws/urcell_ws/install/urcell_moveit_sim/share/urcell_moveit_sim/package.ps1'
[0.634s] INFO:colcon.colcon_core.shell:Creating package descriptor '/home/user/ws/urcell_ws/install/urcell_moveit_sim/share/urcell_moveit_sim/package.dsv'
[0.634s] INFO:colcon.colcon_core.shell:Creating package script '/home/user/ws/urcell_ws/install/urcell_moveit_sim/share/urcell_moveit_sim/package.sh'
[0.634s] INFO:colcon.colcon_core.shell:Creating package script '/home/user/ws/urcell_ws/install/urcell_moveit_sim/share/urcell_moveit_sim/package.bash'
[0.635s] INFO:colcon.colcon_core.shell:Creating package script '/home/user/ws/urcell_ws/install/urcell_moveit_sim/share/urcell_moveit_sim/package.zsh'
[0.635s] Level 1:colcon.colcon_core.environment:create_file_with_runtime_dependencies(/home/user/ws/urcell_ws/install/urcell_moveit_sim/share/colcon-core/packages/urcell_moveit_sim)
[0.654s] Level 1:colcon.colcon_core.environment:create_environment_scripts_only(urcell_moveit_sim)
[0.655s] Level 1:colcon.colcon_core.environment:checking '/home/user/ws/urcell_ws/install/urcell_moveit_sim' for CMake module files
[0.655s] Level 1:colcon.colcon_core.environment:checking '/home/user/ws/urcell_ws/install/urcell_moveit_sim' for CMake config files
[0.656s] Level 1:colcon.colcon_core.shell:create_environment_hook('urcell_moveit_sim', 'cmake_prefix_path')
[0.656s] INFO:colcon.colcon_core.shell:Creating environment hook '/home/user/ws/urcell_ws/install/urcell_moveit_sim/share/urcell_moveit_sim/hook/cmake_prefix_path.ps1'
[0.656s] INFO:colcon.colcon_core.shell:Creating environment descriptor '/home/user/ws/urcell_ws/install/urcell_moveit_sim/share/urcell_moveit_sim/hook/cmake_prefix_path.dsv'
[0.657s] INFO:colcon.colcon_core.shell:Creating environment hook '/home/user/ws/urcell_ws/install/urcell_moveit_sim/share/urcell_moveit_sim/hook/cmake_prefix_path.sh'
[0.657s] Level 1:colcon.colcon_core.environment:checking '/home/user/ws/urcell_ws/install/urcell_moveit_sim/lib'
[0.657s] Level 1:colcon.colcon_core.environment:checking '/home/user/ws/urcell_ws/install/urcell_moveit_sim/bin'
[0.657s] Level 1:colcon.colcon_core.environment:checking '/home/user/ws/urcell_ws/install/urcell_moveit_sim/lib/pkgconfig/urcell_moveit_sim.pc'
[0.657s] Level 1:colcon.colcon_core.environment:checking '/home/user/ws/urcell_ws/install/urcell_moveit_sim/lib/python3.10/site-packages'
[0.658s] Level 1:colcon.colcon_core.environment:checking '/home/user/ws/urcell_ws/install/urcell_moveit_sim/bin'
[0.658s] INFO:colcon.colcon_core.shell:Creating package script '/home/user/ws/urcell_ws/install/urcell_moveit_sim/share/urcell_moveit_sim/package.ps1'
[0.658s] INFO:colcon.colcon_core.shell:Creating package descriptor '/home/user/ws/urcell_ws/install/urcell_moveit_sim/share/urcell_moveit_sim/package.dsv'
[0.658s] INFO:colcon.colcon_core.shell:Creating package script '/home/user/ws/urcell_ws/install/urcell_moveit_sim/share/urcell_moveit_sim/package.sh'
[0.659s] INFO:colcon.colcon_core.shell:Creating package script '/home/user/ws/urcell_ws/install/urcell_moveit_sim/share/urcell_moveit_sim/package.bash'
[0.659s] INFO:colcon.colcon_core.shell:Creating package script '/home/user/ws/urcell_ws/install/urcell_moveit_sim/share/urcell_moveit_sim/package.zsh'
[0.659s] Level 1:colcon.colcon_core.environment:create_file_with_runtime_dependencies(/home/user/ws/urcell_ws/install/urcell_moveit_sim/share/colcon-core/packages/urcell_moveit_sim)
[0.660s] DEBUG:colcon.colcon_core.event_handler.log_command:Invoked command in '/home/user/ws/urcell_ws/build/urcell_moveit_config' returned '0': CMAKE_PREFIX_PATH=/home/user/ws/urcell_ws/install/urcell_description:/home/user/ws/urcell_ws/install/opencv_services:/home/user/ws/urcell_ws/install/yolov8_msgs:/home/user/ws/urcell_ws/install/yolobot_recognition:/home/user/ws/urcell_ws/install/urcell_sim:/home/user/ws/urcell_ws/install/urcell_moveit_sim:/home/user/ws/urcell_ws/install/urcell_moveit_config:/home/user/ws/urcell_ws/install/image_saver_pkg:/opt/ros/humble /usr/bin/cmake --build /home/user/ws/urcell_ws/build/urcell_moveit_config -- -j8 -l8
[0.669s] DEBUG:colcon.colcon_core.event_handler.log_command:Invoking command in '/home/user/ws/urcell_ws/build/yolov8_msgs': CMAKE_PREFIX_PATH=${CMAKE_PREFIX_PATH}:/home/user/ws/urcell_ws/install/image_saver_pkg:/opt/ros/humble /usr/bin/cmake --install /home/user/ws/urcell_ws/build/yolov8_msgs
[0.685s] DEBUG:colcon.colcon_core.event_handler.log_command:Invoking command in '/home/user/ws/urcell_ws/build/urcell_moveit_config': CMAKE_PREFIX_PATH=/home/user/ws/urcell_ws/install/urcell_description:/home/user/ws/urcell_ws/install/opencv_services:/home/user/ws/urcell_ws/install/yolov8_msgs:/home/user/ws/urcell_ws/install/yolobot_recognition:/home/user/ws/urcell_ws/install/urcell_sim:/home/user/ws/urcell_ws/install/urcell_moveit_sim:/home/user/ws/urcell_ws/install/urcell_moveit_config:/home/user/ws/urcell_ws/install/image_saver_pkg:/opt/ros/humble /usr/bin/cmake --install /home/user/ws/urcell_ws/build/urcell_moveit_config
[0.689s] Level 1:colcon.colcon_core.environment:create_environment_scripts_only(urcell_moveit_config)
[0.689s] Level 1:colcon.colcon_core.environment:checking '/home/user/ws/urcell_ws/install/urcell_moveit_config' for CMake module files
[0.690s] Level 1:colcon.colcon_core.environment:checking '/home/user/ws/urcell_ws/install/urcell_moveit_config' for CMake config files
[0.691s] DEBUG:colcon.colcon_core.event_handler.log_command:Invoked command in '/home/user/ws/urcell_ws/build/urcell_moveit_config' returned '0': CMAKE_PREFIX_PATH=/home/user/ws/urcell_ws/install/urcell_description:/home/user/ws/urcell_ws/install/opencv_services:/home/user/ws/urcell_ws/install/yolov8_msgs:/home/user/ws/urcell_ws/install/yolobot_recognition:/home/user/ws/urcell_ws/install/urcell_sim:/home/user/ws/urcell_ws/install/urcell_moveit_sim:/home/user/ws/urcell_ws/install/urcell_moveit_config:/home/user/ws/urcell_ws/install/image_saver_pkg:/opt/ros/humble /usr/bin/cmake --install /home/user/ws/urcell_ws/build/urcell_moveit_config
[0.691s] Level 1:colcon.colcon_core.shell:create_environment_hook('urcell_moveit_config', 'cmake_prefix_path')
[0.691s] INFO:colcon.colcon_core.shell:Creating environment hook '/home/user/ws/urcell_ws/install/urcell_moveit_config/share/urcell_moveit_config/hook/cmake_prefix_path.ps1'
[0.691s] INFO:colcon.colcon_core.shell:Creating environment descriptor '/home/user/ws/urcell_ws/install/urcell_moveit_config/share/urcell_moveit_config/hook/cmake_prefix_path.dsv'
[0.692s] INFO:colcon.colcon_core.shell:Creating environment hook '/home/user/ws/urcell_ws/install/urcell_moveit_config/share/urcell_moveit_config/hook/cmake_prefix_path.sh'
[0.692s] Level 1:colcon.colcon_core.environment:checking '/home/user/ws/urcell_ws/install/urcell_moveit_config/bin'
[0.692s] Level 1:colcon.colcon_core.environment:checking '/home/user/ws/urcell_ws/install/urcell_moveit_config/lib/pkgconfig/urcell_moveit_config.pc'
[0.692s] Level 1:colcon.colcon_core.environment:checking '/home/user/ws/urcell_ws/install/urcell_moveit_config/lib/python3.10/site-packages'
[0.693s] Level 1:colcon.colcon_core.environment:checking '/home/user/ws/urcell_ws/install/urcell_moveit_config/bin'
[0.693s] INFO:colcon.colcon_core.shell:Creating package script '/home/user/ws/urcell_ws/install/urcell_moveit_config/share/urcell_moveit_config/package.ps1'
[0.693s] INFO:colcon.colcon_core.shell:Creating package descriptor '/home/user/ws/urcell_ws/install/urcell_moveit_config/share/urcell_moveit_config/package.dsv'
[0.693s] INFO:colcon.colcon_core.shell:Creating package script '/home/user/ws/urcell_ws/install/urcell_moveit_config/share/urcell_moveit_config/package.sh'
[0.693s] INFO:colcon.colcon_core.shell:Creating package script '/home/user/ws/urcell_ws/install/urcell_moveit_config/share/urcell_moveit_config/package.bash'
[0.694s] INFO:colcon.colcon_core.shell:Creating package script '/home/user/ws/urcell_ws/install/urcell_moveit_config/share/urcell_moveit_config/package.zsh'
[0.694s] Level 1:colcon.colcon_core.environment:create_file_with_runtime_dependencies(/home/user/ws/urcell_ws/install/urcell_moveit_config/share/colcon-core/packages/urcell_moveit_config)
[0.712s] Level 1:colcon.colcon_core.environment:create_environment_scripts_only(urcell_moveit_config)
[0.712s] Level 1:colcon.colcon_core.environment:checking '/home/user/ws/urcell_ws/install/urcell_moveit_config' for CMake module files
[0.713s] Level 1:colcon.colcon_core.environment:checking '/home/user/ws/urcell_ws/install/urcell_moveit_config' for CMake config files
[0.713s] Level 1:colcon.colcon_core.shell:create_environment_hook('urcell_moveit_config', 'cmake_prefix_path')
[0.713s] INFO:colcon.colcon_core.shell:Creating environment hook '/home/user/ws/urcell_ws/install/urcell_moveit_config/share/urcell_moveit_config/hook/cmake_prefix_path.ps1'
[0.714s] INFO:colcon.colcon_core.shell:Creating environment descriptor '/home/user/ws/urcell_ws/install/urcell_moveit_config/share/urcell_moveit_config/hook/cmake_prefix_path.dsv'
[0.714s] INFO:colcon.colcon_core.shell:Creating environment hook '/home/user/ws/urcell_ws/install/urcell_moveit_config/share/urcell_moveit_config/hook/cmake_prefix_path.sh'
[0.714s] Level 1:colcon.colcon_core.environment:checking '/home/user/ws/urcell_ws/install/urcell_moveit_config/bin'
[0.715s] Level 1:colcon.colcon_core.environment:checking '/home/user/ws/urcell_ws/install/urcell_moveit_config/lib/pkgconfig/urcell_moveit_config.pc'
[0.715s] Level 1:colcon.colcon_core.environment:checking '/home/user/ws/urcell_ws/install/urcell_moveit_config/lib/python3.10/site-packages'
[0.715s] Level 1:colcon.colcon_core.environment:checking '/home/user/ws/urcell_ws/install/urcell_moveit_config/bin'
[0.715s] INFO:colcon.colcon_core.shell:Creating package script '/home/user/ws/urcell_ws/install/urcell_moveit_config/share/urcell_moveit_config/package.ps1'
[0.716s] INFO:colcon.colcon_core.shell:Creating package descriptor '/home/user/ws/urcell_ws/install/urcell_moveit_config/share/urcell_moveit_config/package.dsv'
[0.716s] INFO:colcon.colcon_core.shell:Creating package script '/home/user/ws/urcell_ws/install/urcell_moveit_config/share/urcell_moveit_config/package.sh'
[0.717s] INFO:colcon.colcon_core.shell:Creating package script '/home/user/ws/urcell_ws/install/urcell_moveit_config/share/urcell_moveit_config/package.bash'
[0.717s] INFO:colcon.colcon_core.shell:Creating package script '/home/user/ws/urcell_ws/install/urcell_moveit_config/share/urcell_moveit_config/package.zsh'
[0.717s] Level 1:colcon.colcon_core.environment:create_file_with_runtime_dependencies(/home/user/ws/urcell_ws/install/urcell_moveit_config/share/colcon-core/packages/urcell_moveit_config)
[0.718s] Level 1:colcon.colcon_core.environment:create_environment_scripts_only(yolov8_msgs)
[0.718s] DEBUG:colcon.colcon_core.event_handler.log_command:Invoked command in '/home/user/ws/urcell_ws/build/yolov8_msgs' returned '0': CMAKE_PREFIX_PATH=${CMAKE_PREFIX_PATH}:/home/user/ws/urcell_ws/install/image_saver_pkg:/opt/ros/humble /usr/bin/cmake --install /home/user/ws/urcell_ws/build/yolov8_msgs
[0.719s] Level 1:colcon.colcon_core.environment:checking '/home/user/ws/urcell_ws/install/yolov8_msgs' for CMake module files
[0.719s] Level 1:colcon.colcon_core.environment:checking '/home/user/ws/urcell_ws/install/yolov8_msgs' for CMake config files
[0.720s] Level 1:colcon.colcon_core.shell:create_environment_hook('yolov8_msgs', 'cmake_prefix_path')
[0.720s] INFO:colcon.colcon_core.shell:Creating environment hook '/home/user/ws/urcell_ws/install/yolov8_msgs/share/yolov8_msgs/hook/cmake_prefix_path.ps1'
[0.720s] INFO:colcon.colcon_core.shell:Creating environment descriptor '/home/user/ws/urcell_ws/install/yolov8_msgs/share/yolov8_msgs/hook/cmake_prefix_path.dsv'
[0.721s] INFO:colcon.colcon_core.shell:Creating environment hook '/home/user/ws/urcell_ws/install/yolov8_msgs/share/yolov8_msgs/hook/cmake_prefix_path.sh'
[0.721s] Level 1:colcon.colcon_core.environment:checking '/home/user/ws/urcell_ws/install/yolov8_msgs/lib'
[0.721s] Level 1:colcon.colcon_core.shell:create_environment_hook('yolov8_msgs', 'ld_library_path_lib')
[0.721s] INFO:colcon.colcon_core.shell:Creating environment hook '/home/user/ws/urcell_ws/install/yolov8_msgs/share/yolov8_msgs/hook/ld_library_path_lib.ps1'
[0.722s] INFO:colcon.colcon_core.shell:Creating environment descriptor '/home/user/ws/urcell_ws/install/yolov8_msgs/share/yolov8_msgs/hook/ld_library_path_lib.dsv'
[0.722s] INFO:colcon.colcon_core.shell:Creating environment hook '/home/user/ws/urcell_ws/install/yolov8_msgs/share/yolov8_msgs/hook/ld_library_path_lib.sh'
[0.722s] Level 1:colcon.colcon_core.environment:checking '/home/user/ws/urcell_ws/install/yolov8_msgs/bin'
[0.722s] Level 1:colcon.colcon_core.environment:checking '/home/user/ws/urcell_ws/install/yolov8_msgs/lib/pkgconfig/yolov8_msgs.pc'
[0.723s] Level 1:colcon.colcon_core.environment:checking '/home/user/ws/urcell_ws/install/yolov8_msgs/lib/python3.10/site-packages'
[0.723s] Level 1:colcon.colcon_core.environment:checking '/home/user/ws/urcell_ws/install/yolov8_msgs/bin'
[0.723s] INFO:colcon.colcon_core.shell:Creating package script '/home/user/ws/urcell_ws/install/yolov8_msgs/share/yolov8_msgs/package.ps1'
[0.724s] INFO:colcon.colcon_core.shell:Creating package descriptor '/home/user/ws/urcell_ws/install/yolov8_msgs/share/yolov8_msgs/package.dsv'
[0.724s] INFO:colcon.colcon_core.shell:Creating package script '/home/user/ws/urcell_ws/install/yolov8_msgs/share/yolov8_msgs/package.sh'
[0.724s] INFO:colcon.colcon_core.shell:Creating package script '/home/user/ws/urcell_ws/install/yolov8_msgs/share/yolov8_msgs/package.bash'
[0.725s] INFO:colcon.colcon_core.shell:Creating package script '/home/user/ws/urcell_ws/install/yolov8_msgs/share/yolov8_msgs/package.zsh'
[0.725s] Level 1:colcon.colcon_core.environment:create_file_with_runtime_dependencies(/home/user/ws/urcell_ws/install/yolov8_msgs/share/colcon-core/packages/yolov8_msgs)
[0.793s] Level 1:colcon.colcon_core.environment:create_environment_scripts_only(yolov8_msgs)
[0.793s] Level 1:colcon.colcon_core.environment:checking '/home/user/ws/urcell_ws/install/yolov8_msgs' for CMake module files
[0.794s] Level 1:colcon.colcon_core.environment:checking '/home/user/ws/urcell_ws/install/yolov8_msgs' for CMake config files
[0.795s] Level 1:colcon.colcon_core.shell:create_environment_hook('yolov8_msgs', 'cmake_prefix_path')
[0.795s] INFO:colcon.colcon_core.shell:Creating environment hook '/home/user/ws/urcell_ws/install/yolov8_msgs/share/yolov8_msgs/hook/cmake_prefix_path.ps1'
[0.795s] INFO:colcon.colcon_core.shell:Creating environment descriptor '/home/user/ws/urcell_ws/install/yolov8_msgs/share/yolov8_msgs/hook/cmake_prefix_path.dsv'
[0.796s] INFO:colcon.colcon_core.shell:Creating environment hook '/home/user/ws/urcell_ws/install/yolov8_msgs/share/yolov8_msgs/hook/cmake_prefix_path.sh'
[0.796s] Level 1:colcon.colcon_core.environment:checking '/home/user/ws/urcell_ws/install/yolov8_msgs/lib'
[0.796s] Level 1:colcon.colcon_core.shell:create_environment_hook('yolov8_msgs', 'ld_library_path_lib')
[0.797s] INFO:colcon.colcon_core.shell:Creating environment hook '/home/user/ws/urcell_ws/install/yolov8_msgs/share/yolov8_msgs/hook/ld_library_path_lib.ps1'
[0.797s] INFO:colcon.colcon_core.shell:Creating environment descriptor '/home/user/ws/urcell_ws/install/yolov8_msgs/share/yolov8_msgs/hook/ld_library_path_lib.dsv'
[0.797s] INFO:colcon.colcon_core.shell:Creating environment hook '/home/user/ws/urcell_ws/install/yolov8_msgs/share/yolov8_msgs/hook/ld_library_path_lib.sh'
[0.797s] Level 1:colcon.colcon_core.environment:checking '/home/user/ws/urcell_ws/install/yolov8_msgs/bin'
[0.798s] Level 1:colcon.colcon_core.environment:checking '/home/user/ws/urcell_ws/install/yolov8_msgs/lib/pkgconfig/yolov8_msgs.pc'
[0.798s] Level 1:colcon.colcon_core.environment:checking '/home/user/ws/urcell_ws/install/yolov8_msgs/lib/python3.10/site-packages'
[0.798s] Level 1:colcon.colcon_core.environment:checking '/home/user/ws/urcell_ws/install/yolov8_msgs/bin'
[0.798s] INFO:colcon.colcon_core.shell:Creating package script '/home/user/ws/urcell_ws/install/yolov8_msgs/share/yolov8_msgs/package.ps1'
[0.799s] INFO:colcon.colcon_core.shell:Creating package descriptor '/home/user/ws/urcell_ws/install/yolov8_msgs/share/yolov8_msgs/package.dsv'
[0.799s] INFO:colcon.colcon_core.shell:Creating package script '/home/user/ws/urcell_ws/install/yolov8_msgs/share/yolov8_msgs/package.sh'
[0.800s] INFO:colcon.colcon_core.shell:Creating package script '/home/user/ws/urcell_ws/install/yolov8_msgs/share/yolov8_msgs/package.bash'
[0.800s] INFO:colcon.colcon_core.shell:Creating package script '/home/user/ws/urcell_ws/install/yolov8_msgs/share/yolov8_msgs/package.zsh'
[0.801s] Level 1:colcon.colcon_core.environment:create_file_with_runtime_dependencies(/home/user/ws/urcell_ws/install/yolov8_msgs/share/colcon-core/packages/yolov8_msgs)
[0.801s] INFO:colcon.colcon_ros.task.ament_cmake.build:Building ROS package in '/home/user/ws/urcell_ws/src/opencv_services' with build type 'ament_cmake'
[0.801s] INFO:colcon.colcon_cmake.task.cmake.build:Building CMake package in '/home/user/ws/urcell_ws/src/opencv_services'
[0.801s] INFO:colcon.colcon_core.shell:Skip shell extension 'powershell' for command environment: Not usable outside of PowerShell
[0.802s] DEBUG:colcon.colcon_core.shell:Skip shell extension 'dsv' for command environment
[0.812s] DEBUG:colcon.colcon_core.event_handler.log_command:Invoking command in '/home/user/ws/urcell_ws/build/opencv_services': CMAKE_PREFIX_PATH=/home/user/ws/urcell_ws/install/yolov8_msgs:/home/user/ws/urcell_ws/install/opencv_services:/home/user/ws/urcell_ws/install/yolobot_recognition:/home/user/ws/urcell_ws/install/urcell_sim:/home/user/ws/urcell_ws/install/urcell_moveit_sim:/home/user/ws/urcell_ws/install/urcell_moveit_config:/home/user/ws/urcell_ws/install/urcell_description:/home/user/ws/urcell_ws/install/image_saver_pkg:/opt/ros/humble LD_LIBRARY_PATH=/home/user/ws/urcell_ws/install/yolov8_msgs/lib:/home/user/ws/urcell_ws/install/opencv_services/lib:/usr/lib/x86_64-linux-gnu/gazebo-11/plugins:/opt/ros/humble/opt/rviz_ogre_vendor/lib:/opt/ros/humble/lib/x86_64-linux-gnu:/opt/ros/humble/lib /usr/bin/cmake --build /home/user/ws/urcell_ws/build/opencv_services -- -j8 -l8
[0.853s] DEBUG:colcon.colcon_core.event_handler.log_command:Invoking command in '/home/user/ws/urcell_ws/src/image_saver_pkg': PYTHONPATH=/home/user/ws/urcell_ws/build/image_saver_pkg/prefix_override:/usr/lib/python3/dist-packages/colcon_core/task/python/colcon_distutils_commands:/home/user/ws/urcell_ws/install/image_saver_pkg/lib/python3.10/site-packages:${PYTHONPATH} /usr/bin/python3 -W ignore:setup.py install is deprecated setup.py egg_info --egg-base ../../build/image_saver_pkg build --build-base /home/user/ws/urcell_ws/build/image_saver_pkg/build install --record /home/user/ws/urcell_ws/build/image_saver_pkg/install.log --single-version-externally-managed install_data
[1.095s] Level 1:colcon.colcon_core.environment:checking '/home/user/ws/urcell_ws/install/image_saver_pkg' for CMake module files
[1.095s] DEBUG:colcon.colcon_core.event_handler.log_command:Invoked command in '/home/user/ws/urcell_ws/src/image_saver_pkg' returned '0': PYTHONPATH=/home/user/ws/urcell_ws/build/image_saver_pkg/prefix_override:/usr/lib/python3/dist-packages/colcon_core/task/python/colcon_distutils_commands:/home/user/ws/urcell_ws/install/image_saver_pkg/lib/python3.10/site-packages:${PYTHONPATH} /usr/bin/python3 -W ignore:setup.py install is deprecated setup.py egg_info --egg-base ../../build/image_saver_pkg build --build-base /home/user/ws/urcell_ws/build/image_saver_pkg/build install --record /home/user/ws/urcell_ws/build/image_saver_pkg/install.log --single-version-externally-managed install_data
[1.095s] Level 1:colcon.colcon_core.environment:checking '/home/user/ws/urcell_ws/install/image_saver_pkg' for CMake config files
[1.096s] Level 1:colcon.colcon_core.environment:checking '/home/user/ws/urcell_ws/install/image_saver_pkg/lib'
[1.096s] Level 1:colcon.colcon_core.environment:checking '/home/user/ws/urcell_ws/install/image_saver_pkg/bin'
[1.096s] Level 1:colcon.colcon_core.environment:checking '/home/user/ws/urcell_ws/install/image_saver_pkg/lib/pkgconfig/image_saver_pkg.pc'
[1.096s] Level 1:colcon.colcon_core.environment:checking '/home/user/ws/urcell_ws/install/image_saver_pkg/lib/python3.10/site-packages'
[1.096s] Level 1:colcon.colcon_core.shell:create_environment_hook('image_saver_pkg', 'pythonpath')
[1.096s] INFO:colcon.colcon_core.shell:Creating environment hook '/home/user/ws/urcell_ws/install/image_saver_pkg/share/image_saver_pkg/hook/pythonpath.ps1'
[1.096s] INFO:colcon.colcon_core.shell:Creating environment descriptor '/home/user/ws/urcell_ws/install/image_saver_pkg/share/image_saver_pkg/hook/pythonpath.dsv'
[1.097s] INFO:colcon.colcon_core.shell:Creating environment hook '/home/user/ws/urcell_ws/install/image_saver_pkg/share/image_saver_pkg/hook/pythonpath.sh'
[1.097s] Level 1:colcon.colcon_core.environment:checking '/home/user/ws/urcell_ws/install/image_saver_pkg/bin'
[1.097s] Level 1:colcon.colcon_core.environment:create_environment_scripts_only(image_saver_pkg)
[1.097s] INFO:colcon.colcon_core.shell:Creating package script '/home/user/ws/urcell_ws/install/image_saver_pkg/share/image_saver_pkg/package.ps1'
[1.097s] INFO:colcon.colcon_core.shell:Creating package descriptor '/home/user/ws/urcell_ws/install/image_saver_pkg/share/image_saver_pkg/package.dsv'
[1.098s] INFO:colcon.colcon_core.shell:Creating package script '/home/user/ws/urcell_ws/install/image_saver_pkg/share/image_saver_pkg/package.sh'
[1.098s] INFO:colcon.colcon_core.shell:Creating package script '/home/user/ws/urcell_ws/install/image_saver_pkg/share/image_saver_pkg/package.bash'
[1.098s] INFO:colcon.colcon_core.shell:Creating package script '/home/user/ws/urcell_ws/install/image_saver_pkg/share/image_saver_pkg/package.zsh'
[1.098s] Level 1:colcon.colcon_core.environment:create_file_with_runtime_dependencies(/home/user/ws/urcell_ws/install/image_saver_pkg/share/colcon-core/packages/image_saver_pkg)
[2.828s] DEBUG:colcon.colcon_core.event_handler.log_command:Invoked command in '/home/user/ws/urcell_ws/build/opencv_services' returned '2': CMAKE_PREFIX_PATH=/home/user/ws/urcell_ws/install/yolov8_msgs:/home/user/ws/urcell_ws/install/opencv_services:/home/user/ws/urcell_ws/install/yolobot_recognition:/home/user/ws/urcell_ws/install/urcell_sim:/home/user/ws/urcell_ws/install/urcell_moveit_sim:/home/user/ws/urcell_ws/install/urcell_moveit_config:/home/user/ws/urcell_ws/install/urcell_description:/home/user/ws/urcell_ws/install/image_saver_pkg:/opt/ros/humble LD_LIBRARY_PATH=/home/user/ws/urcell_ws/install/yolov8_msgs/lib:/home/user/ws/urcell_ws/install/opencv_services/lib:/usr/lib/x86_64-linux-gnu/gazebo-11/plugins:/opt/ros/humble/opt/rviz_ogre_vendor/lib:/opt/ros/humble/lib/x86_64-linux-gnu:/opt/ros/humble/lib /usr/bin/cmake --build /home/user/ws/urcell_ws/build/opencv_services -- -j8 -l8
[2.871s] Level 1:colcon.colcon_core.environment:create_environment_scripts_only(opencv_services)
[2.871s] Level 1:colcon.colcon_core.environment:checking '/home/user/ws/urcell_ws/install/opencv_services' for CMake module files
[2.871s] Level 1:colcon.colcon_core.environment:checking '/home/user/ws/urcell_ws/install/opencv_services' for CMake config files
[2.872s] Level 1:colcon.colcon_core.shell:create_environment_hook('opencv_services', 'cmake_prefix_path')
[2.872s] INFO:colcon.colcon_core.shell:Creating environment hook '/home/user/ws/urcell_ws/install/opencv_services/share/opencv_services/hook/cmake_prefix_path.ps1'
[2.872s] INFO:colcon.colcon_core.shell:Creating environment descriptor '/home/user/ws/urcell_ws/install/opencv_services/share/opencv_services/hook/cmake_prefix_path.dsv'
[2.872s] INFO:colcon.colcon_core.shell:Creating environment hook '/home/user/ws/urcell_ws/install/opencv_services/share/opencv_services/hook/cmake_prefix_path.sh'
[2.873s] Level 1:colcon.colcon_core.environment:checking '/home/user/ws/urcell_ws/install/opencv_services/lib'
[2.873s] Level 1:colcon.colcon_core.shell:create_environment_hook('opencv_services', 'ld_library_path_lib')
[2.873s] INFO:colcon.colcon_core.shell:Creating environment hook '/home/user/ws/urcell_ws/install/opencv_services/share/opencv_services/hook/ld_library_path_lib.ps1'
[2.873s] INFO:colcon.colcon_core.shell:Creating environment descriptor '/home/user/ws/urcell_ws/install/opencv_services/share/opencv_services/hook/ld_library_path_lib.dsv'
[2.873s] INFO:colcon.colcon_core.shell:Creating environment hook '/home/user/ws/urcell_ws/install/opencv_services/share/opencv_services/hook/ld_library_path_lib.sh'
[2.874s] Level 1:colcon.colcon_core.environment:checking '/home/user/ws/urcell_ws/install/opencv_services/bin'
[2.874s] Level 1:colcon.colcon_core.environment:checking '/home/user/ws/urcell_ws/install/opencv_services/lib/pkgconfig/opencv_services.pc'
[2.874s] Level 1:colcon.colcon_core.environment:checking '/home/user/ws/urcell_ws/install/opencv_services/lib/python3.10/site-packages'
[2.874s] Level 1:colcon.colcon_core.environment:checking '/home/user/ws/urcell_ws/install/opencv_services/bin'
[2.874s] INFO:colcon.colcon_core.shell:Creating package script '/home/user/ws/urcell_ws/install/opencv_services/share/opencv_services/package.ps1'
[2.874s] INFO:colcon.colcon_core.shell:Creating package descriptor '/home/user/ws/urcell_ws/install/opencv_services/share/opencv_services/package.dsv'
[2.875s] INFO:colcon.colcon_core.shell:Creating package script '/home/user/ws/urcell_ws/install/opencv_services/share/opencv_services/package.sh'
[2.875s] INFO:colcon.colcon_core.shell:Creating package script '/home/user/ws/urcell_ws/install/opencv_services/share/opencv_services/package.bash'
[2.875s] INFO:colcon.colcon_core.shell:Creating package script '/home/user/ws/urcell_ws/install/opencv_services/share/opencv_services/package.zsh'
[2.875s] Level 1:colcon.colcon_core.environment:create_file_with_runtime_dependencies(/home/user/ws/urcell_ws/install/opencv_services/share/colcon-core/packages/opencv_services)
[2.886s] DEBUG:colcon.colcon_parallel_executor.executor.parallel:closing loop
[2.886s] DEBUG:colcon.colcon_parallel_executor.executor.parallel:loop closed
[2.886s] DEBUG:colcon.colcon_parallel_executor.executor.parallel:run_until_complete finished with '2'
[2.886s] DEBUG:colcon.colcon_core.event_reactor:joining thread
[2.890s] INFO:colcon.colcon_core.plugin_system:Skipping extension 'colcon_notification.desktop_notification.terminal_notifier': Not used on non-Darwin systems
[2.890s] INFO:colcon.colcon_core.plugin_system:Skipping extension 'colcon_notification.desktop_notification.win32': Not used on non-Windows systems
[2.890s] INFO:colcon.colcon_notification.desktop_notification:Sending desktop notification using 'notify2'
[2.899s] DEBUG:colcon.colcon_core.event_reactor:joined thread
[2.899s] INFO:colcon.colcon_core.shell:Creating prefix script '/home/user/ws/urcell_ws/install/local_setup.ps1'
[2.900s] INFO:colcon.colcon_core.shell:Creating prefix util module '/home/user/ws/urcell_ws/install/_local_setup_util_ps1.py'
[2.901s] INFO:colcon.colcon_core.shell:Creating prefix chain script '/home/user/ws/urcell_ws/install/setup.ps1'
[2.902s] INFO:colcon.colcon_core.shell:Creating prefix script '/home/user/ws/urcell_ws/install/local_setup.sh'
[2.903s] INFO:colcon.colcon_core.shell:Creating prefix util module '/home/user/ws/urcell_ws/install/_local_setup_util_sh.py'
[2.903s] INFO:colcon.colcon_core.shell:Creating prefix chain script '/home/user/ws/urcell_ws/install/setup.sh'
[2.904s] INFO:colcon.colcon_core.shell:Creating prefix script '/home/user/ws/urcell_ws/install/local_setup.bash'
[2.904s] INFO:colcon.colcon_core.shell:Creating prefix chain script '/home/user/ws/urcell_ws/install/setup.bash'
[2.905s] INFO:colcon.colcon_core.shell:Creating prefix script '/home/user/ws/urcell_ws/install/local_setup.zsh'
[2.905s] INFO:colcon.colcon_core.shell:Creating prefix chain script '/home/user/ws/urcell_ws/install/setup.zsh'
