-- Install configuration: ""
-- Up-to-date: /home/user/ws/urcell_ws/install/urcell_description/share/urcell_description/urdf
-- Up-to-date: /home/user/ws/urcell_ws/install/urcell_description/share/urcell_description/urdf/model.urdf.xacro
-- Up-to-date: /home/user/ws/urcell_ws/install/urcell_description/share/urcell_description/urdf/parts
-- Up-to-date: /home/user/ws/urcell_ws/install/urcell_description/share/urcell_description/urdf/parts/fixedparts
-- Up-to-date: /home/user/ws/urcell_ws/install/urcell_description/share/urcell_description/urdf/parts/fixedparts/fixedobjects.urdf.xacro
-- Up-to-date: /home/user/ws/urcell_ws/install/urcell_description/share/urcell_description/urdf/parts/customGripper
-- Up-to-date: /home/user/ws/urcell_ws/install/urcell_description/share/urcell_description/urdf/parts/customGripper/customGripper.urdf.xacro
-- Up-to-date: /home/user/ws/urcell_ws/install/urcell_description/share/urcell_description/gazebo
-- Up-to-date: /home/user/ws/urcell_ws/install/urcell_description/share/urcell_description/gazebo/urcell.gazebo.xacro
-- Up-to-date: /home/user/ws/urcell_ws/install/urcell_description/share/urcell_description/ros2_control
-- Up-to-date: /home/user/ws/urcell_ws/install/urcell_description/share/urcell_description/ros2_control/urcell.ros2_control.xacro
-- Up-to-date: /home/user/ws/urcell_ws/install/urcell_description/share/urcell_description/config
-- Up-to-date: /home/user/ws/urcell_ws/install/urcell_description/share/urcell_description/config/ros2_controllers.yaml
-- Up-to-date: /home/user/ws/urcell_ws/install/urcell_description/share/urcell_description/config/urcell_config.rviz
-- Up-to-date: /home/user/ws/urcell_ws/install/urcell_description/share/urcell_description/meshes
-- Up-to-date: /home/user/ws/urcell_ws/install/urcell_description/share/urcell_description/meshes/gripper2_gripper_base.dae
-- Up-to-date: /home/user/ws/urcell_ws/install/urcell_description/share/urcell_description/meshes/gripper2_finger.dae
-- Up-to-date: /home/user/ws/urcell_ws/install/urcell_description/share/urcell_description/launch
-- Up-to-date: /home/user/ws/urcell_ws/install/urcell_description/share/urcell_description/launch/display.launch.py
-- Up-to-date: /home/user/ws/urcell_ws/install/urcell_description/share/ament_index/resource_index/package_run_dependencies/urcell_description
-- Up-to-date: /home/user/ws/urcell_ws/install/urcell_description/share/ament_index/resource_index/parent_prefix_path/urcell_description
-- Up-to-date: /home/user/ws/urcell_ws/install/urcell_description/share/urcell_description/environment/ament_prefix_path.sh
-- Up-to-date: /home/user/ws/urcell_ws/install/urcell_description/share/urcell_description/environment/ament_prefix_path.dsv
-- Up-to-date: /home/user/ws/urcell_ws/install/urcell_description/share/urcell_description/environment/path.sh
-- Up-to-date: /home/user/ws/urcell_ws/install/urcell_description/share/urcell_description/environment/path.dsv
-- Up-to-date: /home/user/ws/urcell_ws/install/urcell_description/share/urcell_description/local_setup.bash
-- Up-to-date: /home/user/ws/urcell_ws/install/urcell_description/share/urcell_description/local_setup.sh
-- Up-to-date: /home/user/ws/urcell_ws/install/urcell_description/share/urcell_description/local_setup.zsh
-- Up-to-date: /home/user/ws/urcell_ws/install/urcell_description/share/urcell_description/local_setup.dsv
-- Installing: /home/user/ws/urcell_ws/install/urcell_description/share/urcell_description/package.dsv
-- Up-to-date: /home/user/ws/urcell_ws/install/urcell_description/share/ament_index/resource_index/packages/urcell_description
-- Up-to-date: /home/user/ws/urcell_ws/install/urcell_description/share/urcell_description/cmake/urcell_descriptionConfig.cmake
-- Up-to-date: /home/user/ws/urcell_ws/install/urcell_description/share/urcell_description/cmake/urcell_descriptionConfig-version.cmake
-- Up-to-date: /home/user/ws/urcell_ws/install/urcell_description/share/urcell_description/package.xml
