[0.016s] Invoking command in '/home/user/ws/urcell_ws/build/opencv_services': CMAKE_PREFIX_PATH=/home/user/ws/urcell_ws/install/yolov8_msgs:/home/user/ws/urcell_ws/install/opencv_services:/home/user/ws/urcell_ws/install/yolobot_recognition:/home/user/ws/urcell_ws/install/urcell_sim:/home/user/ws/urcell_ws/install/urcell_moveit_sim:/home/user/ws/urcell_ws/install/urcell_moveit_config:/home/user/ws/urcell_ws/install/urcell_description:/home/user/ws/urcell_ws/install/image_saver_pkg:/opt/ros/humble /usr/bin/cmake --build /home/user/ws/urcell_ws/build/opencv_services -- -j8 -l8
[0.051s] -- Found ament_cmake: 1.3.9 (/opt/ros/humble/share/ament_cmake/cmake)
[0.227s] -- Found rclcpp: 16.0.9 (/opt/ros/humble/share/rclcpp/cmake)
[0.267s] -- Found rosidl_generator_c: 3.1.5 (/opt/ros/humble/share/rosidl_generator_c/cmake)
[0.271s] -- Found rosidl_adapter: 3.1.5 (/opt/ros/humble/share/rosidl_adapter/cmake)
[0.281s] -- Found rosidl_generator_cpp: 3.1.5 (/opt/ros/humble/share/rosidl_generator_cpp/cmake)
[0.295s] -- Using all available rosidl_typesupport_c: rosidl_typesupport_fastrtps_c;rosidl_typesupport_introspection_c
[0.316s] -- Using all available rosidl_typesupport_cpp: rosidl_typesupport_fastrtps_cpp;rosidl_typesupport_introspection_cpp
[0.396s] -- Found rmw_implementation_cmake: 6.1.2 (/opt/ros/humble/share/rmw_implementation_cmake/cmake)
[0.398s] -- Found rmw_fastrtps_cpp: 6.2.6 (/opt/ros/humble/share/rmw_fastrtps_cpp/cmake)
[0.554s] -- Using RMW implementation 'rmw_fastrtps_cpp' as default
[0.755s] -- Found cv_bridge: 3.2.1 (/opt/ros/humble/share/cv_bridge/cmake)
[0.929s] -- Found image_transport: 3.1.9 (/opt/ros/humble/share/image_transport/cmake)
[0.987s] -- Found tf2: 0.25.7 (/opt/ros/humble/share/tf2/cmake)
[1.000s] -- Found yolov8_msgs: 0.0.0 (/home/user/ws/urcell_ws/install/yolov8_msgs/share/yolov8_msgs/cmake)
[1.168s] -- Found rosidl_default_generators: 1.2.0 (/opt/ros/humble/share/rosidl_default_generators/cmake)
[1.543s] -- Found ament_cmake_ros: 0.10.0 (/opt/ros/humble/share/ament_cmake_ros/cmake)
[2.128s] -- Using all available rosidl_typesupport_c: rosidl_typesupport_fastrtps_c;rosidl_typesupport_introspection_c
[2.357s] -- Using all available rosidl_typesupport_cpp: rosidl_typesupport_fastrtps_cpp;rosidl_typesupport_introspection_cpp
[2.389s] -- Found python_cmake_module: 0.10.0 (/opt/ros/humble/share/python_cmake_module/cmake)
[2.417s] -- Using PYTHON_EXECUTABLE: /usr/bin/python3
[2.417s] -- Using PYTHON_INCLUDE_DIRS: /usr/include/python3.10
[2.417s] -- Using PYTHON_LIBRARIES: /usr/lib/x86_64-linux-gnu/libpython3.10.so
[2.488s] -- Found ament_lint_auto: 0.12.11 (/opt/ros/humble/share/ament_lint_auto/cmake)
[2.498s] -- Added test 'cppcheck' to perform static code analysis on C / C++ code
[2.498s] -- Configured cppcheck include dirs: 
[2.498s] -- Configured cppcheck exclude dirs and/or files: 
[2.499s] -- Added test 'lint_cmake' to check CMake code style
[2.501s] -- Added test 'uncrustify' to check C / C++ code style
[2.501s] -- Configured uncrustify additional arguments: 
[2.501s] -- Added test 'xmllint' to check XML markup files
[2.504s] -- Configuring done
[2.547s] -- Generating done
[2.551s] -- Build files have been written to: /home/user/ws/urcell_ws/build/opencv_services
[2.587s] [35m[1mConsolidate compiler generated dependencies of target opencv_services__rosidl_generator_c[0m
[2.603s] [  9%] Built target opencv_services__rosidl_generator_c
[2.605s] [ 12%] Built target opencv_services__cpp
[2.618s] [ 12%] Built target ament_cmake_python_copy_opencv_services
[2.621s] [35m[1mConsolidate compiler generated dependencies of target opencv_services__rosidl_typesupport_c[0m
[2.624s] [35m[1mConsolidate compiler generated dependencies of target opencv_services__rosidl_typesupport_fastrtps_c[0m
[2.627s] [35m[1mConsolidate compiler generated dependencies of target opencv_services__rosidl_typesupport_introspection_c[0m
[2.628s] [35m[1mConsolidate compiler generated dependencies of target opencv_services__rosidl_typesupport_introspection_cpp[0m
[2.632s] [35m[1mConsolidate compiler generated dependencies of target opencv_services__rosidl_typesupport_cpp[0m
[2.641s] [35m[1mConsolidate compiler generated dependencies of target opencv_services__rosidl_typesupport_fastrtps_cpp[0m
[2.645s] [ 22%] Built target opencv_services__rosidl_typesupport_introspection_c
[2.649s] [ 41%] Built target opencv_services__rosidl_typesupport_fastrtps_c
[2.650s] [ 41%] Built target opencv_services__rosidl_typesupport_c
[2.657s] [ 51%] Built target opencv_services__rosidl_typesupport_cpp
[2.657s] [ 61%] Built target opencv_services__rosidl_typesupport_introspection_cpp
[2.664s] [ 70%] Built target opencv_services__rosidl_typesupport_fastrtps_cpp
[2.691s] [ 70%] Built target opencv_services
[2.722s] [ 74%] Built target opencv_services__py
[2.735s] [35m[1mConsolidate compiler generated dependencies of target opencv_services__rosidl_generator_py[0m
[2.752s] [ 80%] Built target opencv_services__rosidl_generator_py
[2.765s] [35m[1mConsolidate compiler generated dependencies of target opencv_services__rosidl_typesupport_fastrtps_c__pyext[0m
[2.765s] [35m[1mConsolidate compiler generated dependencies of target opencv_services__rosidl_typesupport_c__pyext[0m
[2.765s] [35m[1mConsolidate compiler generated dependencies of target opencv_services__rosidl_typesupport_introspection_c__pyext[0m
[2.786s] [ 87%] Built target opencv_services__rosidl_typesupport_introspection_c__pyext
[2.786s] [ 93%] Built target opencv_services__rosidl_typesupport_fastrtps_c__pyext
[2.787s] [100%] Built target opencv_services__rosidl_typesupport_c__pyext
[2.990s] running egg_info
[2.991s] writing opencv_services.egg-info/PKG-INFO
[2.991s] writing dependency_links to opencv_services.egg-info/dependency_links.txt
[2.991s] writing top-level names to opencv_services.egg-info/top_level.txt
[2.998s] reading manifest file 'opencv_services.egg-info/SOURCES.txt'
[2.998s] writing manifest file 'opencv_services.egg-info/SOURCES.txt'
[3.034s] [100%] Built target ament_cmake_python_build_opencv_services_egg
[3.046s] Invoked command in '/home/user/ws/urcell_ws/build/opencv_services' returned '0': CMAKE_PREFIX_PATH=/home/user/ws/urcell_ws/install/yolov8_msgs:/home/user/ws/urcell_ws/install/opencv_services:/home/user/ws/urcell_ws/install/yolobot_recognition:/home/user/ws/urcell_ws/install/urcell_sim:/home/user/ws/urcell_ws/install/urcell_moveit_sim:/home/user/ws/urcell_ws/install/urcell_moveit_config:/home/user/ws/urcell_ws/install/urcell_description:/home/user/ws/urcell_ws/install/image_saver_pkg:/opt/ros/humble /usr/bin/cmake --build /home/user/ws/urcell_ws/build/opencv_services -- -j8 -l8
[3.122s] Invoking command in '/home/user/ws/urcell_ws/build/opencv_services': CMAKE_PREFIX_PATH=/home/user/ws/urcell_ws/install/yolov8_msgs:/home/user/ws/urcell_ws/install/opencv_services:/home/user/ws/urcell_ws/install/yolobot_recognition:/home/user/ws/urcell_ws/install/urcell_sim:/home/user/ws/urcell_ws/install/urcell_moveit_sim:/home/user/ws/urcell_ws/install/urcell_moveit_config:/home/user/ws/urcell_ws/install/urcell_description:/home/user/ws/urcell_ws/install/image_saver_pkg:/opt/ros/humble /usr/bin/cmake --install /home/user/ws/urcell_ws/build/opencv_services
[3.136s] -- Install configuration: ""
[3.136s] -- Up-to-date: /home/user/ws/urcell_ws/install/opencv_services/share/ament_index/resource_index/rosidl_interfaces/opencv_services
[3.136s] -- Up-to-date: /home/user/ws/urcell_ws/install/opencv_services/include/opencv_services/opencv_services
[3.136s] -- Up-to-date: /home/user/ws/urcell_ws/install/opencv_services/include/opencv_services/opencv_services/msg
[3.136s] -- Up-to-date: /home/user/ws/urcell_ws/install/opencv_services/include/opencv_services/opencv_services/msg/rosidl_generator_c__visibility_control.h
[3.136s] -- Up-to-date: /home/user/ws/urcell_ws/install/opencv_services/include/opencv_services/opencv_services/srv
[3.136s] -- Up-to-date: /home/user/ws/urcell_ws/install/opencv_services/include/opencv_services/opencv_services/srv/detail
[3.136s] -- Up-to-date: /home/user/ws/urcell_ws/install/opencv_services/include/opencv_services/opencv_services/srv/detail/parts_targets_pos__type_support.h
[3.137s] -- Up-to-date: /home/user/ws/urcell_ws/install/opencv_services/include/opencv_services/opencv_services/srv/detail/parts_targets_pos__functions.c
[3.137s] -- Up-to-date: /home/user/ws/urcell_ws/install/opencv_services/include/opencv_services/opencv_services/srv/detail/parts_targets_pos__struct.h
[3.137s] -- Up-to-date: /home/user/ws/urcell_ws/install/opencv_services/include/opencv_services/opencv_services/srv/detail/parts_targets_pos__functions.h
[3.137s] -- Up-to-date: /home/user/ws/urcell_ws/install/opencv_services/include/opencv_services/opencv_services/srv/parts_targets_pos.h
[3.137s] -- Up-to-date: /home/user/ws/urcell_ws/install/opencv_services/share/opencv_services/environment/library_path.sh
[3.137s] -- Installing: /home/user/ws/urcell_ws/install/opencv_services/share/opencv_services/environment/library_path.dsv
[3.137s] -- Up-to-date: /home/user/ws/urcell_ws/install/opencv_services/lib/libopencv_services__rosidl_generator_c.so
[3.137s] -- Up-to-date: /home/user/ws/urcell_ws/install/opencv_services/include/opencv_services/opencv_services
[3.137s] -- Up-to-date: /home/user/ws/urcell_ws/install/opencv_services/include/opencv_services/opencv_services/msg
[3.138s] -- Up-to-date: /home/user/ws/urcell_ws/install/opencv_services/include/opencv_services/opencv_services/msg/rosidl_typesupport_fastrtps_c__visibility_control.h
[3.138s] -- Up-to-date: /home/user/ws/urcell_ws/install/opencv_services/include/opencv_services/opencv_services/srv
[3.138s] -- Up-to-date: /home/user/ws/urcell_ws/install/opencv_services/include/opencv_services/opencv_services/srv/detail
[3.138s] -- Up-to-date: /home/user/ws/urcell_ws/install/opencv_services/include/opencv_services/opencv_services/srv/detail/parts_targets_pos__rosidl_typesupport_fastrtps_c.h
[3.138s] -- Up-to-date: /home/user/ws/urcell_ws/install/opencv_services/lib/libopencv_services__rosidl_typesupport_fastrtps_c.so
[3.138s] -- Up-to-date: /home/user/ws/urcell_ws/install/opencv_services/include/opencv_services/opencv_services
[3.138s] -- Up-to-date: /home/user/ws/urcell_ws/install/opencv_services/include/opencv_services/opencv_services/srv
[3.138s] -- Up-to-date: /home/user/ws/urcell_ws/install/opencv_services/include/opencv_services/opencv_services/srv/parts_targets_pos.hpp
[3.139s] -- Up-to-date: /home/user/ws/urcell_ws/install/opencv_services/include/opencv_services/opencv_services/srv/detail
[3.139s] -- Up-to-date: /home/user/ws/urcell_ws/install/opencv_services/include/opencv_services/opencv_services/srv/detail/parts_targets_pos__struct.hpp
[3.139s] -- Up-to-date: /home/user/ws/urcell_ws/install/opencv_services/include/opencv_services/opencv_services/srv/detail/parts_targets_pos__builder.hpp
[3.139s] -- Up-to-date: /home/user/ws/urcell_ws/install/opencv_services/include/opencv_services/opencv_services/srv/detail/parts_targets_pos__traits.hpp
[3.139s] -- Up-to-date: /home/user/ws/urcell_ws/install/opencv_services/include/opencv_services/opencv_services
[3.140s] -- Up-to-date: /home/user/ws/urcell_ws/install/opencv_services/include/opencv_services/opencv_services/msg
[3.140s] -- Up-to-date: /home/user/ws/urcell_ws/install/opencv_services/include/opencv_services/opencv_services/msg/rosidl_typesupport_fastrtps_cpp__visibility_control.h
[3.140s] -- Up-to-date: /home/user/ws/urcell_ws/install/opencv_services/include/opencv_services/opencv_services/srv
[3.140s] -- Up-to-date: /home/user/ws/urcell_ws/install/opencv_services/include/opencv_services/opencv_services/srv/detail
[3.140s] -- Up-to-date: /home/user/ws/urcell_ws/install/opencv_services/include/opencv_services/opencv_services/srv/detail/parts_targets_pos__rosidl_typesupport_fastrtps_cpp.hpp
[3.140s] -- Up-to-date: /home/user/ws/urcell_ws/install/opencv_services/include/opencv_services/opencv_services/srv/detail/dds_fastrtps
[3.140s] -- Up-to-date: /home/user/ws/urcell_ws/install/opencv_services/lib/libopencv_services__rosidl_typesupport_fastrtps_cpp.so
[3.140s] -- Up-to-date: /home/user/ws/urcell_ws/install/opencv_services/include/opencv_services/opencv_services
[3.140s] -- Up-to-date: /home/user/ws/urcell_ws/install/opencv_services/include/opencv_services/opencv_services/msg
[3.140s] -- Up-to-date: /home/user/ws/urcell_ws/install/opencv_services/include/opencv_services/opencv_services/msg/rosidl_typesupport_introspection_c__visibility_control.h
[3.140s] -- Up-to-date: /home/user/ws/urcell_ws/install/opencv_services/include/opencv_services/opencv_services/srv
[3.140s] -- Up-to-date: /home/user/ws/urcell_ws/install/opencv_services/include/opencv_services/opencv_services/srv/detail
[3.141s] -- Up-to-date: /home/user/ws/urcell_ws/install/opencv_services/include/opencv_services/opencv_services/srv/detail/parts_targets_pos__type_support.c
[3.141s] -- Up-to-date: /home/user/ws/urcell_ws/install/opencv_services/include/opencv_services/opencv_services/srv/detail/parts_targets_pos__rosidl_typesupport_introspection_c.h
[3.141s] -- Up-to-date: /home/user/ws/urcell_ws/install/opencv_services/lib/libopencv_services__rosidl_typesupport_introspection_c.so
[3.141s] -- Up-to-date: /home/user/ws/urcell_ws/install/opencv_services/lib/libopencv_services__rosidl_typesupport_c.so
[3.141s] -- Up-to-date: /home/user/ws/urcell_ws/install/opencv_services/include/opencv_services/opencv_services
[3.141s] -- Up-to-date: /home/user/ws/urcell_ws/install/opencv_services/include/opencv_services/opencv_services/srv
[3.141s] -- Up-to-date: /home/user/ws/urcell_ws/install/opencv_services/include/opencv_services/opencv_services/srv/detail
[3.141s] -- Up-to-date: /home/user/ws/urcell_ws/install/opencv_services/include/opencv_services/opencv_services/srv/detail/parts_targets_pos__type_support.cpp
[3.141s] -- Up-to-date: /home/user/ws/urcell_ws/install/opencv_services/include/opencv_services/opencv_services/srv/detail/parts_targets_pos__rosidl_typesupport_introspection_cpp.hpp
[3.142s] -- Up-to-date: /home/user/ws/urcell_ws/install/opencv_services/lib/libopencv_services__rosidl_typesupport_introspection_cpp.so
[3.142s] -- Up-to-date: /home/user/ws/urcell_ws/install/opencv_services/lib/libopencv_services__rosidl_typesupport_cpp.so
[3.142s] -- Up-to-date: /home/user/ws/urcell_ws/install/opencv_services/share/opencv_services/environment/pythonpath.sh
[3.142s] -- Installing: /home/user/ws/urcell_ws/install/opencv_services/share/opencv_services/environment/pythonpath.dsv
[3.142s] -- Up-to-date: /home/user/ws/urcell_ws/install/opencv_services/local/lib/python3.10/dist-packages/opencv_services-0.0.0-py3.10.egg-info
[3.142s] -- Installing: /home/user/ws/urcell_ws/install/opencv_services/local/lib/python3.10/dist-packages/opencv_services-0.0.0-py3.10.egg-info/PKG-INFO
[3.142s] -- Installing: /home/user/ws/urcell_ws/install/opencv_services/local/lib/python3.10/dist-packages/opencv_services-0.0.0-py3.10.egg-info/dependency_links.txt
[3.143s] -- Installing: /home/user/ws/urcell_ws/install/opencv_services/local/lib/python3.10/dist-packages/opencv_services-0.0.0-py3.10.egg-info/top_level.txt
[3.143s] -- Installing: /home/user/ws/urcell_ws/install/opencv_services/local/lib/python3.10/dist-packages/opencv_services-0.0.0-py3.10.egg-info/SOURCES.txt
[3.143s] -- Up-to-date: /home/user/ws/urcell_ws/install/opencv_services/local/lib/python3.10/dist-packages/opencv_services
[3.143s] -- Up-to-date: /home/user/ws/urcell_ws/install/opencv_services/local/lib/python3.10/dist-packages/opencv_services/opencv_services_s__rosidl_typesupport_introspection_c.cpython-310-x86_64-linux-gnu.so
[3.143s] -- Up-to-date: /home/user/ws/urcell_ws/install/opencv_services/local/lib/python3.10/dist-packages/opencv_services/opencv_services_s__rosidl_typesupport_c.cpython-310-x86_64-linux-gnu.so
[3.143s] -- Up-to-date: /home/user/ws/urcell_ws/install/opencv_services/local/lib/python3.10/dist-packages/opencv_services/opencv_services_s__rosidl_typesupport_fastrtps_c.cpython-310-x86_64-linux-gnu.so
[3.143s] -- Up-to-date: /home/user/ws/urcell_ws/install/opencv_services/local/lib/python3.10/dist-packages/opencv_services/_opencv_services_s.ep.rosidl_typesupport_fastrtps_c.c
[3.144s] -- Up-to-date: /home/user/ws/urcell_ws/install/opencv_services/local/lib/python3.10/dist-packages/opencv_services/_opencv_services_s.ep.rosidl_typesupport_c.c
[3.144s] -- Up-to-date: /home/user/ws/urcell_ws/install/opencv_services/local/lib/python3.10/dist-packages/opencv_services/srv
[3.144s] -- Up-to-date: /home/user/ws/urcell_ws/install/opencv_services/local/lib/python3.10/dist-packages/opencv_services/srv/_parts_targets_pos_s.c
[3.144s] -- Up-to-date: /home/user/ws/urcell_ws/install/opencv_services/local/lib/python3.10/dist-packages/opencv_services/srv/_parts_targets_pos.py
[3.144s] -- Up-to-date: /home/user/ws/urcell_ws/install/opencv_services/local/lib/python3.10/dist-packages/opencv_services/srv/__init__.py
[3.144s] -- Up-to-date: /home/user/ws/urcell_ws/install/opencv_services/local/lib/python3.10/dist-packages/opencv_services/_opencv_services_s.ep.rosidl_typesupport_introspection_c.c
[3.144s] -- Up-to-date: /home/user/ws/urcell_ws/install/opencv_services/local/lib/python3.10/dist-packages/opencv_services/libopencv_services__rosidl_generator_py.so
[3.144s] -- Installing: /home/user/ws/urcell_ws/install/opencv_services/local/lib/python3.10/dist-packages/opencv_services/__init__.py
[3.184s] Listing '/home/user/ws/urcell_ws/install/opencv_services/local/lib/python3.10/dist-packages/opencv_services'...
[3.184s] Compiling '/home/user/ws/urcell_ws/install/opencv_services/local/lib/python3.10/dist-packages/opencv_services/__init__.py'...
[3.184s] Listing '/home/user/ws/urcell_ws/install/opencv_services/local/lib/python3.10/dist-packages/opencv_services/srv'...
[3.189s] -- Up-to-date: /home/user/ws/urcell_ws/install/opencv_services/local/lib/python3.10/dist-packages/opencv_services/opencv_services_s__rosidl_typesupport_fastrtps_c.cpython-310-x86_64-linux-gnu.so
[3.189s] -- Up-to-date: /home/user/ws/urcell_ws/install/opencv_services/local/lib/python3.10/dist-packages/opencv_services/opencv_services_s__rosidl_typesupport_introspection_c.cpython-310-x86_64-linux-gnu.so
[3.190s] -- Up-to-date: /home/user/ws/urcell_ws/install/opencv_services/local/lib/python3.10/dist-packages/opencv_services/opencv_services_s__rosidl_typesupport_c.cpython-310-x86_64-linux-gnu.so
[3.190s] -- Up-to-date: /home/user/ws/urcell_ws/install/opencv_services/lib/libopencv_services__rosidl_generator_py.so
[3.190s] -- Up-to-date: /home/user/ws/urcell_ws/install/opencv_services/share/opencv_services/srv/PartsTargetsPos.idl
[3.190s] -- Up-to-date: /home/user/ws/urcell_ws/install/opencv_services/share/opencv_services/srv/PartsTargetsPos.srv
[3.190s] -- Up-to-date: /home/user/ws/urcell_ws/install/opencv_services/share/opencv_services/srv/PartsTargetsPos_Request.msg
[3.190s] -- Up-to-date: /home/user/ws/urcell_ws/install/opencv_services/share/opencv_services/srv/PartsTargetsPos_Response.msg
[3.191s] -- Up-to-date: /home/user/ws/urcell_ws/install/opencv_services/share/ament_index/resource_index/package_run_dependencies/opencv_services
[3.191s] -- Up-to-date: /home/user/ws/urcell_ws/install/opencv_services/share/ament_index/resource_index/parent_prefix_path/opencv_services
[3.191s] -- Up-to-date: /home/user/ws/urcell_ws/install/opencv_services/share/opencv_services/environment/ament_prefix_path.sh
[3.191s] -- Installing: /home/user/ws/urcell_ws/install/opencv_services/share/opencv_services/environment/ament_prefix_path.dsv
[3.191s] -- Up-to-date: /home/user/ws/urcell_ws/install/opencv_services/share/opencv_services/environment/path.sh
[3.191s] -- Installing: /home/user/ws/urcell_ws/install/opencv_services/share/opencv_services/environment/path.dsv
[3.192s] -- Up-to-date: /home/user/ws/urcell_ws/install/opencv_services/share/opencv_services/local_setup.bash
[3.192s] -- Up-to-date: /home/user/ws/urcell_ws/install/opencv_services/share/opencv_services/local_setup.sh
[3.192s] -- Up-to-date: /home/user/ws/urcell_ws/install/opencv_services/share/opencv_services/local_setup.zsh
[3.192s] -- Installing: /home/user/ws/urcell_ws/install/opencv_services/share/opencv_services/local_setup.dsv
[3.192s] -- Installing: /home/user/ws/urcell_ws/install/opencv_services/share/opencv_services/package.dsv
[3.192s] -- Up-to-date: /home/user/ws/urcell_ws/install/opencv_services/share/ament_index/resource_index/packages/opencv_services
[3.192s] -- Up-to-date: /home/user/ws/urcell_ws/install/opencv_services/share/opencv_services/cmake/export_opencv_services__rosidl_generator_cExport.cmake
[3.192s] -- Up-to-date: /home/user/ws/urcell_ws/install/opencv_services/share/opencv_services/cmake/export_opencv_services__rosidl_generator_cExport-noconfig.cmake
[3.193s] -- Up-to-date: /home/user/ws/urcell_ws/install/opencv_services/share/opencv_services/cmake/export_opencv_services__rosidl_typesupport_fastrtps_cExport.cmake
[3.193s] -- Up-to-date: /home/user/ws/urcell_ws/install/opencv_services/share/opencv_services/cmake/export_opencv_services__rosidl_typesupport_fastrtps_cExport-noconfig.cmake
[3.193s] -- Up-to-date: /home/user/ws/urcell_ws/install/opencv_services/share/opencv_services/cmake/export_opencv_services__rosidl_generator_cppExport.cmake
[3.193s] -- Up-to-date: /home/user/ws/urcell_ws/install/opencv_services/share/opencv_services/cmake/export_opencv_services__rosidl_typesupport_fastrtps_cppExport.cmake
[3.193s] -- Up-to-date: /home/user/ws/urcell_ws/install/opencv_services/share/opencv_services/cmake/export_opencv_services__rosidl_typesupport_fastrtps_cppExport-noconfig.cmake
[3.193s] -- Up-to-date: /home/user/ws/urcell_ws/install/opencv_services/share/opencv_services/cmake/opencv_services__rosidl_typesupport_introspection_cExport.cmake
[3.193s] -- Up-to-date: /home/user/ws/urcell_ws/install/opencv_services/share/opencv_services/cmake/opencv_services__rosidl_typesupport_introspection_cExport-noconfig.cmake
[3.194s] -- Up-to-date: /home/user/ws/urcell_ws/install/opencv_services/share/opencv_services/cmake/opencv_services__rosidl_typesupport_cExport.cmake
[3.194s] -- Up-to-date: /home/user/ws/urcell_ws/install/opencv_services/share/opencv_services/cmake/opencv_services__rosidl_typesupport_cExport-noconfig.cmake
[3.194s] -- Up-to-date: /home/user/ws/urcell_ws/install/opencv_services/share/opencv_services/cmake/opencv_services__rosidl_typesupport_introspection_cppExport.cmake
[3.194s] -- Up-to-date: /home/user/ws/urcell_ws/install/opencv_services/share/opencv_services/cmake/opencv_services__rosidl_typesupport_introspection_cppExport-noconfig.cmake
[3.194s] -- Up-to-date: /home/user/ws/urcell_ws/install/opencv_services/share/opencv_services/cmake/opencv_services__rosidl_typesupport_cppExport.cmake
[3.194s] -- Up-to-date: /home/user/ws/urcell_ws/install/opencv_services/share/opencv_services/cmake/opencv_services__rosidl_typesupport_cppExport-noconfig.cmake
[3.194s] -- Up-to-date: /home/user/ws/urcell_ws/install/opencv_services/share/opencv_services/cmake/export_opencv_services__rosidl_generator_pyExport.cmake
[3.194s] -- Up-to-date: /home/user/ws/urcell_ws/install/opencv_services/share/opencv_services/cmake/export_opencv_services__rosidl_generator_pyExport-noconfig.cmake
[3.195s] -- Up-to-date: /home/user/ws/urcell_ws/install/opencv_services/share/opencv_services/cmake/rosidl_cmake-extras.cmake
[3.195s] -- Up-to-date: /home/user/ws/urcell_ws/install/opencv_services/share/opencv_services/cmake/ament_cmake_export_dependencies-extras.cmake
[3.195s] -- Up-to-date: /home/user/ws/urcell_ws/install/opencv_services/share/opencv_services/cmake/ament_cmake_export_include_directories-extras.cmake
[3.195s] -- Up-to-date: /home/user/ws/urcell_ws/install/opencv_services/share/opencv_services/cmake/ament_cmake_export_libraries-extras.cmake
[3.195s] -- Up-to-date: /home/user/ws/urcell_ws/install/opencv_services/share/opencv_services/cmake/ament_cmake_export_targets-extras.cmake
[3.195s] -- Up-to-date: /home/user/ws/urcell_ws/install/opencv_services/share/opencv_services/cmake/rosidl_cmake_export_typesupport_targets-extras.cmake
[3.195s] -- Up-to-date: /home/user/ws/urcell_ws/install/opencv_services/share/opencv_services/cmake/rosidl_cmake_export_typesupport_libraries-extras.cmake
[3.195s] -- Up-to-date: /home/user/ws/urcell_ws/install/opencv_services/share/opencv_services/cmake/opencv_servicesConfig.cmake
[3.195s] -- Up-to-date: /home/user/ws/urcell_ws/install/opencv_services/share/opencv_services/cmake/opencv_servicesConfig-version.cmake
[3.196s] -- Installing: /home/user/ws/urcell_ws/install/opencv_services/share/opencv_services/package.xml
[3.199s] Invoked command in '/home/user/ws/urcell_ws/build/opencv_services' returned '0': CMAKE_PREFIX_PATH=/home/user/ws/urcell_ws/install/yolov8_msgs:/home/user/ws/urcell_ws/install/opencv_services:/home/user/ws/urcell_ws/install/yolobot_recognition:/home/user/ws/urcell_ws/install/urcell_sim:/home/user/ws/urcell_ws/install/urcell_moveit_sim:/home/user/ws/urcell_ws/install/urcell_moveit_config:/home/user/ws/urcell_ws/install/urcell_description:/home/user/ws/urcell_ws/install/image_saver_pkg:/opt/ros/humble /usr/bin/cmake --install /home/user/ws/urcell_ws/build/opencv_services
