[0.066s] DEBUG:colcon:Command line arguments: ['/usr/bin/colcon', 'build', '--packages-select', 'yolov8_msgs', '--cmake-clean-cache']
[0.066s] DEBUG:colcon:Parsed command line arguments: Namespace(log_base=None, log_level=None, verb_name='build', build_base='build', install_base='install', merge_install=False, symlink_install=False, test_result_base=None, continue_on_error=False, executor='parallel', parallel_workers=8, event_handlers=None, ignore_user_meta=False, metas=['./colcon.meta'], base_paths=['.'], packages_ignore=None, packages_ignore_regex=None, paths=None, packages_up_to=None, packages_up_to_regex=None, packages_above=None, packages_above_and_dependencies=None, packages_above_depth=None, packages_select_by_dep=None, packages_skip_by_dep=None, packages_skip_up_to=None, packages_select_build_failed=False, packages_skip_build_finished=False, packages_select_test_failures=False, packages_skip_test_passed=False, packages_select=['yolov8_msgs'], packages_skip=None, packages_select_regex=None, packages_skip_regex=None, packages_start=None, packages_end=None, allow_overriding=[], cmake_args=None, cmake_target=None, cmake_target_skip_unavailable=False, cmake_clean_cache=True, cmake_clean_first=False, cmake_force_configure=False, ament_cmake_args=None, catkin_cmake_args=None, catkin_skip_building_tests=False, mixin_files=None, mixin=None, verb_parser=<colcon_mixin.mixin.mixin_argument.MixinArgumentDecorator object at 0x7eaa1522b910>, verb_extension=<colcon_core.verb.build.BuildVerb object at 0x7eaa1522b340>, main=<bound method BuildVerb.main of <colcon_core.verb.build.BuildVerb object at 0x7eaa1522b340>>, mixin_verb=('build',))
[0.169s] Level 1:colcon.colcon_core.package_discovery:discover_packages(colcon_meta) check parameters
[0.169s] Level 1:colcon.colcon_core.package_discovery:discover_packages(recursive) check parameters
[0.169s] Level 1:colcon.colcon_core.package_discovery:discover_packages(ignore) check parameters
[0.169s] Level 1:colcon.colcon_core.package_discovery:discover_packages(path) check parameters
[0.169s] Level 1:colcon.colcon_core.package_discovery:discover_packages(colcon_meta) discover
[0.169s] Level 1:colcon.colcon_core.package_discovery:discover_packages(recursive) discover
[0.169s] INFO:colcon.colcon_core.package_discovery:Crawling recursively for packages in '/home/user/ws/urcell_ws'
[0.169s] Level 1:colcon.colcon_core.package_identification:_identify(.) by extensions ['ignore', 'ignore_ament_install']
[0.169s] Level 1:colcon.colcon_core.package_identification:_identify(.) by extension 'ignore'
[0.169s] Level 1:colcon.colcon_core.package_identification:_identify(.) by extension 'ignore_ament_install'
[0.169s] Level 1:colcon.colcon_core.package_identification:_identify(.) by extensions ['colcon_pkg']
[0.169s] Level 1:colcon.colcon_core.package_identification:_identify(.) by extension 'colcon_pkg'
[0.169s] Level 1:colcon.colcon_core.package_identification:_identify(.) by extensions ['colcon_meta']
[0.169s] Level 1:colcon.colcon_core.package_identification:_identify(.) by extension 'colcon_meta'
[0.169s] Level 1:colcon.colcon_core.package_identification:_identify(.) by extensions ['ros']
[0.169s] Level 1:colcon.colcon_core.package_identification:_identify(.) by extension 'ros'
[0.176s] Level 1:colcon.colcon_core.package_identification:_identify(.) by extensions ['cmake', 'python']
[0.176s] Level 1:colcon.colcon_core.package_identification:_identify(.) by extension 'cmake'
[0.176s] Level 1:colcon.colcon_core.package_identification:_identify(.) by extension 'python'
[0.176s] Level 1:colcon.colcon_core.package_identification:_identify(.) by extensions ['python_setup_py']
[0.176s] Level 1:colcon.colcon_core.package_identification:_identify(.) by extension 'python_setup_py'
[0.177s] Level 1:colcon.colcon_core.package_identification:_identify(build) by extensions ['ignore', 'ignore_ament_install']
[0.177s] Level 1:colcon.colcon_core.package_identification:_identify(build) by extension 'ignore'
[0.177s] Level 1:colcon.colcon_core.package_identification:_identify(build) ignored
[0.177s] Level 1:colcon.colcon_core.package_identification:_identify(install) by extensions ['ignore', 'ignore_ament_install']
[0.177s] Level 1:colcon.colcon_core.package_identification:_identify(install) by extension 'ignore'
[0.177s] Level 1:colcon.colcon_core.package_identification:_identify(install) ignored
[0.177s] Level 1:colcon.colcon_core.package_identification:_identify(log) by extensions ['ignore', 'ignore_ament_install']
[0.177s] Level 1:colcon.colcon_core.package_identification:_identify(log) by extension 'ignore'
[0.177s] Level 1:colcon.colcon_core.package_identification:_identify(log) ignored
[0.177s] Level 1:colcon.colcon_core.package_identification:_identify(src) by extensions ['ignore', 'ignore_ament_install']
[0.177s] Level 1:colcon.colcon_core.package_identification:_identify(src) by extension 'ignore'
[0.177s] Level 1:colcon.colcon_core.package_identification:_identify(src) by extension 'ignore_ament_install'
[0.177s] Level 1:colcon.colcon_core.package_identification:_identify(src) by extensions ['colcon_pkg']
[0.177s] Level 1:colcon.colcon_core.package_identification:_identify(src) by extension 'colcon_pkg'
[0.177s] Level 1:colcon.colcon_core.package_identification:_identify(src) by extensions ['colcon_meta']
[0.177s] Level 1:colcon.colcon_core.package_identification:_identify(src) by extension 'colcon_meta'
[0.177s] Level 1:colcon.colcon_core.package_identification:_identify(src) by extensions ['ros']
[0.177s] Level 1:colcon.colcon_core.package_identification:_identify(src) by extension 'ros'
[0.177s] Level 1:colcon.colcon_core.package_identification:_identify(src) by extensions ['cmake', 'python']
[0.177s] Level 1:colcon.colcon_core.package_identification:_identify(src) by extension 'cmake'
[0.177s] Level 1:colcon.colcon_core.package_identification:_identify(src) by extension 'python'
[0.177s] Level 1:colcon.colcon_core.package_identification:_identify(src) by extensions ['python_setup_py']
[0.177s] Level 1:colcon.colcon_core.package_identification:_identify(src) by extension 'python_setup_py'
[0.177s] Level 1:colcon.colcon_core.package_identification:_identify(src/image_saver_pkg) by extensions ['ignore', 'ignore_ament_install']
[0.177s] Level 1:colcon.colcon_core.package_identification:_identify(src/image_saver_pkg) by extension 'ignore'
[0.177s] Level 1:colcon.colcon_core.package_identification:_identify(src/image_saver_pkg) by extension 'ignore_ament_install'
[0.177s] Level 1:colcon.colcon_core.package_identification:_identify(src/image_saver_pkg) by extensions ['colcon_pkg']
[0.177s] Level 1:colcon.colcon_core.package_identification:_identify(src/image_saver_pkg) by extension 'colcon_pkg'
[0.177s] Level 1:colcon.colcon_core.package_identification:_identify(src/image_saver_pkg) by extensions ['colcon_meta']
[0.177s] Level 1:colcon.colcon_core.package_identification:_identify(src/image_saver_pkg) by extension 'colcon_meta'
[0.177s] Level 1:colcon.colcon_core.package_identification:_identify(src/image_saver_pkg) by extensions ['ros']
[0.177s] Level 1:colcon.colcon_core.package_identification:_identify(src/image_saver_pkg) by extension 'ros'
[0.179s] DEBUG:colcon.colcon_core.package_identification:Package 'src/image_saver_pkg' with type 'ros.ament_python' and name 'image_saver_pkg'
[0.179s] Level 1:colcon.colcon_core.package_identification:_identify(src/urcell_description) by extensions ['ignore', 'ignore_ament_install']
[0.179s] Level 1:colcon.colcon_core.package_identification:_identify(src/urcell_description) by extension 'ignore'
[0.179s] Level 1:colcon.colcon_core.package_identification:_identify(src/urcell_description) by extension 'ignore_ament_install'
[0.179s] Level 1:colcon.colcon_core.package_identification:_identify(src/urcell_description) by extensions ['colcon_pkg']
[0.179s] Level 1:colcon.colcon_core.package_identification:_identify(src/urcell_description) by extension 'colcon_pkg'
[0.179s] Level 1:colcon.colcon_core.package_identification:_identify(src/urcell_description) by extensions ['colcon_meta']
[0.179s] Level 1:colcon.colcon_core.package_identification:_identify(src/urcell_description) by extension 'colcon_meta'
[0.179s] Level 1:colcon.colcon_core.package_identification:_identify(src/urcell_description) by extensions ['ros']
[0.179s] Level 1:colcon.colcon_core.package_identification:_identify(src/urcell_description) by extension 'ros'
[0.180s] DEBUG:colcon.colcon_core.package_identification:Package 'src/urcell_description' with type 'ros.ament_cmake' and name 'urcell_description'
[0.180s] Level 1:colcon.colcon_core.package_identification:_identify(src/urcell_moveit_config) by extensions ['ignore', 'ignore_ament_install']
[0.180s] Level 1:colcon.colcon_core.package_identification:_identify(src/urcell_moveit_config) by extension 'ignore'
[0.180s] Level 1:colcon.colcon_core.package_identification:_identify(src/urcell_moveit_config) by extension 'ignore_ament_install'
[0.180s] Level 1:colcon.colcon_core.package_identification:_identify(src/urcell_moveit_config) by extensions ['colcon_pkg']
[0.180s] Level 1:colcon.colcon_core.package_identification:_identify(src/urcell_moveit_config) by extension 'colcon_pkg'
[0.180s] Level 1:colcon.colcon_core.package_identification:_identify(src/urcell_moveit_config) by extensions ['colcon_meta']
[0.180s] Level 1:colcon.colcon_core.package_identification:_identify(src/urcell_moveit_config) by extension 'colcon_meta'
[0.180s] Level 1:colcon.colcon_core.package_identification:_identify(src/urcell_moveit_config) by extensions ['ros']
[0.180s] Level 1:colcon.colcon_core.package_identification:_identify(src/urcell_moveit_config) by extension 'ros'
[0.181s] DEBUG:colcon.colcon_core.package_identification:Package 'src/urcell_moveit_config' with type 'ros.ament_cmake' and name 'urcell_moveit_config'
[0.181s] Level 1:colcon.colcon_core.package_identification:_identify(src/urcell_moveit_sim) by extensions ['ignore', 'ignore_ament_install']
[0.181s] Level 1:colcon.colcon_core.package_identification:_identify(src/urcell_moveit_sim) by extension 'ignore'
[0.181s] Level 1:colcon.colcon_core.package_identification:_identify(src/urcell_moveit_sim) by extension 'ignore_ament_install'
[0.181s] Level 1:colcon.colcon_core.package_identification:_identify(src/urcell_moveit_sim) by extensions ['colcon_pkg']
[0.181s] Level 1:colcon.colcon_core.package_identification:_identify(src/urcell_moveit_sim) by extension 'colcon_pkg'
[0.181s] Level 1:colcon.colcon_core.package_identification:_identify(src/urcell_moveit_sim) by extensions ['colcon_meta']
[0.181s] Level 1:colcon.colcon_core.package_identification:_identify(src/urcell_moveit_sim) by extension 'colcon_meta'
[0.181s] Level 1:colcon.colcon_core.package_identification:_identify(src/urcell_moveit_sim) by extensions ['ros']
[0.181s] Level 1:colcon.colcon_core.package_identification:_identify(src/urcell_moveit_sim) by extension 'ros'
[0.181s] DEBUG:colcon.colcon_core.package_identification:Package 'src/urcell_moveit_sim' with type 'ros.ament_cmake' and name 'urcell_moveit_sim'
[0.181s] Level 1:colcon.colcon_core.package_identification:_identify(src/urcell_sim) by extensions ['ignore', 'ignore_ament_install']
[0.181s] Level 1:colcon.colcon_core.package_identification:_identify(src/urcell_sim) by extension 'ignore'
[0.181s] Level 1:colcon.colcon_core.package_identification:_identify(src/urcell_sim) by extension 'ignore_ament_install'
[0.182s] Level 1:colcon.colcon_core.package_identification:_identify(src/urcell_sim) by extensions ['colcon_pkg']
[0.182s] Level 1:colcon.colcon_core.package_identification:_identify(src/urcell_sim) by extension 'colcon_pkg'
[0.182s] Level 1:colcon.colcon_core.package_identification:_identify(src/urcell_sim) by extensions ['colcon_meta']
[0.182s] Level 1:colcon.colcon_core.package_identification:_identify(src/urcell_sim) by extension 'colcon_meta'
[0.182s] Level 1:colcon.colcon_core.package_identification:_identify(src/urcell_sim) by extensions ['ros']
[0.182s] Level 1:colcon.colcon_core.package_identification:_identify(src/urcell_sim) by extension 'ros'
[0.182s] DEBUG:colcon.colcon_core.package_identification:Package 'src/urcell_sim' with type 'ros.ament_cmake' and name 'urcell_sim'
[0.182s] Level 1:colcon.colcon_core.package_identification:_identify(src/yolobot_recognition) by extensions ['ignore', 'ignore_ament_install']
[0.182s] Level 1:colcon.colcon_core.package_identification:_identify(src/yolobot_recognition) by extension 'ignore'
[0.182s] Level 1:colcon.colcon_core.package_identification:_identify(src/yolobot_recognition) by extension 'ignore_ament_install'
[0.182s] Level 1:colcon.colcon_core.package_identification:_identify(src/yolobot_recognition) by extensions ['colcon_pkg']
[0.182s] Level 1:colcon.colcon_core.package_identification:_identify(src/yolobot_recognition) by extension 'colcon_pkg'
[0.182s] Level 1:colcon.colcon_core.package_identification:_identify(src/yolobot_recognition) by extensions ['colcon_meta']
[0.182s] Level 1:colcon.colcon_core.package_identification:_identify(src/yolobot_recognition) by extension 'colcon_meta'
[0.182s] Level 1:colcon.colcon_core.package_identification:_identify(src/yolobot_recognition) by extensions ['ros']
[0.182s] Level 1:colcon.colcon_core.package_identification:_identify(src/yolobot_recognition) by extension 'ros'
[0.183s] DEBUG:colcon.colcon_core.package_identification:Package 'src/yolobot_recognition' with type 'ros.ament_cmake' and name 'yolobot_recognition'
[0.183s] Level 1:colcon.colcon_core.package_identification:_identify(src/yolov8_msgs) by extensions ['ignore', 'ignore_ament_install']
[0.183s] Level 1:colcon.colcon_core.package_identification:_identify(src/yolov8_msgs) by extension 'ignore'
[0.183s] Level 1:colcon.colcon_core.package_identification:_identify(src/yolov8_msgs) by extension 'ignore_ament_install'
[0.183s] Level 1:colcon.colcon_core.package_identification:_identify(src/yolov8_msgs) by extensions ['colcon_pkg']
[0.183s] Level 1:colcon.colcon_core.package_identification:_identify(src/yolov8_msgs) by extension 'colcon_pkg'
[0.183s] Level 1:colcon.colcon_core.package_identification:_identify(src/yolov8_msgs) by extensions ['colcon_meta']
[0.183s] Level 1:colcon.colcon_core.package_identification:_identify(src/yolov8_msgs) by extension 'colcon_meta'
[0.183s] Level 1:colcon.colcon_core.package_identification:_identify(src/yolov8_msgs) by extensions ['ros']
[0.183s] Level 1:colcon.colcon_core.package_identification:_identify(src/yolov8_msgs) by extension 'ros'
[0.183s] DEBUG:colcon.colcon_core.package_identification:Package 'src/yolov8_msgs' with type 'ros.ament_cmake' and name 'yolov8_msgs'
[0.183s] Level 1:colcon.colcon_core.package_identification:_identify(~ws) by extensions ['ignore', 'ignore_ament_install']
[0.183s] Level 1:colcon.colcon_core.package_identification:_identify(~ws) by extension 'ignore'
[0.183s] Level 1:colcon.colcon_core.package_identification:_identify(~ws) by extension 'ignore_ament_install'
[0.183s] Level 1:colcon.colcon_core.package_identification:_identify(~ws) by extensions ['colcon_pkg']
[0.183s] Level 1:colcon.colcon_core.package_identification:_identify(~ws) by extension 'colcon_pkg'
[0.183s] Level 1:colcon.colcon_core.package_identification:_identify(~ws) by extensions ['colcon_meta']
[0.183s] Level 1:colcon.colcon_core.package_identification:_identify(~ws) by extension 'colcon_meta'
[0.184s] Level 1:colcon.colcon_core.package_identification:_identify(~ws) by extensions ['ros']
[0.184s] Level 1:colcon.colcon_core.package_identification:_identify(~ws) by extension 'ros'
[0.184s] Level 1:colcon.colcon_core.package_identification:_identify(~ws) by extensions ['cmake', 'python']
[0.184s] Level 1:colcon.colcon_core.package_identification:_identify(~ws) by extension 'cmake'
[0.184s] Level 1:colcon.colcon_core.package_identification:_identify(~ws) by extension 'python'
[0.184s] Level 1:colcon.colcon_core.package_identification:_identify(~ws) by extensions ['python_setup_py']
[0.184s] Level 1:colcon.colcon_core.package_identification:_identify(~ws) by extension 'python_setup_py'
[0.184s] Level 1:colcon.colcon_core.package_identification:_identify(~ws/urcell_ws) by extensions ['ignore', 'ignore_ament_install']
[0.184s] Level 1:colcon.colcon_core.package_identification:_identify(~ws/urcell_ws) by extension 'ignore'
[0.184s] Level 1:colcon.colcon_core.package_identification:_identify(~ws/urcell_ws) by extension 'ignore_ament_install'
[0.184s] Level 1:colcon.colcon_core.package_identification:_identify(~ws/urcell_ws) by extensions ['colcon_pkg']
[0.184s] Level 1:colcon.colcon_core.package_identification:_identify(~ws/urcell_ws) by extension 'colcon_pkg'
[0.184s] Level 1:colcon.colcon_core.package_identification:_identify(~ws/urcell_ws) by extensions ['colcon_meta']
[0.184s] Level 1:colcon.colcon_core.package_identification:_identify(~ws/urcell_ws) by extension 'colcon_meta'
[0.184s] Level 1:colcon.colcon_core.package_identification:_identify(~ws/urcell_ws) by extensions ['ros']
[0.184s] Level 1:colcon.colcon_core.package_identification:_identify(~ws/urcell_ws) by extension 'ros'
[0.184s] Level 1:colcon.colcon_core.package_identification:_identify(~ws/urcell_ws) by extensions ['cmake', 'python']
[0.184s] Level 1:colcon.colcon_core.package_identification:_identify(~ws/urcell_ws) by extension 'cmake'
[0.184s] Level 1:colcon.colcon_core.package_identification:_identify(~ws/urcell_ws) by extension 'python'
[0.184s] Level 1:colcon.colcon_core.package_identification:_identify(~ws/urcell_ws) by extensions ['python_setup_py']
[0.184s] Level 1:colcon.colcon_core.package_identification:_identify(~ws/urcell_ws) by extension 'python_setup_py'
[0.184s] Level 1:colcon.colcon_core.package_identification:_identify(~ws/urcell_ws/src) by extensions ['ignore', 'ignore_ament_install']
[0.184s] Level 1:colcon.colcon_core.package_identification:_identify(~ws/urcell_ws/src) by extension 'ignore'
[0.184s] Level 1:colcon.colcon_core.package_identification:_identify(~ws/urcell_ws/src) by extension 'ignore_ament_install'
[0.184s] Level 1:colcon.colcon_core.package_identification:_identify(~ws/urcell_ws/src) by extensions ['colcon_pkg']
[0.184s] Level 1:colcon.colcon_core.package_identification:_identify(~ws/urcell_ws/src) by extension 'colcon_pkg'
[0.184s] Level 1:colcon.colcon_core.package_identification:_identify(~ws/urcell_ws/src) by extensions ['colcon_meta']
[0.184s] Level 1:colcon.colcon_core.package_identification:_identify(~ws/urcell_ws/src) by extension 'colcon_meta'
[0.184s] Level 1:colcon.colcon_core.package_identification:_identify(~ws/urcell_ws/src) by extensions ['ros']
[0.184s] Level 1:colcon.colcon_core.package_identification:_identify(~ws/urcell_ws/src) by extension 'ros'
[0.184s] Level 1:colcon.colcon_core.package_identification:_identify(~ws/urcell_ws/src) by extensions ['cmake', 'python']
[0.184s] Level 1:colcon.colcon_core.package_identification:_identify(~ws/urcell_ws/src) by extension 'cmake'
[0.184s] Level 1:colcon.colcon_core.package_identification:_identify(~ws/urcell_ws/src) by extension 'python'
[0.184s] Level 1:colcon.colcon_core.package_identification:_identify(~ws/urcell_ws/src) by extensions ['python_setup_py']
[0.184s] Level 1:colcon.colcon_core.package_identification:_identify(~ws/urcell_ws/src) by extension 'python_setup_py'
[0.184s] Level 1:colcon.colcon_core.package_identification:_identify(~ws/urcell_ws/src/yolobot_recognition) by extensions ['ignore', 'ignore_ament_install']
[0.184s] Level 1:colcon.colcon_core.package_identification:_identify(~ws/urcell_ws/src/yolobot_recognition) by extension 'ignore'
[0.184s] Level 1:colcon.colcon_core.package_identification:_identify(~ws/urcell_ws/src/yolobot_recognition) by extension 'ignore_ament_install'
[0.185s] Level 1:colcon.colcon_core.package_identification:_identify(~ws/urcell_ws/src/yolobot_recognition) by extensions ['colcon_pkg']
[0.185s] Level 1:colcon.colcon_core.package_identification:_identify(~ws/urcell_ws/src/yolobot_recognition) by extension 'colcon_pkg'
[0.185s] Level 1:colcon.colcon_core.package_identification:_identify(~ws/urcell_ws/src/yolobot_recognition) by extensions ['colcon_meta']
[0.185s] Level 1:colcon.colcon_core.package_identification:_identify(~ws/urcell_ws/src/yolobot_recognition) by extension 'colcon_meta'
[0.185s] Level 1:colcon.colcon_core.package_identification:_identify(~ws/urcell_ws/src/yolobot_recognition) by extensions ['ros']
[0.185s] Level 1:colcon.colcon_core.package_identification:_identify(~ws/urcell_ws/src/yolobot_recognition) by extension 'ros'
[0.185s] Level 1:colcon.colcon_core.package_identification:_identify(~ws/urcell_ws/src/yolobot_recognition) by extensions ['cmake', 'python']
[0.185s] Level 1:colcon.colcon_core.package_identification:_identify(~ws/urcell_ws/src/yolobot_recognition) by extension 'cmake'
[0.185s] Level 1:colcon.colcon_core.package_identification:_identify(~ws/urcell_ws/src/yolobot_recognition) by extension 'python'
[0.185s] Level 1:colcon.colcon_core.package_identification:_identify(~ws/urcell_ws/src/yolobot_recognition) by extensions ['python_setup_py']
[0.185s] Level 1:colcon.colcon_core.package_identification:_identify(~ws/urcell_ws/src/yolobot_recognition) by extension 'python_setup_py'
[0.185s] Level 1:colcon.colcon_core.package_identification:_identify(~ws/urcell_ws/src/yolobot_recognition/scripts) by extensions ['ignore', 'ignore_ament_install']
[0.185s] Level 1:colcon.colcon_core.package_identification:_identify(~ws/urcell_ws/src/yolobot_recognition/scripts) by extension 'ignore'
[0.185s] Level 1:colcon.colcon_core.package_identification:_identify(~ws/urcell_ws/src/yolobot_recognition/scripts) by extension 'ignore_ament_install'
[0.185s] Level 1:colcon.colcon_core.package_identification:_identify(~ws/urcell_ws/src/yolobot_recognition/scripts) by extensions ['colcon_pkg']
[0.185s] Level 1:colcon.colcon_core.package_identification:_identify(~ws/urcell_ws/src/yolobot_recognition/scripts) by extension 'colcon_pkg'
[0.185s] Level 1:colcon.colcon_core.package_identification:_identify(~ws/urcell_ws/src/yolobot_recognition/scripts) by extensions ['colcon_meta']
[0.185s] Level 1:colcon.colcon_core.package_identification:_identify(~ws/urcell_ws/src/yolobot_recognition/scripts) by extension 'colcon_meta'
[0.185s] Level 1:colcon.colcon_core.package_identification:_identify(~ws/urcell_ws/src/yolobot_recognition/scripts) by extensions ['ros']
[0.185s] Level 1:colcon.colcon_core.package_identification:_identify(~ws/urcell_ws/src/yolobot_recognition/scripts) by extension 'ros'
[0.185s] Level 1:colcon.colcon_core.package_identification:_identify(~ws/urcell_ws/src/yolobot_recognition/scripts) by extensions ['cmake', 'python']
[0.185s] Level 1:colcon.colcon_core.package_identification:_identify(~ws/urcell_ws/src/yolobot_recognition/scripts) by extension 'cmake'
[0.185s] Level 1:colcon.colcon_core.package_identification:_identify(~ws/urcell_ws/src/yolobot_recognition/scripts) by extension 'python'
[0.185s] Level 1:colcon.colcon_core.package_identification:_identify(~ws/urcell_ws/src/yolobot_recognition/scripts) by extensions ['python_setup_py']
[0.185s] Level 1:colcon.colcon_core.package_identification:_identify(~ws/urcell_ws/src/yolobot_recognition/scripts) by extension 'python_setup_py'
[0.185s] Level 1:colcon.colcon_core.package_discovery:discover_packages(recursive) using defaults
[0.185s] Level 1:colcon.colcon_core.package_discovery:discover_packages(ignore) discover
[0.185s] Level 1:colcon.colcon_core.package_discovery:discover_packages(ignore) using defaults
[0.185s] Level 1:colcon.colcon_core.package_discovery:discover_packages(path) discover
[0.185s] Level 1:colcon.colcon_core.package_discovery:discover_packages(path) using defaults
[0.204s] INFO:colcon.colcon_core.package_selection:Skipping not selected package 'image_saver_pkg' in 'src/image_saver_pkg'
[0.205s] INFO:colcon.colcon_core.package_selection:Skipping not selected package 'urcell_description' in 'src/urcell_description'
[0.205s] INFO:colcon.colcon_core.package_selection:Skipping not selected package 'urcell_moveit_sim' in 'src/urcell_moveit_sim'
[0.205s] INFO:colcon.colcon_core.package_selection:Skipping not selected package 'urcell_sim' in 'src/urcell_sim'
[0.205s] INFO:colcon.colcon_core.package_selection:Skipping not selected package 'yolobot_recognition' in 'src/yolobot_recognition'
[0.205s] INFO:colcon.colcon_core.package_selection:Skipping not selected package 'urcell_moveit_config' in 'src/urcell_moveit_config'
[0.205s] Level 1:colcon.colcon_core.package_discovery:discover_packages(prefix_path) check parameters
[0.205s] Level 1:colcon.colcon_core.package_discovery:discover_packages(prefix_path) discover
[0.205s] WARNING:colcon.colcon_ros.prefix_path.ament:The path '/home/user/ws/urcell_ws/install/yolov8_msgs' in the environment variable AMENT_PREFIX_PATH doesn't exist
[0.205s] WARNING:colcon.colcon_ros.prefix_path.ament:The path '/home/user/ws/urcell_ws/install/urcell_moveit_sim' in the environment variable AMENT_PREFIX_PATH doesn't exist
[0.205s] WARNING:colcon.colcon_ros.prefix_path.ament:The path '/home/user/ws/urcell_ws/install/urcell_moveit_config' in the environment variable AMENT_PREFIX_PATH doesn't exist
[0.206s] WARNING:colcon.colcon_ros.prefix_path.ament:The path '/home/user/ws/urcell_ws/install/moveit_visual_tools' in the environment variable AMENT_PREFIX_PATH doesn't exist
[0.206s] WARNING:colcon.colcon_ros.prefix_path.catkin:The path '/home/user/ws/urcell_ws/install/yolov8_msgs' in the environment variable CMAKE_PREFIX_PATH doesn't exist
[0.206s] WARNING:colcon.colcon_ros.prefix_path.catkin:The path '/home/user/ws/urcell_ws/install/urcell_moveit_sim' in the environment variable CMAKE_PREFIX_PATH doesn't exist
[0.206s] WARNING:colcon.colcon_ros.prefix_path.catkin:The path '/home/user/ws/urcell_ws/install/urcell_moveit_config' in the environment variable CMAKE_PREFIX_PATH doesn't exist
[0.206s] WARNING:colcon.colcon_ros.prefix_path.catkin:The path '/home/user/ws/urcell_ws/install/moveit_visual_tools' in the environment variable CMAKE_PREFIX_PATH doesn't exist
[0.206s] DEBUG:colcon.colcon_installed_package_information.package_discovery:Found 3 installed packages in /home/user/ws/urcell_ws/install
[0.207s] DEBUG:colcon.colcon_installed_package_information.package_discovery:Found 387 installed packages in /opt/ros/humble
[0.208s] Level 1:colcon.colcon_core.package_discovery:discover_packages(prefix_path) using defaults
[0.237s] Level 5:colcon.colcon_core.verb:set package 'yolov8_msgs' build argument 'cmake_args' from command line to 'None'
[0.237s] Level 5:colcon.colcon_core.verb:set package 'yolov8_msgs' build argument 'cmake_target' from command line to 'None'
[0.237s] Level 5:colcon.colcon_core.verb:set package 'yolov8_msgs' build argument 'cmake_target_skip_unavailable' from command line to 'False'
[0.237s] Level 5:colcon.colcon_core.verb:set package 'yolov8_msgs' build argument 'cmake_clean_cache' from command line to 'True'
[0.237s] Level 5:colcon.colcon_core.verb:set package 'yolov8_msgs' build argument 'cmake_clean_first' from command line to 'False'
[0.237s] Level 5:colcon.colcon_core.verb:set package 'yolov8_msgs' build argument 'cmake_force_configure' from command line to 'False'
[0.237s] Level 5:colcon.colcon_core.verb:set package 'yolov8_msgs' build argument 'ament_cmake_args' from command line to 'None'
[0.237s] Level 5:colcon.colcon_core.verb:set package 'yolov8_msgs' build argument 'catkin_cmake_args' from command line to 'None'
[0.237s] Level 5:colcon.colcon_core.verb:set package 'yolov8_msgs' build argument 'catkin_skip_building_tests' from command line to 'False'
[0.237s] DEBUG:colcon.colcon_core.verb:Building package 'yolov8_msgs' with the following arguments: {'ament_cmake_args': None, 'build_base': '/home/user/ws/urcell_ws/build/yolov8_msgs', 'catkin_cmake_args': None, 'catkin_skip_building_tests': False, 'cmake_args': None, 'cmake_clean_cache': True, 'cmake_clean_first': False, 'cmake_force_configure': False, 'cmake_target': None, 'cmake_target_skip_unavailable': False, 'install_base': '/home/user/ws/urcell_ws/install/yolov8_msgs', 'merge_install': False, 'path': '/home/user/ws/urcell_ws/src/yolov8_msgs', 'symlink_install': False, 'test_result_base': None}
[0.237s] INFO:colcon.colcon_core.executor:Executing jobs using 'parallel' executor
[0.238s] DEBUG:colcon.colcon_parallel_executor.executor.parallel:run_until_complete
[0.238s] INFO:colcon.colcon_ros.task.ament_cmake.build:Building ROS package in '/home/user/ws/urcell_ws/src/yolov8_msgs' with build type 'ament_cmake'
[0.238s] INFO:colcon.colcon_cmake.task.cmake.build:Building CMake package in '/home/user/ws/urcell_ws/src/yolov8_msgs'
[0.239s] INFO:colcon.colcon_core.plugin_system:Skipping extension 'colcon_core.shell.bat': Not used on non-Windows systems
[0.239s] INFO:colcon.colcon_core.shell:Skip shell extension 'powershell' for command environment: Not usable outside of PowerShell
[0.239s] DEBUG:colcon.colcon_core.shell:Skip shell extension 'dsv' for command environment
[0.244s] DEBUG:colcon.colcon_core.event_handler.log_command:Invoking command in '/home/user/ws/urcell_ws/build/yolov8_msgs': CMAKE_PREFIX_PATH=${CMAKE_PREFIX_PATH}:/home/user/ws/urcell_ws/install/image_saver_pkg:/opt/ros/humble /usr/bin/cmake /home/user/ws/urcell_ws/src/yolov8_msgs -DCMAKE_INSTALL_PREFIX=/home/user/ws/urcell_ws/install/yolov8_msgs
[1.500s] DEBUG:colcon.colcon_core.event_handler.log_command:Invoked command in '/home/user/ws/urcell_ws/build/yolov8_msgs' returned '0': CMAKE_PREFIX_PATH=${CMAKE_PREFIX_PATH}:/home/user/ws/urcell_ws/install/image_saver_pkg:/opt/ros/humble /usr/bin/cmake /home/user/ws/urcell_ws/src/yolov8_msgs -DCMAKE_INSTALL_PREFIX=/home/user/ws/urcell_ws/install/yolov8_msgs
[1.501s] DEBUG:colcon.colcon_core.event_handler.log_command:Invoking command in '/home/user/ws/urcell_ws/build/yolov8_msgs': CMAKE_PREFIX_PATH=${CMAKE_PREFIX_PATH}:/home/user/ws/urcell_ws/install/image_saver_pkg:/opt/ros/humble /usr/bin/cmake --build /home/user/ws/urcell_ws/build/yolov8_msgs -- -j8 -l8
[1.731s] DEBUG:colcon.colcon_core.event_handler.log_command:Invoked command in '/home/user/ws/urcell_ws/build/yolov8_msgs' returned '0': CMAKE_PREFIX_PATH=${CMAKE_PREFIX_PATH}:/home/user/ws/urcell_ws/install/image_saver_pkg:/opt/ros/humble /usr/bin/cmake --build /home/user/ws/urcell_ws/build/yolov8_msgs -- -j8 -l8
[1.800s] DEBUG:colcon.colcon_core.event_handler.log_command:Invoking command in '/home/user/ws/urcell_ws/build/yolov8_msgs': CMAKE_PREFIX_PATH=${CMAKE_PREFIX_PATH}:/home/user/ws/urcell_ws/install/image_saver_pkg:/opt/ros/humble /usr/bin/cmake --install /home/user/ws/urcell_ws/build/yolov8_msgs
[1.844s] Level 1:colcon.colcon_core.environment:create_environment_scripts_only(yolov8_msgs)
[1.844s] DEBUG:colcon.colcon_core.event_handler.log_command:Invoked command in '/home/user/ws/urcell_ws/build/yolov8_msgs' returned '0': CMAKE_PREFIX_PATH=${CMAKE_PREFIX_PATH}:/home/user/ws/urcell_ws/install/image_saver_pkg:/opt/ros/humble /usr/bin/cmake --install /home/user/ws/urcell_ws/build/yolov8_msgs
[1.845s] Level 1:colcon.colcon_core.environment:checking '/home/user/ws/urcell_ws/install/yolov8_msgs' for CMake module files
[1.846s] Level 1:colcon.colcon_core.environment:checking '/home/user/ws/urcell_ws/install/yolov8_msgs' for CMake config files
[1.846s] Level 1:colcon.colcon_core.shell:create_environment_hook('yolov8_msgs', 'cmake_prefix_path')
[1.846s] INFO:colcon.colcon_core.shell:Creating environment hook '/home/user/ws/urcell_ws/install/yolov8_msgs/share/yolov8_msgs/hook/cmake_prefix_path.ps1'
[1.847s] INFO:colcon.colcon_core.shell:Creating environment descriptor '/home/user/ws/urcell_ws/install/yolov8_msgs/share/yolov8_msgs/hook/cmake_prefix_path.dsv'
[1.847s] INFO:colcon.colcon_core.shell:Creating environment hook '/home/user/ws/urcell_ws/install/yolov8_msgs/share/yolov8_msgs/hook/cmake_prefix_path.sh'
[1.847s] Level 1:colcon.colcon_core.environment:checking '/home/user/ws/urcell_ws/install/yolov8_msgs/lib'
[1.847s] Level 1:colcon.colcon_core.shell:create_environment_hook('yolov8_msgs', 'ld_library_path_lib')
[1.848s] INFO:colcon.colcon_core.shell:Creating environment hook '/home/user/ws/urcell_ws/install/yolov8_msgs/share/yolov8_msgs/hook/ld_library_path_lib.ps1'
[1.848s] INFO:colcon.colcon_core.shell:Creating environment descriptor '/home/user/ws/urcell_ws/install/yolov8_msgs/share/yolov8_msgs/hook/ld_library_path_lib.dsv'
[1.848s] INFO:colcon.colcon_core.shell:Creating environment hook '/home/user/ws/urcell_ws/install/yolov8_msgs/share/yolov8_msgs/hook/ld_library_path_lib.sh'
[1.848s] Level 1:colcon.colcon_core.environment:checking '/home/user/ws/urcell_ws/install/yolov8_msgs/bin'
[1.848s] Level 1:colcon.colcon_core.environment:checking '/home/user/ws/urcell_ws/install/yolov8_msgs/lib/pkgconfig/yolov8_msgs.pc'
[1.848s] Level 1:colcon.colcon_core.environment:checking '/home/user/ws/urcell_ws/install/yolov8_msgs/lib/python3.10/site-packages'
[1.848s] Level 1:colcon.colcon_core.environment:checking '/home/user/ws/urcell_ws/install/yolov8_msgs/bin'
[1.849s] INFO:colcon.colcon_core.shell:Creating package script '/home/user/ws/urcell_ws/install/yolov8_msgs/share/yolov8_msgs/package.ps1'
[1.849s] INFO:colcon.colcon_core.shell:Creating package descriptor '/home/user/ws/urcell_ws/install/yolov8_msgs/share/yolov8_msgs/package.dsv'
[1.849s] INFO:colcon.colcon_core.shell:Creating package script '/home/user/ws/urcell_ws/install/yolov8_msgs/share/yolov8_msgs/package.sh'
[1.850s] INFO:colcon.colcon_core.shell:Creating package script '/home/user/ws/urcell_ws/install/yolov8_msgs/share/yolov8_msgs/package.bash'
[1.850s] INFO:colcon.colcon_core.shell:Creating package script '/home/user/ws/urcell_ws/install/yolov8_msgs/share/yolov8_msgs/package.zsh'
[1.851s] Level 1:colcon.colcon_core.environment:create_file_with_runtime_dependencies(/home/user/ws/urcell_ws/install/yolov8_msgs/share/colcon-core/packages/yolov8_msgs)
[1.913s] Level 1:colcon.colcon_core.environment:create_environment_scripts_only(yolov8_msgs)
[1.913s] Level 1:colcon.colcon_core.environment:checking '/home/user/ws/urcell_ws/install/yolov8_msgs' for CMake module files
[1.914s] Level 1:colcon.colcon_core.environment:checking '/home/user/ws/urcell_ws/install/yolov8_msgs' for CMake config files
[1.914s] Level 1:colcon.colcon_core.shell:create_environment_hook('yolov8_msgs', 'cmake_prefix_path')
[1.914s] INFO:colcon.colcon_core.shell:Creating environment hook '/home/user/ws/urcell_ws/install/yolov8_msgs/share/yolov8_msgs/hook/cmake_prefix_path.ps1'
[1.914s] INFO:colcon.colcon_core.shell:Creating environment descriptor '/home/user/ws/urcell_ws/install/yolov8_msgs/share/yolov8_msgs/hook/cmake_prefix_path.dsv'
[1.915s] INFO:colcon.colcon_core.shell:Creating environment hook '/home/user/ws/urcell_ws/install/yolov8_msgs/share/yolov8_msgs/hook/cmake_prefix_path.sh'
[1.915s] Level 1:colcon.colcon_core.environment:checking '/home/user/ws/urcell_ws/install/yolov8_msgs/lib'
[1.915s] Level 1:colcon.colcon_core.shell:create_environment_hook('yolov8_msgs', 'ld_library_path_lib')
[1.915s] INFO:colcon.colcon_core.shell:Creating environment hook '/home/user/ws/urcell_ws/install/yolov8_msgs/share/yolov8_msgs/hook/ld_library_path_lib.ps1'
[1.915s] INFO:colcon.colcon_core.shell:Creating environment descriptor '/home/user/ws/urcell_ws/install/yolov8_msgs/share/yolov8_msgs/hook/ld_library_path_lib.dsv'
[1.916s] INFO:colcon.colcon_core.shell:Creating environment hook '/home/user/ws/urcell_ws/install/yolov8_msgs/share/yolov8_msgs/hook/ld_library_path_lib.sh'
[1.916s] Level 1:colcon.colcon_core.environment:checking '/home/user/ws/urcell_ws/install/yolov8_msgs/bin'
[1.916s] Level 1:colcon.colcon_core.environment:checking '/home/user/ws/urcell_ws/install/yolov8_msgs/lib/pkgconfig/yolov8_msgs.pc'
[1.916s] Level 1:colcon.colcon_core.environment:checking '/home/user/ws/urcell_ws/install/yolov8_msgs/lib/python3.10/site-packages'
[1.916s] Level 1:colcon.colcon_core.environment:checking '/home/user/ws/urcell_ws/install/yolov8_msgs/bin'
[1.917s] INFO:colcon.colcon_core.shell:Creating package script '/home/user/ws/urcell_ws/install/yolov8_msgs/share/yolov8_msgs/package.ps1'
[1.917s] INFO:colcon.colcon_core.shell:Creating package descriptor '/home/user/ws/urcell_ws/install/yolov8_msgs/share/yolov8_msgs/package.dsv'
[1.917s] INFO:colcon.colcon_core.shell:Creating package script '/home/user/ws/urcell_ws/install/yolov8_msgs/share/yolov8_msgs/package.sh'
[1.918s] INFO:colcon.colcon_core.shell:Creating package script '/home/user/ws/urcell_ws/install/yolov8_msgs/share/yolov8_msgs/package.bash'
[1.918s] INFO:colcon.colcon_core.shell:Creating package script '/home/user/ws/urcell_ws/install/yolov8_msgs/share/yolov8_msgs/package.zsh'
[1.919s] Level 1:colcon.colcon_core.environment:create_file_with_runtime_dependencies(/home/user/ws/urcell_ws/install/yolov8_msgs/share/colcon-core/packages/yolov8_msgs)
[1.919s] DEBUG:colcon.colcon_parallel_executor.executor.parallel:closing loop
[1.919s] DEBUG:colcon.colcon_parallel_executor.executor.parallel:loop closed
[1.919s] DEBUG:colcon.colcon_parallel_executor.executor.parallel:run_until_complete finished with '0'
[1.919s] DEBUG:colcon.colcon_core.event_reactor:joining thread
[1.924s] INFO:colcon.colcon_core.plugin_system:Skipping extension 'colcon_notification.desktop_notification.terminal_notifier': Not used on non-Darwin systems
[1.924s] INFO:colcon.colcon_core.plugin_system:Skipping extension 'colcon_notification.desktop_notification.win32': Not used on non-Windows systems
[1.924s] INFO:colcon.colcon_notification.desktop_notification:Sending desktop notification using 'notify2'
[1.934s] DEBUG:colcon.colcon_core.event_reactor:joined thread
[1.934s] INFO:colcon.colcon_core.shell:Creating prefix script '/home/user/ws/urcell_ws/install/local_setup.ps1'
[1.935s] INFO:colcon.colcon_core.shell:Creating prefix util module '/home/user/ws/urcell_ws/install/_local_setup_util_ps1.py'
[1.936s] INFO:colcon.colcon_core.shell:Creating prefix chain script '/home/user/ws/urcell_ws/install/setup.ps1'
[1.937s] INFO:colcon.colcon_core.shell:Creating prefix script '/home/user/ws/urcell_ws/install/local_setup.sh'
[1.937s] INFO:colcon.colcon_core.shell:Creating prefix util module '/home/user/ws/urcell_ws/install/_local_setup_util_sh.py'
[1.937s] INFO:colcon.colcon_core.shell:Creating prefix chain script '/home/user/ws/urcell_ws/install/setup.sh'
[1.938s] INFO:colcon.colcon_core.shell:Creating prefix script '/home/user/ws/urcell_ws/install/local_setup.bash'
[1.938s] INFO:colcon.colcon_core.shell:Creating prefix chain script '/home/user/ws/urcell_ws/install/setup.bash'
[1.939s] INFO:colcon.colcon_core.shell:Creating prefix script '/home/user/ws/urcell_ws/install/local_setup.zsh'
[1.940s] INFO:colcon.colcon_core.shell:Creating prefix chain script '/home/user/ws/urcell_ws/install/setup.zsh'
