[0.034s] Invoking command in '/home/user/ws/urcell_ws/build/urcell_moveit_config': CMAKE_PREFIX_PATH=/home/user/ws/urcell_ws/install/urcell_description:/home/user/ws/urcell_ws/install/opencv_services:/home/user/ws/urcell_ws/install/yolov8_msgs:/home/user/ws/urcell_ws/install/yolobot_recognition:/home/user/ws/urcell_ws/install/urcell_sim:/home/user/ws/urcell_ws/install/urcell_moveit_sim:/home/user/ws/urcell_ws/install/urcell_moveit_config:/home/user/ws/urcell_ws/install/image_saver_pkg:/opt/ros/humble /usr/bin/cmake --build /home/user/ws/urcell_ws/build/urcell_moveit_config -- -j8 -l8
[0.089s] Invoked command in '/home/user/ws/urcell_ws/build/urcell_moveit_config' returned '0': CMAKE_PREFIX_PATH=/home/user/ws/urcell_ws/install/urcell_description:/home/user/ws/urcell_ws/install/opencv_services:/home/user/ws/urcell_ws/install/yolov8_msgs:/home/user/ws/urcell_ws/install/yolobot_recognition:/home/user/ws/urcell_ws/install/urcell_sim:/home/user/ws/urcell_ws/install/urcell_moveit_sim:/home/user/ws/urcell_ws/install/urcell_moveit_config:/home/user/ws/urcell_ws/install/image_saver_pkg:/opt/ros/humble /usr/bin/cmake --build /home/user/ws/urcell_ws/build/urcell_moveit_config -- -j8 -l8
[0.131s] Invoking command in '/home/user/ws/urcell_ws/build/urcell_moveit_config': CMAKE_PREFIX_PATH=/home/user/ws/urcell_ws/install/urcell_description:/home/user/ws/urcell_ws/install/opencv_services:/home/user/ws/urcell_ws/install/yolov8_msgs:/home/user/ws/urcell_ws/install/yolobot_recognition:/home/user/ws/urcell_ws/install/urcell_sim:/home/user/ws/urcell_ws/install/urcell_moveit_sim:/home/user/ws/urcell_ws/install/urcell_moveit_config:/home/user/ws/urcell_ws/install/image_saver_pkg:/opt/ros/humble /usr/bin/cmake --install /home/user/ws/urcell_ws/build/urcell_moveit_config
[0.141s] -- Install configuration: ""
[0.141s] -- Up-to-date: /home/user/ws/urcell_ws/install/urcell_moveit_config/share/ament_index/resource_index/package_run_dependencies/urcell_moveit_config
[0.141s] -- Up-to-date: /home/user/ws/urcell_ws/install/urcell_moveit_config/share/ament_index/resource_index/parent_prefix_path/urcell_moveit_config
[0.141s] -- Up-to-date: /home/user/ws/urcell_ws/install/urcell_moveit_config/share/urcell_moveit_config/environment/ament_prefix_path.sh
[0.141s] -- Up-to-date: /home/user/ws/urcell_ws/install/urcell_moveit_config/share/urcell_moveit_config/environment/ament_prefix_path.dsv
[0.142s] -- Up-to-date: /home/user/ws/urcell_ws/install/urcell_moveit_config/share/urcell_moveit_config/environment/path.sh
[0.142s] -- Up-to-date: /home/user/ws/urcell_ws/install/urcell_moveit_config/share/urcell_moveit_config/environment/path.dsv
[0.142s] -- Up-to-date: /home/user/ws/urcell_ws/install/urcell_moveit_config/share/urcell_moveit_config/local_setup.bash
[0.142s] -- Up-to-date: /home/user/ws/urcell_ws/install/urcell_moveit_config/share/urcell_moveit_config/local_setup.sh
[0.142s] -- Up-to-date: /home/user/ws/urcell_ws/install/urcell_moveit_config/share/urcell_moveit_config/local_setup.zsh
[0.142s] -- Up-to-date: /home/user/ws/urcell_ws/install/urcell_moveit_config/share/urcell_moveit_config/local_setup.dsv
[0.142s] -- Installing: /home/user/ws/urcell_ws/install/urcell_moveit_config/share/urcell_moveit_config/package.dsv
[0.142s] -- Up-to-date: /home/user/ws/urcell_ws/install/urcell_moveit_config/share/ament_index/resource_index/packages/urcell_moveit_config
[0.142s] -- Up-to-date: /home/user/ws/urcell_ws/install/urcell_moveit_config/share/urcell_moveit_config/cmake/urcell_moveit_configConfig.cmake
[0.142s] -- Up-to-date: /home/user/ws/urcell_ws/install/urcell_moveit_config/share/urcell_moveit_config/cmake/urcell_moveit_configConfig-version.cmake
[0.142s] -- Up-to-date: /home/user/ws/urcell_ws/install/urcell_moveit_config/share/urcell_moveit_config/package.xml
[0.143s] -- Up-to-date: /home/user/ws/urcell_ws/install/urcell_moveit_config/share/urcell_moveit_config/launch
[0.143s] -- Up-to-date: /home/user/ws/urcell_ws/install/urcell_moveit_config/share/urcell_moveit_config/launch/warehouse_db.launch.py
[0.143s] -- Up-to-date: /home/user/ws/urcell_ws/install/urcell_moveit_config/share/urcell_moveit_config/launch/moveit_rviz.launch.py
[0.143s] -- Up-to-date: /home/user/ws/urcell_ws/install/urcell_moveit_config/share/urcell_moveit_config/launch/move_group.launch.py
[0.143s] -- Up-to-date: /home/user/ws/urcell_ws/install/urcell_moveit_config/share/urcell_moveit_config/launch/setup_assistant.launch.py
[0.143s] -- Up-to-date: /home/user/ws/urcell_ws/install/urcell_moveit_config/share/urcell_moveit_config/launch/rsp.launch.py
[0.143s] -- Up-to-date: /home/user/ws/urcell_ws/install/urcell_moveit_config/share/urcell_moveit_config/launch/static_virtual_joint_tfs.launch.py
[0.143s] -- Up-to-date: /home/user/ws/urcell_ws/install/urcell_moveit_config/share/urcell_moveit_config/launch/spawn_controllers.launch.py
[0.143s] -- Up-to-date: /home/user/ws/urcell_ws/install/urcell_moveit_config/share/urcell_moveit_config/launch/demo.launch.py
[0.143s] -- Up-to-date: /home/user/ws/urcell_ws/install/urcell_moveit_config/share/urcell_moveit_config/config
[0.143s] -- Up-to-date: /home/user/ws/urcell_ws/install/urcell_moveit_config/share/urcell_moveit_config/config/initial_positions.yaml
[0.144s] -- Up-to-date: /home/user/ws/urcell_ws/install/urcell_moveit_config/share/urcell_moveit_config/config/ros2_controllers.yaml
[0.144s] -- Up-to-date: /home/user/ws/urcell_ws/install/urcell_moveit_config/share/urcell_moveit_config/config/kinematics.yaml
[0.144s] -- Up-to-date: /home/user/ws/urcell_ws/install/urcell_moveit_config/share/urcell_moveit_config/config/joint_limits.yaml
[0.144s] -- Up-to-date: /home/user/ws/urcell_ws/install/urcell_moveit_config/share/urcell_moveit_config/config/model.urdf.xacro
[0.144s] -- Up-to-date: /home/user/ws/urcell_ws/install/urcell_moveit_config/share/urcell_moveit_config/config/sensors_3d.yaml
[0.144s] -- Up-to-date: /home/user/ws/urcell_ws/install/urcell_moveit_config/share/urcell_moveit_config/config/moveit_controllers.yaml
[0.145s] -- Up-to-date: /home/user/ws/urcell_ws/install/urcell_moveit_config/share/urcell_moveit_config/config/pilz_cartesian_limits.yaml
[0.145s] -- Up-to-date: /home/user/ws/urcell_ws/install/urcell_moveit_config/share/urcell_moveit_config/config/model.ros2_control.xacro
[0.147s] -- Up-to-date: /home/user/ws/urcell_ws/install/urcell_moveit_config/share/urcell_moveit_config/config/moveit.rviz
[0.147s] -- Up-to-date: /home/user/ws/urcell_ws/install/urcell_moveit_config/share/urcell_moveit_config/config/model.srdf
[0.147s] -- Up-to-date: /home/user/ws/urcell_ws/install/urcell_moveit_config/share/urcell_moveit_config/.setup_assistant
[0.147s] Invoked command in '/home/user/ws/urcell_ws/build/urcell_moveit_config' returned '0': CMAKE_PREFIX_PATH=/home/user/ws/urcell_ws/install/urcell_description:/home/user/ws/urcell_ws/install/opencv_services:/home/user/ws/urcell_ws/install/yolov8_msgs:/home/user/ws/urcell_ws/install/yolobot_recognition:/home/user/ws/urcell_ws/install/urcell_sim:/home/user/ws/urcell_ws/install/urcell_moveit_sim:/home/user/ws/urcell_ws/install/urcell_moveit_config:/home/user/ws/urcell_ws/install/image_saver_pkg:/opt/ros/humble /usr/bin/cmake --install /home/user/ws/urcell_ws/build/urcell_moveit_config
