[0.017s] Invoking command in '/home/user/ws/urcell_ws/build/opencv_services': AMENT_PREFIX_PATH=/home/user/ws/urcell_ws/install/yolov8_msgs:${AMENT_PREFIX_PATH} CMAKE_PREFIX_PATH=/home/user/ws/urcell_ws/install/yolov8_msgs:/opt/ros/humble LD_LIBRARY_PATH=/home/user/ws/urcell_ws/install/yolov8_msgs/lib:${LD_LIBRARY_PATH} PYTHONPATH=/home/user/ws/urcell_ws/install/yolov8_msgs/local/lib/python3.10/dist-packages:${PYTHONPATH} /usr/bin/cmake /home/user/ws/urcell_ws/src/opencv_services -DCMAKE_INSTALL_PREFIX=/home/user/ws/urcell_ws/install/opencv_services
[0.127s] -- The C compiler identification is GNU 11.4.0
[0.195s] -- The CXX compiler identification is GNU 11.4.0
[0.205s] -- Detecting C compiler ABI info
[0.284s] -- Detecting C compiler ABI info - done
[0.292s] -- Check for working C compiler: /usr/bin/cc - skipped
[0.292s] -- Detecting C compile features
[0.293s] -- Detecting C compile features - done
[0.298s] -- Detecting CXX compiler ABI info
[0.397s] -- Detecting CXX compiler ABI info - done
[0.408s] -- Check for working CXX compiler: /usr/bin/c++ - skipped
[0.408s] -- Detecting CXX compile features
[0.409s] -- Detecting CXX compile features - done
[0.412s] -- Found ament_cmake: 1.3.9 (/opt/ros/humble/share/ament_cmake/cmake)
[0.611s] -- Found Python3: /usr/bin/python3 (found version "3.10.12") found components: Interpreter 
[0.726s] -- Found rclcpp: 16.0.9 (/opt/ros/humble/share/rclcpp/cmake)
[0.781s] -- Found rosidl_generator_c: 3.1.5 (/opt/ros/humble/share/rosidl_generator_c/cmake)
[0.787s] -- Found rosidl_adapter: 3.1.5 (/opt/ros/humble/share/rosidl_adapter/cmake)
[0.797s] -- Found rosidl_generator_cpp: 3.1.5 (/opt/ros/humble/share/rosidl_generator_cpp/cmake)
[0.815s] -- Using all available rosidl_typesupport_c: rosidl_typesupport_fastrtps_c;rosidl_typesupport_introspection_c
[0.840s] -- Using all available rosidl_typesupport_cpp: rosidl_typesupport_fastrtps_cpp;rosidl_typesupport_introspection_cpp
[0.932s] -- Found rmw_implementation_cmake: 6.1.2 (/opt/ros/humble/share/rmw_implementation_cmake/cmake)
[0.935s] -- Found rmw_fastrtps_cpp: 6.2.6 (/opt/ros/humble/share/rmw_fastrtps_cpp/cmake)
[1.064s] -- Found OpenSSL: /usr/lib/x86_64-linux-gnu/libcrypto.so (found version "3.0.2")  
[1.098s] -- Found FastRTPS: /opt/ros/humble/include  
[1.160s] -- Using RMW implementation 'rmw_fastrtps_cpp' as default
[1.172s] -- Looking for pthread.h
[1.259s] -- Looking for pthread.h - found
[1.260s] -- Performing Test CMAKE_HAVE_LIBC_PTHREAD
[1.352s] -- Performing Test CMAKE_HAVE_LIBC_PTHREAD - Success
[1.353s] -- Found Threads: TRUE  
[1.562s] -- Found cv_bridge: 3.2.1 (/opt/ros/humble/share/cv_bridge/cmake)
[1.747s] -- Found image_transport: 3.1.9 (/opt/ros/humble/share/image_transport/cmake)
[1.808s] -- Found tf2: 0.25.7 (/opt/ros/humble/share/tf2/cmake)
[1.818s] -- Found yolov8_msgs: 0.0.0 (/home/user/ws/urcell_ws/install/yolov8_msgs/share/yolov8_msgs/cmake)
[1.948s] -- Found ament_lint_auto: 0.12.11 (/opt/ros/humble/share/ament_lint_auto/cmake)
[2.044s] -- Added test 'cppcheck' to perform static code analysis on C / C++ code
[2.044s] -- Configured cppcheck include dirs: 
[2.044s] -- Configured cppcheck exclude dirs and/or files: 
[2.045s] -- Added test 'lint_cmake' to check CMake code style
[2.046s] -- Added test 'uncrustify' to check C / C++ code style
[2.046s] -- Configured uncrustify additional arguments: 
[2.046s] -- Added test 'xmllint' to check XML markup files
[2.048s] -- Configuring done
[2.054s] -- Generating done
[2.055s] -- Build files have been written to: /home/user/ws/urcell_ws/build/opencv_services
[2.065s] Invoked command in '/home/user/ws/urcell_ws/build/opencv_services' returned '0': AMENT_PREFIX_PATH=/home/user/ws/urcell_ws/install/yolov8_msgs:${AMENT_PREFIX_PATH} CMAKE_PREFIX_PATH=/home/user/ws/urcell_ws/install/yolov8_msgs:/opt/ros/humble LD_LIBRARY_PATH=/home/user/ws/urcell_ws/install/yolov8_msgs/lib:${LD_LIBRARY_PATH} PYTHONPATH=/home/user/ws/urcell_ws/install/yolov8_msgs/local/lib/python3.10/dist-packages:${PYTHONPATH} /usr/bin/cmake /home/user/ws/urcell_ws/src/opencv_services -DCMAKE_INSTALL_PREFIX=/home/user/ws/urcell_ws/install/opencv_services
[2.068s] Invoking command in '/home/user/ws/urcell_ws/build/opencv_services': AMENT_PREFIX_PATH=/home/user/ws/urcell_ws/install/yolov8_msgs:${AMENT_PREFIX_PATH} CMAKE_PREFIX_PATH=/home/user/ws/urcell_ws/install/yolov8_msgs:/opt/ros/humble LD_LIBRARY_PATH=/home/user/ws/urcell_ws/install/yolov8_msgs/lib:${LD_LIBRARY_PATH} PYTHONPATH=/home/user/ws/urcell_ws/install/yolov8_msgs/local/lib/python3.10/dist-packages:${PYTHONPATH} /usr/bin/cmake --build /home/user/ws/urcell_ws/build/opencv_services -- -j8 -l8
[2.127s] Invoked command in '/home/user/ws/urcell_ws/build/opencv_services' returned '0': AMENT_PREFIX_PATH=/home/user/ws/urcell_ws/install/yolov8_msgs:${AMENT_PREFIX_PATH} CMAKE_PREFIX_PATH=/home/user/ws/urcell_ws/install/yolov8_msgs:/opt/ros/humble LD_LIBRARY_PATH=/home/user/ws/urcell_ws/install/yolov8_msgs/lib:${LD_LIBRARY_PATH} PYTHONPATH=/home/user/ws/urcell_ws/install/yolov8_msgs/local/lib/python3.10/dist-packages:${PYTHONPATH} /usr/bin/cmake --build /home/user/ws/urcell_ws/build/opencv_services -- -j8 -l8
[2.169s] Invoking command in '/home/user/ws/urcell_ws/build/opencv_services': AMENT_PREFIX_PATH=/home/user/ws/urcell_ws/install/yolov8_msgs:${AMENT_PREFIX_PATH} CMAKE_PREFIX_PATH=/home/user/ws/urcell_ws/install/yolov8_msgs:/opt/ros/humble LD_LIBRARY_PATH=/home/user/ws/urcell_ws/install/yolov8_msgs/lib:${LD_LIBRARY_PATH} PYTHONPATH=/home/user/ws/urcell_ws/install/yolov8_msgs/local/lib/python3.10/dist-packages:${PYTHONPATH} /usr/bin/cmake --install /home/user/ws/urcell_ws/build/opencv_services
[2.177s] -- Install configuration: ""
[2.177s] -- Installing: /home/user/ws/urcell_ws/install/opencv_services/share/ament_index/resource_index/package_run_dependencies/opencv_services
[2.178s] -- Installing: /home/user/ws/urcell_ws/install/opencv_services/share/ament_index/resource_index/parent_prefix_path/opencv_services
[2.178s] -- Installing: /home/user/ws/urcell_ws/install/opencv_services/share/opencv_services/environment/ament_prefix_path.sh
[2.178s] -- Installing: /home/user/ws/urcell_ws/install/opencv_services/share/opencv_services/environment/ament_prefix_path.dsv
[2.179s] -- Installing: /home/user/ws/urcell_ws/install/opencv_services/share/opencv_services/environment/path.sh
[2.179s] -- Installing: /home/user/ws/urcell_ws/install/opencv_services/share/opencv_services/environment/path.dsv
[2.179s] -- Installing: /home/user/ws/urcell_ws/install/opencv_services/share/opencv_services/local_setup.bash
[2.179s] -- Installing: /home/user/ws/urcell_ws/install/opencv_services/share/opencv_services/local_setup.sh
[2.179s] -- Installing: /home/user/ws/urcell_ws/install/opencv_services/share/opencv_services/local_setup.zsh
[2.179s] -- Installing: /home/user/ws/urcell_ws/install/opencv_services/share/opencv_services/local_setup.dsv
[2.179s] -- Installing: /home/user/ws/urcell_ws/install/opencv_services/share/opencv_services/package.dsv
[2.179s] -- Installing: /home/user/ws/urcell_ws/install/opencv_services/share/ament_index/resource_index/packages/opencv_services
[2.180s] -- Installing: /home/user/ws/urcell_ws/install/opencv_services/share/opencv_services/cmake/opencv_servicesConfig.cmake
[2.180s] -- Installing: /home/user/ws/urcell_ws/install/opencv_services/share/opencv_services/cmake/opencv_servicesConfig-version.cmake
[2.180s] -- Installing: /home/user/ws/urcell_ws/install/opencv_services/share/opencv_services/package.xml
[2.182s] Invoked command in '/home/user/ws/urcell_ws/build/opencv_services' returned '0': AMENT_PREFIX_PATH=/home/user/ws/urcell_ws/install/yolov8_msgs:${AMENT_PREFIX_PATH} CMAKE_PREFIX_PATH=/home/user/ws/urcell_ws/install/yolov8_msgs:/opt/ros/humble LD_LIBRARY_PATH=/home/user/ws/urcell_ws/install/yolov8_msgs/lib:${LD_LIBRARY_PATH} PYTHONPATH=/home/user/ws/urcell_ws/install/yolov8_msgs/local/lib/python3.10/dist-packages:${PYTHONPATH} /usr/bin/cmake --install /home/user/ws/urcell_ws/build/opencv_services
