[0.007s] Invoking command in '/home/user/ws/urcell_ws/build/yolobot_recognition': CMAKE_PREFIX_PATH=${CMAKE_PREFIX_PATH}:/home/user/ws/urcell_ws/install/image_saver_pkg:/opt/ros/humble /usr/bin/cmake /home/user/ws/urcell_ws/src/yolobot_recognition -DCMAKE_INSTALL_PREFIX=/home/user/ws/urcell_ws/install/yolobot_recognition
[0.043s] -- The C compiler identification is GNU 11.4.0
[0.085s] -- The CXX compiler identification is GNU 11.4.0
[0.090s] -- Detecting C compiler ABI info
[0.138s] -- Detecting C compiler ABI info - done
[0.142s] -- Check for working C compiler: /usr/bin/cc - skipped
[0.143s] -- Detecting C compile features
[0.143s] -- Detecting C compile features - done
[0.145s] -- Detecting CXX compiler ABI info
[0.203s] -- Detecting CXX compiler ABI info - done
[0.208s] -- Check for working CXX compiler: /usr/bin/c++ - skipped
[0.208s] -- Detecting CXX compile features
[0.208s] -- Detecting CXX compile features - done
[0.210s] -- Found ament_cmake: 1.3.9 (/opt/ros/humble/share/ament_cmake/cmake)
[0.313s] -- Found Python3: /usr/bin/python3 (found version "3.10.12") found components: Interpreter 
[0.376s] -- Configuring incomplete, errors occurred!
[0.376s] See also "/home/user/ws/urcell_ws/build/yolobot_recognition/CMakeFiles/CMakeOutput.log".
[0.376s] [31mCMake Error at CMakeLists.txt:20 (find_package):
[0.376s]   By not providing "Findyolov8_msgs.cmake" in CMAKE_MODULE_PATH this project
[0.376s]   has asked CMake to find a package configuration file provided by
[0.376s]   "yolov8_msgs", but CMake did not find one.
[0.376s] 
[0.377s]   Could not find a package configuration file provided by "yolov8_msgs" with
[0.377s]   any of the following names:
[0.377s] 
[0.377s]     yolov8_msgsConfig.cmake
[0.377s]     yolov8_msgs-config.cmake
[0.377s] 
[0.377s]   Add the installation prefix of "yolov8_msgs" to CMAKE_PREFIX_PATH or set
[0.377s]   "yolov8_msgs_DIR" to a directory containing one of the above files.  If
[0.377s]   "yolov8_msgs" provides a separate development package or SDK, be sure it
[0.377s]   has been installed.
[0.377s] 
[0.377s] [0m
[0.379s] Invoked command in '/home/user/ws/urcell_ws/build/yolobot_recognition' returned '1': CMAKE_PREFIX_PATH=${CMAKE_PREFIX_PATH}:/home/user/ws/urcell_ws/install/image_saver_pkg:/opt/ros/humble /usr/bin/cmake /home/user/ws/urcell_ws/src/yolobot_recognition -DCMAKE_INSTALL_PREFIX=/home/user/ws/urcell_ws/install/yolobot_recognition
