[0.181s] Invoking command in '/home/user/ws/urcell_ws/build/yolov8_msgs': CMAKE_PREFIX_PATH=${CMAKE_PREFIX_PATH}:/home/user/ws/urcell_ws/install/image_saver_pkg:/opt/ros/humble /usr/bin/cmake --build /home/user/ws/urcell_ws/build/yolov8_msgs -- -j8 -l8
[0.211s] [  2%] [34m[1mGenerating C code for ROS interfaces[0m
[0.222s] [  4%] [34m[1mGenerating C++ code for ROS interfaces[0m
[0.230s] [  4%] Built target ament_cmake_python_copy_yolov8_msgs
[0.459s] running egg_info
[0.460s] creating yolov8_msgs.egg-info
[0.460s] writing yolov8_msgs.egg-info/PKG-INFO
[0.461s] writing dependency_links to yolov8_msgs.egg-info/dependency_links.txt
[0.461s] writing top-level names to yolov8_msgs.egg-info/top_level.txt
[0.462s] writing manifest file 'yolov8_msgs.egg-info/SOURCES.txt'
[0.464s] reading manifest file 'yolov8_msgs.egg-info/SOURCES.txt'
[0.465s] writing manifest file 'yolov8_msgs.egg-info/SOURCES.txt'
[0.493s] [  4%] Built target ament_cmake_python_build_yolov8_msgs_egg
[0.647s] [  4%] Built target yolov8_msgs__cpp
[0.660s] [  8%] [34m[1mGenerating C++ type support dispatch for ROS interfaces[0m
[0.660s] [  8%] [34m[1mGenerating C++ type support for eProsima Fast-RTPS[0m
[0.662s] [ 10%] [34m[1mGenerating C++ introspection for ROS interfaces[0m
[0.679s] [ 14%] [32mBuilding C object CMakeFiles/yolov8_msgs__rosidl_generator_c.dir/rosidl_generator_c/yolov8_msgs/msg/detail/yolov8_inference__functions.c.o[0m
[0.679s] [ 14%] [32mBuilding C object CMakeFiles/yolov8_msgs__rosidl_generator_c.dir/rosidl_generator_c/yolov8_msgs/msg/detail/inference_result__functions.c.o[0m
[0.679s] [ 17%] [32mBuilding C object CMakeFiles/yolov8_msgs__rosidl_generator_c.dir/rosidl_generator_c/yolov8_msgs/srv/detail/yolo_inference__functions.c.o[0m
[0.743s] [ 19%] [32m[1mLinking C shared library libyolov8_msgs__rosidl_generator_c.so[0m
[0.774s] [ 19%] Built target yolov8_msgs__rosidl_generator_c
[0.784s] [ 21%] [34m[1mGenerating C type support for eProsima Fast-RTPS[0m
[0.785s] [ 23%] [34m[1mGenerating C type support dispatch for ROS interfaces[0m
[0.786s] [ 25%] [34m[1mGenerating C introspection for ROS interfaces[0m
[0.967s] [ 29%] [32mBuilding CXX object CMakeFiles/yolov8_msgs__rosidl_typesupport_cpp.dir/rosidl_typesupport_cpp/yolov8_msgs/msg/inference_result__type_support.cpp.o[0m
[0.967s] [ 29%] [32mBuilding CXX object CMakeFiles/yolov8_msgs__rosidl_typesupport_cpp.dir/rosidl_typesupport_cpp/yolov8_msgs/msg/yolov8_inference__type_support.cpp.o[0m
[0.975s] [ 31%] [32mBuilding CXX object CMakeFiles/yolov8_msgs__rosidl_typesupport_cpp.dir/rosidl_typesupport_cpp/yolov8_msgs/srv/yolo_inference__type_support.cpp.o[0m
[1.093s] [ 34%] [32mBuilding CXX object CMakeFiles/yolov8_msgs__rosidl_typesupport_fastrtps_cpp.dir/rosidl_typesupport_fastrtps_cpp/yolov8_msgs/msg/detail/dds_fastrtps/inference_result__type_support.cpp.o[0m
[1.104s] [ 36%] [32mBuilding CXX object CMakeFiles/yolov8_msgs__rosidl_typesupport_c.dir/rosidl_typesupport_c/yolov8_msgs/msg/inference_result__type_support.cpp.o[0m
[1.112s] [ 38%] [32mBuilding CXX object CMakeFiles/yolov8_msgs__rosidl_typesupport_introspection_cpp.dir/rosidl_typesupport_introspection_cpp/yolov8_msgs/msg/detail/inference_result__type_support.cpp.o[0m
[1.137s] [ 40%] [32mBuilding CXX object CMakeFiles/yolov8_msgs__rosidl_typesupport_c.dir/rosidl_typesupport_c/yolov8_msgs/msg/yolov8_inference__type_support.cpp.o[0m
[1.175s] [ 42%] [32mBuilding CXX object CMakeFiles/yolov8_msgs__rosidl_typesupport_c.dir/rosidl_typesupport_c/yolov8_msgs/srv/yolo_inference__type_support.cpp.o[0m
[1.209s] [ 44%] [32m[1mLinking CXX shared library libyolov8_msgs__rosidl_typesupport_c.so[0m
[1.248s] [ 46%] [32mBuilding C object CMakeFiles/yolov8_msgs__rosidl_typesupport_introspection_c.dir/rosidl_typesupport_introspection_c/yolov8_msgs/msg/detail/inference_result__type_support.c.o[0m
[1.254s] [ 48%] [32mBuilding CXX object CMakeFiles/yolov8_msgs__rosidl_typesupport_introspection_cpp.dir/rosidl_typesupport_introspection_cpp/yolov8_msgs/msg/detail/yolov8_inference__type_support.cpp.o[0m
[1.260s] [ 51%] [32mBuilding C object CMakeFiles/yolov8_msgs__rosidl_typesupport_introspection_c.dir/rosidl_typesupport_introspection_c/yolov8_msgs/msg/detail/yolov8_inference__type_support.c.o[0m
[1.263s] [ 51%] Built target yolov8_msgs__rosidl_typesupport_c
[1.273s] [ 55%] [32mBuilding C object CMakeFiles/yolov8_msgs__rosidl_typesupport_introspection_c.dir/rosidl_typesupport_introspection_c/yolov8_msgs/srv/detail/yolo_inference__type_support.c.o[0m
[1.273s] [ 55%] [32mBuilding CXX object CMakeFiles/yolov8_msgs__rosidl_typesupport_fastrtps_c.dir/rosidl_typesupport_fastrtps_c/yolov8_msgs/msg/detail/inference_result__type_support_c.cpp.o[0m
[1.300s] [ 57%] [32mBuilding CXX object CMakeFiles/yolov8_msgs__rosidl_typesupport_fastrtps_cpp.dir/rosidl_typesupport_fastrtps_cpp/yolov8_msgs/srv/detail/dds_fastrtps/yolo_inference__type_support.cpp.o[0m
[1.306s] [ 59%] [32mBuilding CXX object CMakeFiles/yolov8_msgs__rosidl_typesupport_fastrtps_cpp.dir/rosidl_typesupport_fastrtps_cpp/yolov8_msgs/msg/detail/dds_fastrtps/yolov8_inference__type_support.cpp.o[0m
[1.321s] [ 61%] [32m[1mLinking C shared library libyolov8_msgs__rosidl_typesupport_introspection_c.so[0m
[1.329s] [ 63%] [32m[1mLinking CXX shared library libyolov8_msgs__rosidl_typesupport_cpp.so[0m
[1.367s] [ 63%] Built target yolov8_msgs__rosidl_typesupport_introspection_c
[1.376s] [ 65%] [32mBuilding CXX object CMakeFiles/yolov8_msgs__rosidl_typesupport_introspection_cpp.dir/rosidl_typesupport_introspection_cpp/yolov8_msgs/srv/detail/yolo_inference__type_support.cpp.o[0m
[1.445s] [ 65%] Built target yolov8_msgs__rosidl_typesupport_cpp
[1.496s] [ 68%] [32mBuilding CXX object CMakeFiles/yolov8_msgs__rosidl_typesupport_fastrtps_c.dir/rosidl_typesupport_fastrtps_c/yolov8_msgs/msg/detail/yolov8_inference__type_support_c.cpp.o[0m
[1.537s] [ 70%] [32mBuilding CXX object CMakeFiles/yolov8_msgs__rosidl_typesupport_fastrtps_c.dir/rosidl_typesupport_fastrtps_c/yolov8_msgs/srv/detail/yolo_inference__type_support_c.cpp.o[0m
[1.778s] [ 72%] [32m[1mLinking CXX shared library libyolov8_msgs__rosidl_typesupport_introspection_cpp.so[0m
[1.789s] [ 74%] [32m[1mLinking CXX shared library libyolov8_msgs__rosidl_typesupport_fastrtps_cpp.so[0m
[1.834s] [ 74%] Built target yolov8_msgs__rosidl_typesupport_introspection_cpp
[1.869s] [ 74%] Built target yolov8_msgs__rosidl_typesupport_fastrtps_cpp
[1.927s] [ 76%] [32m[1mLinking CXX shared library libyolov8_msgs__rosidl_typesupport_fastrtps_c.so[0m
[1.976s] [ 76%] Built target yolov8_msgs__rosidl_typesupport_fastrtps_c
[1.989s] [ 76%] Built target yolov8_msgs
[2.004s] [ 78%] [34m[1mGenerating Python code for ROS interfaces[0m
[2.347s] [ 78%] Built target yolov8_msgs__py
[2.361s] [ 85%] [32mBuilding C object CMakeFiles/yolov8_msgs__rosidl_generator_py.dir/rosidl_generator_py/yolov8_msgs/msg/_yolov8_inference_s.c.o[0m
[2.361s] [ 85%] [32mBuilding C object CMakeFiles/yolov8_msgs__rosidl_generator_py.dir/rosidl_generator_py/yolov8_msgs/msg/_inference_result_s.c.o[0m
[2.361s] [ 85%] [32mBuilding C object CMakeFiles/yolov8_msgs__rosidl_generator_py.dir/rosidl_generator_py/yolov8_msgs/srv/_yolo_inference_s.c.o[0m
[2.432s] [ 87%] [32m[1mLinking C shared library rosidl_generator_py/yolov8_msgs/libyolov8_msgs__rosidl_generator_py.so[0m
[2.460s] [ 87%] Built target yolov8_msgs__rosidl_generator_py
[2.474s] [ 93%] [32mBuilding C object CMakeFiles/yolov8_msgs__rosidl_typesupport_c__pyext.dir/rosidl_generator_py/yolov8_msgs/_yolov8_msgs_s.ep.rosidl_typesupport_c.c.o[0m
[2.474s] [ 93%] [32mBuilding C object CMakeFiles/yolov8_msgs__rosidl_typesupport_introspection_c__pyext.dir/rosidl_generator_py/yolov8_msgs/_yolov8_msgs_s.ep.rosidl_typesupport_introspection_c.c.o[0m
[2.474s] [ 93%] [32mBuilding C object CMakeFiles/yolov8_msgs__rosidl_typesupport_fastrtps_c__pyext.dir/rosidl_generator_py/yolov8_msgs/_yolov8_msgs_s.ep.rosidl_typesupport_fastrtps_c.c.o[0m
[2.546s] [ 97%] [32m[1mLinking C shared library rosidl_generator_py/yolov8_msgs/yolov8_msgs_s__rosidl_typesupport_c.cpython-310-x86_64-linux-gnu.so[0m
[2.546s] [ 97%] [32m[1mLinking C shared library rosidl_generator_py/yolov8_msgs/yolov8_msgs_s__rosidl_typesupport_fastrtps_c.cpython-310-x86_64-linux-gnu.so[0m
[2.546s] [100%] [32m[1mLinking C shared library rosidl_generator_py/yolov8_msgs/yolov8_msgs_s__rosidl_typesupport_introspection_c.cpython-310-x86_64-linux-gnu.so[0m
[2.574s] [100%] Built target yolov8_msgs__rosidl_typesupport_introspection_c__pyext
[2.574s] [100%] Built target yolov8_msgs__rosidl_typesupport_c__pyext
[2.574s] [100%] Built target yolov8_msgs__rosidl_typesupport_fastrtps_c__pyext
