[100%] Built target moveit_robot_control
-- Install configuration: ""
-- Up-to-date: /home/user/ws/urcell_ws/install/urcell_moveit_sim/lib/urcell_moveit_sim/moveit_robot_control
-- Up-to-date: /home/user/ws/urcell_ws/install/urcell_moveit_sim/share/urcell_moveit_sim/launch
-- Up-to-date: /home/user/ws/urcell_ws/install/urcell_moveit_sim/share/urcell_moveit_sim/launch/mover.launch.py
-- Up-to-date: /home/user/ws/urcell_ws/install/urcell_moveit_sim/share/ament_index/resource_index/package_run_dependencies/urcell_moveit_sim
-- Up-to-date: /home/user/ws/urcell_ws/install/urcell_moveit_sim/share/ament_index/resource_index/parent_prefix_path/urcell_moveit_sim
-- Up-to-date: /home/user/ws/urcell_ws/install/urcell_moveit_sim/share/urcell_moveit_sim/environment/ament_prefix_path.sh
-- Up-to-date: /home/user/ws/urcell_ws/install/urcell_moveit_sim/share/urcell_moveit_sim/environment/ament_prefix_path.dsv
-- Up-to-date: /home/user/ws/urcell_ws/install/urcell_moveit_sim/share/urcell_moveit_sim/environment/path.sh
-- Up-to-date: /home/user/ws/urcell_ws/install/urcell_moveit_sim/share/urcell_moveit_sim/environment/path.dsv
-- Up-to-date: /home/user/ws/urcell_ws/install/urcell_moveit_sim/share/urcell_moveit_sim/local_setup.bash
-- Up-to-date: /home/user/ws/urcell_ws/install/urcell_moveit_sim/share/urcell_moveit_sim/local_setup.sh
-- Up-to-date: /home/user/ws/urcell_ws/install/urcell_moveit_sim/share/urcell_moveit_sim/local_setup.zsh
-- Up-to-date: /home/user/ws/urcell_ws/install/urcell_moveit_sim/share/urcell_moveit_sim/local_setup.dsv
-- Installing: /home/user/ws/urcell_ws/install/urcell_moveit_sim/share/urcell_moveit_sim/package.dsv
-- Up-to-date: /home/user/ws/urcell_ws/install/urcell_moveit_sim/share/ament_index/resource_index/packages/urcell_moveit_sim
-- Up-to-date: /home/user/ws/urcell_ws/install/urcell_moveit_sim/share/urcell_moveit_sim/cmake/urcell_moveit_simConfig.cmake
-- Up-to-date: /home/user/ws/urcell_ws/install/urcell_moveit_sim/share/urcell_moveit_sim/cmake/urcell_moveit_simConfig-version.cmake
-- Up-to-date: /home/user/ws/urcell_ws/install/urcell_moveit_sim/share/urcell_moveit_sim/package.xml
