[0.179s] Invoking command in '/home/user/ws/urcell_ws/build/yolov8_msgs': CMAKE_PREFIX_PATH=${CMAKE_PREFIX_PATH}:/home/user/ws/urcell_ws/install/image_saver_pkg:/opt/ros/humble /usr/bin/cmake --build /home/user/ws/urcell_ws/build/yolov8_msgs -- -j8 -l8
[0.220s] [  2%] Built target yolov8_msgs__cpp
[0.220s] [ 12%] Built target yolov8_msgs__rosidl_generator_c
[0.226s] [ 12%] Built target ament_cmake_python_copy_yolov8_msgs
[0.250s] [ 23%] Built target yolov8_msgs__rosidl_typesupport_cpp
[0.257s] [ 34%] Built target yolov8_msgs__rosidl_typesupport_fastrtps_cpp
[0.263s] [ 44%] Built target yolov8_msgs__rosidl_typesupport_introspection_cpp
[0.264s] [ 55%] Built target yolov8_msgs__rosidl_typesupport_fastrtps_c
[0.264s] [ 65%] Built target yolov8_msgs__rosidl_typesupport_introspection_c
[0.269s] [ 76%] Built target yolov8_msgs__rosidl_typesupport_c
[0.286s] [ 76%] Built target yolov8_msgs
[0.306s] [ 78%] Built target yolov8_msgs__py
[0.326s] [ 87%] Built target yolov8_msgs__rosidl_generator_py
[0.347s] [ 95%] Built target yolov8_msgs__rosidl_typesupport_fastrtps_c__pyext
[0.347s] [ 95%] Built target yolov8_msgs__rosidl_typesupport_introspection_c__pyext
[0.348s] [100%] Built target yolov8_msgs__rosidl_typesupport_c__pyext
[0.448s] running egg_info
[0.448s] writing yolov8_msgs.egg-info/PKG-INFO
[0.448s] writing dependency_links to yolov8_msgs.egg-info/dependency_links.txt
[0.448s] writing top-level names to yolov8_msgs.egg-info/top_level.txt
[0.451s] reading manifest file 'yolov8_msgs.egg-info/SOURCES.txt'
[0.451s] writing manifest file 'yolov8_msgs.egg-info/SOURCES.txt'
[0.470s] [100%] Built target ament_cmake_python_build_yolov8_msgs_egg
[0.477s] Invoked command in '/home/user/ws/urcell_ws/build/yolov8_msgs' returned '0': CMAKE_PREFIX_PATH=${CMAKE_PREFIX_PATH}:/home/user/ws/urcell_ws/install/image_saver_pkg:/opt/ros/humble /usr/bin/cmake --build /home/user/ws/urcell_ws/build/yolov8_msgs -- -j8 -l8
[0.538s] Invoking command in '/home/user/ws/urcell_ws/build/yolov8_msgs': CMAKE_PREFIX_PATH=${CMAKE_PREFIX_PATH}:/home/user/ws/urcell_ws/install/image_saver_pkg:/opt/ros/humble /usr/bin/cmake --install /home/user/ws/urcell_ws/build/yolov8_msgs
[0.544s] -- Install configuration: ""
[0.544s] -- Up-to-date: /home/user/ws/urcell_ws/install/yolov8_msgs/share/ament_index/resource_index/rosidl_interfaces/yolov8_msgs
[0.544s] -- Up-to-date: /home/user/ws/urcell_ws/install/yolov8_msgs/include/yolov8_msgs/yolov8_msgs
[0.544s] -- Up-to-date: /home/user/ws/urcell_ws/install/yolov8_msgs/include/yolov8_msgs/yolov8_msgs/msg
[0.544s] -- Up-to-date: /home/user/ws/urcell_ws/install/yolov8_msgs/include/yolov8_msgs/yolov8_msgs/msg/inference_result.h
[0.544s] -- Up-to-date: /home/user/ws/urcell_ws/install/yolov8_msgs/include/yolov8_msgs/yolov8_msgs/msg/yolov8_inference.h
[0.544s] -- Up-to-date: /home/user/ws/urcell_ws/install/yolov8_msgs/include/yolov8_msgs/yolov8_msgs/msg/detail
[0.544s] -- Up-to-date: /home/user/ws/urcell_ws/install/yolov8_msgs/include/yolov8_msgs/yolov8_msgs/msg/detail/yolov8_inference__struct.h
[0.544s] -- Up-to-date: /home/user/ws/urcell_ws/install/yolov8_msgs/include/yolov8_msgs/yolov8_msgs/msg/detail/yolov8_inference__type_support.h
[0.544s] -- Up-to-date: /home/user/ws/urcell_ws/install/yolov8_msgs/include/yolov8_msgs/yolov8_msgs/msg/detail/inference_result__functions.h
[0.544s] -- Up-to-date: /home/user/ws/urcell_ws/install/yolov8_msgs/include/yolov8_msgs/yolov8_msgs/msg/detail/yolov8_inference__functions.h
[0.545s] -- Up-to-date: /home/user/ws/urcell_ws/install/yolov8_msgs/include/yolov8_msgs/yolov8_msgs/msg/detail/inference_result__type_support.h
[0.545s] -- Up-to-date: /home/user/ws/urcell_ws/install/yolov8_msgs/include/yolov8_msgs/yolov8_msgs/msg/detail/yolov8_inference__functions.c
[0.545s] -- Up-to-date: /home/user/ws/urcell_ws/install/yolov8_msgs/include/yolov8_msgs/yolov8_msgs/msg/detail/inference_result__functions.c
[0.545s] -- Up-to-date: /home/user/ws/urcell_ws/install/yolov8_msgs/include/yolov8_msgs/yolov8_msgs/msg/detail/inference_result__struct.h
[0.545s] -- Up-to-date: /home/user/ws/urcell_ws/install/yolov8_msgs/include/yolov8_msgs/yolov8_msgs/msg/rosidl_generator_c__visibility_control.h
[0.545s] -- Up-to-date: /home/user/ws/urcell_ws/install/yolov8_msgs/include/yolov8_msgs/yolov8_msgs/srv
[0.545s] -- Up-to-date: /home/user/ws/urcell_ws/install/yolov8_msgs/include/yolov8_msgs/yolov8_msgs/srv/detail
[0.545s] -- Up-to-date: /home/user/ws/urcell_ws/install/yolov8_msgs/include/yolov8_msgs/yolov8_msgs/srv/detail/yolo_inference__struct.h
[0.545s] -- Up-to-date: /home/user/ws/urcell_ws/install/yolov8_msgs/include/yolov8_msgs/yolov8_msgs/srv/detail/yolo_inference__type_support.h
[0.545s] -- Up-to-date: /home/user/ws/urcell_ws/install/yolov8_msgs/include/yolov8_msgs/yolov8_msgs/srv/detail/yolo_inference__functions.c
[0.545s] -- Up-to-date: /home/user/ws/urcell_ws/install/yolov8_msgs/include/yolov8_msgs/yolov8_msgs/srv/detail/yolo_inference__functions.h
[0.545s] -- Up-to-date: /home/user/ws/urcell_ws/install/yolov8_msgs/include/yolov8_msgs/yolov8_msgs/srv/yolo_inference.h
[0.545s] -- Up-to-date: /home/user/ws/urcell_ws/install/yolov8_msgs/share/yolov8_msgs/environment/library_path.sh
[0.546s] -- Up-to-date: /home/user/ws/urcell_ws/install/yolov8_msgs/share/yolov8_msgs/environment/library_path.dsv
[0.546s] -- Up-to-date: /home/user/ws/urcell_ws/install/yolov8_msgs/lib/libyolov8_msgs__rosidl_generator_c.so
[0.546s] -- Up-to-date: /home/user/ws/urcell_ws/install/yolov8_msgs/include/yolov8_msgs/yolov8_msgs
[0.546s] -- Up-to-date: /home/user/ws/urcell_ws/install/yolov8_msgs/include/yolov8_msgs/yolov8_msgs/msg
[0.546s] -- Up-to-date: /home/user/ws/urcell_ws/install/yolov8_msgs/include/yolov8_msgs/yolov8_msgs/msg/rosidl_typesupport_fastrtps_c__visibility_control.h
[0.546s] -- Up-to-date: /home/user/ws/urcell_ws/install/yolov8_msgs/include/yolov8_msgs/yolov8_msgs/msg/detail
[0.546s] -- Up-to-date: /home/user/ws/urcell_ws/install/yolov8_msgs/include/yolov8_msgs/yolov8_msgs/msg/detail/yolov8_inference__rosidl_typesupport_fastrtps_c.h
[0.546s] -- Up-to-date: /home/user/ws/urcell_ws/install/yolov8_msgs/include/yolov8_msgs/yolov8_msgs/msg/detail/inference_result__rosidl_typesupport_fastrtps_c.h
[0.546s] -- Up-to-date: /home/user/ws/urcell_ws/install/yolov8_msgs/include/yolov8_msgs/yolov8_msgs/srv
[0.546s] -- Up-to-date: /home/user/ws/urcell_ws/install/yolov8_msgs/include/yolov8_msgs/yolov8_msgs/srv/detail
[0.546s] -- Up-to-date: /home/user/ws/urcell_ws/install/yolov8_msgs/include/yolov8_msgs/yolov8_msgs/srv/detail/yolo_inference__rosidl_typesupport_fastrtps_c.h
[0.546s] -- Up-to-date: /home/user/ws/urcell_ws/install/yolov8_msgs/lib/libyolov8_msgs__rosidl_typesupport_fastrtps_c.so
[0.546s] -- Up-to-date: /home/user/ws/urcell_ws/install/yolov8_msgs/include/yolov8_msgs/yolov8_msgs
[0.547s] -- Up-to-date: /home/user/ws/urcell_ws/install/yolov8_msgs/include/yolov8_msgs/yolov8_msgs/msg
[0.547s] -- Up-to-date: /home/user/ws/urcell_ws/install/yolov8_msgs/include/yolov8_msgs/yolov8_msgs/msg/yolov8_inference.hpp
[0.547s] -- Up-to-date: /home/user/ws/urcell_ws/install/yolov8_msgs/include/yolov8_msgs/yolov8_msgs/msg/detail
[0.547s] -- Up-to-date: /home/user/ws/urcell_ws/install/yolov8_msgs/include/yolov8_msgs/yolov8_msgs/msg/detail/yolov8_inference__builder.hpp
[0.547s] -- Up-to-date: /home/user/ws/urcell_ws/install/yolov8_msgs/include/yolov8_msgs/yolov8_msgs/msg/detail/yolov8_inference__traits.hpp
[0.547s] -- Up-to-date: /home/user/ws/urcell_ws/install/yolov8_msgs/include/yolov8_msgs/yolov8_msgs/msg/detail/yolov8_inference__struct.hpp
[0.547s] -- Up-to-date: /home/user/ws/urcell_ws/install/yolov8_msgs/include/yolov8_msgs/yolov8_msgs/msg/detail/inference_result__traits.hpp
[0.547s] -- Up-to-date: /home/user/ws/urcell_ws/install/yolov8_msgs/include/yolov8_msgs/yolov8_msgs/msg/detail/inference_result__builder.hpp
[0.547s] -- Up-to-date: /home/user/ws/urcell_ws/install/yolov8_msgs/include/yolov8_msgs/yolov8_msgs/msg/detail/inference_result__struct.hpp
[0.547s] -- Up-to-date: /home/user/ws/urcell_ws/install/yolov8_msgs/include/yolov8_msgs/yolov8_msgs/msg/inference_result.hpp
[0.547s] -- Up-to-date: /home/user/ws/urcell_ws/install/yolov8_msgs/include/yolov8_msgs/yolov8_msgs/srv
[0.547s] -- Up-to-date: /home/user/ws/urcell_ws/install/yolov8_msgs/include/yolov8_msgs/yolov8_msgs/srv/detail
[0.547s] -- Up-to-date: /home/user/ws/urcell_ws/install/yolov8_msgs/include/yolov8_msgs/yolov8_msgs/srv/detail/yolo_inference__traits.hpp
[0.548s] -- Up-to-date: /home/user/ws/urcell_ws/install/yolov8_msgs/include/yolov8_msgs/yolov8_msgs/srv/detail/yolo_inference__struct.hpp
[0.548s] -- Up-to-date: /home/user/ws/urcell_ws/install/yolov8_msgs/include/yolov8_msgs/yolov8_msgs/srv/detail/yolo_inference__builder.hpp
[0.548s] -- Up-to-date: /home/user/ws/urcell_ws/install/yolov8_msgs/include/yolov8_msgs/yolov8_msgs/srv/yolo_inference.hpp
[0.548s] -- Up-to-date: /home/user/ws/urcell_ws/install/yolov8_msgs/include/yolov8_msgs/yolov8_msgs
[0.548s] -- Up-to-date: /home/user/ws/urcell_ws/install/yolov8_msgs/include/yolov8_msgs/yolov8_msgs/msg
[0.548s] -- Up-to-date: /home/user/ws/urcell_ws/install/yolov8_msgs/include/yolov8_msgs/yolov8_msgs/msg/rosidl_typesupport_fastrtps_cpp__visibility_control.h
[0.548s] -- Up-to-date: /home/user/ws/urcell_ws/install/yolov8_msgs/include/yolov8_msgs/yolov8_msgs/msg/detail
[0.548s] -- Up-to-date: /home/user/ws/urcell_ws/install/yolov8_msgs/include/yolov8_msgs/yolov8_msgs/msg/detail/yolov8_inference__rosidl_typesupport_fastrtps_cpp.hpp
[0.548s] -- Up-to-date: /home/user/ws/urcell_ws/install/yolov8_msgs/include/yolov8_msgs/yolov8_msgs/msg/detail/dds_fastrtps
[0.548s] -- Up-to-date: /home/user/ws/urcell_ws/install/yolov8_msgs/include/yolov8_msgs/yolov8_msgs/msg/detail/inference_result__rosidl_typesupport_fastrtps_cpp.hpp
[0.548s] -- Up-to-date: /home/user/ws/urcell_ws/install/yolov8_msgs/include/yolov8_msgs/yolov8_msgs/srv
[0.548s] -- Up-to-date: /home/user/ws/urcell_ws/install/yolov8_msgs/include/yolov8_msgs/yolov8_msgs/srv/detail
[0.548s] -- Up-to-date: /home/user/ws/urcell_ws/install/yolov8_msgs/include/yolov8_msgs/yolov8_msgs/srv/detail/yolo_inference__rosidl_typesupport_fastrtps_cpp.hpp
[0.548s] -- Up-to-date: /home/user/ws/urcell_ws/install/yolov8_msgs/include/yolov8_msgs/yolov8_msgs/srv/detail/dds_fastrtps
[0.548s] -- Up-to-date: /home/user/ws/urcell_ws/install/yolov8_msgs/lib/libyolov8_msgs__rosidl_typesupport_fastrtps_cpp.so
[0.549s] -- Up-to-date: /home/user/ws/urcell_ws/install/yolov8_msgs/include/yolov8_msgs/yolov8_msgs
[0.549s] -- Up-to-date: /home/user/ws/urcell_ws/install/yolov8_msgs/include/yolov8_msgs/yolov8_msgs/msg
[0.549s] -- Up-to-date: /home/user/ws/urcell_ws/install/yolov8_msgs/include/yolov8_msgs/yolov8_msgs/msg/detail
[0.549s] -- Up-to-date: /home/user/ws/urcell_ws/install/yolov8_msgs/include/yolov8_msgs/yolov8_msgs/msg/detail/yolov8_inference__rosidl_typesupport_introspection_c.h
[0.549s] -- Up-to-date: /home/user/ws/urcell_ws/install/yolov8_msgs/include/yolov8_msgs/yolov8_msgs/msg/detail/inference_result__rosidl_typesupport_introspection_c.h
[0.549s] -- Up-to-date: /home/user/ws/urcell_ws/install/yolov8_msgs/include/yolov8_msgs/yolov8_msgs/msg/detail/yolov8_inference__type_support.c
[0.549s] -- Up-to-date: /home/user/ws/urcell_ws/install/yolov8_msgs/include/yolov8_msgs/yolov8_msgs/msg/detail/inference_result__type_support.c
[0.549s] -- Up-to-date: /home/user/ws/urcell_ws/install/yolov8_msgs/include/yolov8_msgs/yolov8_msgs/msg/rosidl_typesupport_introspection_c__visibility_control.h
[0.549s] -- Up-to-date: /home/user/ws/urcell_ws/install/yolov8_msgs/include/yolov8_msgs/yolov8_msgs/srv
[0.549s] -- Up-to-date: /home/user/ws/urcell_ws/install/yolov8_msgs/include/yolov8_msgs/yolov8_msgs/srv/detail
[0.549s] -- Up-to-date: /home/user/ws/urcell_ws/install/yolov8_msgs/include/yolov8_msgs/yolov8_msgs/srv/detail/yolo_inference__type_support.c
[0.549s] -- Up-to-date: /home/user/ws/urcell_ws/install/yolov8_msgs/include/yolov8_msgs/yolov8_msgs/srv/detail/yolo_inference__rosidl_typesupport_introspection_c.h
[0.549s] -- Up-to-date: /home/user/ws/urcell_ws/install/yolov8_msgs/lib/libyolov8_msgs__rosidl_typesupport_introspection_c.so
[0.549s] -- Up-to-date: /home/user/ws/urcell_ws/install/yolov8_msgs/lib/libyolov8_msgs__rosidl_typesupport_c.so
[0.549s] -- Up-to-date: /home/user/ws/urcell_ws/install/yolov8_msgs/include/yolov8_msgs/yolov8_msgs
[0.549s] -- Up-to-date: /home/user/ws/urcell_ws/install/yolov8_msgs/include/yolov8_msgs/yolov8_msgs/msg
[0.550s] -- Up-to-date: /home/user/ws/urcell_ws/install/yolov8_msgs/include/yolov8_msgs/yolov8_msgs/msg/detail
[0.550s] -- Up-to-date: /home/user/ws/urcell_ws/install/yolov8_msgs/include/yolov8_msgs/yolov8_msgs/msg/detail/yolov8_inference__type_support.cpp
[0.550s] -- Up-to-date: /home/user/ws/urcell_ws/install/yolov8_msgs/include/yolov8_msgs/yolov8_msgs/msg/detail/inference_result__type_support.cpp
[0.550s] -- Up-to-date: /home/user/ws/urcell_ws/install/yolov8_msgs/include/yolov8_msgs/yolov8_msgs/msg/detail/yolov8_inference__rosidl_typesupport_introspection_cpp.hpp
[0.550s] -- Up-to-date: /home/user/ws/urcell_ws/install/yolov8_msgs/include/yolov8_msgs/yolov8_msgs/msg/detail/inference_result__rosidl_typesupport_introspection_cpp.hpp
[0.550s] -- Up-to-date: /home/user/ws/urcell_ws/install/yolov8_msgs/include/yolov8_msgs/yolov8_msgs/srv
[0.550s] -- Up-to-date: /home/user/ws/urcell_ws/install/yolov8_msgs/include/yolov8_msgs/yolov8_msgs/srv/detail
[0.550s] -- Up-to-date: /home/user/ws/urcell_ws/install/yolov8_msgs/include/yolov8_msgs/yolov8_msgs/srv/detail/yolo_inference__type_support.cpp
[0.550s] -- Up-to-date: /home/user/ws/urcell_ws/install/yolov8_msgs/include/yolov8_msgs/yolov8_msgs/srv/detail/yolo_inference__rosidl_typesupport_introspection_cpp.hpp
[0.550s] -- Up-to-date: /home/user/ws/urcell_ws/install/yolov8_msgs/lib/libyolov8_msgs__rosidl_typesupport_introspection_cpp.so
[0.550s] -- Up-to-date: /home/user/ws/urcell_ws/install/yolov8_msgs/lib/libyolov8_msgs__rosidl_typesupport_cpp.so
[0.550s] -- Up-to-date: /home/user/ws/urcell_ws/install/yolov8_msgs/share/yolov8_msgs/environment/pythonpath.sh
[0.550s] -- Up-to-date: /home/user/ws/urcell_ws/install/yolov8_msgs/share/yolov8_msgs/environment/pythonpath.dsv
[0.550s] -- Up-to-date: /home/user/ws/urcell_ws/install/yolov8_msgs/local/lib/python3.10/dist-packages/yolov8_msgs-0.0.0-py3.10.egg-info
[0.550s] -- Installing: /home/user/ws/urcell_ws/install/yolov8_msgs/local/lib/python3.10/dist-packages/yolov8_msgs-0.0.0-py3.10.egg-info/PKG-INFO
[0.551s] -- Installing: /home/user/ws/urcell_ws/install/yolov8_msgs/local/lib/python3.10/dist-packages/yolov8_msgs-0.0.0-py3.10.egg-info/dependency_links.txt
[0.551s] -- Installing: /home/user/ws/urcell_ws/install/yolov8_msgs/local/lib/python3.10/dist-packages/yolov8_msgs-0.0.0-py3.10.egg-info/top_level.txt
[0.551s] -- Installing: /home/user/ws/urcell_ws/install/yolov8_msgs/local/lib/python3.10/dist-packages/yolov8_msgs-0.0.0-py3.10.egg-info/SOURCES.txt
[0.551s] -- Up-to-date: /home/user/ws/urcell_ws/install/yolov8_msgs/local/lib/python3.10/dist-packages/yolov8_msgs
[0.551s] -- Up-to-date: /home/user/ws/urcell_ws/install/yolov8_msgs/local/lib/python3.10/dist-packages/yolov8_msgs/_yolov8_msgs_s.ep.rosidl_typesupport_fastrtps_c.c
[0.551s] -- Up-to-date: /home/user/ws/urcell_ws/install/yolov8_msgs/local/lib/python3.10/dist-packages/yolov8_msgs/msg
[0.551s] -- Up-to-date: /home/user/ws/urcell_ws/install/yolov8_msgs/local/lib/python3.10/dist-packages/yolov8_msgs/msg/_yolov8_inference_s.c
[0.551s] -- Up-to-date: /home/user/ws/urcell_ws/install/yolov8_msgs/local/lib/python3.10/dist-packages/yolov8_msgs/msg/_yolov8_inference.py
[0.551s] -- Up-to-date: /home/user/ws/urcell_ws/install/yolov8_msgs/local/lib/python3.10/dist-packages/yolov8_msgs/msg/_inference_result.py
[0.551s] -- Up-to-date: /home/user/ws/urcell_ws/install/yolov8_msgs/local/lib/python3.10/dist-packages/yolov8_msgs/msg/_inference_result_s.c
[0.551s] -- Up-to-date: /home/user/ws/urcell_ws/install/yolov8_msgs/local/lib/python3.10/dist-packages/yolov8_msgs/msg/__init__.py
[0.551s] -- Up-to-date: /home/user/ws/urcell_ws/install/yolov8_msgs/local/lib/python3.10/dist-packages/yolov8_msgs/yolov8_msgs_s__rosidl_typesupport_fastrtps_c.cpython-310-x86_64-linux-gnu.so
[0.551s] -- Up-to-date: /home/user/ws/urcell_ws/install/yolov8_msgs/local/lib/python3.10/dist-packages/yolov8_msgs/_yolov8_msgs_s.ep.rosidl_typesupport_introspection_c.c
[0.551s] -- Up-to-date: /home/user/ws/urcell_ws/install/yolov8_msgs/local/lib/python3.10/dist-packages/yolov8_msgs/libyolov8_msgs__rosidl_generator_py.so
[0.551s] -- Up-to-date: /home/user/ws/urcell_ws/install/yolov8_msgs/local/lib/python3.10/dist-packages/yolov8_msgs/srv
[0.552s] -- Up-to-date: /home/user/ws/urcell_ws/install/yolov8_msgs/local/lib/python3.10/dist-packages/yolov8_msgs/srv/_yolo_inference.py
[0.552s] -- Up-to-date: /home/user/ws/urcell_ws/install/yolov8_msgs/local/lib/python3.10/dist-packages/yolov8_msgs/srv/_yolo_inference_s.c
[0.552s] -- Up-to-date: /home/user/ws/urcell_ws/install/yolov8_msgs/local/lib/python3.10/dist-packages/yolov8_msgs/srv/__init__.py
[0.552s] -- Up-to-date: /home/user/ws/urcell_ws/install/yolov8_msgs/local/lib/python3.10/dist-packages/yolov8_msgs/yolov8_msgs_s__rosidl_typesupport_c.cpython-310-x86_64-linux-gnu.so
[0.552s] -- Up-to-date: /home/user/ws/urcell_ws/install/yolov8_msgs/local/lib/python3.10/dist-packages/yolov8_msgs/_yolov8_msgs_s.ep.rosidl_typesupport_c.c
[0.552s] -- Up-to-date: /home/user/ws/urcell_ws/install/yolov8_msgs/local/lib/python3.10/dist-packages/yolov8_msgs/yolov8_msgs_s__rosidl_typesupport_introspection_c.cpython-310-x86_64-linux-gnu.so
[0.552s] -- Up-to-date: /home/user/ws/urcell_ws/install/yolov8_msgs/local/lib/python3.10/dist-packages/yolov8_msgs/__init__.py
[0.569s] Listing '/home/user/ws/urcell_ws/install/yolov8_msgs/local/lib/python3.10/dist-packages/yolov8_msgs'...
[0.569s] Listing '/home/user/ws/urcell_ws/install/yolov8_msgs/local/lib/python3.10/dist-packages/yolov8_msgs/msg'...
[0.569s] Listing '/home/user/ws/urcell_ws/install/yolov8_msgs/local/lib/python3.10/dist-packages/yolov8_msgs/srv'...
[0.572s] -- Up-to-date: /home/user/ws/urcell_ws/install/yolov8_msgs/local/lib/python3.10/dist-packages/yolov8_msgs/yolov8_msgs_s__rosidl_typesupport_fastrtps_c.cpython-310-x86_64-linux-gnu.so
[0.572s] -- Up-to-date: /home/user/ws/urcell_ws/install/yolov8_msgs/local/lib/python3.10/dist-packages/yolov8_msgs/yolov8_msgs_s__rosidl_typesupport_introspection_c.cpython-310-x86_64-linux-gnu.so
[0.572s] -- Up-to-date: /home/user/ws/urcell_ws/install/yolov8_msgs/local/lib/python3.10/dist-packages/yolov8_msgs/yolov8_msgs_s__rosidl_typesupport_c.cpython-310-x86_64-linux-gnu.so
[0.572s] -- Up-to-date: /home/user/ws/urcell_ws/install/yolov8_msgs/lib/libyolov8_msgs__rosidl_generator_py.so
[0.572s] -- Up-to-date: /home/user/ws/urcell_ws/install/yolov8_msgs/share/yolov8_msgs/msg/InferenceResult.idl
[0.572s] -- Up-to-date: /home/user/ws/urcell_ws/install/yolov8_msgs/share/yolov8_msgs/msg/Yolov8Inference.idl
[0.572s] -- Up-to-date: /home/user/ws/urcell_ws/install/yolov8_msgs/share/yolov8_msgs/srv/YoloInference.idl
[0.572s] -- Up-to-date: /home/user/ws/urcell_ws/install/yolov8_msgs/share/yolov8_msgs/msg/InferenceResult.msg
[0.573s] -- Up-to-date: /home/user/ws/urcell_ws/install/yolov8_msgs/share/yolov8_msgs/msg/Yolov8Inference.msg
[0.573s] -- Up-to-date: /home/user/ws/urcell_ws/install/yolov8_msgs/share/yolov8_msgs/srv/YoloInference.srv
[0.573s] -- Up-to-date: /home/user/ws/urcell_ws/install/yolov8_msgs/share/yolov8_msgs/srv/YoloInference_Request.msg
[0.573s] -- Up-to-date: /home/user/ws/urcell_ws/install/yolov8_msgs/share/yolov8_msgs/srv/YoloInference_Response.msg
[0.573s] -- Up-to-date: /home/user/ws/urcell_ws/install/yolov8_msgs/share/ament_index/resource_index/package_run_dependencies/yolov8_msgs
[0.573s] -- Up-to-date: /home/user/ws/urcell_ws/install/yolov8_msgs/share/ament_index/resource_index/parent_prefix_path/yolov8_msgs
[0.573s] -- Up-to-date: /home/user/ws/urcell_ws/install/yolov8_msgs/share/yolov8_msgs/environment/ament_prefix_path.sh
[0.573s] -- Up-to-date: /home/user/ws/urcell_ws/install/yolov8_msgs/share/yolov8_msgs/environment/ament_prefix_path.dsv
[0.573s] -- Up-to-date: /home/user/ws/urcell_ws/install/yolov8_msgs/share/yolov8_msgs/environment/path.sh
[0.573s] -- Up-to-date: /home/user/ws/urcell_ws/install/yolov8_msgs/share/yolov8_msgs/environment/path.dsv
[0.573s] -- Up-to-date: /home/user/ws/urcell_ws/install/yolov8_msgs/share/yolov8_msgs/local_setup.bash
[0.573s] -- Up-to-date: /home/user/ws/urcell_ws/install/yolov8_msgs/share/yolov8_msgs/local_setup.sh
[0.574s] -- Up-to-date: /home/user/ws/urcell_ws/install/yolov8_msgs/share/yolov8_msgs/local_setup.zsh
[0.574s] -- Up-to-date: /home/user/ws/urcell_ws/install/yolov8_msgs/share/yolov8_msgs/local_setup.dsv
[0.574s] -- Up-to-date: /home/user/ws/urcell_ws/install/yolov8_msgs/share/yolov8_msgs/package.dsv
[0.574s] -- Up-to-date: /home/user/ws/urcell_ws/install/yolov8_msgs/share/ament_index/resource_index/packages/yolov8_msgs
[0.574s] -- Up-to-date: /home/user/ws/urcell_ws/install/yolov8_msgs/share/yolov8_msgs/cmake/export_yolov8_msgs__rosidl_generator_cExport.cmake
[0.574s] -- Up-to-date: /home/user/ws/urcell_ws/install/yolov8_msgs/share/yolov8_msgs/cmake/export_yolov8_msgs__rosidl_generator_cExport-noconfig.cmake
[0.574s] -- Up-to-date: /home/user/ws/urcell_ws/install/yolov8_msgs/share/yolov8_msgs/cmake/export_yolov8_msgs__rosidl_typesupport_fastrtps_cExport.cmake
[0.574s] -- Up-to-date: /home/user/ws/urcell_ws/install/yolov8_msgs/share/yolov8_msgs/cmake/export_yolov8_msgs__rosidl_typesupport_fastrtps_cExport-noconfig.cmake
[0.574s] -- Up-to-date: /home/user/ws/urcell_ws/install/yolov8_msgs/share/yolov8_msgs/cmake/export_yolov8_msgs__rosidl_generator_cppExport.cmake
[0.574s] -- Up-to-date: /home/user/ws/urcell_ws/install/yolov8_msgs/share/yolov8_msgs/cmake/export_yolov8_msgs__rosidl_typesupport_fastrtps_cppExport.cmake
[0.574s] -- Up-to-date: /home/user/ws/urcell_ws/install/yolov8_msgs/share/yolov8_msgs/cmake/export_yolov8_msgs__rosidl_typesupport_fastrtps_cppExport-noconfig.cmake
[0.574s] -- Up-to-date: /home/user/ws/urcell_ws/install/yolov8_msgs/share/yolov8_msgs/cmake/yolov8_msgs__rosidl_typesupport_introspection_cExport.cmake
[0.574s] -- Up-to-date: /home/user/ws/urcell_ws/install/yolov8_msgs/share/yolov8_msgs/cmake/yolov8_msgs__rosidl_typesupport_introspection_cExport-noconfig.cmake
[0.575s] -- Up-to-date: /home/user/ws/urcell_ws/install/yolov8_msgs/share/yolov8_msgs/cmake/yolov8_msgs__rosidl_typesupport_cExport.cmake
[0.575s] -- Up-to-date: /home/user/ws/urcell_ws/install/yolov8_msgs/share/yolov8_msgs/cmake/yolov8_msgs__rosidl_typesupport_cExport-noconfig.cmake
[0.575s] -- Up-to-date: /home/user/ws/urcell_ws/install/yolov8_msgs/share/yolov8_msgs/cmake/yolov8_msgs__rosidl_typesupport_introspection_cppExport.cmake
[0.575s] -- Up-to-date: /home/user/ws/urcell_ws/install/yolov8_msgs/share/yolov8_msgs/cmake/yolov8_msgs__rosidl_typesupport_introspection_cppExport-noconfig.cmake
[0.575s] -- Up-to-date: /home/user/ws/urcell_ws/install/yolov8_msgs/share/yolov8_msgs/cmake/yolov8_msgs__rosidl_typesupport_cppExport.cmake
[0.575s] -- Up-to-date: /home/user/ws/urcell_ws/install/yolov8_msgs/share/yolov8_msgs/cmake/yolov8_msgs__rosidl_typesupport_cppExport-noconfig.cmake
[0.575s] -- Up-to-date: /home/user/ws/urcell_ws/install/yolov8_msgs/share/yolov8_msgs/cmake/export_yolov8_msgs__rosidl_generator_pyExport.cmake
[0.575s] -- Up-to-date: /home/user/ws/urcell_ws/install/yolov8_msgs/share/yolov8_msgs/cmake/export_yolov8_msgs__rosidl_generator_pyExport-noconfig.cmake
[0.575s] -- Up-to-date: /home/user/ws/urcell_ws/install/yolov8_msgs/share/yolov8_msgs/cmake/rosidl_cmake-extras.cmake
[0.575s] -- Up-to-date: /home/user/ws/urcell_ws/install/yolov8_msgs/share/yolov8_msgs/cmake/ament_cmake_export_dependencies-extras.cmake
[0.576s] -- Up-to-date: /home/user/ws/urcell_ws/install/yolov8_msgs/share/yolov8_msgs/cmake/ament_cmake_export_include_directories-extras.cmake
[0.576s] -- Up-to-date: /home/user/ws/urcell_ws/install/yolov8_msgs/share/yolov8_msgs/cmake/ament_cmake_export_libraries-extras.cmake
[0.576s] -- Up-to-date: /home/user/ws/urcell_ws/install/yolov8_msgs/share/yolov8_msgs/cmake/ament_cmake_export_targets-extras.cmake
[0.576s] -- Up-to-date: /home/user/ws/urcell_ws/install/yolov8_msgs/share/yolov8_msgs/cmake/rosidl_cmake_export_typesupport_targets-extras.cmake
[0.576s] -- Up-to-date: /home/user/ws/urcell_ws/install/yolov8_msgs/share/yolov8_msgs/cmake/rosidl_cmake_export_typesupport_libraries-extras.cmake
[0.576s] -- Up-to-date: /home/user/ws/urcell_ws/install/yolov8_msgs/share/yolov8_msgs/cmake/yolov8_msgsConfig.cmake
[0.577s] -- Up-to-date: /home/user/ws/urcell_ws/install/yolov8_msgs/share/yolov8_msgs/cmake/yolov8_msgsConfig-version.cmake
[0.577s] -- Up-to-date: /home/user/ws/urcell_ws/install/yolov8_msgs/share/yolov8_msgs/package.xml
[0.577s] Invoked command in '/home/user/ws/urcell_ws/build/yolov8_msgs' returned '0': CMAKE_PREFIX_PATH=${CMAKE_PREFIX_PATH}:/home/user/ws/urcell_ws/install/image_saver_pkg:/opt/ros/humble /usr/bin/cmake --install /home/user/ws/urcell_ws/build/yolov8_msgs
