[1.161s] Invoking command in '/home/user/ws/urcell_ws/src/image_saver_pkg': PYTHONPATH=/home/user/ws/urcell_ws/build/image_saver_pkg/prefix_override:/usr/lib/python3/dist-packages/colcon_core/task/python/colcon_distutils_commands:/home/user/ws/urcell_ws/install/image_saver_pkg/lib/python3.10/site-packages:${PYTHONPATH} /usr/bin/python3 -W ignore:setup.py install is deprecated setup.py egg_info --egg-base ../../build/image_saver_pkg build --build-base /home/user/ws/urcell_ws/build/image_saver_pkg/build install --record /home/user/ws/urcell_ws/build/image_saver_pkg/install.log --single-version-externally-managed install_data
[1.503s] running egg_info
[1.504s] writing ../../build/image_saver_pkg/image_saver_pkg.egg-info/PKG-INFO
[1.504s] writing dependency_links to ../../build/image_saver_pkg/image_saver_pkg.egg-info/dependency_links.txt
[1.504s] writing entry points to ../../build/image_saver_pkg/image_saver_pkg.egg-info/entry_points.txt
[1.505s] writing requirements to ../../build/image_saver_pkg/image_saver_pkg.egg-info/requires.txt
[1.505s] writing top-level names to ../../build/image_saver_pkg/image_saver_pkg.egg-info/top_level.txt
[1.510s] reading manifest file '../../build/image_saver_pkg/image_saver_pkg.egg-info/SOURCES.txt'
[1.511s] writing manifest file '../../build/image_saver_pkg/image_saver_pkg.egg-info/SOURCES.txt'
[1.511s] running build
[1.511s] running build_py
[1.511s] running install
[1.512s] running install_lib
[1.514s] running install_data
[1.514s] running install_egg_info
[1.517s] removing '/home/user/ws/urcell_ws/install/image_saver_pkg/lib/python3.10/site-packages/image_saver_pkg-0.0.0-py3.10.egg-info' (and everything under it)
[1.517s] Copying ../../build/image_saver_pkg/image_saver_pkg.egg-info to /home/user/ws/urcell_ws/install/image_saver_pkg/lib/python3.10/site-packages/image_saver_pkg-0.0.0-py3.10.egg-info
[1.518s] running install_scripts
[1.547s] Installing one_shot_image_saver script to /home/user/ws/urcell_ws/install/image_saver_pkg/lib/image_saver_pkg
[1.548s] writing list of installed files to '/home/user/ws/urcell_ws/build/image_saver_pkg/install.log'
[1.585s] Invoked command in '/home/user/ws/urcell_ws/src/image_saver_pkg' returned '0': PYTHONPATH=/home/user/ws/urcell_ws/build/image_saver_pkg/prefix_override:/usr/lib/python3/dist-packages/colcon_core/task/python/colcon_distutils_commands:/home/user/ws/urcell_ws/install/image_saver_pkg/lib/python3.10/site-packages:${PYTHONPATH} /usr/bin/python3 -W ignore:setup.py install is deprecated setup.py egg_info --egg-base ../../build/image_saver_pkg build --build-base /home/user/ws/urcell_ws/build/image_saver_pkg/build install --record /home/user/ws/urcell_ws/build/image_saver_pkg/install.log --single-version-externally-managed install_data
