[0.148s] DEBUG:colcon:Command line arguments: ['/usr/bin/colcon', 'build']
[0.148s] DEBUG:colcon:Parsed command line arguments: Namespace(log_base=None, log_level=None, verb_name='build', build_base='build', install_base='install', merge_install=False, symlink_install=False, test_result_base=None, continue_on_error=False, executor='parallel', parallel_workers=8, event_handlers=None, ignore_user_meta=False, metas=['./colcon.meta'], base_paths=['.'], packages_ignore=None, packages_ignore_regex=None, paths=None, packages_up_to=None, packages_up_to_regex=None, packages_above=None, packages_above_and_dependencies=None, packages_above_depth=None, packages_select_by_dep=None, packages_skip_by_dep=None, packages_skip_up_to=None, packages_select_build_failed=False, packages_skip_build_finished=False, packages_select_test_failures=False, packages_skip_test_passed=False, packages_select=None, packages_skip=None, packages_select_regex=None, packages_skip_regex=None, packages_start=None, packages_end=None, allow_overriding=[], cmake_args=None, cmake_target=None, cmake_target_skip_unavailable=False, cmake_clean_cache=False, cmake_clean_first=False, cmake_force_configure=False, ament_cmake_args=None, catkin_cmake_args=None, catkin_skip_building_tests=False, mixin_files=None, mixin=None, verb_parser=<colcon_mixin.mixin.mixin_argument.MixinArgumentDecorator object at 0x77c016843a30>, verb_extension=<colcon_core.verb.build.BuildVerb object at 0x77c016843460>, main=<bound method BuildVerb.main of <colcon_core.verb.build.BuildVerb object at 0x77c016843460>>, mixin_verb=('build',))
[0.369s] Level 1:colcon.colcon_core.package_discovery:discover_packages(colcon_meta) check parameters
[0.369s] Level 1:colcon.colcon_core.package_discovery:discover_packages(recursive) check parameters
[0.369s] Level 1:colcon.colcon_core.package_discovery:discover_packages(ignore) check parameters
[0.369s] Level 1:colcon.colcon_core.package_discovery:discover_packages(path) check parameters
[0.369s] Level 1:colcon.colcon_core.package_discovery:discover_packages(colcon_meta) discover
[0.369s] Level 1:colcon.colcon_core.package_discovery:discover_packages(recursive) discover
[0.369s] INFO:colcon.colcon_core.package_discovery:Crawling recursively for packages in '/home/user/ws/urcell_ws'
[0.370s] Level 1:colcon.colcon_core.package_identification:_identify(.) by extensions ['ignore', 'ignore_ament_install']
[0.370s] Level 1:colcon.colcon_core.package_identification:_identify(.) by extension 'ignore'
[0.370s] Level 1:colcon.colcon_core.package_identification:_identify(.) by extension 'ignore_ament_install'
[0.370s] Level 1:colcon.colcon_core.package_identification:_identify(.) by extensions ['colcon_pkg']
[0.370s] Level 1:colcon.colcon_core.package_identification:_identify(.) by extension 'colcon_pkg'
[0.370s] Level 1:colcon.colcon_core.package_identification:_identify(.) by extensions ['colcon_meta']
[0.370s] Level 1:colcon.colcon_core.package_identification:_identify(.) by extension 'colcon_meta'
[0.370s] Level 1:colcon.colcon_core.package_identification:_identify(.) by extensions ['ros']
[0.370s] Level 1:colcon.colcon_core.package_identification:_identify(.) by extension 'ros'
[0.384s] Level 1:colcon.colcon_core.package_identification:_identify(.) by extensions ['cmake', 'python']
[0.384s] Level 1:colcon.colcon_core.package_identification:_identify(.) by extension 'cmake'
[0.384s] Level 1:colcon.colcon_core.package_identification:_identify(.) by extension 'python'
[0.384s] Level 1:colcon.colcon_core.package_identification:_identify(.) by extensions ['python_setup_py']
[0.384s] Level 1:colcon.colcon_core.package_identification:_identify(.) by extension 'python_setup_py'
[0.384s] Level 1:colcon.colcon_core.package_identification:_identify(build) by extensions ['ignore', 'ignore_ament_install']
[0.384s] Level 1:colcon.colcon_core.package_identification:_identify(build) by extension 'ignore'
[0.384s] Level 1:colcon.colcon_core.package_identification:_identify(build) ignored
[0.384s] Level 1:colcon.colcon_core.package_identification:_identify(install) by extensions ['ignore', 'ignore_ament_install']
[0.384s] Level 1:colcon.colcon_core.package_identification:_identify(install) by extension 'ignore'
[0.384s] Level 1:colcon.colcon_core.package_identification:_identify(install) ignored
[0.385s] Level 1:colcon.colcon_core.package_identification:_identify(log) by extensions ['ignore', 'ignore_ament_install']
[0.385s] Level 1:colcon.colcon_core.package_identification:_identify(log) by extension 'ignore'
[0.385s] Level 1:colcon.colcon_core.package_identification:_identify(log) ignored
[0.385s] Level 1:colcon.colcon_core.package_identification:_identify(src) by extensions ['ignore', 'ignore_ament_install']
[0.385s] Level 1:colcon.colcon_core.package_identification:_identify(src) by extension 'ignore'
[0.385s] Level 1:colcon.colcon_core.package_identification:_identify(src) by extension 'ignore_ament_install'
[0.385s] Level 1:colcon.colcon_core.package_identification:_identify(src) by extensions ['colcon_pkg']
[0.385s] Level 1:colcon.colcon_core.package_identification:_identify(src) by extension 'colcon_pkg'
[0.385s] Level 1:colcon.colcon_core.package_identification:_identify(src) by extensions ['colcon_meta']
[0.385s] Level 1:colcon.colcon_core.package_identification:_identify(src) by extension 'colcon_meta'
[0.385s] Level 1:colcon.colcon_core.package_identification:_identify(src) by extensions ['ros']
[0.385s] Level 1:colcon.colcon_core.package_identification:_identify(src) by extension 'ros'
[0.385s] Level 1:colcon.colcon_core.package_identification:_identify(src) by extensions ['cmake', 'python']
[0.385s] Level 1:colcon.colcon_core.package_identification:_identify(src) by extension 'cmake'
[0.385s] Level 1:colcon.colcon_core.package_identification:_identify(src) by extension 'python'
[0.385s] Level 1:colcon.colcon_core.package_identification:_identify(src) by extensions ['python_setup_py']
[0.385s] Level 1:colcon.colcon_core.package_identification:_identify(src) by extension 'python_setup_py'
[0.386s] Level 1:colcon.colcon_core.package_identification:_identify(src/image_saver_pkg) by extensions ['ignore', 'ignore_ament_install']
[0.386s] Level 1:colcon.colcon_core.package_identification:_identify(src/image_saver_pkg) by extension 'ignore'
[0.386s] Level 1:colcon.colcon_core.package_identification:_identify(src/image_saver_pkg) by extension 'ignore_ament_install'
[0.386s] Level 1:colcon.colcon_core.package_identification:_identify(src/image_saver_pkg) by extensions ['colcon_pkg']
[0.386s] Level 1:colcon.colcon_core.package_identification:_identify(src/image_saver_pkg) by extension 'colcon_pkg'
[0.386s] Level 1:colcon.colcon_core.package_identification:_identify(src/image_saver_pkg) by extensions ['colcon_meta']
[0.386s] Level 1:colcon.colcon_core.package_identification:_identify(src/image_saver_pkg) by extension 'colcon_meta'
[0.386s] Level 1:colcon.colcon_core.package_identification:_identify(src/image_saver_pkg) by extensions ['ros']
[0.386s] Level 1:colcon.colcon_core.package_identification:_identify(src/image_saver_pkg) by extension 'ros'
[0.390s] DEBUG:colcon.colcon_core.package_identification:Package 'src/image_saver_pkg' with type 'ros.ament_python' and name 'image_saver_pkg'
[0.390s] Level 1:colcon.colcon_core.package_identification:_identify(src/opencv_services) by extensions ['ignore', 'ignore_ament_install']
[0.390s] Level 1:colcon.colcon_core.package_identification:_identify(src/opencv_services) by extension 'ignore'
[0.390s] Level 1:colcon.colcon_core.package_identification:_identify(src/opencv_services) by extension 'ignore_ament_install'
[0.390s] Level 1:colcon.colcon_core.package_identification:_identify(src/opencv_services) by extensions ['colcon_pkg']
[0.390s] Level 1:colcon.colcon_core.package_identification:_identify(src/opencv_services) by extension 'colcon_pkg'
[0.390s] Level 1:colcon.colcon_core.package_identification:_identify(src/opencv_services) by extensions ['colcon_meta']
[0.390s] Level 1:colcon.colcon_core.package_identification:_identify(src/opencv_services) by extension 'colcon_meta'
[0.390s] Level 1:colcon.colcon_core.package_identification:_identify(src/opencv_services) by extensions ['ros']
[0.390s] Level 1:colcon.colcon_core.package_identification:_identify(src/opencv_services) by extension 'ros'
[0.392s] DEBUG:colcon.colcon_core.package_identification:Package 'src/opencv_services' with type 'ros.ament_cmake' and name 'opencv_services'
[0.392s] Level 1:colcon.colcon_core.package_identification:_identify(src/urcell_description) by extensions ['ignore', 'ignore_ament_install']
[0.392s] Level 1:colcon.colcon_core.package_identification:_identify(src/urcell_description) by extension 'ignore'
[0.392s] Level 1:colcon.colcon_core.package_identification:_identify(src/urcell_description) by extension 'ignore_ament_install'
[0.392s] Level 1:colcon.colcon_core.package_identification:_identify(src/urcell_description) by extensions ['colcon_pkg']
[0.392s] Level 1:colcon.colcon_core.package_identification:_identify(src/urcell_description) by extension 'colcon_pkg'
[0.392s] Level 1:colcon.colcon_core.package_identification:_identify(src/urcell_description) by extensions ['colcon_meta']
[0.392s] Level 1:colcon.colcon_core.package_identification:_identify(src/urcell_description) by extension 'colcon_meta'
[0.392s] Level 1:colcon.colcon_core.package_identification:_identify(src/urcell_description) by extensions ['ros']
[0.392s] Level 1:colcon.colcon_core.package_identification:_identify(src/urcell_description) by extension 'ros'
[0.393s] DEBUG:colcon.colcon_core.package_identification:Package 'src/urcell_description' with type 'ros.ament_cmake' and name 'urcell_description'
[0.393s] Level 1:colcon.colcon_core.package_identification:_identify(src/urcell_moveit_config) by extensions ['ignore', 'ignore_ament_install']
[0.393s] Level 1:colcon.colcon_core.package_identification:_identify(src/urcell_moveit_config) by extension 'ignore'
[0.394s] Level 1:colcon.colcon_core.package_identification:_identify(src/urcell_moveit_config) by extension 'ignore_ament_install'
[0.394s] Level 1:colcon.colcon_core.package_identification:_identify(src/urcell_moveit_config) by extensions ['colcon_pkg']
[0.394s] Level 1:colcon.colcon_core.package_identification:_identify(src/urcell_moveit_config) by extension 'colcon_pkg'
[0.394s] Level 1:colcon.colcon_core.package_identification:_identify(src/urcell_moveit_config) by extensions ['colcon_meta']
[0.394s] Level 1:colcon.colcon_core.package_identification:_identify(src/urcell_moveit_config) by extension 'colcon_meta'
[0.394s] Level 1:colcon.colcon_core.package_identification:_identify(src/urcell_moveit_config) by extensions ['ros']
[0.394s] Level 1:colcon.colcon_core.package_identification:_identify(src/urcell_moveit_config) by extension 'ros'
[0.395s] DEBUG:colcon.colcon_core.package_identification:Package 'src/urcell_moveit_config' with type 'ros.ament_cmake' and name 'urcell_moveit_config'
[0.396s] Level 1:colcon.colcon_core.package_identification:_identify(src/urcell_moveit_sim) by extensions ['ignore', 'ignore_ament_install']
[0.396s] Level 1:colcon.colcon_core.package_identification:_identify(src/urcell_moveit_sim) by extension 'ignore'
[0.396s] Level 1:colcon.colcon_core.package_identification:_identify(src/urcell_moveit_sim) by extension 'ignore_ament_install'
[0.396s] Level 1:colcon.colcon_core.package_identification:_identify(src/urcell_moveit_sim) by extensions ['colcon_pkg']
[0.396s] Level 1:colcon.colcon_core.package_identification:_identify(src/urcell_moveit_sim) by extension 'colcon_pkg'
[0.396s] Level 1:colcon.colcon_core.package_identification:_identify(src/urcell_moveit_sim) by extensions ['colcon_meta']
[0.396s] Level 1:colcon.colcon_core.package_identification:_identify(src/urcell_moveit_sim) by extension 'colcon_meta'
[0.396s] Level 1:colcon.colcon_core.package_identification:_identify(src/urcell_moveit_sim) by extensions ['ros']
[0.396s] Level 1:colcon.colcon_core.package_identification:_identify(src/urcell_moveit_sim) by extension 'ros'
[0.398s] DEBUG:colcon.colcon_core.package_identification:Package 'src/urcell_moveit_sim' with type 'ros.ament_cmake' and name 'urcell_moveit_sim'
[0.399s] Level 1:colcon.colcon_core.package_identification:_identify(src/urcell_sim) by extensions ['ignore', 'ignore_ament_install']
[0.399s] Level 1:colcon.colcon_core.package_identification:_identify(src/urcell_sim) by extension 'ignore'
[0.399s] Level 1:colcon.colcon_core.package_identification:_identify(src/urcell_sim) by extension 'ignore_ament_install'
[0.399s] Level 1:colcon.colcon_core.package_identification:_identify(src/urcell_sim) by extensions ['colcon_pkg']
[0.399s] Level 1:colcon.colcon_core.package_identification:_identify(src/urcell_sim) by extension 'colcon_pkg'
[0.399s] Level 1:colcon.colcon_core.package_identification:_identify(src/urcell_sim) by extensions ['colcon_meta']
[0.399s] Level 1:colcon.colcon_core.package_identification:_identify(src/urcell_sim) by extension 'colcon_meta'
[0.400s] Level 1:colcon.colcon_core.package_identification:_identify(src/urcell_sim) by extensions ['ros']
[0.400s] Level 1:colcon.colcon_core.package_identification:_identify(src/urcell_sim) by extension 'ros'
[0.401s] DEBUG:colcon.colcon_core.package_identification:Package 'src/urcell_sim' with type 'ros.ament_cmake' and name 'urcell_sim'
[0.402s] Level 1:colcon.colcon_core.package_identification:_identify(src/yolobot_recognition) by extensions ['ignore', 'ignore_ament_install']
[0.402s] Level 1:colcon.colcon_core.package_identification:_identify(src/yolobot_recognition) by extension 'ignore'
[0.402s] Level 1:colcon.colcon_core.package_identification:_identify(src/yolobot_recognition) by extension 'ignore_ament_install'
[0.402s] Level 1:colcon.colcon_core.package_identification:_identify(src/yolobot_recognition) by extensions ['colcon_pkg']
[0.402s] Level 1:colcon.colcon_core.package_identification:_identify(src/yolobot_recognition) by extension 'colcon_pkg'
[0.402s] Level 1:colcon.colcon_core.package_identification:_identify(src/yolobot_recognition) by extensions ['colcon_meta']
[0.402s] Level 1:colcon.colcon_core.package_identification:_identify(src/yolobot_recognition) by extension 'colcon_meta'
[0.402s] Level 1:colcon.colcon_core.package_identification:_identify(src/yolobot_recognition) by extensions ['ros']
[0.402s] Level 1:colcon.colcon_core.package_identification:_identify(src/yolobot_recognition) by extension 'ros'
[0.403s] DEBUG:colcon.colcon_core.package_identification:Package 'src/yolobot_recognition' with type 'ros.ament_cmake' and name 'yolobot_recognition'
[0.403s] Level 1:colcon.colcon_core.package_identification:_identify(src/yolov8_msgs) by extensions ['ignore', 'ignore_ament_install']
[0.403s] Level 1:colcon.colcon_core.package_identification:_identify(src/yolov8_msgs) by extension 'ignore'
[0.403s] Level 1:colcon.colcon_core.package_identification:_identify(src/yolov8_msgs) by extension 'ignore_ament_install'
[0.403s] Level 1:colcon.colcon_core.package_identification:_identify(src/yolov8_msgs) by extensions ['colcon_pkg']
[0.403s] Level 1:colcon.colcon_core.package_identification:_identify(src/yolov8_msgs) by extension 'colcon_pkg'
[0.403s] Level 1:colcon.colcon_core.package_identification:_identify(src/yolov8_msgs) by extensions ['colcon_meta']
[0.403s] Level 1:colcon.colcon_core.package_identification:_identify(src/yolov8_msgs) by extension 'colcon_meta'
[0.403s] Level 1:colcon.colcon_core.package_identification:_identify(src/yolov8_msgs) by extensions ['ros']
[0.403s] Level 1:colcon.colcon_core.package_identification:_identify(src/yolov8_msgs) by extension 'ros'
[0.404s] DEBUG:colcon.colcon_core.package_identification:Package 'src/yolov8_msgs' with type 'ros.ament_cmake' and name 'yolov8_msgs'
[0.404s] Level 1:colcon.colcon_core.package_identification:_identify(~ws) by extensions ['ignore', 'ignore_ament_install']
[0.404s] Level 1:colcon.colcon_core.package_identification:_identify(~ws) by extension 'ignore'
[0.404s] Level 1:colcon.colcon_core.package_identification:_identify(~ws) by extension 'ignore_ament_install'
[0.404s] Level 1:colcon.colcon_core.package_identification:_identify(~ws) by extensions ['colcon_pkg']
[0.404s] Level 1:colcon.colcon_core.package_identification:_identify(~ws) by extension 'colcon_pkg'
[0.404s] Level 1:colcon.colcon_core.package_identification:_identify(~ws) by extensions ['colcon_meta']
[0.404s] Level 1:colcon.colcon_core.package_identification:_identify(~ws) by extension 'colcon_meta'
[0.404s] Level 1:colcon.colcon_core.package_identification:_identify(~ws) by extensions ['ros']
[0.404s] Level 1:colcon.colcon_core.package_identification:_identify(~ws) by extension 'ros'
[0.404s] Level 1:colcon.colcon_core.package_identification:_identify(~ws) by extensions ['cmake', 'python']
[0.404s] Level 1:colcon.colcon_core.package_identification:_identify(~ws) by extension 'cmake'
[0.405s] Level 1:colcon.colcon_core.package_identification:_identify(~ws) by extension 'python'
[0.405s] Level 1:colcon.colcon_core.package_identification:_identify(~ws) by extensions ['python_setup_py']
[0.405s] Level 1:colcon.colcon_core.package_identification:_identify(~ws) by extension 'python_setup_py'
[0.405s] Level 1:colcon.colcon_core.package_identification:_identify(~ws/urcell_ws) by extensions ['ignore', 'ignore_ament_install']
[0.405s] Level 1:colcon.colcon_core.package_identification:_identify(~ws/urcell_ws) by extension 'ignore'
[0.405s] Level 1:colcon.colcon_core.package_identification:_identify(~ws/urcell_ws) by extension 'ignore_ament_install'
[0.405s] Level 1:colcon.colcon_core.package_identification:_identify(~ws/urcell_ws) by extensions ['colcon_pkg']
[0.405s] Level 1:colcon.colcon_core.package_identification:_identify(~ws/urcell_ws) by extension 'colcon_pkg'
[0.405s] Level 1:colcon.colcon_core.package_identification:_identify(~ws/urcell_ws) by extensions ['colcon_meta']
[0.405s] Level 1:colcon.colcon_core.package_identification:_identify(~ws/urcell_ws) by extension 'colcon_meta'
[0.405s] Level 1:colcon.colcon_core.package_identification:_identify(~ws/urcell_ws) by extensions ['ros']
[0.405s] Level 1:colcon.colcon_core.package_identification:_identify(~ws/urcell_ws) by extension 'ros'
[0.405s] Level 1:colcon.colcon_core.package_identification:_identify(~ws/urcell_ws) by extensions ['cmake', 'python']
[0.405s] Level 1:colcon.colcon_core.package_identification:_identify(~ws/urcell_ws) by extension 'cmake'
[0.405s] Level 1:colcon.colcon_core.package_identification:_identify(~ws/urcell_ws) by extension 'python'
[0.405s] Level 1:colcon.colcon_core.package_identification:_identify(~ws/urcell_ws) by extensions ['python_setup_py']
[0.405s] Level 1:colcon.colcon_core.package_identification:_identify(~ws/urcell_ws) by extension 'python_setup_py'
[0.405s] Level 1:colcon.colcon_core.package_identification:_identify(~ws/urcell_ws/src) by extensions ['ignore', 'ignore_ament_install']
[0.405s] Level 1:colcon.colcon_core.package_identification:_identify(~ws/urcell_ws/src) by extension 'ignore'
[0.405s] Level 1:colcon.colcon_core.package_identification:_identify(~ws/urcell_ws/src) by extension 'ignore_ament_install'
[0.406s] Level 1:colcon.colcon_core.package_identification:_identify(~ws/urcell_ws/src) by extensions ['colcon_pkg']
[0.406s] Level 1:colcon.colcon_core.package_identification:_identify(~ws/urcell_ws/src) by extension 'colcon_pkg'
[0.406s] Level 1:colcon.colcon_core.package_identification:_identify(~ws/urcell_ws/src) by extensions ['colcon_meta']
[0.406s] Level 1:colcon.colcon_core.package_identification:_identify(~ws/urcell_ws/src) by extension 'colcon_meta'
[0.406s] Level 1:colcon.colcon_core.package_identification:_identify(~ws/urcell_ws/src) by extensions ['ros']
[0.406s] Level 1:colcon.colcon_core.package_identification:_identify(~ws/urcell_ws/src) by extension 'ros'
[0.406s] Level 1:colcon.colcon_core.package_identification:_identify(~ws/urcell_ws/src) by extensions ['cmake', 'python']
[0.406s] Level 1:colcon.colcon_core.package_identification:_identify(~ws/urcell_ws/src) by extension 'cmake'
[0.406s] Level 1:colcon.colcon_core.package_identification:_identify(~ws/urcell_ws/src) by extension 'python'
[0.406s] Level 1:colcon.colcon_core.package_identification:_identify(~ws/urcell_ws/src) by extensions ['python_setup_py']
[0.406s] Level 1:colcon.colcon_core.package_identification:_identify(~ws/urcell_ws/src) by extension 'python_setup_py'
[0.406s] Level 1:colcon.colcon_core.package_identification:_identify(~ws/urcell_ws/src/yolobot_recognition) by extensions ['ignore', 'ignore_ament_install']
[0.406s] Level 1:colcon.colcon_core.package_identification:_identify(~ws/urcell_ws/src/yolobot_recognition) by extension 'ignore'
[0.406s] Level 1:colcon.colcon_core.package_identification:_identify(~ws/urcell_ws/src/yolobot_recognition) by extension 'ignore_ament_install'
[0.406s] Level 1:colcon.colcon_core.package_identification:_identify(~ws/urcell_ws/src/yolobot_recognition) by extensions ['colcon_pkg']
[0.406s] Level 1:colcon.colcon_core.package_identification:_identify(~ws/urcell_ws/src/yolobot_recognition) by extension 'colcon_pkg'
[0.406s] Level 1:colcon.colcon_core.package_identification:_identify(~ws/urcell_ws/src/yolobot_recognition) by extensions ['colcon_meta']
[0.406s] Level 1:colcon.colcon_core.package_identification:_identify(~ws/urcell_ws/src/yolobot_recognition) by extension 'colcon_meta'
[0.406s] Level 1:colcon.colcon_core.package_identification:_identify(~ws/urcell_ws/src/yolobot_recognition) by extensions ['ros']
[0.406s] Level 1:colcon.colcon_core.package_identification:_identify(~ws/urcell_ws/src/yolobot_recognition) by extension 'ros'
[0.406s] Level 1:colcon.colcon_core.package_identification:_identify(~ws/urcell_ws/src/yolobot_recognition) by extensions ['cmake', 'python']
[0.407s] Level 1:colcon.colcon_core.package_identification:_identify(~ws/urcell_ws/src/yolobot_recognition) by extension 'cmake'
[0.407s] Level 1:colcon.colcon_core.package_identification:_identify(~ws/urcell_ws/src/yolobot_recognition) by extension 'python'
[0.407s] Level 1:colcon.colcon_core.package_identification:_identify(~ws/urcell_ws/src/yolobot_recognition) by extensions ['python_setup_py']
[0.407s] Level 1:colcon.colcon_core.package_identification:_identify(~ws/urcell_ws/src/yolobot_recognition) by extension 'python_setup_py'
[0.407s] Level 1:colcon.colcon_core.package_identification:_identify(~ws/urcell_ws/src/yolobot_recognition/scripts) by extensions ['ignore', 'ignore_ament_install']
[0.407s] Level 1:colcon.colcon_core.package_identification:_identify(~ws/urcell_ws/src/yolobot_recognition/scripts) by extension 'ignore'
[0.407s] Level 1:colcon.colcon_core.package_identification:_identify(~ws/urcell_ws/src/yolobot_recognition/scripts) by extension 'ignore_ament_install'
[0.407s] Level 1:colcon.colcon_core.package_identification:_identify(~ws/urcell_ws/src/yolobot_recognition/scripts) by extensions ['colcon_pkg']
[0.407s] Level 1:colcon.colcon_core.package_identification:_identify(~ws/urcell_ws/src/yolobot_recognition/scripts) by extension 'colcon_pkg'
[0.407s] Level 1:colcon.colcon_core.package_identification:_identify(~ws/urcell_ws/src/yolobot_recognition/scripts) by extensions ['colcon_meta']
[0.407s] Level 1:colcon.colcon_core.package_identification:_identify(~ws/urcell_ws/src/yolobot_recognition/scripts) by extension 'colcon_meta'
[0.407s] Level 1:colcon.colcon_core.package_identification:_identify(~ws/urcell_ws/src/yolobot_recognition/scripts) by extensions ['ros']
[0.407s] Level 1:colcon.colcon_core.package_identification:_identify(~ws/urcell_ws/src/yolobot_recognition/scripts) by extension 'ros'
[0.407s] Level 1:colcon.colcon_core.package_identification:_identify(~ws/urcell_ws/src/yolobot_recognition/scripts) by extensions ['cmake', 'python']
[0.407s] Level 1:colcon.colcon_core.package_identification:_identify(~ws/urcell_ws/src/yolobot_recognition/scripts) by extension 'cmake'
[0.407s] Level 1:colcon.colcon_core.package_identification:_identify(~ws/urcell_ws/src/yolobot_recognition/scripts) by extension 'python'
[0.407s] Level 1:colcon.colcon_core.package_identification:_identify(~ws/urcell_ws/src/yolobot_recognition/scripts) by extensions ['python_setup_py']
[0.407s] Level 1:colcon.colcon_core.package_identification:_identify(~ws/urcell_ws/src/yolobot_recognition/scripts) by extension 'python_setup_py'
[0.407s] Level 1:colcon.colcon_core.package_discovery:discover_packages(recursive) using defaults
[0.407s] Level 1:colcon.colcon_core.package_discovery:discover_packages(ignore) discover
[0.407s] Level 1:colcon.colcon_core.package_discovery:discover_packages(ignore) using defaults
[0.407s] Level 1:colcon.colcon_core.package_discovery:discover_packages(path) discover
[0.407s] Level 1:colcon.colcon_core.package_discovery:discover_packages(path) using defaults
[0.447s] Level 1:colcon.colcon_core.package_discovery:discover_packages(prefix_path) check parameters
[0.447s] Level 1:colcon.colcon_core.package_discovery:discover_packages(prefix_path) discover
[0.450s] DEBUG:colcon.colcon_installed_package_information.package_discovery:Found 8 installed packages in /home/user/ws/urcell_ws/install
[0.452s] DEBUG:colcon.colcon_installed_package_information.package_discovery:Found 388 installed packages in /opt/ros/humble
[0.454s] Level 1:colcon.colcon_core.package_discovery:discover_packages(prefix_path) using defaults
[0.527s] Level 5:colcon.colcon_core.verb:set package 'image_saver_pkg' build argument 'cmake_args' from command line to 'None'
[0.527s] Level 5:colcon.colcon_core.verb:set package 'image_saver_pkg' build argument 'cmake_target' from command line to 'None'
[0.527s] Level 5:colcon.colcon_core.verb:set package 'image_saver_pkg' build argument 'cmake_target_skip_unavailable' from command line to 'False'
[0.527s] Level 5:colcon.colcon_core.verb:set package 'image_saver_pkg' build argument 'cmake_clean_cache' from command line to 'False'
[0.527s] Level 5:colcon.colcon_core.verb:set package 'image_saver_pkg' build argument 'cmake_clean_first' from command line to 'False'
[0.527s] Level 5:colcon.colcon_core.verb:set package 'image_saver_pkg' build argument 'cmake_force_configure' from command line to 'False'
[0.527s] Level 5:colcon.colcon_core.verb:set package 'image_saver_pkg' build argument 'ament_cmake_args' from command line to 'None'
[0.527s] Level 5:colcon.colcon_core.verb:set package 'image_saver_pkg' build argument 'catkin_cmake_args' from command line to 'None'
[0.527s] Level 5:colcon.colcon_core.verb:set package 'image_saver_pkg' build argument 'catkin_skip_building_tests' from command line to 'False'
[0.527s] DEBUG:colcon.colcon_core.verb:Building package 'image_saver_pkg' with the following arguments: {'ament_cmake_args': None, 'build_base': '/home/user/ws/urcell_ws/build/image_saver_pkg', 'catkin_cmake_args': None, 'catkin_skip_building_tests': False, 'cmake_args': None, 'cmake_clean_cache': False, 'cmake_clean_first': False, 'cmake_force_configure': False, 'cmake_target': None, 'cmake_target_skip_unavailable': False, 'install_base': '/home/user/ws/urcell_ws/install/image_saver_pkg', 'merge_install': False, 'path': '/home/user/ws/urcell_ws/src/image_saver_pkg', 'symlink_install': False, 'test_result_base': None}
[0.527s] Level 5:colcon.colcon_core.verb:set package 'urcell_description' build argument 'cmake_args' from command line to 'None'
[0.527s] Level 5:colcon.colcon_core.verb:set package 'urcell_description' build argument 'cmake_target' from command line to 'None'
[0.528s] Level 5:colcon.colcon_core.verb:set package 'urcell_description' build argument 'cmake_target_skip_unavailable' from command line to 'False'
[0.528s] Level 5:colcon.colcon_core.verb:set package 'urcell_description' build argument 'cmake_clean_cache' from command line to 'False'
[0.528s] Level 5:colcon.colcon_core.verb:set package 'urcell_description' build argument 'cmake_clean_first' from command line to 'False'
[0.528s] Level 5:colcon.colcon_core.verb:set package 'urcell_description' build argument 'cmake_force_configure' from command line to 'False'
[0.528s] Level 5:colcon.colcon_core.verb:set package 'urcell_description' build argument 'ament_cmake_args' from command line to 'None'
[0.528s] Level 5:colcon.colcon_core.verb:set package 'urcell_description' build argument 'catkin_cmake_args' from command line to 'None'
[0.528s] Level 5:colcon.colcon_core.verb:set package 'urcell_description' build argument 'catkin_skip_building_tests' from command line to 'False'
[0.528s] DEBUG:colcon.colcon_core.verb:Building package 'urcell_description' with the following arguments: {'ament_cmake_args': None, 'build_base': '/home/user/ws/urcell_ws/build/urcell_description', 'catkin_cmake_args': None, 'catkin_skip_building_tests': False, 'cmake_args': None, 'cmake_clean_cache': False, 'cmake_clean_first': False, 'cmake_force_configure': False, 'cmake_target': None, 'cmake_target_skip_unavailable': False, 'install_base': '/home/user/ws/urcell_ws/install/urcell_description', 'merge_install': False, 'path': '/home/user/ws/urcell_ws/src/urcell_description', 'symlink_install': False, 'test_result_base': None}
[0.528s] Level 5:colcon.colcon_core.verb:set package 'urcell_moveit_sim' build argument 'cmake_args' from command line to 'None'
[0.528s] Level 5:colcon.colcon_core.verb:set package 'urcell_moveit_sim' build argument 'cmake_target' from command line to 'None'
[0.528s] Level 5:colcon.colcon_core.verb:set package 'urcell_moveit_sim' build argument 'cmake_target_skip_unavailable' from command line to 'False'
[0.528s] Level 5:colcon.colcon_core.verb:set package 'urcell_moveit_sim' build argument 'cmake_clean_cache' from command line to 'False'
[0.528s] Level 5:colcon.colcon_core.verb:set package 'urcell_moveit_sim' build argument 'cmake_clean_first' from command line to 'False'
[0.528s] Level 5:colcon.colcon_core.verb:set package 'urcell_moveit_sim' build argument 'cmake_force_configure' from command line to 'False'
[0.528s] Level 5:colcon.colcon_core.verb:set package 'urcell_moveit_sim' build argument 'ament_cmake_args' from command line to 'None'
[0.529s] Level 5:colcon.colcon_core.verb:set package 'urcell_moveit_sim' build argument 'catkin_cmake_args' from command line to 'None'
[0.529s] Level 5:colcon.colcon_core.verb:set package 'urcell_moveit_sim' build argument 'catkin_skip_building_tests' from command line to 'False'
[0.529s] DEBUG:colcon.colcon_core.verb:Building package 'urcell_moveit_sim' with the following arguments: {'ament_cmake_args': None, 'build_base': '/home/user/ws/urcell_ws/build/urcell_moveit_sim', 'catkin_cmake_args': None, 'catkin_skip_building_tests': False, 'cmake_args': None, 'cmake_clean_cache': False, 'cmake_clean_first': False, 'cmake_force_configure': False, 'cmake_target': None, 'cmake_target_skip_unavailable': False, 'install_base': '/home/user/ws/urcell_ws/install/urcell_moveit_sim', 'merge_install': False, 'path': '/home/user/ws/urcell_ws/src/urcell_moveit_sim', 'symlink_install': False, 'test_result_base': None}
[0.529s] Level 5:colcon.colcon_core.verb:set package 'urcell_sim' build argument 'cmake_args' from command line to 'None'
[0.529s] Level 5:colcon.colcon_core.verb:set package 'urcell_sim' build argument 'cmake_target' from command line to 'None'
[0.529s] Level 5:colcon.colcon_core.verb:set package 'urcell_sim' build argument 'cmake_target_skip_unavailable' from command line to 'False'
[0.529s] Level 5:colcon.colcon_core.verb:set package 'urcell_sim' build argument 'cmake_clean_cache' from command line to 'False'
[0.529s] Level 5:colcon.colcon_core.verb:set package 'urcell_sim' build argument 'cmake_clean_first' from command line to 'False'
[0.529s] Level 5:colcon.colcon_core.verb:set package 'urcell_sim' build argument 'cmake_force_configure' from command line to 'False'
[0.529s] Level 5:colcon.colcon_core.verb:set package 'urcell_sim' build argument 'ament_cmake_args' from command line to 'None'
[0.529s] Level 5:colcon.colcon_core.verb:set package 'urcell_sim' build argument 'catkin_cmake_args' from command line to 'None'
[0.529s] Level 5:colcon.colcon_core.verb:set package 'urcell_sim' build argument 'catkin_skip_building_tests' from command line to 'False'
[0.529s] DEBUG:colcon.colcon_core.verb:Building package 'urcell_sim' with the following arguments: {'ament_cmake_args': None, 'build_base': '/home/user/ws/urcell_ws/build/urcell_sim', 'catkin_cmake_args': None, 'catkin_skip_building_tests': False, 'cmake_args': None, 'cmake_clean_cache': False, 'cmake_clean_first': False, 'cmake_force_configure': False, 'cmake_target': None, 'cmake_target_skip_unavailable': False, 'install_base': '/home/user/ws/urcell_ws/install/urcell_sim', 'merge_install': False, 'path': '/home/user/ws/urcell_ws/src/urcell_sim', 'symlink_install': False, 'test_result_base': None}
[0.530s] Level 5:colcon.colcon_core.verb:set package 'yolobot_recognition' build argument 'cmake_args' from command line to 'None'
[0.530s] Level 5:colcon.colcon_core.verb:set package 'yolobot_recognition' build argument 'cmake_target' from command line to 'None'
[0.530s] Level 5:colcon.colcon_core.verb:set package 'yolobot_recognition' build argument 'cmake_target_skip_unavailable' from command line to 'False'
[0.530s] Level 5:colcon.colcon_core.verb:set package 'yolobot_recognition' build argument 'cmake_clean_cache' from command line to 'False'
[0.530s] Level 5:colcon.colcon_core.verb:set package 'yolobot_recognition' build argument 'cmake_clean_first' from command line to 'False'
[0.530s] Level 5:colcon.colcon_core.verb:set package 'yolobot_recognition' build argument 'cmake_force_configure' from command line to 'False'
[0.530s] Level 5:colcon.colcon_core.verb:set package 'yolobot_recognition' build argument 'ament_cmake_args' from command line to 'None'
[0.530s] Level 5:colcon.colcon_core.verb:set package 'yolobot_recognition' build argument 'catkin_cmake_args' from command line to 'None'
[0.530s] Level 5:colcon.colcon_core.verb:set package 'yolobot_recognition' build argument 'catkin_skip_building_tests' from command line to 'False'
[0.530s] DEBUG:colcon.colcon_core.verb:Building package 'yolobot_recognition' with the following arguments: {'ament_cmake_args': None, 'build_base': '/home/user/ws/urcell_ws/build/yolobot_recognition', 'catkin_cmake_args': None, 'catkin_skip_building_tests': False, 'cmake_args': None, 'cmake_clean_cache': False, 'cmake_clean_first': False, 'cmake_force_configure': False, 'cmake_target': None, 'cmake_target_skip_unavailable': False, 'install_base': '/home/user/ws/urcell_ws/install/yolobot_recognition', 'merge_install': False, 'path': '/home/user/ws/urcell_ws/src/yolobot_recognition', 'symlink_install': False, 'test_result_base': None}
[0.530s] Level 5:colcon.colcon_core.verb:set package 'yolov8_msgs' build argument 'cmake_args' from command line to 'None'
[0.530s] Level 5:colcon.colcon_core.verb:set package 'yolov8_msgs' build argument 'cmake_target' from command line to 'None'
[0.530s] Level 5:colcon.colcon_core.verb:set package 'yolov8_msgs' build argument 'cmake_target_skip_unavailable' from command line to 'False'
[0.530s] Level 5:colcon.colcon_core.verb:set package 'yolov8_msgs' build argument 'cmake_clean_cache' from command line to 'False'
[0.530s] Level 5:colcon.colcon_core.verb:set package 'yolov8_msgs' build argument 'cmake_clean_first' from command line to 'False'
[0.530s] Level 5:colcon.colcon_core.verb:set package 'yolov8_msgs' build argument 'cmake_force_configure' from command line to 'False'
[0.530s] Level 5:colcon.colcon_core.verb:set package 'yolov8_msgs' build argument 'ament_cmake_args' from command line to 'None'
[0.530s] Level 5:colcon.colcon_core.verb:set package 'yolov8_msgs' build argument 'catkin_cmake_args' from command line to 'None'
[0.530s] Level 5:colcon.colcon_core.verb:set package 'yolov8_msgs' build argument 'catkin_skip_building_tests' from command line to 'False'
[0.531s] DEBUG:colcon.colcon_core.verb:Building package 'yolov8_msgs' with the following arguments: {'ament_cmake_args': None, 'build_base': '/home/user/ws/urcell_ws/build/yolov8_msgs', 'catkin_cmake_args': None, 'catkin_skip_building_tests': False, 'cmake_args': None, 'cmake_clean_cache': False, 'cmake_clean_first': False, 'cmake_force_configure': False, 'cmake_target': None, 'cmake_target_skip_unavailable': False, 'install_base': '/home/user/ws/urcell_ws/install/yolov8_msgs', 'merge_install': False, 'path': '/home/user/ws/urcell_ws/src/yolov8_msgs', 'symlink_install': False, 'test_result_base': None}
[0.531s] Level 5:colcon.colcon_core.verb:set package 'opencv_services' build argument 'cmake_args' from command line to 'None'
[0.531s] Level 5:colcon.colcon_core.verb:set package 'opencv_services' build argument 'cmake_target' from command line to 'None'
[0.531s] Level 5:colcon.colcon_core.verb:set package 'opencv_services' build argument 'cmake_target_skip_unavailable' from command line to 'False'
[0.531s] Level 5:colcon.colcon_core.verb:set package 'opencv_services' build argument 'cmake_clean_cache' from command line to 'False'
[0.531s] Level 5:colcon.colcon_core.verb:set package 'opencv_services' build argument 'cmake_clean_first' from command line to 'False'
[0.531s] Level 5:colcon.colcon_core.verb:set package 'opencv_services' build argument 'cmake_force_configure' from command line to 'False'
[0.531s] Level 5:colcon.colcon_core.verb:set package 'opencv_services' build argument 'ament_cmake_args' from command line to 'None'
[0.531s] Level 5:colcon.colcon_core.verb:set package 'opencv_services' build argument 'catkin_cmake_args' from command line to 'None'
[0.531s] Level 5:colcon.colcon_core.verb:set package 'opencv_services' build argument 'catkin_skip_building_tests' from command line to 'False'
[0.531s] DEBUG:colcon.colcon_core.verb:Building package 'opencv_services' with the following arguments: {'ament_cmake_args': None, 'build_base': '/home/user/ws/urcell_ws/build/opencv_services', 'catkin_cmake_args': None, 'catkin_skip_building_tests': False, 'cmake_args': None, 'cmake_clean_cache': False, 'cmake_clean_first': False, 'cmake_force_configure': False, 'cmake_target': None, 'cmake_target_skip_unavailable': False, 'install_base': '/home/user/ws/urcell_ws/install/opencv_services', 'merge_install': False, 'path': '/home/user/ws/urcell_ws/src/opencv_services', 'symlink_install': False, 'test_result_base': None}
[0.531s] Level 5:colcon.colcon_core.verb:set package 'urcell_moveit_config' build argument 'cmake_args' from command line to 'None'
[0.531s] Level 5:colcon.colcon_core.verb:set package 'urcell_moveit_config' build argument 'cmake_target' from command line to 'None'
[0.532s] Level 5:colcon.colcon_core.verb:set package 'urcell_moveit_config' build argument 'cmake_target_skip_unavailable' from command line to 'False'
[0.532s] Level 5:colcon.colcon_core.verb:set package 'urcell_moveit_config' build argument 'cmake_clean_cache' from command line to 'False'
[0.532s] Level 5:colcon.colcon_core.verb:set package 'urcell_moveit_config' build argument 'cmake_clean_first' from command line to 'False'
[0.532s] Level 5:colcon.colcon_core.verb:set package 'urcell_moveit_config' build argument 'cmake_force_configure' from command line to 'False'
[0.532s] Level 5:colcon.colcon_core.verb:set package 'urcell_moveit_config' build argument 'ament_cmake_args' from command line to 'None'
[0.532s] Level 5:colcon.colcon_core.verb:set package 'urcell_moveit_config' build argument 'catkin_cmake_args' from command line to 'None'
[0.532s] Level 5:colcon.colcon_core.verb:set package 'urcell_moveit_config' build argument 'catkin_skip_building_tests' from command line to 'False'
[0.532s] DEBUG:colcon.colcon_core.verb:Building package 'urcell_moveit_config' with the following arguments: {'ament_cmake_args': None, 'build_base': '/home/user/ws/urcell_ws/build/urcell_moveit_config', 'catkin_cmake_args': None, 'catkin_skip_building_tests': False, 'cmake_args': None, 'cmake_clean_cache': False, 'cmake_clean_first': False, 'cmake_force_configure': False, 'cmake_target': None, 'cmake_target_skip_unavailable': False, 'install_base': '/home/user/ws/urcell_ws/install/urcell_moveit_config', 'merge_install': False, 'path': '/home/user/ws/urcell_ws/src/urcell_moveit_config', 'symlink_install': False, 'test_result_base': None}
[0.532s] INFO:colcon.colcon_core.executor:Executing jobs using 'parallel' executor
[0.533s] DEBUG:colcon.colcon_parallel_executor.executor.parallel:run_until_complete
[0.533s] INFO:colcon.colcon_ros.task.ament_cmake.build:Building ROS package in '/home/user/ws/urcell_ws/src/urcell_description' with build type 'ament_cmake'
[0.534s] INFO:colcon.colcon_cmake.task.cmake.build:Building CMake package in '/home/user/ws/urcell_ws/src/urcell_description'
[0.536s] INFO:colcon.colcon_core.plugin_system:Skipping extension 'colcon_core.shell.bat': Not used on non-Windows systems
[0.536s] INFO:colcon.colcon_core.shell:Skip shell extension 'powershell' for command environment: Not usable outside of PowerShell
[0.536s] DEBUG:colcon.colcon_core.shell:Skip shell extension 'dsv' for command environment
[0.541s] INFO:colcon.colcon_ros.task.ament_cmake.build:Building ROS package in '/home/user/ws/urcell_ws/src/yolov8_msgs' with build type 'ament_cmake'
[0.541s] INFO:colcon.colcon_cmake.task.cmake.build:Building CMake package in '/home/user/ws/urcell_ws/src/yolov8_msgs'
[0.541s] INFO:colcon.colcon_core.shell:Skip shell extension 'powershell' for command environment: Not usable outside of PowerShell
[0.541s] DEBUG:colcon.colcon_core.shell:Skip shell extension 'dsv' for command environment
[0.546s] INFO:colcon.colcon_ros.task.ament_python.build:Building ROS package in '/home/user/ws/urcell_ws/src/image_saver_pkg' with build type 'ament_python'
[0.546s] Level 1:colcon.colcon_core.shell:create_environment_hook('image_saver_pkg', 'ament_prefix_path')
[0.547s] INFO:colcon.colcon_core.shell:Creating environment hook '/home/user/ws/urcell_ws/install/image_saver_pkg/share/image_saver_pkg/hook/ament_prefix_path.ps1'
[0.548s] INFO:colcon.colcon_core.shell:Creating environment descriptor '/home/user/ws/urcell_ws/install/image_saver_pkg/share/image_saver_pkg/hook/ament_prefix_path.dsv'
[0.549s] INFO:colcon.colcon_core.shell:Creating environment hook '/home/user/ws/urcell_ws/install/image_saver_pkg/share/image_saver_pkg/hook/ament_prefix_path.sh'
[0.550s] INFO:colcon.colcon_core.shell:Skip shell extension 'powershell' for command environment: Not usable outside of PowerShell
[0.550s] DEBUG:colcon.colcon_core.shell:Skip shell extension 'dsv' for command environment
[0.556s] INFO:colcon.colcon_ros.task.ament_cmake.build:Building ROS package in '/home/user/ws/urcell_ws/src/urcell_moveit_sim' with build type 'ament_cmake'
[0.556s] INFO:colcon.colcon_cmake.task.cmake.build:Building CMake package in '/home/user/ws/urcell_ws/src/urcell_moveit_sim'
[0.556s] INFO:colcon.colcon_core.shell:Skip shell extension 'powershell' for command environment: Not usable outside of PowerShell
[0.556s] DEBUG:colcon.colcon_core.shell:Skip shell extension 'dsv' for command environment
[0.562s] INFO:colcon.colcon_ros.task.ament_cmake.build:Building ROS package in '/home/user/ws/urcell_ws/src/urcell_sim' with build type 'ament_cmake'
[0.563s] INFO:colcon.colcon_cmake.task.cmake.build:Building CMake package in '/home/user/ws/urcell_ws/src/urcell_sim'
[0.563s] INFO:colcon.colcon_core.shell:Skip shell extension 'powershell' for command environment: Not usable outside of PowerShell
[0.563s] DEBUG:colcon.colcon_core.shell:Skip shell extension 'dsv' for command environment
[0.569s] INFO:colcon.colcon_ros.task.ament_cmake.build:Building ROS package in '/home/user/ws/urcell_ws/src/yolobot_recognition' with build type 'ament_cmake'
[0.569s] INFO:colcon.colcon_cmake.task.cmake.build:Building CMake package in '/home/user/ws/urcell_ws/src/yolobot_recognition'
[0.570s] INFO:colcon.colcon_core.shell:Skip shell extension 'powershell' for command environment: Not usable outside of PowerShell
[0.570s] DEBUG:colcon.colcon_core.shell:Skip shell extension 'dsv' for command environment
[0.583s] DEBUG:colcon.colcon_core.event_handler.log_command:Invoking command in '/home/user/ws/urcell_ws/build/urcell_description': CMAKE_PREFIX_PATH=${CMAKE_PREFIX_PATH}:/home/user/ws/urcell_ws/install/image_saver_pkg:/opt/ros/humble /usr/bin/cmake --build /home/user/ws/urcell_ws/build/urcell_description -- -j8 -l8
[0.589s] DEBUG:colcon.colcon_core.event_handler.log_command:Invoking command in '/home/user/ws/urcell_ws/build/yolov8_msgs': CMAKE_PREFIX_PATH=${CMAKE_PREFIX_PATH}:/home/user/ws/urcell_ws/install/image_saver_pkg:/opt/ros/humble /usr/bin/cmake --build /home/user/ws/urcell_ws/build/yolov8_msgs -- -j8 -l8
[0.997s] INFO:colcon.colcon_core.task.python.build:Building Python package in '/home/user/ws/urcell_ws/src/image_saver_pkg'
[0.997s] INFO:colcon.colcon_core.shell:Skip shell extension 'powershell' for command environment: Not usable outside of PowerShell
[0.997s] DEBUG:colcon.colcon_core.shell:Skip shell extension 'dsv' for command environment
[1.010s] DEBUG:colcon.colcon_core.event_handler.log_command:Invoking command in '/home/user/ws/urcell_ws/build/urcell_moveit_sim': CMAKE_PREFIX_PATH=${CMAKE_PREFIX_PATH}:/home/user/ws/urcell_ws/install/image_saver_pkg:/opt/ros/humble /usr/bin/cmake --build /home/user/ws/urcell_ws/build/urcell_moveit_sim -- -j8 -l8
[1.013s] DEBUG:colcon.colcon_core.event_handler.log_command:Invoking command in '/home/user/ws/urcell_ws/build/urcell_sim': CMAKE_PREFIX_PATH=${CMAKE_PREFIX_PATH}:/home/user/ws/urcell_ws/install/image_saver_pkg:/opt/ros/humble /usr/bin/cmake --build /home/user/ws/urcell_ws/build/urcell_sim -- -j8 -l8
[1.022s] DEBUG:colcon.colcon_core.event_handler.log_command:Invoking command in '/home/user/ws/urcell_ws/build/yolobot_recognition': CMAKE_PREFIX_PATH=${CMAKE_PREFIX_PATH}:/home/user/ws/urcell_ws/install/image_saver_pkg:/opt/ros/humble /usr/bin/cmake --build /home/user/ws/urcell_ws/build/yolobot_recognition -- -j8 -l8
[1.025s] DEBUG:colcon.colcon_core.event_handler.log_command:Invoked command in '/home/user/ws/urcell_ws/build/urcell_description' returned '0': CMAKE_PREFIX_PATH=${CMAKE_PREFIX_PATH}:/home/user/ws/urcell_ws/install/image_saver_pkg:/opt/ros/humble /usr/bin/cmake --build /home/user/ws/urcell_ws/build/urcell_description -- -j8 -l8
[1.081s] DEBUG:colcon.colcon_core.event_handler.log_command:Invoked command in '/home/user/ws/urcell_ws/build/urcell_sim' returned '0': CMAKE_PREFIX_PATH=${CMAKE_PREFIX_PATH}:/home/user/ws/urcell_ws/install/image_saver_pkg:/opt/ros/humble /usr/bin/cmake --build /home/user/ws/urcell_ws/build/urcell_sim -- -j8 -l8
[1.102s] DEBUG:colcon.colcon_core.event_handler.log_command:Invoking command in '/home/user/ws/urcell_ws/build/urcell_description': CMAKE_PREFIX_PATH=${CMAKE_PREFIX_PATH}:/home/user/ws/urcell_ws/install/image_saver_pkg:/opt/ros/humble /usr/bin/cmake --install /home/user/ws/urcell_ws/build/urcell_description
[1.109s] DEBUG:colcon.colcon_core.event_handler.log_command:Invoked command in '/home/user/ws/urcell_ws/build/yolobot_recognition' returned '0': CMAKE_PREFIX_PATH=${CMAKE_PREFIX_PATH}:/home/user/ws/urcell_ws/install/image_saver_pkg:/opt/ros/humble /usr/bin/cmake --build /home/user/ws/urcell_ws/build/yolobot_recognition -- -j8 -l8
[1.130s] DEBUG:colcon.colcon_core.event_handler.log_command:Invoking command in '/home/user/ws/urcell_ws/build/urcell_sim': CMAKE_PREFIX_PATH=${CMAKE_PREFIX_PATH}:/home/user/ws/urcell_ws/install/image_saver_pkg:/opt/ros/humble /usr/bin/cmake --install /home/user/ws/urcell_ws/build/urcell_sim
[1.139s] Level 1:colcon.colcon_core.environment:create_environment_scripts_only(urcell_description)
[1.142s] DEBUG:colcon.colcon_core.event_handler.log_command:Invoked command in '/home/user/ws/urcell_ws/build/urcell_description' returned '0': CMAKE_PREFIX_PATH=${CMAKE_PREFIX_PATH}:/home/user/ws/urcell_ws/install/image_saver_pkg:/opt/ros/humble /usr/bin/cmake --install /home/user/ws/urcell_ws/build/urcell_description
[1.146s] Level 1:colcon.colcon_core.environment:checking '/home/user/ws/urcell_ws/install/urcell_description' for CMake module files
[1.147s] Level 1:colcon.colcon_core.environment:checking '/home/user/ws/urcell_ws/install/urcell_description' for CMake config files
[1.148s] Level 1:colcon.colcon_core.shell:create_environment_hook('urcell_description', 'cmake_prefix_path')
[1.149s] INFO:colcon.colcon_core.shell:Creating environment hook '/home/user/ws/urcell_ws/install/urcell_description/share/urcell_description/hook/cmake_prefix_path.ps1'
[1.150s] INFO:colcon.colcon_core.shell:Creating environment descriptor '/home/user/ws/urcell_ws/install/urcell_description/share/urcell_description/hook/cmake_prefix_path.dsv'
[1.150s] INFO:colcon.colcon_core.shell:Creating environment hook '/home/user/ws/urcell_ws/install/urcell_description/share/urcell_description/hook/cmake_prefix_path.sh'
[1.151s] Level 1:colcon.colcon_core.environment:checking '/home/user/ws/urcell_ws/install/urcell_description/bin'
[1.151s] Level 1:colcon.colcon_core.environment:checking '/home/user/ws/urcell_ws/install/urcell_description/lib/pkgconfig/urcell_description.pc'
[1.151s] Level 1:colcon.colcon_core.environment:checking '/home/user/ws/urcell_ws/install/urcell_description/lib/python3.10/site-packages'
[1.151s] Level 1:colcon.colcon_core.environment:checking '/home/user/ws/urcell_ws/install/urcell_description/bin'
[1.152s] INFO:colcon.colcon_core.shell:Creating package script '/home/user/ws/urcell_ws/install/urcell_description/share/urcell_description/package.ps1'
[1.153s] INFO:colcon.colcon_core.shell:Creating package descriptor '/home/user/ws/urcell_ws/install/urcell_description/share/urcell_description/package.dsv'
[1.155s] INFO:colcon.colcon_core.shell:Creating package script '/home/user/ws/urcell_ws/install/urcell_description/share/urcell_description/package.sh'
[1.156s] INFO:colcon.colcon_core.shell:Creating package script '/home/user/ws/urcell_ws/install/urcell_description/share/urcell_description/package.bash'
[1.157s] INFO:colcon.colcon_core.shell:Creating package script '/home/user/ws/urcell_ws/install/urcell_description/share/urcell_description/package.zsh'
[1.158s] Level 1:colcon.colcon_core.environment:create_file_with_runtime_dependencies(/home/user/ws/urcell_ws/install/urcell_description/share/colcon-core/packages/urcell_description)
[1.163s] DEBUG:colcon.colcon_core.event_handler.log_command:Invoking command in '/home/user/ws/urcell_ws/build/yolobot_recognition': CMAKE_PREFIX_PATH=${CMAKE_PREFIX_PATH}:/home/user/ws/urcell_ws/install/image_saver_pkg:/opt/ros/humble /usr/bin/cmake --install /home/user/ws/urcell_ws/build/yolobot_recognition
[1.166s] DEBUG:colcon.colcon_core.event_handler.log_command:Invoked command in '/home/user/ws/urcell_ws/build/urcell_moveit_sim' returned '0': CMAKE_PREFIX_PATH=${CMAKE_PREFIX_PATH}:/home/user/ws/urcell_ws/install/image_saver_pkg:/opt/ros/humble /usr/bin/cmake --build /home/user/ws/urcell_ws/build/urcell_moveit_sim -- -j8 -l8
[1.168s] Level 1:colcon.colcon_core.environment:create_environment_scripts_only(urcell_sim)
[1.169s] Level 1:colcon.colcon_core.environment:checking '/home/user/ws/urcell_ws/install/urcell_sim' for CMake module files
[1.170s] DEBUG:colcon.colcon_core.event_handler.log_command:Invoked command in '/home/user/ws/urcell_ws/build/urcell_sim' returned '0': CMAKE_PREFIX_PATH=${CMAKE_PREFIX_PATH}:/home/user/ws/urcell_ws/install/image_saver_pkg:/opt/ros/humble /usr/bin/cmake --install /home/user/ws/urcell_ws/build/urcell_sim
[1.171s] Level 1:colcon.colcon_core.environment:checking '/home/user/ws/urcell_ws/install/urcell_sim' for CMake config files
[1.171s] Level 1:colcon.colcon_core.shell:create_environment_hook('urcell_sim', 'cmake_prefix_path')
[1.172s] INFO:colcon.colcon_core.shell:Creating environment hook '/home/user/ws/urcell_ws/install/urcell_sim/share/urcell_sim/hook/cmake_prefix_path.ps1'
[1.173s] INFO:colcon.colcon_core.shell:Creating environment descriptor '/home/user/ws/urcell_ws/install/urcell_sim/share/urcell_sim/hook/cmake_prefix_path.dsv'
[1.173s] INFO:colcon.colcon_core.shell:Creating environment hook '/home/user/ws/urcell_ws/install/urcell_sim/share/urcell_sim/hook/cmake_prefix_path.sh'
[1.174s] Level 1:colcon.colcon_core.environment:checking '/home/user/ws/urcell_ws/install/urcell_sim/bin'
[1.174s] Level 1:colcon.colcon_core.environment:checking '/home/user/ws/urcell_ws/install/urcell_sim/lib/pkgconfig/urcell_sim.pc'
[1.175s] Level 1:colcon.colcon_core.environment:checking '/home/user/ws/urcell_ws/install/urcell_sim/lib/python3.10/site-packages'
[1.175s] Level 1:colcon.colcon_core.environment:checking '/home/user/ws/urcell_ws/install/urcell_sim/bin'
[1.176s] INFO:colcon.colcon_core.shell:Creating package script '/home/user/ws/urcell_ws/install/urcell_sim/share/urcell_sim/package.ps1'
[1.179s] INFO:colcon.colcon_core.shell:Creating package descriptor '/home/user/ws/urcell_ws/install/urcell_sim/share/urcell_sim/package.dsv'
[1.180s] INFO:colcon.colcon_core.shell:Creating package script '/home/user/ws/urcell_ws/install/urcell_sim/share/urcell_sim/package.sh'
[1.181s] INFO:colcon.colcon_core.shell:Creating package script '/home/user/ws/urcell_ws/install/urcell_sim/share/urcell_sim/package.bash'
[1.182s] INFO:colcon.colcon_core.shell:Creating package script '/home/user/ws/urcell_ws/install/urcell_sim/share/urcell_sim/package.zsh'
[1.182s] Level 1:colcon.colcon_core.environment:create_file_with_runtime_dependencies(/home/user/ws/urcell_ws/install/urcell_sim/share/colcon-core/packages/urcell_sim)
[1.186s] DEBUG:colcon.colcon_core.event_handler.log_command:Invoked command in '/home/user/ws/urcell_ws/build/yolov8_msgs' returned '0': CMAKE_PREFIX_PATH=${CMAKE_PREFIX_PATH}:/home/user/ws/urcell_ws/install/image_saver_pkg:/opt/ros/humble /usr/bin/cmake --build /home/user/ws/urcell_ws/build/yolov8_msgs -- -j8 -l8
[1.189s] Level 1:colcon.colcon_core.environment:create_environment_scripts_only(yolobot_recognition)
[1.189s] Level 1:colcon.colcon_core.environment:checking '/home/user/ws/urcell_ws/install/yolobot_recognition' for CMake module files
[1.190s] Level 1:colcon.colcon_core.environment:checking '/home/user/ws/urcell_ws/install/yolobot_recognition' for CMake config files
[1.191s] Level 1:colcon.colcon_core.shell:create_environment_hook('yolobot_recognition', 'cmake_prefix_path')
[1.191s] INFO:colcon.colcon_core.shell:Creating environment hook '/home/user/ws/urcell_ws/install/yolobot_recognition/share/yolobot_recognition/hook/cmake_prefix_path.ps1'
[1.192s] INFO:colcon.colcon_core.shell:Creating environment descriptor '/home/user/ws/urcell_ws/install/yolobot_recognition/share/yolobot_recognition/hook/cmake_prefix_path.dsv'
[1.192s] INFO:colcon.colcon_core.shell:Creating environment hook '/home/user/ws/urcell_ws/install/yolobot_recognition/share/yolobot_recognition/hook/cmake_prefix_path.sh'
[1.193s] Level 1:colcon.colcon_core.environment:checking '/home/user/ws/urcell_ws/install/yolobot_recognition/lib'
[1.194s] DEBUG:colcon.colcon_core.event_handler.log_command:Invoked command in '/home/user/ws/urcell_ws/build/yolobot_recognition' returned '0': CMAKE_PREFIX_PATH=${CMAKE_PREFIX_PATH}:/home/user/ws/urcell_ws/install/image_saver_pkg:/opt/ros/humble /usr/bin/cmake --install /home/user/ws/urcell_ws/build/yolobot_recognition
[1.194s] Level 1:colcon.colcon_core.environment:checking '/home/user/ws/urcell_ws/install/yolobot_recognition/bin'
[1.194s] Level 1:colcon.colcon_core.environment:checking '/home/user/ws/urcell_ws/install/yolobot_recognition/lib/pkgconfig/yolobot_recognition.pc'
[1.195s] Level 1:colcon.colcon_core.environment:checking '/home/user/ws/urcell_ws/install/yolobot_recognition/lib/python3.10/site-packages'
[1.195s] Level 1:colcon.colcon_core.environment:checking '/home/user/ws/urcell_ws/install/yolobot_recognition/bin'
[1.196s] INFO:colcon.colcon_core.shell:Creating package script '/home/user/ws/urcell_ws/install/yolobot_recognition/share/yolobot_recognition/package.ps1'
[1.197s] INFO:colcon.colcon_core.shell:Creating package descriptor '/home/user/ws/urcell_ws/install/yolobot_recognition/share/yolobot_recognition/package.dsv'
[1.198s] INFO:colcon.colcon_core.shell:Creating package script '/home/user/ws/urcell_ws/install/yolobot_recognition/share/yolobot_recognition/package.sh'
[1.199s] INFO:colcon.colcon_core.shell:Creating package script '/home/user/ws/urcell_ws/install/yolobot_recognition/share/yolobot_recognition/package.bash'
[1.199s] INFO:colcon.colcon_core.shell:Creating package script '/home/user/ws/urcell_ws/install/yolobot_recognition/share/yolobot_recognition/package.zsh'
[1.200s] Level 1:colcon.colcon_core.environment:create_file_with_runtime_dependencies(/home/user/ws/urcell_ws/install/yolobot_recognition/share/colcon-core/packages/yolobot_recognition)
[1.202s] Level 1:colcon.colcon_core.environment:create_environment_scripts_only(urcell_description)
[1.203s] Level 1:colcon.colcon_core.environment:checking '/home/user/ws/urcell_ws/install/urcell_description' for CMake module files
[1.203s] Level 1:colcon.colcon_core.environment:checking '/home/user/ws/urcell_ws/install/urcell_description' for CMake config files
[1.204s] Level 1:colcon.colcon_core.shell:create_environment_hook('urcell_description', 'cmake_prefix_path')
[1.204s] INFO:colcon.colcon_core.shell:Creating environment hook '/home/user/ws/urcell_ws/install/urcell_description/share/urcell_description/hook/cmake_prefix_path.ps1'
[1.205s] INFO:colcon.colcon_core.shell:Creating environment descriptor '/home/user/ws/urcell_ws/install/urcell_description/share/urcell_description/hook/cmake_prefix_path.dsv'
[1.205s] INFO:colcon.colcon_core.shell:Creating environment hook '/home/user/ws/urcell_ws/install/urcell_description/share/urcell_description/hook/cmake_prefix_path.sh'
[1.206s] Level 1:colcon.colcon_core.environment:checking '/home/user/ws/urcell_ws/install/urcell_description/bin'
[1.206s] Level 1:colcon.colcon_core.environment:checking '/home/user/ws/urcell_ws/install/urcell_description/lib/pkgconfig/urcell_description.pc'
[1.206s] Level 1:colcon.colcon_core.environment:checking '/home/user/ws/urcell_ws/install/urcell_description/lib/python3.10/site-packages'
[1.206s] Level 1:colcon.colcon_core.environment:checking '/home/user/ws/urcell_ws/install/urcell_description/bin'
[1.207s] INFO:colcon.colcon_core.shell:Creating package script '/home/user/ws/urcell_ws/install/urcell_description/share/urcell_description/package.ps1'
[1.207s] INFO:colcon.colcon_core.shell:Creating package descriptor '/home/user/ws/urcell_ws/install/urcell_description/share/urcell_description/package.dsv'
[1.208s] INFO:colcon.colcon_core.shell:Creating package script '/home/user/ws/urcell_ws/install/urcell_description/share/urcell_description/package.sh'
[1.208s] INFO:colcon.colcon_core.shell:Creating package script '/home/user/ws/urcell_ws/install/urcell_description/share/urcell_description/package.bash'
[1.209s] INFO:colcon.colcon_core.shell:Creating package script '/home/user/ws/urcell_ws/install/urcell_description/share/urcell_description/package.zsh'
[1.210s] Level 1:colcon.colcon_core.environment:create_file_with_runtime_dependencies(/home/user/ws/urcell_ws/install/urcell_description/share/colcon-core/packages/urcell_description)
[1.211s] INFO:colcon.colcon_ros.task.ament_cmake.build:Building ROS package in '/home/user/ws/urcell_ws/src/urcell_moveit_config' with build type 'ament_cmake'
[1.211s] INFO:colcon.colcon_cmake.task.cmake.build:Building CMake package in '/home/user/ws/urcell_ws/src/urcell_moveit_config'
[1.212s] INFO:colcon.colcon_core.shell:Skip shell extension 'powershell' for command environment: Not usable outside of PowerShell
[1.212s] DEBUG:colcon.colcon_core.shell:Skip shell extension 'dsv' for command environment
[1.224s] DEBUG:colcon.colcon_core.event_handler.log_command:Invoking command in '/home/user/ws/urcell_ws/build/urcell_moveit_sim': CMAKE_PREFIX_PATH=${CMAKE_PREFIX_PATH}:/home/user/ws/urcell_ws/install/image_saver_pkg:/opt/ros/humble /usr/bin/cmake --install /home/user/ws/urcell_ws/build/urcell_moveit_sim
[1.226s] Level 1:colcon.colcon_core.environment:create_environment_scripts_only(urcell_sim)
[1.227s] Level 1:colcon.colcon_core.environment:checking '/home/user/ws/urcell_ws/install/urcell_sim' for CMake module files
[1.227s] Level 1:colcon.colcon_core.environment:checking '/home/user/ws/urcell_ws/install/urcell_sim' for CMake config files
[1.228s] Level 1:colcon.colcon_core.shell:create_environment_hook('urcell_sim', 'cmake_prefix_path')
[1.228s] INFO:colcon.colcon_core.shell:Creating environment hook '/home/user/ws/urcell_ws/install/urcell_sim/share/urcell_sim/hook/cmake_prefix_path.ps1'
[1.229s] INFO:colcon.colcon_core.shell:Creating environment descriptor '/home/user/ws/urcell_ws/install/urcell_sim/share/urcell_sim/hook/cmake_prefix_path.dsv'
[1.229s] INFO:colcon.colcon_core.shell:Creating environment hook '/home/user/ws/urcell_ws/install/urcell_sim/share/urcell_sim/hook/cmake_prefix_path.sh'
[1.230s] Level 1:colcon.colcon_core.environment:checking '/home/user/ws/urcell_ws/install/urcell_sim/bin'
[1.231s] Level 1:colcon.colcon_core.environment:checking '/home/user/ws/urcell_ws/install/urcell_sim/lib/pkgconfig/urcell_sim.pc'
[1.231s] Level 1:colcon.colcon_core.environment:checking '/home/user/ws/urcell_ws/install/urcell_sim/lib/python3.10/site-packages'
[1.231s] Level 1:colcon.colcon_core.environment:checking '/home/user/ws/urcell_ws/install/urcell_sim/bin'
[1.232s] INFO:colcon.colcon_core.shell:Creating package script '/home/user/ws/urcell_ws/install/urcell_sim/share/urcell_sim/package.ps1'
[1.233s] INFO:colcon.colcon_core.shell:Creating package descriptor '/home/user/ws/urcell_ws/install/urcell_sim/share/urcell_sim/package.dsv'
[1.233s] INFO:colcon.colcon_core.shell:Creating package script '/home/user/ws/urcell_ws/install/urcell_sim/share/urcell_sim/package.sh'
[1.234s] INFO:colcon.colcon_core.shell:Creating package script '/home/user/ws/urcell_ws/install/urcell_sim/share/urcell_sim/package.bash'
[1.234s] INFO:colcon.colcon_core.shell:Creating package script '/home/user/ws/urcell_ws/install/urcell_sim/share/urcell_sim/package.zsh'
[1.235s] Level 1:colcon.colcon_core.environment:create_file_with_runtime_dependencies(/home/user/ws/urcell_ws/install/urcell_sim/share/colcon-core/packages/urcell_sim)
[1.243s] Level 1:colcon.colcon_core.environment:create_environment_scripts_only(yolobot_recognition)
[1.245s] Level 1:colcon.colcon_core.environment:checking '/home/user/ws/urcell_ws/install/yolobot_recognition' for CMake module files
[1.247s] DEBUG:colcon.colcon_core.event_handler.log_command:Invoking command in '/home/user/ws/urcell_ws/build/urcell_moveit_config': CMAKE_PREFIX_PATH=/home/user/ws/urcell_ws/install/urcell_description:/home/user/ws/urcell_ws/install/opencv_services:/home/user/ws/urcell_ws/install/yolov8_msgs:/home/user/ws/urcell_ws/install/yolobot_recognition:/home/user/ws/urcell_ws/install/urcell_sim:/home/user/ws/urcell_ws/install/urcell_moveit_sim:/home/user/ws/urcell_ws/install/urcell_moveit_config:/home/user/ws/urcell_ws/install/image_saver_pkg:/opt/ros/humble /usr/bin/cmake --build /home/user/ws/urcell_ws/build/urcell_moveit_config -- -j8 -l8
[1.247s] Level 1:colcon.colcon_core.environment:checking '/home/user/ws/urcell_ws/install/yolobot_recognition' for CMake config files
[1.248s] Level 1:colcon.colcon_core.shell:create_environment_hook('yolobot_recognition', 'cmake_prefix_path')
[1.248s] INFO:colcon.colcon_core.shell:Creating environment hook '/home/user/ws/urcell_ws/install/yolobot_recognition/share/yolobot_recognition/hook/cmake_prefix_path.ps1'
[1.249s] INFO:colcon.colcon_core.shell:Creating environment descriptor '/home/user/ws/urcell_ws/install/yolobot_recognition/share/yolobot_recognition/hook/cmake_prefix_path.dsv'
[1.249s] INFO:colcon.colcon_core.shell:Creating environment hook '/home/user/ws/urcell_ws/install/yolobot_recognition/share/yolobot_recognition/hook/cmake_prefix_path.sh'
[1.250s] Level 1:colcon.colcon_core.environment:checking '/home/user/ws/urcell_ws/install/yolobot_recognition/lib'
[1.250s] Level 1:colcon.colcon_core.environment:checking '/home/user/ws/urcell_ws/install/yolobot_recognition/bin'
[1.250s] Level 1:colcon.colcon_core.environment:checking '/home/user/ws/urcell_ws/install/yolobot_recognition/lib/pkgconfig/yolobot_recognition.pc'
[1.251s] Level 1:colcon.colcon_core.environment:checking '/home/user/ws/urcell_ws/install/yolobot_recognition/lib/python3.10/site-packages'
[1.251s] Level 1:colcon.colcon_core.environment:checking '/home/user/ws/urcell_ws/install/yolobot_recognition/bin'
[1.252s] INFO:colcon.colcon_core.shell:Creating package script '/home/user/ws/urcell_ws/install/yolobot_recognition/share/yolobot_recognition/package.ps1'
[1.252s] INFO:colcon.colcon_core.shell:Creating package descriptor '/home/user/ws/urcell_ws/install/yolobot_recognition/share/yolobot_recognition/package.dsv'
[1.253s] INFO:colcon.colcon_core.shell:Creating package script '/home/user/ws/urcell_ws/install/yolobot_recognition/share/yolobot_recognition/package.sh'
[1.253s] INFO:colcon.colcon_core.shell:Creating package script '/home/user/ws/urcell_ws/install/yolobot_recognition/share/yolobot_recognition/package.bash'
[1.254s] INFO:colcon.colcon_core.shell:Creating package script '/home/user/ws/urcell_ws/install/yolobot_recognition/share/yolobot_recognition/package.zsh'
[1.255s] Level 1:colcon.colcon_core.environment:create_file_with_runtime_dependencies(/home/user/ws/urcell_ws/install/yolobot_recognition/share/colcon-core/packages/yolobot_recognition)
[1.257s] Level 1:colcon.colcon_core.environment:create_environment_scripts_only(urcell_moveit_sim)
[1.257s] Level 1:colcon.colcon_core.environment:checking '/home/user/ws/urcell_ws/install/urcell_moveit_sim' for CMake module files
[1.258s] DEBUG:colcon.colcon_core.event_handler.log_command:Invoked command in '/home/user/ws/urcell_ws/build/urcell_moveit_sim' returned '0': CMAKE_PREFIX_PATH=${CMAKE_PREFIX_PATH}:/home/user/ws/urcell_ws/install/image_saver_pkg:/opt/ros/humble /usr/bin/cmake --install /home/user/ws/urcell_ws/build/urcell_moveit_sim
[1.259s] Level 1:colcon.colcon_core.environment:checking '/home/user/ws/urcell_ws/install/urcell_moveit_sim' for CMake config files
[1.260s] Level 1:colcon.colcon_core.shell:create_environment_hook('urcell_moveit_sim', 'cmake_prefix_path')
[1.260s] INFO:colcon.colcon_core.shell:Creating environment hook '/home/user/ws/urcell_ws/install/urcell_moveit_sim/share/urcell_moveit_sim/hook/cmake_prefix_path.ps1'
[1.261s] INFO:colcon.colcon_core.shell:Creating environment descriptor '/home/user/ws/urcell_ws/install/urcell_moveit_sim/share/urcell_moveit_sim/hook/cmake_prefix_path.dsv'
[1.261s] INFO:colcon.colcon_core.shell:Creating environment hook '/home/user/ws/urcell_ws/install/urcell_moveit_sim/share/urcell_moveit_sim/hook/cmake_prefix_path.sh'
[1.262s] Level 1:colcon.colcon_core.environment:checking '/home/user/ws/urcell_ws/install/urcell_moveit_sim/lib'
[1.262s] Level 1:colcon.colcon_core.environment:checking '/home/user/ws/urcell_ws/install/urcell_moveit_sim/bin'
[1.262s] Level 1:colcon.colcon_core.environment:checking '/home/user/ws/urcell_ws/install/urcell_moveit_sim/lib/pkgconfig/urcell_moveit_sim.pc'
[1.263s] Level 1:colcon.colcon_core.environment:checking '/home/user/ws/urcell_ws/install/urcell_moveit_sim/lib/python3.10/site-packages'
[1.263s] Level 1:colcon.colcon_core.environment:checking '/home/user/ws/urcell_ws/install/urcell_moveit_sim/bin'
[1.264s] INFO:colcon.colcon_core.shell:Creating package script '/home/user/ws/urcell_ws/install/urcell_moveit_sim/share/urcell_moveit_sim/package.ps1'
[1.264s] INFO:colcon.colcon_core.shell:Creating package descriptor '/home/user/ws/urcell_ws/install/urcell_moveit_sim/share/urcell_moveit_sim/package.dsv'
[1.265s] INFO:colcon.colcon_core.shell:Creating package script '/home/user/ws/urcell_ws/install/urcell_moveit_sim/share/urcell_moveit_sim/package.sh'
[1.265s] INFO:colcon.colcon_core.shell:Creating package script '/home/user/ws/urcell_ws/install/urcell_moveit_sim/share/urcell_moveit_sim/package.bash'
[1.266s] INFO:colcon.colcon_core.shell:Creating package script '/home/user/ws/urcell_ws/install/urcell_moveit_sim/share/urcell_moveit_sim/package.zsh'
[1.266s] Level 1:colcon.colcon_core.environment:create_file_with_runtime_dependencies(/home/user/ws/urcell_ws/install/urcell_moveit_sim/share/colcon-core/packages/urcell_moveit_sim)
[1.301s] DEBUG:colcon.colcon_core.event_handler.log_command:Invoked command in '/home/user/ws/urcell_ws/build/urcell_moveit_config' returned '0': CMAKE_PREFIX_PATH=/home/user/ws/urcell_ws/install/urcell_description:/home/user/ws/urcell_ws/install/opencv_services:/home/user/ws/urcell_ws/install/yolov8_msgs:/home/user/ws/urcell_ws/install/yolobot_recognition:/home/user/ws/urcell_ws/install/urcell_sim:/home/user/ws/urcell_ws/install/urcell_moveit_sim:/home/user/ws/urcell_ws/install/urcell_moveit_config:/home/user/ws/urcell_ws/install/image_saver_pkg:/opt/ros/humble /usr/bin/cmake --build /home/user/ws/urcell_ws/build/urcell_moveit_config -- -j8 -l8
[1.309s] Level 1:colcon.colcon_core.environment:create_environment_scripts_only(urcell_moveit_sim)
[1.309s] Level 1:colcon.colcon_core.environment:checking '/home/user/ws/urcell_ws/install/urcell_moveit_sim' for CMake module files
[1.310s] Level 1:colcon.colcon_core.environment:checking '/home/user/ws/urcell_ws/install/urcell_moveit_sim' for CMake config files
[1.310s] Level 1:colcon.colcon_core.shell:create_environment_hook('urcell_moveit_sim', 'cmake_prefix_path')
[1.311s] INFO:colcon.colcon_core.shell:Creating environment hook '/home/user/ws/urcell_ws/install/urcell_moveit_sim/share/urcell_moveit_sim/hook/cmake_prefix_path.ps1'
[1.311s] INFO:colcon.colcon_core.shell:Creating environment descriptor '/home/user/ws/urcell_ws/install/urcell_moveit_sim/share/urcell_moveit_sim/hook/cmake_prefix_path.dsv'
[1.312s] INFO:colcon.colcon_core.shell:Creating environment hook '/home/user/ws/urcell_ws/install/urcell_moveit_sim/share/urcell_moveit_sim/hook/cmake_prefix_path.sh'
[1.313s] Level 1:colcon.colcon_core.environment:checking '/home/user/ws/urcell_ws/install/urcell_moveit_sim/lib'
[1.313s] Level 1:colcon.colcon_core.environment:checking '/home/user/ws/urcell_ws/install/urcell_moveit_sim/bin'
[1.313s] Level 1:colcon.colcon_core.environment:checking '/home/user/ws/urcell_ws/install/urcell_moveit_sim/lib/pkgconfig/urcell_moveit_sim.pc'
[1.313s] Level 1:colcon.colcon_core.environment:checking '/home/user/ws/urcell_ws/install/urcell_moveit_sim/lib/python3.10/site-packages'
[1.314s] Level 1:colcon.colcon_core.environment:checking '/home/user/ws/urcell_ws/install/urcell_moveit_sim/bin'
[1.314s] INFO:colcon.colcon_core.shell:Creating package script '/home/user/ws/urcell_ws/install/urcell_moveit_sim/share/urcell_moveit_sim/package.ps1'
[1.315s] INFO:colcon.colcon_core.shell:Creating package descriptor '/home/user/ws/urcell_ws/install/urcell_moveit_sim/share/urcell_moveit_sim/package.dsv'
[1.316s] INFO:colcon.colcon_core.shell:Creating package script '/home/user/ws/urcell_ws/install/urcell_moveit_sim/share/urcell_moveit_sim/package.sh'
[1.317s] INFO:colcon.colcon_core.shell:Creating package script '/home/user/ws/urcell_ws/install/urcell_moveit_sim/share/urcell_moveit_sim/package.bash'
[1.318s] INFO:colcon.colcon_core.shell:Creating package script '/home/user/ws/urcell_ws/install/urcell_moveit_sim/share/urcell_moveit_sim/package.zsh'
[1.319s] Level 1:colcon.colcon_core.environment:create_file_with_runtime_dependencies(/home/user/ws/urcell_ws/install/urcell_moveit_sim/share/colcon-core/packages/urcell_moveit_sim)
[1.344s] DEBUG:colcon.colcon_core.event_handler.log_command:Invoking command in '/home/user/ws/urcell_ws/build/urcell_moveit_config': CMAKE_PREFIX_PATH=/home/user/ws/urcell_ws/install/urcell_description:/home/user/ws/urcell_ws/install/opencv_services:/home/user/ws/urcell_ws/install/yolov8_msgs:/home/user/ws/urcell_ws/install/yolobot_recognition:/home/user/ws/urcell_ws/install/urcell_sim:/home/user/ws/urcell_ws/install/urcell_moveit_sim:/home/user/ws/urcell_ws/install/urcell_moveit_config:/home/user/ws/urcell_ws/install/image_saver_pkg:/opt/ros/humble /usr/bin/cmake --install /home/user/ws/urcell_ws/build/urcell_moveit_config
[1.358s] Level 1:colcon.colcon_core.environment:create_environment_scripts_only(urcell_moveit_config)
[1.359s] Level 1:colcon.colcon_core.environment:checking '/home/user/ws/urcell_ws/install/urcell_moveit_config' for CMake module files
[1.360s] DEBUG:colcon.colcon_core.event_handler.log_command:Invoked command in '/home/user/ws/urcell_ws/build/urcell_moveit_config' returned '0': CMAKE_PREFIX_PATH=/home/user/ws/urcell_ws/install/urcell_description:/home/user/ws/urcell_ws/install/opencv_services:/home/user/ws/urcell_ws/install/yolov8_msgs:/home/user/ws/urcell_ws/install/yolobot_recognition:/home/user/ws/urcell_ws/install/urcell_sim:/home/user/ws/urcell_ws/install/urcell_moveit_sim:/home/user/ws/urcell_ws/install/urcell_moveit_config:/home/user/ws/urcell_ws/install/image_saver_pkg:/opt/ros/humble /usr/bin/cmake --install /home/user/ws/urcell_ws/build/urcell_moveit_config
[1.360s] Level 1:colcon.colcon_core.environment:checking '/home/user/ws/urcell_ws/install/urcell_moveit_config' for CMake config files
[1.361s] Level 1:colcon.colcon_core.shell:create_environment_hook('urcell_moveit_config', 'cmake_prefix_path')
[1.361s] INFO:colcon.colcon_core.shell:Creating environment hook '/home/user/ws/urcell_ws/install/urcell_moveit_config/share/urcell_moveit_config/hook/cmake_prefix_path.ps1'
[1.362s] INFO:colcon.colcon_core.shell:Creating environment descriptor '/home/user/ws/urcell_ws/install/urcell_moveit_config/share/urcell_moveit_config/hook/cmake_prefix_path.dsv'
[1.363s] INFO:colcon.colcon_core.shell:Creating environment hook '/home/user/ws/urcell_ws/install/urcell_moveit_config/share/urcell_moveit_config/hook/cmake_prefix_path.sh'
[1.363s] Level 1:colcon.colcon_core.environment:checking '/home/user/ws/urcell_ws/install/urcell_moveit_config/bin'
[1.364s] Level 1:colcon.colcon_core.environment:checking '/home/user/ws/urcell_ws/install/urcell_moveit_config/lib/pkgconfig/urcell_moveit_config.pc'
[1.364s] Level 1:colcon.colcon_core.environment:checking '/home/user/ws/urcell_ws/install/urcell_moveit_config/lib/python3.10/site-packages'
[1.364s] Level 1:colcon.colcon_core.environment:checking '/home/user/ws/urcell_ws/install/urcell_moveit_config/bin'
[1.365s] INFO:colcon.colcon_core.shell:Creating package script '/home/user/ws/urcell_ws/install/urcell_moveit_config/share/urcell_moveit_config/package.ps1'
[1.366s] INFO:colcon.colcon_core.shell:Creating package descriptor '/home/user/ws/urcell_ws/install/urcell_moveit_config/share/urcell_moveit_config/package.dsv'
[1.367s] INFO:colcon.colcon_core.shell:Creating package script '/home/user/ws/urcell_ws/install/urcell_moveit_config/share/urcell_moveit_config/package.sh'
[1.367s] INFO:colcon.colcon_core.shell:Creating package script '/home/user/ws/urcell_ws/install/urcell_moveit_config/share/urcell_moveit_config/package.bash'
[1.368s] INFO:colcon.colcon_core.shell:Creating package script '/home/user/ws/urcell_ws/install/urcell_moveit_config/share/urcell_moveit_config/package.zsh'
[1.368s] Level 1:colcon.colcon_core.environment:create_file_with_runtime_dependencies(/home/user/ws/urcell_ws/install/urcell_moveit_config/share/colcon-core/packages/urcell_moveit_config)
[1.373s] DEBUG:colcon.colcon_core.event_handler.log_command:Invoking command in '/home/user/ws/urcell_ws/build/yolov8_msgs': CMAKE_PREFIX_PATH=${CMAKE_PREFIX_PATH}:/home/user/ws/urcell_ws/install/image_saver_pkg:/opt/ros/humble /usr/bin/cmake --install /home/user/ws/urcell_ws/build/yolov8_msgs
[1.399s] Level 1:colcon.colcon_core.environment:create_environment_scripts_only(urcell_moveit_config)
[1.399s] Level 1:colcon.colcon_core.environment:checking '/home/user/ws/urcell_ws/install/urcell_moveit_config' for CMake module files
[1.402s] Level 1:colcon.colcon_core.environment:checking '/home/user/ws/urcell_ws/install/urcell_moveit_config' for CMake config files
[1.402s] Level 1:colcon.colcon_core.shell:create_environment_hook('urcell_moveit_config', 'cmake_prefix_path')
[1.403s] INFO:colcon.colcon_core.shell:Creating environment hook '/home/user/ws/urcell_ws/install/urcell_moveit_config/share/urcell_moveit_config/hook/cmake_prefix_path.ps1'
[1.403s] INFO:colcon.colcon_core.shell:Creating environment descriptor '/home/user/ws/urcell_ws/install/urcell_moveit_config/share/urcell_moveit_config/hook/cmake_prefix_path.dsv'
[1.403s] INFO:colcon.colcon_core.shell:Creating environment hook '/home/user/ws/urcell_ws/install/urcell_moveit_config/share/urcell_moveit_config/hook/cmake_prefix_path.sh'
[1.404s] Level 1:colcon.colcon_core.environment:checking '/home/user/ws/urcell_ws/install/urcell_moveit_config/bin'
[1.404s] Level 1:colcon.colcon_core.environment:checking '/home/user/ws/urcell_ws/install/urcell_moveit_config/lib/pkgconfig/urcell_moveit_config.pc'
[1.404s] Level 1:colcon.colcon_core.environment:checking '/home/user/ws/urcell_ws/install/urcell_moveit_config/lib/python3.10/site-packages'
[1.405s] Level 1:colcon.colcon_core.environment:checking '/home/user/ws/urcell_ws/install/urcell_moveit_config/bin'
[1.405s] INFO:colcon.colcon_core.shell:Creating package script '/home/user/ws/urcell_ws/install/urcell_moveit_config/share/urcell_moveit_config/package.ps1'
[1.405s] INFO:colcon.colcon_core.shell:Creating package descriptor '/home/user/ws/urcell_ws/install/urcell_moveit_config/share/urcell_moveit_config/package.dsv'
[1.406s] INFO:colcon.colcon_core.shell:Creating package script '/home/user/ws/urcell_ws/install/urcell_moveit_config/share/urcell_moveit_config/package.sh'
[1.407s] INFO:colcon.colcon_core.shell:Creating package script '/home/user/ws/urcell_ws/install/urcell_moveit_config/share/urcell_moveit_config/package.bash'
[1.407s] INFO:colcon.colcon_core.shell:Creating package script '/home/user/ws/urcell_ws/install/urcell_moveit_config/share/urcell_moveit_config/package.zsh'
[1.407s] Level 1:colcon.colcon_core.environment:create_file_with_runtime_dependencies(/home/user/ws/urcell_ws/install/urcell_moveit_config/share/colcon-core/packages/urcell_moveit_config)
[1.452s] Level 1:colcon.colcon_core.environment:create_environment_scripts_only(yolov8_msgs)
[1.452s] Level 1:colcon.colcon_core.environment:checking '/home/user/ws/urcell_ws/install/yolov8_msgs' for CMake module files
[1.455s] DEBUG:colcon.colcon_core.event_handler.log_command:Invoked command in '/home/user/ws/urcell_ws/build/yolov8_msgs' returned '0': CMAKE_PREFIX_PATH=${CMAKE_PREFIX_PATH}:/home/user/ws/urcell_ws/install/image_saver_pkg:/opt/ros/humble /usr/bin/cmake --install /home/user/ws/urcell_ws/build/yolov8_msgs
[1.456s] Level 1:colcon.colcon_core.environment:checking '/home/user/ws/urcell_ws/install/yolov8_msgs' for CMake config files
[1.457s] Level 1:colcon.colcon_core.shell:create_environment_hook('yolov8_msgs', 'cmake_prefix_path')
[1.457s] INFO:colcon.colcon_core.shell:Creating environment hook '/home/user/ws/urcell_ws/install/yolov8_msgs/share/yolov8_msgs/hook/cmake_prefix_path.ps1'
[1.458s] INFO:colcon.colcon_core.shell:Creating environment descriptor '/home/user/ws/urcell_ws/install/yolov8_msgs/share/yolov8_msgs/hook/cmake_prefix_path.dsv'
[1.458s] INFO:colcon.colcon_core.shell:Creating environment hook '/home/user/ws/urcell_ws/install/yolov8_msgs/share/yolov8_msgs/hook/cmake_prefix_path.sh'
[1.459s] Level 1:colcon.colcon_core.environment:checking '/home/user/ws/urcell_ws/install/yolov8_msgs/lib'
[1.459s] Level 1:colcon.colcon_core.shell:create_environment_hook('yolov8_msgs', 'ld_library_path_lib')
[1.460s] INFO:colcon.colcon_core.shell:Creating environment hook '/home/user/ws/urcell_ws/install/yolov8_msgs/share/yolov8_msgs/hook/ld_library_path_lib.ps1'
[1.460s] INFO:colcon.colcon_core.shell:Creating environment descriptor '/home/user/ws/urcell_ws/install/yolov8_msgs/share/yolov8_msgs/hook/ld_library_path_lib.dsv'
[1.461s] INFO:colcon.colcon_core.shell:Creating environment hook '/home/user/ws/urcell_ws/install/yolov8_msgs/share/yolov8_msgs/hook/ld_library_path_lib.sh'
[1.461s] Level 1:colcon.colcon_core.environment:checking '/home/user/ws/urcell_ws/install/yolov8_msgs/bin'
[1.461s] Level 1:colcon.colcon_core.environment:checking '/home/user/ws/urcell_ws/install/yolov8_msgs/lib/pkgconfig/yolov8_msgs.pc'
[1.461s] Level 1:colcon.colcon_core.environment:checking '/home/user/ws/urcell_ws/install/yolov8_msgs/lib/python3.10/site-packages'
[1.462s] Level 1:colcon.colcon_core.environment:checking '/home/user/ws/urcell_ws/install/yolov8_msgs/bin'
[1.462s] INFO:colcon.colcon_core.shell:Creating package script '/home/user/ws/urcell_ws/install/yolov8_msgs/share/yolov8_msgs/package.ps1'
[1.463s] INFO:colcon.colcon_core.shell:Creating package descriptor '/home/user/ws/urcell_ws/install/yolov8_msgs/share/yolov8_msgs/package.dsv'
[1.464s] INFO:colcon.colcon_core.shell:Creating package script '/home/user/ws/urcell_ws/install/yolov8_msgs/share/yolov8_msgs/package.sh'
[1.465s] INFO:colcon.colcon_core.shell:Creating package script '/home/user/ws/urcell_ws/install/yolov8_msgs/share/yolov8_msgs/package.bash'
[1.465s] INFO:colcon.colcon_core.shell:Creating package script '/home/user/ws/urcell_ws/install/yolov8_msgs/share/yolov8_msgs/package.zsh'
[1.465s] Level 1:colcon.colcon_core.environment:create_file_with_runtime_dependencies(/home/user/ws/urcell_ws/install/yolov8_msgs/share/colcon-core/packages/yolov8_msgs)
[1.587s] Level 1:colcon.colcon_core.environment:create_environment_scripts_only(yolov8_msgs)
[1.588s] Level 1:colcon.colcon_core.environment:checking '/home/user/ws/urcell_ws/install/yolov8_msgs' for CMake module files
[1.589s] Level 1:colcon.colcon_core.environment:checking '/home/user/ws/urcell_ws/install/yolov8_msgs' for CMake config files
[1.589s] Level 1:colcon.colcon_core.shell:create_environment_hook('yolov8_msgs', 'cmake_prefix_path')
[1.589s] INFO:colcon.colcon_core.shell:Creating environment hook '/home/user/ws/urcell_ws/install/yolov8_msgs/share/yolov8_msgs/hook/cmake_prefix_path.ps1'
[1.590s] INFO:colcon.colcon_core.shell:Creating environment descriptor '/home/user/ws/urcell_ws/install/yolov8_msgs/share/yolov8_msgs/hook/cmake_prefix_path.dsv'
[1.591s] INFO:colcon.colcon_core.shell:Creating environment hook '/home/user/ws/urcell_ws/install/yolov8_msgs/share/yolov8_msgs/hook/cmake_prefix_path.sh'
[1.591s] Level 1:colcon.colcon_core.environment:checking '/home/user/ws/urcell_ws/install/yolov8_msgs/lib'
[1.591s] Level 1:colcon.colcon_core.shell:create_environment_hook('yolov8_msgs', 'ld_library_path_lib')
[1.591s] INFO:colcon.colcon_core.shell:Creating environment hook '/home/user/ws/urcell_ws/install/yolov8_msgs/share/yolov8_msgs/hook/ld_library_path_lib.ps1'
[1.592s] INFO:colcon.colcon_core.shell:Creating environment descriptor '/home/user/ws/urcell_ws/install/yolov8_msgs/share/yolov8_msgs/hook/ld_library_path_lib.dsv'
[1.592s] INFO:colcon.colcon_core.shell:Creating environment hook '/home/user/ws/urcell_ws/install/yolov8_msgs/share/yolov8_msgs/hook/ld_library_path_lib.sh'
[1.593s] Level 1:colcon.colcon_core.environment:checking '/home/user/ws/urcell_ws/install/yolov8_msgs/bin'
[1.593s] Level 1:colcon.colcon_core.environment:checking '/home/user/ws/urcell_ws/install/yolov8_msgs/lib/pkgconfig/yolov8_msgs.pc'
[1.593s] Level 1:colcon.colcon_core.environment:checking '/home/user/ws/urcell_ws/install/yolov8_msgs/lib/python3.10/site-packages'
[1.593s] Level 1:colcon.colcon_core.environment:checking '/home/user/ws/urcell_ws/install/yolov8_msgs/bin'
[1.594s] INFO:colcon.colcon_core.shell:Creating package script '/home/user/ws/urcell_ws/install/yolov8_msgs/share/yolov8_msgs/package.ps1'
[1.594s] INFO:colcon.colcon_core.shell:Creating package descriptor '/home/user/ws/urcell_ws/install/yolov8_msgs/share/yolov8_msgs/package.dsv'
[1.595s] INFO:colcon.colcon_core.shell:Creating package script '/home/user/ws/urcell_ws/install/yolov8_msgs/share/yolov8_msgs/package.sh'
[1.595s] INFO:colcon.colcon_core.shell:Creating package script '/home/user/ws/urcell_ws/install/yolov8_msgs/share/yolov8_msgs/package.bash'
[1.596s] INFO:colcon.colcon_core.shell:Creating package script '/home/user/ws/urcell_ws/install/yolov8_msgs/share/yolov8_msgs/package.zsh'
[1.596s] Level 1:colcon.colcon_core.environment:create_file_with_runtime_dependencies(/home/user/ws/urcell_ws/install/yolov8_msgs/share/colcon-core/packages/yolov8_msgs)
[1.597s] INFO:colcon.colcon_ros.task.ament_cmake.build:Building ROS package in '/home/user/ws/urcell_ws/src/opencv_services' with build type 'ament_cmake'
[1.597s] INFO:colcon.colcon_cmake.task.cmake.build:Building CMake package in '/home/user/ws/urcell_ws/src/opencv_services'
[1.597s] INFO:colcon.colcon_core.shell:Skip shell extension 'powershell' for command environment: Not usable outside of PowerShell
[1.598s] DEBUG:colcon.colcon_core.shell:Skip shell extension 'dsv' for command environment
[1.618s] DEBUG:colcon.colcon_core.event_handler.log_command:Invoking command in '/home/user/ws/urcell_ws/build/opencv_services': CMAKE_PREFIX_PATH=/home/user/ws/urcell_ws/install/yolov8_msgs:/home/user/ws/urcell_ws/install/opencv_services:/home/user/ws/urcell_ws/install/yolobot_recognition:/home/user/ws/urcell_ws/install/urcell_sim:/home/user/ws/urcell_ws/install/urcell_moveit_sim:/home/user/ws/urcell_ws/install/urcell_moveit_config:/home/user/ws/urcell_ws/install/urcell_description:/home/user/ws/urcell_ws/install/image_saver_pkg:/opt/ros/humble /usr/bin/cmake --build /home/user/ws/urcell_ws/build/opencv_services -- -j8 -l8
[1.634s] DEBUG:colcon.colcon_core.event_handler.log_command:Invoking command in '/home/user/ws/urcell_ws/src/image_saver_pkg': PYTHONPATH=/home/user/ws/urcell_ws/build/image_saver_pkg/prefix_override:/usr/lib/python3/dist-packages/colcon_core/task/python/colcon_distutils_commands:/home/user/ws/urcell_ws/install/image_saver_pkg/lib/python3.10/site-packages:${PYTHONPATH} /usr/bin/python3 -W ignore:setup.py install is deprecated setup.py egg_info --egg-base ../../build/image_saver_pkg build --build-base /home/user/ws/urcell_ws/build/image_saver_pkg/build install --record /home/user/ws/urcell_ws/build/image_saver_pkg/install.log --single-version-externally-managed install_data
[2.043s] Level 1:colcon.colcon_core.environment:checking '/home/user/ws/urcell_ws/install/image_saver_pkg' for CMake module files
[2.044s] DEBUG:colcon.colcon_core.event_handler.log_command:Invoked command in '/home/user/ws/urcell_ws/src/image_saver_pkg' returned '0': PYTHONPATH=/home/user/ws/urcell_ws/build/image_saver_pkg/prefix_override:/usr/lib/python3/dist-packages/colcon_core/task/python/colcon_distutils_commands:/home/user/ws/urcell_ws/install/image_saver_pkg/lib/python3.10/site-packages:${PYTHONPATH} /usr/bin/python3 -W ignore:setup.py install is deprecated setup.py egg_info --egg-base ../../build/image_saver_pkg build --build-base /home/user/ws/urcell_ws/build/image_saver_pkg/build install --record /home/user/ws/urcell_ws/build/image_saver_pkg/install.log --single-version-externally-managed install_data
[2.044s] Level 1:colcon.colcon_core.environment:checking '/home/user/ws/urcell_ws/install/image_saver_pkg' for CMake config files
[2.045s] Level 1:colcon.colcon_core.environment:checking '/home/user/ws/urcell_ws/install/image_saver_pkg/lib'
[2.045s] Level 1:colcon.colcon_core.environment:checking '/home/user/ws/urcell_ws/install/image_saver_pkg/bin'
[2.045s] Level 1:colcon.colcon_core.environment:checking '/home/user/ws/urcell_ws/install/image_saver_pkg/lib/pkgconfig/image_saver_pkg.pc'
[2.045s] Level 1:colcon.colcon_core.environment:checking '/home/user/ws/urcell_ws/install/image_saver_pkg/lib/python3.10/site-packages'
[2.045s] Level 1:colcon.colcon_core.shell:create_environment_hook('image_saver_pkg', 'pythonpath')
[2.046s] INFO:colcon.colcon_core.shell:Creating environment hook '/home/user/ws/urcell_ws/install/image_saver_pkg/share/image_saver_pkg/hook/pythonpath.ps1'
[2.046s] INFO:colcon.colcon_core.shell:Creating environment descriptor '/home/user/ws/urcell_ws/install/image_saver_pkg/share/image_saver_pkg/hook/pythonpath.dsv'
[2.047s] INFO:colcon.colcon_core.shell:Creating environment hook '/home/user/ws/urcell_ws/install/image_saver_pkg/share/image_saver_pkg/hook/pythonpath.sh'
[2.047s] Level 1:colcon.colcon_core.environment:checking '/home/user/ws/urcell_ws/install/image_saver_pkg/bin'
[2.047s] Level 1:colcon.colcon_core.environment:create_environment_scripts_only(image_saver_pkg)
[2.048s] INFO:colcon.colcon_core.shell:Creating package script '/home/user/ws/urcell_ws/install/image_saver_pkg/share/image_saver_pkg/package.ps1'
[2.048s] INFO:colcon.colcon_core.shell:Creating package descriptor '/home/user/ws/urcell_ws/install/image_saver_pkg/share/image_saver_pkg/package.dsv'
[2.049s] INFO:colcon.colcon_core.shell:Creating package script '/home/user/ws/urcell_ws/install/image_saver_pkg/share/image_saver_pkg/package.sh'
[2.049s] INFO:colcon.colcon_core.shell:Creating package script '/home/user/ws/urcell_ws/install/image_saver_pkg/share/image_saver_pkg/package.bash'
[2.049s] INFO:colcon.colcon_core.shell:Creating package script '/home/user/ws/urcell_ws/install/image_saver_pkg/share/image_saver_pkg/package.zsh'
[2.050s] Level 1:colcon.colcon_core.environment:create_file_with_runtime_dependencies(/home/user/ws/urcell_ws/install/image_saver_pkg/share/colcon-core/packages/image_saver_pkg)
[2.724s] DEBUG:colcon.colcon_core.event_handler.log_command:Invoked command in '/home/user/ws/urcell_ws/build/opencv_services' returned '2': CMAKE_PREFIX_PATH=/home/user/ws/urcell_ws/install/yolov8_msgs:/home/user/ws/urcell_ws/install/opencv_services:/home/user/ws/urcell_ws/install/yolobot_recognition:/home/user/ws/urcell_ws/install/urcell_sim:/home/user/ws/urcell_ws/install/urcell_moveit_sim:/home/user/ws/urcell_ws/install/urcell_moveit_config:/home/user/ws/urcell_ws/install/urcell_description:/home/user/ws/urcell_ws/install/image_saver_pkg:/opt/ros/humble /usr/bin/cmake --build /home/user/ws/urcell_ws/build/opencv_services -- -j8 -l8
[2.752s] Level 1:colcon.colcon_core.environment:create_environment_scripts_only(opencv_services)
[2.752s] Level 1:colcon.colcon_core.environment:checking '/home/user/ws/urcell_ws/install/opencv_services' for CMake module files
[2.753s] Level 1:colcon.colcon_core.environment:checking '/home/user/ws/urcell_ws/install/opencv_services' for CMake config files
[2.753s] Level 1:colcon.colcon_core.shell:create_environment_hook('opencv_services', 'cmake_prefix_path')
[2.753s] INFO:colcon.colcon_core.shell:Creating environment hook '/home/user/ws/urcell_ws/install/opencv_services/share/opencv_services/hook/cmake_prefix_path.ps1'
[2.754s] INFO:colcon.colcon_core.shell:Creating environment descriptor '/home/user/ws/urcell_ws/install/opencv_services/share/opencv_services/hook/cmake_prefix_path.dsv'
[2.755s] INFO:colcon.colcon_core.shell:Creating environment hook '/home/user/ws/urcell_ws/install/opencv_services/share/opencv_services/hook/cmake_prefix_path.sh'
[2.755s] Level 1:colcon.colcon_core.environment:checking '/home/user/ws/urcell_ws/install/opencv_services/bin'
[2.755s] Level 1:colcon.colcon_core.environment:checking '/home/user/ws/urcell_ws/install/opencv_services/lib/pkgconfig/opencv_services.pc'
[2.756s] Level 1:colcon.colcon_core.environment:checking '/home/user/ws/urcell_ws/install/opencv_services/lib/python3.10/site-packages'
[2.756s] Level 1:colcon.colcon_core.environment:checking '/home/user/ws/urcell_ws/install/opencv_services/bin'
[2.756s] INFO:colcon.colcon_core.shell:Creating package script '/home/user/ws/urcell_ws/install/opencv_services/share/opencv_services/package.ps1'
[2.757s] INFO:colcon.colcon_core.shell:Creating package descriptor '/home/user/ws/urcell_ws/install/opencv_services/share/opencv_services/package.dsv'
[2.758s] INFO:colcon.colcon_core.shell:Creating package script '/home/user/ws/urcell_ws/install/opencv_services/share/opencv_services/package.sh'
[2.758s] INFO:colcon.colcon_core.shell:Creating package script '/home/user/ws/urcell_ws/install/opencv_services/share/opencv_services/package.bash'
[2.759s] INFO:colcon.colcon_core.shell:Creating package script '/home/user/ws/urcell_ws/install/opencv_services/share/opencv_services/package.zsh'
[2.759s] Level 1:colcon.colcon_core.environment:create_file_with_runtime_dependencies(/home/user/ws/urcell_ws/install/opencv_services/share/colcon-core/packages/opencv_services)
[2.770s] DEBUG:colcon.colcon_parallel_executor.executor.parallel:closing loop
[2.770s] DEBUG:colcon.colcon_parallel_executor.executor.parallel:loop closed
[2.770s] DEBUG:colcon.colcon_parallel_executor.executor.parallel:run_until_complete finished with '2'
[2.771s] DEBUG:colcon.colcon_core.event_reactor:joining thread
[2.778s] INFO:colcon.colcon_core.plugin_system:Skipping extension 'colcon_notification.desktop_notification.terminal_notifier': Not used on non-Darwin systems
[2.778s] INFO:colcon.colcon_core.plugin_system:Skipping extension 'colcon_notification.desktop_notification.win32': Not used on non-Windows systems
[2.778s] INFO:colcon.colcon_notification.desktop_notification:Sending desktop notification using 'notify2'
[2.797s] DEBUG:colcon.colcon_core.event_reactor:joined thread
[2.797s] INFO:colcon.colcon_core.shell:Creating prefix script '/home/user/ws/urcell_ws/install/local_setup.ps1'
[2.799s] INFO:colcon.colcon_core.shell:Creating prefix util module '/home/user/ws/urcell_ws/install/_local_setup_util_ps1.py'
[2.801s] INFO:colcon.colcon_core.shell:Creating prefix chain script '/home/user/ws/urcell_ws/install/setup.ps1'
[2.803s] INFO:colcon.colcon_core.shell:Creating prefix script '/home/user/ws/urcell_ws/install/local_setup.sh'
[2.803s] INFO:colcon.colcon_core.shell:Creating prefix util module '/home/user/ws/urcell_ws/install/_local_setup_util_sh.py'
[2.804s] INFO:colcon.colcon_core.shell:Creating prefix chain script '/home/user/ws/urcell_ws/install/setup.sh'
[2.806s] INFO:colcon.colcon_core.shell:Creating prefix script '/home/user/ws/urcell_ws/install/local_setup.bash'
[2.806s] INFO:colcon.colcon_core.shell:Creating prefix chain script '/home/user/ws/urcell_ws/install/setup.bash'
[2.808s] INFO:colcon.colcon_core.shell:Creating prefix script '/home/user/ws/urcell_ws/install/local_setup.zsh'
[2.809s] INFO:colcon.colcon_core.shell:Creating prefix chain script '/home/user/ws/urcell_ws/install/setup.zsh'
